

================================================================
== Vivado HLS Report for 'computeS2'
================================================================
* Date:           Wed Apr 26 22:20:30 2023

* Version:        2018.2 (Build 2258646 on Thu Jun 14 20:25:20 MDT 2018)
* Project:        S2
* Solution:       solution1
* Product family: zynq
* Target device:  xc7z045ffg900-2


================================================================
== Performance Estimates
================================================================
+ Timing (ns): 
    * Summary: 
    +--------+-------+----------+------------+
    |  Clock | Target| Estimated| Uncertainty|
    +--------+-------+----------+------------+
    |ap_clk  |  10.00|     8.198|        1.25|
    +--------+-------+----------+------------+

+ Latency (clock cycles): 
    * Summary: 
    +----------+----------+---------+---------+----------+
    |       Latency       |      Interval     | Pipeline |
    |    min   |    max   |   min   |   max   |   Type   |
    +----------+----------+---------+---------+----------+
    |  25442976|  25442976|  8388741|  8388741| dataflow |
    +----------+----------+---------+---------+----------+

    + Detail: 
        * Instance: 
        N/A

        * Loop: 
        N/A

============================================================
+ Verbose Summary: Synthesis Manager
============================================================
InlineROM: 1
ExposeGlobal: 0
============================================================
+ Verbose Summary: CDFG Model
============================================================
IsTopModel: 1
ResetActiveHigh: 1
IsCombinational: 2
IsDatapathOnly: 0
HasWiredReturn: 1
HasMFsm: 0
HasVarLatency: 1
IsPipeline: 0
IsRtlPipelined: 0
IsInstanceOverlapped: 0
IsDontTouch: 0
HasImplIP: 0
IsGatedGlobalClock: 0


============================================================
+ Verbose Summary: Schedule
============================================================
* Number of FSM states : 52
* Pipeline : 0
* Dataflow Pipeline: 1
  DF-Pipeline-0: Size = 52, States = { 1 2 3 4 5 6 7 8 9 10 11 12 13 14 15 16 17 18 19 20 21 22 23 24 25 26 27 28 29 30 31 32 33 34 35 36 37 38 39 40 41 42 43 44 45 46 47 48 49 50 51 52 }

* FSM state transitions: 
1 --> 
	2  / true
2 --> 
	3  / true
3 --> 
	4  / true
4 --> 
	5  / true
5 --> 
	6  / true
6 --> 
	7  / true
7 --> 
	8  / true
8 --> 
	9  / true
9 --> 
	10  / true
10 --> 
	11  / true
11 --> 
	12  / true
12 --> 
	13  / true
13 --> 
	14  / true
14 --> 
	15  / true
15 --> 
	16  / true
16 --> 
	17  / true
17 --> 
	18  / true
18 --> 
	19  / true
19 --> 
	20  / true
20 --> 
	21  / true
21 --> 
	22  / true
22 --> 
	23  / true
23 --> 
	24  / true
24 --> 
	25  / true
25 --> 
	26  / true
26 --> 
	27  / true
27 --> 
	28  / true
28 --> 
	29  / true
29 --> 
	30  / true
30 --> 
	31  / true
31 --> 
	32  / true
32 --> 
	33  / true
33 --> 
	34  / true
34 --> 
	35  / true
35 --> 
	36  / true
36 --> 
	37  / true
37 --> 
	38  / true
38 --> 
	39  / true
39 --> 
	40  / true
40 --> 
	41  / true
41 --> 
	42  / true
42 --> 
	43  / true
43 --> 
	44  / true
44 --> 
	45  / true
45 --> 
	46  / true
46 --> 
	47  / true
47 --> 
	48  / true
48 --> 
	49  / true
49 --> 
	50  / true
50 --> 
	51  / true
51 --> 
	52  / true
52 --> 

* FSM state operations: 

State 1 <SV = 0> <Delay = 0.00>
ST_1 : Operation 53 [1/1] (0.00ns)   --->   "%inStr_V_V = alloca i8, align 1" [S2/Compute.cpp:25]   --->   Operation 53 'alloca' 'inStr_V_V' <Predicate = true> <Delay = 0.00> <Core = "FIFO">   --->   Core 32 'FIFO' <Latency = 0> <II = 1> <Delay = 3.40> <Storage> <Opcode : 'read' 'write' 'nbread' 'nbwrite'> <Ports = 0> <Width = 8> <Depth = 2> <FIFO>
ST_1 : Operation 54 [1/1] (0.00ns)   --->   "%in_1_V_V = alloca i8, align 1" [S2/Compute.cpp:27]   --->   Operation 54 'alloca' 'in_1_V_V' <Predicate = true> <Delay = 0.00> <Core = "FIFO">   --->   Core 32 'FIFO' <Latency = 0> <II = 1> <Delay = 3.40> <Storage> <Opcode : 'read' 'write' 'nbread' 'nbwrite'> <Ports = 0> <Width = 8> <Depth = 2> <FIFO>
ST_1 : Operation 55 [1/1] (0.00ns)   --->   "%in_2_V_V = alloca i8, align 1" [S2/Compute.cpp:29]   --->   Operation 55 'alloca' 'in_2_V_V' <Predicate = true> <Delay = 0.00> <Core = "FIFO">   --->   Core 32 'FIFO' <Latency = 0> <II = 1> <Delay = 3.40> <Storage> <Opcode : 'read' 'write' 'nbread' 'nbwrite'> <Ports = 0> <Width = 8> <Depth = 2> <FIFO>
ST_1 : Operation 56 [1/1] (0.00ns)   --->   "%cnv_26_V_V = alloca i8, align 1" [S2/Compute.cpp:31]   --->   Operation 56 'alloca' 'cnv_26_V_V' <Predicate = true> <Delay = 0.00> <Core = "FIFO">   --->   Core 32 'FIFO' <Latency = 0> <II = 1> <Delay = 3.40> <Storage> <Opcode : 'read' 'write' 'nbread' 'nbwrite'> <Ports = 0> <Width = 8> <Depth = 2> <FIFO>
ST_1 : Operation 57 [1/1] (0.00ns)   --->   "%cnv_27_V_V = alloca i8, align 1" [S2/Compute.cpp:33]   --->   Operation 57 'alloca' 'cnv_27_V_V' <Predicate = true> <Delay = 0.00> <Core = "FIFO">   --->   Core 32 'FIFO' <Latency = 0> <II = 1> <Delay = 3.40> <Storage> <Opcode : 'read' 'write' 'nbread' 'nbwrite'> <Ports = 0> <Width = 8> <Depth = 2> <FIFO>
ST_1 : Operation 58 [1/1] (0.00ns)   --->   "%cnv_28_V_V = alloca i8, align 1" [S2/Compute.cpp:35]   --->   Operation 58 'alloca' 'cnv_28_V_V' <Predicate = true> <Delay = 0.00> <Core = "FIFO">   --->   Core 32 'FIFO' <Latency = 0> <II = 1> <Delay = 3.40> <Storage> <Opcode : 'read' 'write' 'nbread' 'nbwrite'> <Ports = 0> <Width = 8> <Depth = 2> <FIFO>
ST_1 : Operation 59 [1/1] (0.00ns)   --->   "%cnv_29PRL_V_V = alloca i32, align 4" [S2/Compute.cpp:37]   --->   Operation 59 'alloca' 'cnv_29PRL_V_V' <Predicate = true> <Delay = 0.00> <Core = "FIFO">   --->   Core 32 'FIFO' <Latency = 0> <II = 1> <Delay = 3.40> <Storage> <Opcode : 'read' 'write' 'nbread' 'nbwrite'> <Ports = 0> <Width = 8> <Depth = 2> <FIFO>
ST_1 : Operation 60 [1/1] (0.00ns)   --->   "%cnv_30PRL_V_V = alloca i32, align 4" [S2/Compute.cpp:39]   --->   Operation 60 'alloca' 'cnv_30PRL_V_V' <Predicate = true> <Delay = 0.00> <Core = "FIFO">   --->   Core 32 'FIFO' <Latency = 0> <II = 1> <Delay = 3.40> <Storage> <Opcode : 'read' 'write' 'nbread' 'nbwrite'> <Ports = 0> <Width = 8> <Depth = 2> <FIFO>
ST_1 : Operation 61 [1/1] (0.00ns)   --->   "%cnv_31_V_V = alloca i8, align 1" [S2/Compute.cpp:41]   --->   Operation 61 'alloca' 'cnv_31_V_V' <Predicate = true> <Delay = 0.00> <Core = "FIFO">   --->   Core 32 'FIFO' <Latency = 0> <II = 1> <Delay = 3.40> <Storage> <Opcode : 'read' 'write' 'nbread' 'nbwrite'> <Ports = 0> <Width = 8> <Depth = 2> <FIFO>
ST_1 : Operation 62 [1/1] (0.00ns)   --->   "%cnv_32_V_V = alloca i8, align 1" [S2/Compute.cpp:43]   --->   Operation 62 'alloca' 'cnv_32_V_V' <Predicate = true> <Delay = 0.00> <Core = "FIFO">   --->   Core 32 'FIFO' <Latency = 0> <II = 1> <Delay = 3.40> <Storage> <Opcode : 'read' 'write' 'nbread' 'nbwrite'> <Ports = 0> <Width = 8> <Depth = 2> <FIFO>
ST_1 : Operation 63 [1/1] (0.00ns)   --->   "%cnv_33PRL_V_V = alloca i32, align 4" [S2/Compute.cpp:45]   --->   Operation 63 'alloca' 'cnv_33PRL_V_V' <Predicate = true> <Delay = 0.00> <Core = "FIFO">   --->   Core 32 'FIFO' <Latency = 0> <II = 1> <Delay = 3.40> <Storage> <Opcode : 'read' 'write' 'nbread' 'nbwrite'> <Ports = 0> <Width = 8> <Depth = 2> <FIFO>
ST_1 : Operation 64 [1/1] (0.00ns)   --->   "%cnv_34PRL_V_V = alloca i32, align 4" [S2/Compute.cpp:47]   --->   Operation 64 'alloca' 'cnv_34PRL_V_V' <Predicate = true> <Delay = 0.00> <Core = "FIFO">   --->   Core 32 'FIFO' <Latency = 0> <II = 1> <Delay = 3.40> <Storage> <Opcode : 'read' 'write' 'nbread' 'nbwrite'> <Ports = 0> <Width = 8> <Depth = 2> <FIFO>
ST_1 : Operation 65 [1/1] (0.00ns)   --->   "%cnv_35_V_V = alloca i8, align 1" [S2/Compute.cpp:49]   --->   Operation 65 'alloca' 'cnv_35_V_V' <Predicate = true> <Delay = 0.00> <Core = "FIFO">   --->   Core 32 'FIFO' <Latency = 0> <II = 1> <Delay = 3.40> <Storage> <Opcode : 'read' 'write' 'nbread' 'nbwrite'> <Ports = 0> <Width = 8> <Depth = 2> <FIFO>
ST_1 : Operation 66 [1/1] (0.00ns)   --->   "%cnv_36_V_V = alloca i8, align 1" [S2/Compute.cpp:51]   --->   Operation 66 'alloca' 'cnv_36_V_V' <Predicate = true> <Delay = 0.00> <Core = "FIFO">   --->   Core 32 'FIFO' <Latency = 0> <II = 1> <Delay = 3.40> <Storage> <Opcode : 'read' 'write' 'nbread' 'nbwrite'> <Ports = 0> <Width = 8> <Depth = 2> <FIFO>
ST_1 : Operation 67 [1/1] (0.00ns)   --->   "%cnv_37PRL_V_V = alloca i32, align 4" [S2/Compute.cpp:53]   --->   Operation 67 'alloca' 'cnv_37PRL_V_V' <Predicate = true> <Delay = 0.00> <Core = "FIFO">   --->   Core 32 'FIFO' <Latency = 0> <II = 1> <Delay = 3.40> <Storage> <Opcode : 'read' 'write' 'nbread' 'nbwrite'> <Ports = 0> <Width = 8> <Depth = 2> <FIFO>
ST_1 : Operation 68 [1/1] (0.00ns)   --->   "%cnv_38PRL_V_V = alloca i32, align 4" [S2/Compute.cpp:55]   --->   Operation 68 'alloca' 'cnv_38PRL_V_V' <Predicate = true> <Delay = 0.00> <Core = "FIFO">   --->   Core 32 'FIFO' <Latency = 0> <II = 1> <Delay = 3.40> <Storage> <Opcode : 'read' 'write' 'nbread' 'nbwrite'> <Ports = 0> <Width = 8> <Depth = 2> <FIFO>
ST_1 : Operation 69 [1/1] (0.00ns)   --->   "%cnv_39_V_V = alloca i8, align 1" [S2/Compute.cpp:57]   --->   Operation 69 'alloca' 'cnv_39_V_V' <Predicate = true> <Delay = 0.00> <Core = "FIFO">   --->   Core 32 'FIFO' <Latency = 0> <II = 1> <Delay = 3.40> <Storage> <Opcode : 'read' 'write' 'nbread' 'nbwrite'> <Ports = 0> <Width = 8> <Depth = 2> <FIFO>
ST_1 : Operation 70 [1/1] (0.00ns)   --->   "%cnv_40_V_V = alloca i8, align 1" [S2/Compute.cpp:59]   --->   Operation 70 'alloca' 'cnv_40_V_V' <Predicate = true> <Delay = 0.00> <Core = "FIFO">   --->   Core 32 'FIFO' <Latency = 0> <II = 1> <Delay = 3.40> <Storage> <Opcode : 'read' 'write' 'nbread' 'nbwrite'> <Ports = 0> <Width = 8> <Depth = 2> <FIFO>
ST_1 : Operation 71 [1/1] (0.00ns)   --->   "%cnv_41_V_V = alloca i8, align 1" [S2/Compute.cpp:61]   --->   Operation 71 'alloca' 'cnv_41_V_V' <Predicate = true> <Delay = 0.00> <Core = "FIFO">   --->   Core 32 'FIFO' <Latency = 0> <II = 1> <Delay = 3.40> <Storage> <Opcode : 'read' 'write' 'nbread' 'nbwrite'> <Ports = 0> <Width = 8> <Depth = 2> <FIFO>
ST_1 : Operation 72 [1/1] (0.00ns)   --->   "%cnv_42PRL_V_V = alloca i32, align 4" [S2/Compute.cpp:63]   --->   Operation 72 'alloca' 'cnv_42PRL_V_V' <Predicate = true> <Delay = 0.00> <Core = "FIFO">   --->   Core 32 'FIFO' <Latency = 0> <II = 1> <Delay = 3.40> <Storage> <Opcode : 'read' 'write' 'nbread' 'nbwrite'> <Ports = 0> <Width = 8> <Depth = 2> <FIFO>
ST_1 : Operation 73 [1/1] (0.00ns)   --->   "%cnv_43PRL_V_V = alloca i32, align 4" [S2/Compute.cpp:65]   --->   Operation 73 'alloca' 'cnv_43PRL_V_V' <Predicate = true> <Delay = 0.00> <Core = "FIFO">   --->   Core 32 'FIFO' <Latency = 0> <II = 1> <Delay = 3.40> <Storage> <Opcode : 'read' 'write' 'nbread' 'nbwrite'> <Ports = 0> <Width = 8> <Depth = 2> <FIFO>
ST_1 : Operation 74 [1/1] (0.00ns)   --->   "%cnv_44_V_V = alloca i8, align 1" [S2/Compute.cpp:67]   --->   Operation 74 'alloca' 'cnv_44_V_V' <Predicate = true> <Delay = 0.00> <Core = "FIFO">   --->   Core 32 'FIFO' <Latency = 0> <II = 1> <Delay = 3.40> <Storage> <Opcode : 'read' 'write' 'nbread' 'nbwrite'> <Ports = 0> <Width = 8> <Depth = 2> <FIFO>
ST_1 : Operation 75 [1/1] (0.00ns)   --->   "%cnv_45_V_V = alloca i8, align 1" [S2/Compute.cpp:71]   --->   Operation 75 'alloca' 'cnv_45_V_V' <Predicate = true> <Delay = 0.00> <Core = "FIFO">   --->   Core 32 'FIFO' <Latency = 0> <II = 1> <Delay = 3.40> <Storage> <Opcode : 'read' 'write' 'nbread' 'nbwrite'> <Ports = 0> <Width = 8> <Depth = 2> <FIFO>
ST_1 : Operation 76 [1/1] (0.00ns)   --->   "%cnv_46PRL_V_V = alloca i32, align 4" [S2/Compute.cpp:73]   --->   Operation 76 'alloca' 'cnv_46PRL_V_V' <Predicate = true> <Delay = 0.00> <Core = "FIFO">   --->   Core 32 'FIFO' <Latency = 0> <II = 1> <Delay = 3.40> <Storage> <Opcode : 'read' 'write' 'nbread' 'nbwrite'> <Ports = 0> <Width = 8> <Depth = 2> <FIFO>
ST_1 : Operation 77 [1/1] (0.00ns)   --->   "%cnv_47PRL_V_V = alloca i32, align 4" [S2/Compute.cpp:75]   --->   Operation 77 'alloca' 'cnv_47PRL_V_V' <Predicate = true> <Delay = 0.00> <Core = "FIFO">   --->   Core 32 'FIFO' <Latency = 0> <II = 1> <Delay = 3.40> <Storage> <Opcode : 'read' 'write' 'nbread' 'nbwrite'> <Ports = 0> <Width = 8> <Depth = 2> <FIFO>
ST_1 : Operation 78 [1/1] (0.00ns)   --->   "%cnv_48_V_V = alloca i8, align 1" [S2/Compute.cpp:77]   --->   Operation 78 'alloca' 'cnv_48_V_V' <Predicate = true> <Delay = 0.00> <Core = "FIFO">   --->   Core 32 'FIFO' <Latency = 0> <II = 1> <Delay = 3.40> <Storage> <Opcode : 'read' 'write' 'nbread' 'nbwrite'> <Ports = 0> <Width = 8> <Depth = 2> <FIFO>

State 2 <SV = 1> <Delay = 0.00>
ST_2 : Operation 79 [2/2] (0.00ns)   --->   "call fastcc void @ResizeStream.3(i64* %inputGrp_V_V, i8* %inStr_V_V)" [S2/Compute.cpp:80]   --->   Operation 79 'call' <Predicate = true> <Delay = 0.00> <CoreType = "Generic">   --->   Core 0 '' <Latency = 0> <II = 1> <Delay = 1.00> <Generic> <Opcode : >
ST_2 : Operation 80 [2/2] (0.00ns)   --->   "call fastcc void @ResizeStream.2(i64* %input1_V_V, i8* %cnv_26_V_V)" [S2/Compute.cpp:81]   --->   Operation 80 'call' <Predicate = true> <Delay = 0.00> <CoreType = "Generic">   --->   Core 0 '' <Latency = 0> <II = 1> <Delay = 1.00> <Generic> <Opcode : >

State 3 <SV = 2> <Delay = 0.00>
ST_3 : Operation 81 [1/2] (0.00ns)   --->   "call fastcc void @ResizeStream.3(i64* %inputGrp_V_V, i8* %inStr_V_V)" [S2/Compute.cpp:80]   --->   Operation 81 'call' <Predicate = true> <Delay = 0.00> <CoreType = "Generic">   --->   Core 0 '' <Latency = 0> <II = 1> <Delay = 1.00> <Generic> <Opcode : >
ST_3 : Operation 82 [1/2] (0.00ns)   --->   "call fastcc void @ResizeStream.2(i64* %input1_V_V, i8* %cnv_26_V_V)" [S2/Compute.cpp:81]   --->   Operation 82 'call' <Predicate = true> <Delay = 0.00> <CoreType = "Generic">   --->   Core 0 '' <Latency = 0> <II = 1> <Delay = 1.00> <Generic> <Opcode : >

State 4 <SV = 3> <Delay = 0.00>
ST_4 : Operation 83 [2/2] (0.00ns)   --->   "call fastcc void @CloneStream(i8* %inStr_V_V, i8* %in_1_V_V, i8* %in_2_V_V)" [S2/Compute.cpp:82]   --->   Operation 83 'call' <Predicate = true> <Delay = 0.00> <CoreType = "Generic">   --->   Core 0 '' <Latency = 0> <II = 1> <Delay = 1.00> <Generic> <Opcode : >

State 5 <SV = 4> <Delay = 0.00>
ST_5 : Operation 84 [1/2] (0.00ns)   --->   "call fastcc void @CloneStream(i8* %inStr_V_V, i8* %in_1_V_V, i8* %in_2_V_V)" [S2/Compute.cpp:82]   --->   Operation 84 'call' <Predicate = true> <Delay = 0.00> <CoreType = "Generic">   --->   Core 0 '' <Latency = 0> <II = 1> <Delay = 1.00> <Generic> <Opcode : >

State 6 <SV = 5> <Delay = 0.00>
ST_6 : Operation 85 [2/2] (0.00ns)   --->   "call fastcc void @grouperPE(i8* %in_1_V_V, i8* %cnv_26_V_V, i8* %cnv_27_V_V)" [S2/Compute.cpp:86]   --->   Operation 85 'call' <Predicate = true> <Delay = 0.00> <CoreType = "Generic">   --->   Core 0 '' <Latency = 0> <II = 1> <Delay = 1.00> <Generic> <Opcode : >
ST_6 : Operation 86 [2/2] (0.00ns)   --->   "call fastcc void @ResizeStream.1(i8* %in_2_V_V, i64* %outputGrp_V_V)" [S2/Compute.cpp:114]   --->   Operation 86 'call' <Predicate = true> <Delay = 0.00> <CoreType = "Generic">   --->   Core 0 '' <Latency = 0> <II = 1> <Delay = 1.00> <Generic> <Opcode : >

State 7 <SV = 6> <Delay = 0.00>
ST_7 : Operation 87 [1/2] (0.00ns)   --->   "call fastcc void @grouperPE(i8* %in_1_V_V, i8* %cnv_26_V_V, i8* %cnv_27_V_V)" [S2/Compute.cpp:86]   --->   Operation 87 'call' <Predicate = true> <Delay = 0.00> <CoreType = "Generic">   --->   Core 0 '' <Latency = 0> <II = 1> <Delay = 1.00> <Generic> <Opcode : >
ST_7 : Operation 88 [1/2] (0.00ns)   --->   "call fastcc void @ResizeStream.1(i8* %in_2_V_V, i64* %outputGrp_V_V)" [S2/Compute.cpp:114]   --->   Operation 88 'call' <Predicate = true> <Delay = 0.00> <CoreType = "Generic">   --->   Core 0 '' <Latency = 0> <II = 1> <Delay = 1.00> <Generic> <Opcode : >

State 8 <SV = 7> <Delay = 0.00>
ST_8 : Operation 89 [2/2] (0.00ns)   --->   "call fastcc void @Conv1DBuffer_new394(i8* %cnv_27_V_V, i8* %cnv_28_V_V)" [S2/Compute.cpp:87]   --->   Operation 89 'call' <Predicate = true> <Delay = 0.00> <CoreType = "Generic">   --->   Core 0 '' <Latency = 0> <II = 1> <Delay = 1.00> <Generic> <Opcode : >

State 9 <SV = 8> <Delay = 0.00>
ST_9 : Operation 90 [1/2] (0.00ns)   --->   "call fastcc void @Conv1DBuffer_new394(i8* %cnv_27_V_V, i8* %cnv_28_V_V)" [S2/Compute.cpp:87]   --->   Operation 90 'call' <Predicate = true> <Delay = 0.00> <CoreType = "Generic">   --->   Core 0 '' <Latency = 0> <II = 1> <Delay = 1.00> <Generic> <Opcode : >

State 10 <SV = 9> <Delay = 0.00>
ST_10 : Operation 91 [2/2] (0.00ns)   --->   "call fastcc void @Conv1DMac_new395(i8* %cnv_28_V_V, i32* %cnv_29PRL_V_V)" [S2/Compute.cpp:88]   --->   Operation 91 'call' <Predicate = true> <Delay = 0.00> <CoreType = "Generic">   --->   Core 0 '' <Latency = 0> <II = 1> <Delay = 1.00> <Generic> <Opcode : >

State 11 <SV = 10> <Delay = 0.00>
ST_11 : Operation 92 [1/2] (0.00ns)   --->   "call fastcc void @Conv1DMac_new395(i8* %cnv_28_V_V, i32* %cnv_29PRL_V_V)" [S2/Compute.cpp:88]   --->   Operation 92 'call' <Predicate = true> <Delay = 0.00> <CoreType = "Generic">   --->   Core 0 '' <Latency = 0> <II = 1> <Delay = 1.00> <Generic> <Opcode : >

State 12 <SV = 11> <Delay = 0.00>
ST_12 : Operation 93 [2/2] (0.00ns)   --->   "call fastcc void @Relu1D396(i32* %cnv_29PRL_V_V, i32* %cnv_30PRL_V_V)" [S2/Compute.cpp:89]   --->   Operation 93 'call' <Predicate = true> <Delay = 0.00> <CoreType = "Generic">   --->   Core 0 '' <Latency = 0> <II = 1> <Delay = 1.00> <Generic> <Opcode : >

State 13 <SV = 12> <Delay = 0.00>
ST_13 : Operation 94 [1/2] (0.00ns)   --->   "call fastcc void @Relu1D396(i32* %cnv_29PRL_V_V, i32* %cnv_30PRL_V_V)" [S2/Compute.cpp:89]   --->   Operation 94 'call' <Predicate = true> <Delay = 0.00> <CoreType = "Generic">   --->   Core 0 '' <Latency = 0> <II = 1> <Delay = 1.00> <Generic> <Opcode : >

State 14 <SV = 13> <Delay = 0.00>
ST_14 : Operation 95 [2/2] (0.00ns)   --->   "call fastcc void @StreamingDataWidthCo.1(i32* %cnv_30PRL_V_V, i8* %cnv_31_V_V)" [S2/Compute.cpp:90]   --->   Operation 95 'call' <Predicate = true> <Delay = 0.00> <CoreType = "Generic">   --->   Core 0 '' <Latency = 0> <II = 1> <Delay = 1.00> <Generic> <Opcode : >

State 15 <SV = 14> <Delay = 0.00>
ST_15 : Operation 96 [1/2] (0.00ns)   --->   "call fastcc void @StreamingDataWidthCo.1(i32* %cnv_30PRL_V_V, i8* %cnv_31_V_V)" [S2/Compute.cpp:90]   --->   Operation 96 'call' <Predicate = true> <Delay = 0.00> <CoreType = "Generic">   --->   Core 0 '' <Latency = 0> <II = 1> <Delay = 1.00> <Generic> <Opcode : >

State 16 <SV = 15> <Delay = 0.00>
ST_16 : Operation 97 [2/2] (0.00ns)   --->   "call fastcc void @Conv1DBuffer_new398(i8* %cnv_31_V_V, i8* %cnv_32_V_V)" [S2/Compute.cpp:92]   --->   Operation 97 'call' <Predicate = true> <Delay = 0.00> <CoreType = "Generic">   --->   Core 0 '' <Latency = 0> <II = 1> <Delay = 1.00> <Generic> <Opcode : >

State 17 <SV = 16> <Delay = 0.00>
ST_17 : Operation 98 [1/2] (0.00ns)   --->   "call fastcc void @Conv1DBuffer_new398(i8* %cnv_31_V_V, i8* %cnv_32_V_V)" [S2/Compute.cpp:92]   --->   Operation 98 'call' <Predicate = true> <Delay = 0.00> <CoreType = "Generic">   --->   Core 0 '' <Latency = 0> <II = 1> <Delay = 1.00> <Generic> <Opcode : >

State 18 <SV = 17> <Delay = 0.00>
ST_18 : Operation 99 [2/2] (0.00ns)   --->   "call fastcc void @Conv1DMac_new399(i8* %cnv_32_V_V, i32* %cnv_33PRL_V_V)" [S2/Compute.cpp:93]   --->   Operation 99 'call' <Predicate = true> <Delay = 0.00> <CoreType = "Generic">   --->   Core 0 '' <Latency = 0> <II = 1> <Delay = 1.00> <Generic> <Opcode : >

State 19 <SV = 18> <Delay = 0.00>
ST_19 : Operation 100 [1/2] (0.00ns)   --->   "call fastcc void @Conv1DMac_new399(i8* %cnv_32_V_V, i32* %cnv_33PRL_V_V)" [S2/Compute.cpp:93]   --->   Operation 100 'call' <Predicate = true> <Delay = 0.00> <CoreType = "Generic">   --->   Core 0 '' <Latency = 0> <II = 1> <Delay = 1.00> <Generic> <Opcode : >

State 20 <SV = 19> <Delay = 0.00>
ST_20 : Operation 101 [2/2] (0.00ns)   --->   "call fastcc void @Relu1D400(i32* %cnv_33PRL_V_V, i32* %cnv_34PRL_V_V)" [S2/Compute.cpp:94]   --->   Operation 101 'call' <Predicate = true> <Delay = 0.00> <CoreType = "Generic">   --->   Core 0 '' <Latency = 0> <II = 1> <Delay = 1.00> <Generic> <Opcode : >

State 21 <SV = 20> <Delay = 0.00>
ST_21 : Operation 102 [1/2] (0.00ns)   --->   "call fastcc void @Relu1D400(i32* %cnv_33PRL_V_V, i32* %cnv_34PRL_V_V)" [S2/Compute.cpp:94]   --->   Operation 102 'call' <Predicate = true> <Delay = 0.00> <CoreType = "Generic">   --->   Core 0 '' <Latency = 0> <II = 1> <Delay = 1.00> <Generic> <Opcode : >

State 22 <SV = 21> <Delay = 0.00>
ST_22 : Operation 103 [2/2] (0.00ns)   --->   "call fastcc void @StreamingDataWidthCo(i32* %cnv_34PRL_V_V, i8* %cnv_35_V_V)" [S2/Compute.cpp:95]   --->   Operation 103 'call' <Predicate = true> <Delay = 0.00> <CoreType = "Generic">   --->   Core 0 '' <Latency = 0> <II = 1> <Delay = 1.00> <Generic> <Opcode : >

State 23 <SV = 22> <Delay = 0.00>
ST_23 : Operation 104 [1/2] (0.00ns)   --->   "call fastcc void @StreamingDataWidthCo(i32* %cnv_34PRL_V_V, i8* %cnv_35_V_V)" [S2/Compute.cpp:95]   --->   Operation 104 'call' <Predicate = true> <Delay = 0.00> <CoreType = "Generic">   --->   Core 0 '' <Latency = 0> <II = 1> <Delay = 1.00> <Generic> <Opcode : >

State 24 <SV = 23> <Delay = 0.00>
ST_24 : Operation 105 [2/2] (0.00ns)   --->   "call fastcc void @Conv1DBuffer_new(i8* %cnv_35_V_V, i8* %cnv_36_V_V)" [S2/Compute.cpp:97]   --->   Operation 105 'call' <Predicate = true> <Delay = 0.00> <CoreType = "Generic">   --->   Core 0 '' <Latency = 0> <II = 1> <Delay = 1.00> <Generic> <Opcode : >

State 25 <SV = 24> <Delay = 0.00>
ST_25 : Operation 106 [1/2] (0.00ns)   --->   "call fastcc void @Conv1DBuffer_new(i8* %cnv_35_V_V, i8* %cnv_36_V_V)" [S2/Compute.cpp:97]   --->   Operation 106 'call' <Predicate = true> <Delay = 0.00> <CoreType = "Generic">   --->   Core 0 '' <Latency = 0> <II = 1> <Delay = 1.00> <Generic> <Opcode : >

State 26 <SV = 25> <Delay = 0.00>
ST_26 : Operation 107 [2/2] (0.00ns)   --->   "call fastcc void @Conv1DMac_new(i8* %cnv_36_V_V, i32* %cnv_37PRL_V_V)" [S2/Compute.cpp:98]   --->   Operation 107 'call' <Predicate = true> <Delay = 0.00> <CoreType = "Generic">   --->   Core 0 '' <Latency = 0> <II = 1> <Delay = 1.00> <Generic> <Opcode : >

State 27 <SV = 26> <Delay = 0.00>
ST_27 : Operation 108 [1/2] (0.00ns)   --->   "call fastcc void @Conv1DMac_new(i8* %cnv_36_V_V, i32* %cnv_37PRL_V_V)" [S2/Compute.cpp:98]   --->   Operation 108 'call' <Predicate = true> <Delay = 0.00> <CoreType = "Generic">   --->   Core 0 '' <Latency = 0> <II = 1> <Delay = 1.00> <Generic> <Opcode : >

State 28 <SV = 27> <Delay = 0.00>
ST_28 : Operation 109 [2/2] (0.00ns)   --->   "call fastcc void @Relu1D(i32* %cnv_37PRL_V_V, i32* %cnv_38PRL_V_V)" [S2/Compute.cpp:99]   --->   Operation 109 'call' <Predicate = true> <Delay = 0.00> <CoreType = "Generic">   --->   Core 0 '' <Latency = 0> <II = 1> <Delay = 1.00> <Generic> <Opcode : >

State 29 <SV = 28> <Delay = 0.00>
ST_29 : Operation 110 [1/2] (0.00ns)   --->   "call fastcc void @Relu1D(i32* %cnv_37PRL_V_V, i32* %cnv_38PRL_V_V)" [S2/Compute.cpp:99]   --->   Operation 110 'call' <Predicate = true> <Delay = 0.00> <CoreType = "Generic">   --->   Core 0 '' <Latency = 0> <II = 1> <Delay = 1.00> <Generic> <Opcode : >

State 30 <SV = 29> <Delay = 0.00>
ST_30 : Operation 111 [2/2] (0.00ns)   --->   "call fastcc void @StreamingDataWidthCo.2(i32* %cnv_38PRL_V_V, i8* %cnv_39_V_V)" [S2/Compute.cpp:100]   --->   Operation 111 'call' <Predicate = true> <Delay = 0.00> <CoreType = "Generic">   --->   Core 0 '' <Latency = 0> <II = 1> <Delay = 1.00> <Generic> <Opcode : >

State 31 <SV = 30> <Delay = 0.00>
ST_31 : Operation 112 [1/2] (0.00ns)   --->   "call fastcc void @StreamingDataWidthCo.2(i32* %cnv_38PRL_V_V, i8* %cnv_39_V_V)" [S2/Compute.cpp:100]   --->   Operation 112 'call' <Predicate = true> <Delay = 0.00> <CoreType = "Generic">   --->   Core 0 '' <Latency = 0> <II = 1> <Delay = 1.00> <Generic> <Opcode : >

State 32 <SV = 31> <Delay = 0.00>
ST_32 : Operation 113 [2/2] (0.00ns)   --->   "call fastcc void @StreamingMaxPool_Pre(i8* %cnv_39_V_V, i8* %cnv_40_V_V)" [S2/Compute.cpp:102]   --->   Operation 113 'call' <Predicate = true> <Delay = 0.00> <CoreType = "Generic">   --->   Core 0 '' <Latency = 0> <II = 1> <Delay = 1.00> <Generic> <Opcode : >

State 33 <SV = 32> <Delay = 0.00>
ST_33 : Operation 114 [1/2] (0.00ns)   --->   "call fastcc void @StreamingMaxPool_Pre(i8* %cnv_39_V_V, i8* %cnv_40_V_V)" [S2/Compute.cpp:102]   --->   Operation 114 'call' <Predicate = true> <Delay = 0.00> <CoreType = "Generic">   --->   Core 0 '' <Latency = 0> <II = 1> <Delay = 1.00> <Generic> <Opcode : >

State 34 <SV = 33> <Delay = 0.00>
ST_34 : Operation 115 [2/2] (0.00ns)   --->   "call fastcc void @Conv1DBuffer_new402(i8* %cnv_40_V_V, i8* %cnv_41_V_V)" [S2/Compute.cpp:104]   --->   Operation 115 'call' <Predicate = true> <Delay = 0.00> <CoreType = "Generic">   --->   Core 0 '' <Latency = 0> <II = 1> <Delay = 1.00> <Generic> <Opcode : >

State 35 <SV = 34> <Delay = 0.00>
ST_35 : Operation 116 [1/2] (0.00ns)   --->   "call fastcc void @Conv1DBuffer_new402(i8* %cnv_40_V_V, i8* %cnv_41_V_V)" [S2/Compute.cpp:104]   --->   Operation 116 'call' <Predicate = true> <Delay = 0.00> <CoreType = "Generic">   --->   Core 0 '' <Latency = 0> <II = 1> <Delay = 1.00> <Generic> <Opcode : >

State 36 <SV = 35> <Delay = 0.00>
ST_36 : Operation 117 [2/2] (0.00ns)   --->   "call fastcc void @Conv1DMac_new403(i8* %cnv_41_V_V, i32* %cnv_42PRL_V_V)" [S2/Compute.cpp:105]   --->   Operation 117 'call' <Predicate = true> <Delay = 0.00> <CoreType = "Generic">   --->   Core 0 '' <Latency = 0> <II = 1> <Delay = 1.00> <Generic> <Opcode : >

State 37 <SV = 36> <Delay = 0.00>
ST_37 : Operation 118 [1/2] (0.00ns)   --->   "call fastcc void @Conv1DMac_new403(i8* %cnv_41_V_V, i32* %cnv_42PRL_V_V)" [S2/Compute.cpp:105]   --->   Operation 118 'call' <Predicate = true> <Delay = 0.00> <CoreType = "Generic">   --->   Core 0 '' <Latency = 0> <II = 1> <Delay = 1.00> <Generic> <Opcode : >

State 38 <SV = 37> <Delay = 0.00>
ST_38 : Operation 119 [2/2] (0.00ns)   --->   "call fastcc void @Relu1D404(i32* %cnv_42PRL_V_V, i32* %cnv_43PRL_V_V)" [S2/Compute.cpp:106]   --->   Operation 119 'call' <Predicate = true> <Delay = 0.00> <CoreType = "Generic">   --->   Core 0 '' <Latency = 0> <II = 1> <Delay = 1.00> <Generic> <Opcode : >

State 39 <SV = 38> <Delay = 0.00>
ST_39 : Operation 120 [1/2] (0.00ns)   --->   "call fastcc void @Relu1D404(i32* %cnv_42PRL_V_V, i32* %cnv_43PRL_V_V)" [S2/Compute.cpp:106]   --->   Operation 120 'call' <Predicate = true> <Delay = 0.00> <CoreType = "Generic">   --->   Core 0 '' <Latency = 0> <II = 1> <Delay = 1.00> <Generic> <Opcode : >

State 40 <SV = 39> <Delay = 0.00>
ST_40 : Operation 121 [2/2] (0.00ns)   --->   "call fastcc void @StreamingDataWidthCo.3(i32* %cnv_43PRL_V_V, i8* %cnv_44_V_V)" [S2/Compute.cpp:107]   --->   Operation 121 'call' <Predicate = true> <Delay = 0.00> <CoreType = "Generic">   --->   Core 0 '' <Latency = 0> <II = 1> <Delay = 1.00> <Generic> <Opcode : >

State 41 <SV = 40> <Delay = 0.00>
ST_41 : Operation 122 [1/2] (0.00ns)   --->   "call fastcc void @StreamingDataWidthCo.3(i32* %cnv_43PRL_V_V, i8* %cnv_44_V_V)" [S2/Compute.cpp:107]   --->   Operation 122 'call' <Predicate = true> <Delay = 0.00> <CoreType = "Generic">   --->   Core 0 '' <Latency = 0> <II = 1> <Delay = 1.00> <Generic> <Opcode : >

State 42 <SV = 41> <Delay = 0.00>
ST_42 : Operation 123 [2/2] (0.00ns)   --->   "call fastcc void @Conv1DBuffer_new.1(i8* %cnv_44_V_V, i8* %cnv_45_V_V)" [S2/Compute.cpp:109]   --->   Operation 123 'call' <Predicate = true> <Delay = 0.00> <CoreType = "Generic">   --->   Core 0 '' <Latency = 0> <II = 1> <Delay = 1.00> <Generic> <Opcode : >

State 43 <SV = 42> <Delay = 0.00>
ST_43 : Operation 124 [1/2] (0.00ns)   --->   "call fastcc void @Conv1DBuffer_new.1(i8* %cnv_44_V_V, i8* %cnv_45_V_V)" [S2/Compute.cpp:109]   --->   Operation 124 'call' <Predicate = true> <Delay = 0.00> <CoreType = "Generic">   --->   Core 0 '' <Latency = 0> <II = 1> <Delay = 1.00> <Generic> <Opcode : >

State 44 <SV = 43> <Delay = 0.00>
ST_44 : Operation 125 [2/2] (0.00ns)   --->   "call fastcc void @Conv1DMac_new.1(i8* %cnv_45_V_V, i32* %cnv_46PRL_V_V)" [S2/Compute.cpp:110]   --->   Operation 125 'call' <Predicate = true> <Delay = 0.00> <CoreType = "Generic">   --->   Core 0 '' <Latency = 0> <II = 1> <Delay = 1.00> <Generic> <Opcode : >

State 45 <SV = 44> <Delay = 0.00>
ST_45 : Operation 126 [1/2] (0.00ns)   --->   "call fastcc void @Conv1DMac_new.1(i8* %cnv_45_V_V, i32* %cnv_46PRL_V_V)" [S2/Compute.cpp:110]   --->   Operation 126 'call' <Predicate = true> <Delay = 0.00> <CoreType = "Generic">   --->   Core 0 '' <Latency = 0> <II = 1> <Delay = 1.00> <Generic> <Opcode : >

State 46 <SV = 45> <Delay = 0.00>
ST_46 : Operation 127 [2/2] (0.00ns)   --->   "call fastcc void @Relu1D.1(i32* %cnv_46PRL_V_V, i32* %cnv_47PRL_V_V)" [S2/Compute.cpp:111]   --->   Operation 127 'call' <Predicate = true> <Delay = 0.00> <CoreType = "Generic">   --->   Core 0 '' <Latency = 0> <II = 1> <Delay = 1.00> <Generic> <Opcode : >

State 47 <SV = 46> <Delay = 0.00>
ST_47 : Operation 128 [1/2] (0.00ns)   --->   "call fastcc void @Relu1D.1(i32* %cnv_46PRL_V_V, i32* %cnv_47PRL_V_V)" [S2/Compute.cpp:111]   --->   Operation 128 'call' <Predicate = true> <Delay = 0.00> <CoreType = "Generic">   --->   Core 0 '' <Latency = 0> <II = 1> <Delay = 1.00> <Generic> <Opcode : >

State 48 <SV = 47> <Delay = 0.00>
ST_48 : Operation 129 [2/2] (0.00ns)   --->   "call fastcc void @StreamingDataWidthCo.4(i32* %cnv_47PRL_V_V, i8* %cnv_48_V_V)" [S2/Compute.cpp:112]   --->   Operation 129 'call' <Predicate = true> <Delay = 0.00> <CoreType = "Generic">   --->   Core 0 '' <Latency = 0> <II = 1> <Delay = 1.00> <Generic> <Opcode : >

State 49 <SV = 48> <Delay = 0.00>
ST_49 : Operation 130 [1/2] (0.00ns)   --->   "call fastcc void @StreamingDataWidthCo.4(i32* %cnv_47PRL_V_V, i8* %cnv_48_V_V)" [S2/Compute.cpp:112]   --->   Operation 130 'call' <Predicate = true> <Delay = 0.00> <CoreType = "Generic">   --->   Core 0 '' <Latency = 0> <II = 1> <Delay = 1.00> <Generic> <Opcode : >

State 50 <SV = 49> <Delay = 0.00>
ST_50 : Operation 131 [2/2] (0.00ns)   --->   "call fastcc void @ResizeStream(i8* %cnv_48_V_V, i64* %s2_out_V_V)" [S2/Compute.cpp:115]   --->   Operation 131 'call' <Predicate = true> <Delay = 0.00> <CoreType = "Generic">   --->   Core 0 '' <Latency = 0> <II = 1> <Delay = 1.00> <Generic> <Opcode : >

State 51 <SV = 50> <Delay = 0.00>
ST_51 : Operation 132 [1/2] (0.00ns)   --->   "call fastcc void @ResizeStream(i8* %cnv_48_V_V, i64* %s2_out_V_V)" [S2/Compute.cpp:115]   --->   Operation 132 'call' <Predicate = true> <Delay = 0.00> <CoreType = "Generic">   --->   Core 0 '' <Latency = 0> <II = 1> <Delay = 1.00> <Generic> <Opcode : >

State 52 <SV = 51> <Delay = 0.00>
ST_52 : Operation 133 [1/1] (0.00ns)   --->   "call void (...)* @_ssdm_op_SpecDataflowPipeline(i32 -1, [1 x i8]* @p_str1) nounwind" [S2/Compute.cpp:84]   --->   Operation 133 'specdataflowpipeline' <Predicate = true> <Delay = 0.00>
ST_52 : Operation 134 [1/1] (0.00ns)   --->   "call void (...)* @_ssdm_op_SpecBitsMap(i64* %input1_V_V), !map !1025"   --->   Operation 134 'specbitsmap' <Predicate = true> <Delay = 0.00>
ST_52 : Operation 135 [1/1] (0.00ns)   --->   "call void (...)* @_ssdm_op_SpecBitsMap(i64* %inputGrp_V_V), !map !1031"   --->   Operation 135 'specbitsmap' <Predicate = true> <Delay = 0.00>
ST_52 : Operation 136 [1/1] (0.00ns)   --->   "call void (...)* @_ssdm_op_SpecBitsMap(i64* %outputGrp_V_V), !map !1035"   --->   Operation 136 'specbitsmap' <Predicate = true> <Delay = 0.00>
ST_52 : Operation 137 [1/1] (0.00ns)   --->   "call void (...)* @_ssdm_op_SpecBitsMap(i64* %s2_out_V_V), !map !1039"   --->   Operation 137 'specbitsmap' <Predicate = true> <Delay = 0.00>
ST_52 : Operation 138 [1/1] (0.00ns)   --->   "call void (...)* @_ssdm_op_SpecTopModule([10 x i8]* @computeS2_str) nounwind"   --->   Operation 138 'spectopmodule' <Predicate = true> <Delay = 0.00>
ST_52 : Operation 139 [1/1] (0.00ns)   --->   "%empty = call i32 (...)* @_ssdm_op_SpecChannel([10 x i8]* @inStr_OC_V_OC_V_str, i32 1, [1 x i8]* @p_str418, [1 x i8]* @p_str418, i32 2, i32 2, i8* %inStr_V_V, i8* %inStr_V_V)"   --->   Operation 139 'specchannel' 'empty' <Predicate = true> <Delay = 0.00>
ST_52 : Operation 140 [1/1] (0.00ns)   --->   "call void (...)* @_ssdm_op_SpecInterface(i8* %inStr_V_V, [8 x i8]* @ap_fifo_str, i32 0, i32 0, [1 x i8]* @p_str419, i32 0, i32 0, [1 x i8]* @p_str420, [1 x i8]* @p_str421, [1 x i8]* @p_str422, i32 2, i32 2, i32 16, i32 16, [1 x i8]* @p_str423, [1 x i8]* @p_str424)"   --->   Operation 140 'specinterface' <Predicate = true> <Delay = 0.00>
ST_52 : Operation 141 [1/1] (0.00ns)   --->   "%empty_33 = call i32 (...)* @_ssdm_op_SpecChannel([9 x i8]* @in_1_OC_V_OC_V_str, i32 1, [1 x i8]* @p_str425, [1 x i8]* @p_str425, i32 2, i32 2, i8* %in_1_V_V, i8* %in_1_V_V)"   --->   Operation 141 'specchannel' 'empty_33' <Predicate = true> <Delay = 0.00>
ST_52 : Operation 142 [1/1] (0.00ns)   --->   "call void (...)* @_ssdm_op_SpecInterface(i8* %in_1_V_V, [8 x i8]* @ap_fifo_str, i32 0, i32 0, [1 x i8]* @p_str426, i32 0, i32 0, [1 x i8]* @p_str427, [1 x i8]* @p_str428, [1 x i8]* @p_str429, i32 2, i32 2, i32 16, i32 16, [1 x i8]* @p_str430, [1 x i8]* @p_str431)"   --->   Operation 142 'specinterface' <Predicate = true> <Delay = 0.00>
ST_52 : Operation 143 [1/1] (0.00ns)   --->   "%empty_34 = call i32 (...)* @_ssdm_op_SpecChannel([9 x i8]* @in_2_OC_V_OC_V_str, i32 1, [1 x i8]* @p_str432, [1 x i8]* @p_str432, i32 2, i32 2, i8* %in_2_V_V, i8* %in_2_V_V)"   --->   Operation 143 'specchannel' 'empty_34' <Predicate = true> <Delay = 0.00>
ST_52 : Operation 144 [1/1] (0.00ns)   --->   "call void (...)* @_ssdm_op_SpecInterface(i8* %in_2_V_V, [8 x i8]* @ap_fifo_str, i32 0, i32 0, [1 x i8]* @p_str433, i32 0, i32 0, [1 x i8]* @p_str434, [1 x i8]* @p_str435, [1 x i8]* @p_str436, i32 2, i32 2, i32 16, i32 16, [1 x i8]* @p_str437, [1 x i8]* @p_str438)"   --->   Operation 144 'specinterface' <Predicate = true> <Delay = 0.00>
ST_52 : Operation 145 [1/1] (0.00ns)   --->   "%empty_35 = call i32 (...)* @_ssdm_op_SpecChannel([11 x i8]* @cnv_26_OC_V_OC_V_str, i32 1, [1 x i8]* @p_str439, [1 x i8]* @p_str439, i32 2, i32 2, i8* %cnv_26_V_V, i8* %cnv_26_V_V)"   --->   Operation 145 'specchannel' 'empty_35' <Predicate = true> <Delay = 0.00>
ST_52 : Operation 146 [1/1] (0.00ns)   --->   "call void (...)* @_ssdm_op_SpecInterface(i8* %cnv_26_V_V, [8 x i8]* @ap_fifo_str, i32 0, i32 0, [1 x i8]* @p_str440, i32 0, i32 0, [1 x i8]* @p_str441, [1 x i8]* @p_str442, [1 x i8]* @p_str443, i32 2, i32 2, i32 16, i32 16, [1 x i8]* @p_str444, [1 x i8]* @p_str445)"   --->   Operation 146 'specinterface' <Predicate = true> <Delay = 0.00>
ST_52 : Operation 147 [1/1] (0.00ns)   --->   "%empty_36 = call i32 (...)* @_ssdm_op_SpecChannel([11 x i8]* @cnv_27_OC_V_OC_V_str, i32 1, [1 x i8]* @p_str446, [1 x i8]* @p_str446, i32 2, i32 2, i8* %cnv_27_V_V, i8* %cnv_27_V_V)"   --->   Operation 147 'specchannel' 'empty_36' <Predicate = true> <Delay = 0.00>
ST_52 : Operation 148 [1/1] (0.00ns)   --->   "call void (...)* @_ssdm_op_SpecInterface(i8* %cnv_27_V_V, [8 x i8]* @ap_fifo_str, i32 0, i32 0, [1 x i8]* @p_str447, i32 0, i32 0, [1 x i8]* @p_str448, [1 x i8]* @p_str449, [1 x i8]* @p_str450, i32 2, i32 2, i32 16, i32 16, [1 x i8]* @p_str451, [1 x i8]* @p_str452)"   --->   Operation 148 'specinterface' <Predicate = true> <Delay = 0.00>
ST_52 : Operation 149 [1/1] (0.00ns)   --->   "%empty_37 = call i32 (...)* @_ssdm_op_SpecChannel([11 x i8]* @cnv_28_OC_V_OC_V_str, i32 1, [1 x i8]* @p_str453, [1 x i8]* @p_str453, i32 2, i32 2, i8* %cnv_28_V_V, i8* %cnv_28_V_V)"   --->   Operation 149 'specchannel' 'empty_37' <Predicate = true> <Delay = 0.00>
ST_52 : Operation 150 [1/1] (0.00ns)   --->   "call void (...)* @_ssdm_op_SpecInterface(i8* %cnv_28_V_V, [8 x i8]* @ap_fifo_str, i32 0, i32 0, [1 x i8]* @p_str454, i32 0, i32 0, [1 x i8]* @p_str455, [1 x i8]* @p_str456, [1 x i8]* @p_str457, i32 2, i32 2, i32 16, i32 16, [1 x i8]* @p_str458, [1 x i8]* @p_str459)"   --->   Operation 150 'specinterface' <Predicate = true> <Delay = 0.00>
ST_52 : Operation 151 [1/1] (0.00ns)   --->   "%empty_38 = call i32 (...)* @_ssdm_op_SpecChannel([14 x i8]* @cnv_29PRL_OC_V_OC_V_s, i32 1, [1 x i8]* @p_str460, [1 x i8]* @p_str460, i32 2, i32 2, i32* %cnv_29PRL_V_V, i32* %cnv_29PRL_V_V)"   --->   Operation 151 'specchannel' 'empty_38' <Predicate = true> <Delay = 0.00>
ST_52 : Operation 152 [1/1] (0.00ns)   --->   "call void (...)* @_ssdm_op_SpecInterface(i32* %cnv_29PRL_V_V, [8 x i8]* @ap_fifo_str, i32 0, i32 0, [1 x i8]* @p_str461, i32 0, i32 0, [1 x i8]* @p_str462, [1 x i8]* @p_str463, [1 x i8]* @p_str464, i32 2, i32 2, i32 16, i32 16, [1 x i8]* @p_str465, [1 x i8]* @p_str466)"   --->   Operation 152 'specinterface' <Predicate = true> <Delay = 0.00>
ST_52 : Operation 153 [1/1] (0.00ns)   --->   "%empty_39 = call i32 (...)* @_ssdm_op_SpecChannel([14 x i8]* @cnv_30PRL_OC_V_OC_V_s, i32 1, [1 x i8]* @p_str467, [1 x i8]* @p_str467, i32 2, i32 2, i32* %cnv_30PRL_V_V, i32* %cnv_30PRL_V_V)"   --->   Operation 153 'specchannel' 'empty_39' <Predicate = true> <Delay = 0.00>
ST_52 : Operation 154 [1/1] (0.00ns)   --->   "call void (...)* @_ssdm_op_SpecInterface(i32* %cnv_30PRL_V_V, [8 x i8]* @ap_fifo_str, i32 0, i32 0, [1 x i8]* @p_str468, i32 0, i32 0, [1 x i8]* @p_str469, [1 x i8]* @p_str470, [1 x i8]* @p_str471, i32 2, i32 2, i32 16, i32 16, [1 x i8]* @p_str472, [1 x i8]* @p_str473)"   --->   Operation 154 'specinterface' <Predicate = true> <Delay = 0.00>
ST_52 : Operation 155 [1/1] (0.00ns)   --->   "%empty_40 = call i32 (...)* @_ssdm_op_SpecChannel([11 x i8]* @cnv_31_OC_V_OC_V_str, i32 1, [1 x i8]* @p_str474, [1 x i8]* @p_str474, i32 2, i32 2, i8* %cnv_31_V_V, i8* %cnv_31_V_V)"   --->   Operation 155 'specchannel' 'empty_40' <Predicate = true> <Delay = 0.00>
ST_52 : Operation 156 [1/1] (0.00ns)   --->   "call void (...)* @_ssdm_op_SpecInterface(i8* %cnv_31_V_V, [8 x i8]* @ap_fifo_str, i32 0, i32 0, [1 x i8]* @p_str475, i32 0, i32 0, [1 x i8]* @p_str476, [1 x i8]* @p_str477, [1 x i8]* @p_str478, i32 2, i32 2, i32 16, i32 16, [1 x i8]* @p_str479, [1 x i8]* @p_str480)"   --->   Operation 156 'specinterface' <Predicate = true> <Delay = 0.00>
ST_52 : Operation 157 [1/1] (0.00ns)   --->   "%empty_41 = call i32 (...)* @_ssdm_op_SpecChannel([11 x i8]* @cnv_32_OC_V_OC_V_str, i32 1, [1 x i8]* @p_str481, [1 x i8]* @p_str481, i32 2, i32 2, i8* %cnv_32_V_V, i8* %cnv_32_V_V)"   --->   Operation 157 'specchannel' 'empty_41' <Predicate = true> <Delay = 0.00>
ST_52 : Operation 158 [1/1] (0.00ns)   --->   "call void (...)* @_ssdm_op_SpecInterface(i8* %cnv_32_V_V, [8 x i8]* @ap_fifo_str, i32 0, i32 0, [1 x i8]* @p_str482, i32 0, i32 0, [1 x i8]* @p_str483, [1 x i8]* @p_str484, [1 x i8]* @p_str485, i32 2, i32 2, i32 16, i32 16, [1 x i8]* @p_str486, [1 x i8]* @p_str487)"   --->   Operation 158 'specinterface' <Predicate = true> <Delay = 0.00>
ST_52 : Operation 159 [1/1] (0.00ns)   --->   "%empty_42 = call i32 (...)* @_ssdm_op_SpecChannel([14 x i8]* @cnv_33PRL_OC_V_OC_V_s, i32 1, [1 x i8]* @p_str488, [1 x i8]* @p_str488, i32 2, i32 2, i32* %cnv_33PRL_V_V, i32* %cnv_33PRL_V_V)"   --->   Operation 159 'specchannel' 'empty_42' <Predicate = true> <Delay = 0.00>
ST_52 : Operation 160 [1/1] (0.00ns)   --->   "call void (...)* @_ssdm_op_SpecInterface(i32* %cnv_33PRL_V_V, [8 x i8]* @ap_fifo_str, i32 0, i32 0, [1 x i8]* @p_str489, i32 0, i32 0, [1 x i8]* @p_str490, [1 x i8]* @p_str491, [1 x i8]* @p_str492, i32 2, i32 2, i32 16, i32 16, [1 x i8]* @p_str493, [1 x i8]* @p_str494)"   --->   Operation 160 'specinterface' <Predicate = true> <Delay = 0.00>
ST_52 : Operation 161 [1/1] (0.00ns)   --->   "%empty_43 = call i32 (...)* @_ssdm_op_SpecChannel([14 x i8]* @cnv_34PRL_OC_V_OC_V_s, i32 1, [1 x i8]* @p_str495, [1 x i8]* @p_str495, i32 2, i32 2, i32* %cnv_34PRL_V_V, i32* %cnv_34PRL_V_V)"   --->   Operation 161 'specchannel' 'empty_43' <Predicate = true> <Delay = 0.00>
ST_52 : Operation 162 [1/1] (0.00ns)   --->   "call void (...)* @_ssdm_op_SpecInterface(i32* %cnv_34PRL_V_V, [8 x i8]* @ap_fifo_str, i32 0, i32 0, [1 x i8]* @p_str496, i32 0, i32 0, [1 x i8]* @p_str497, [1 x i8]* @p_str498, [1 x i8]* @p_str499, i32 2, i32 2, i32 16, i32 16, [1 x i8]* @p_str500, [1 x i8]* @p_str501)"   --->   Operation 162 'specinterface' <Predicate = true> <Delay = 0.00>
ST_52 : Operation 163 [1/1] (0.00ns)   --->   "%empty_44 = call i32 (...)* @_ssdm_op_SpecChannel([11 x i8]* @cnv_35_OC_V_OC_V_str, i32 1, [1 x i8]* @p_str502, [1 x i8]* @p_str502, i32 2, i32 2, i8* %cnv_35_V_V, i8* %cnv_35_V_V)"   --->   Operation 163 'specchannel' 'empty_44' <Predicate = true> <Delay = 0.00>
ST_52 : Operation 164 [1/1] (0.00ns)   --->   "call void (...)* @_ssdm_op_SpecInterface(i8* %cnv_35_V_V, [8 x i8]* @ap_fifo_str, i32 0, i32 0, [1 x i8]* @p_str503, i32 0, i32 0, [1 x i8]* @p_str504, [1 x i8]* @p_str505, [1 x i8]* @p_str506, i32 2, i32 2, i32 16, i32 16, [1 x i8]* @p_str507, [1 x i8]* @p_str508)"   --->   Operation 164 'specinterface' <Predicate = true> <Delay = 0.00>
ST_52 : Operation 165 [1/1] (0.00ns)   --->   "%empty_45 = call i32 (...)* @_ssdm_op_SpecChannel([11 x i8]* @cnv_36_OC_V_OC_V_str, i32 1, [1 x i8]* @p_str509, [1 x i8]* @p_str509, i32 2, i32 2, i8* %cnv_36_V_V, i8* %cnv_36_V_V)"   --->   Operation 165 'specchannel' 'empty_45' <Predicate = true> <Delay = 0.00>
ST_52 : Operation 166 [1/1] (0.00ns)   --->   "call void (...)* @_ssdm_op_SpecInterface(i8* %cnv_36_V_V, [8 x i8]* @ap_fifo_str, i32 0, i32 0, [1 x i8]* @p_str510, i32 0, i32 0, [1 x i8]* @p_str511, [1 x i8]* @p_str512, [1 x i8]* @p_str513, i32 2, i32 2, i32 16, i32 16, [1 x i8]* @p_str514, [1 x i8]* @p_str515)"   --->   Operation 166 'specinterface' <Predicate = true> <Delay = 0.00>
ST_52 : Operation 167 [1/1] (0.00ns)   --->   "%empty_46 = call i32 (...)* @_ssdm_op_SpecChannel([14 x i8]* @cnv_37PRL_OC_V_OC_V_s, i32 1, [1 x i8]* @p_str516, [1 x i8]* @p_str516, i32 2, i32 2, i32* %cnv_37PRL_V_V, i32* %cnv_37PRL_V_V)"   --->   Operation 167 'specchannel' 'empty_46' <Predicate = true> <Delay = 0.00>
ST_52 : Operation 168 [1/1] (0.00ns)   --->   "call void (...)* @_ssdm_op_SpecInterface(i32* %cnv_37PRL_V_V, [8 x i8]* @ap_fifo_str, i32 0, i32 0, [1 x i8]* @p_str517, i32 0, i32 0, [1 x i8]* @p_str518, [1 x i8]* @p_str519, [1 x i8]* @p_str520, i32 2, i32 2, i32 16, i32 16, [1 x i8]* @p_str521, [1 x i8]* @p_str522)"   --->   Operation 168 'specinterface' <Predicate = true> <Delay = 0.00>
ST_52 : Operation 169 [1/1] (0.00ns)   --->   "%empty_47 = call i32 (...)* @_ssdm_op_SpecChannel([14 x i8]* @cnv_38PRL_OC_V_OC_V_s, i32 1, [1 x i8]* @p_str523, [1 x i8]* @p_str523, i32 2, i32 2, i32* %cnv_38PRL_V_V, i32* %cnv_38PRL_V_V)"   --->   Operation 169 'specchannel' 'empty_47' <Predicate = true> <Delay = 0.00>
ST_52 : Operation 170 [1/1] (0.00ns)   --->   "call void (...)* @_ssdm_op_SpecInterface(i32* %cnv_38PRL_V_V, [8 x i8]* @ap_fifo_str, i32 0, i32 0, [1 x i8]* @p_str524, i32 0, i32 0, [1 x i8]* @p_str525, [1 x i8]* @p_str526, [1 x i8]* @p_str527, i32 2, i32 2, i32 16, i32 16, [1 x i8]* @p_str528, [1 x i8]* @p_str529)"   --->   Operation 170 'specinterface' <Predicate = true> <Delay = 0.00>
ST_52 : Operation 171 [1/1] (0.00ns)   --->   "%empty_48 = call i32 (...)* @_ssdm_op_SpecChannel([11 x i8]* @cnv_39_OC_V_OC_V_str, i32 1, [1 x i8]* @p_str530, [1 x i8]* @p_str530, i32 2, i32 2, i8* %cnv_39_V_V, i8* %cnv_39_V_V)"   --->   Operation 171 'specchannel' 'empty_48' <Predicate = true> <Delay = 0.00>
ST_52 : Operation 172 [1/1] (0.00ns)   --->   "call void (...)* @_ssdm_op_SpecInterface(i8* %cnv_39_V_V, [8 x i8]* @ap_fifo_str, i32 0, i32 0, [1 x i8]* @p_str531, i32 0, i32 0, [1 x i8]* @p_str532, [1 x i8]* @p_str533, [1 x i8]* @p_str534, i32 2, i32 2, i32 16, i32 16, [1 x i8]* @p_str535, [1 x i8]* @p_str536)"   --->   Operation 172 'specinterface' <Predicate = true> <Delay = 0.00>
ST_52 : Operation 173 [1/1] (0.00ns)   --->   "%empty_49 = call i32 (...)* @_ssdm_op_SpecChannel([11 x i8]* @cnv_40_OC_V_OC_V_str, i32 1, [1 x i8]* @p_str537, [1 x i8]* @p_str537, i32 2, i32 2, i8* %cnv_40_V_V, i8* %cnv_40_V_V)"   --->   Operation 173 'specchannel' 'empty_49' <Predicate = true> <Delay = 0.00>
ST_52 : Operation 174 [1/1] (0.00ns)   --->   "call void (...)* @_ssdm_op_SpecInterface(i8* %cnv_40_V_V, [8 x i8]* @ap_fifo_str, i32 0, i32 0, [1 x i8]* @p_str538, i32 0, i32 0, [1 x i8]* @p_str539, [1 x i8]* @p_str540, [1 x i8]* @p_str541, i32 2, i32 2, i32 16, i32 16, [1 x i8]* @p_str542, [1 x i8]* @p_str543)"   --->   Operation 174 'specinterface' <Predicate = true> <Delay = 0.00>
ST_52 : Operation 175 [1/1] (0.00ns)   --->   "%empty_50 = call i32 (...)* @_ssdm_op_SpecChannel([11 x i8]* @cnv_41_OC_V_OC_V_str, i32 1, [1 x i8]* @p_str544, [1 x i8]* @p_str544, i32 2, i32 2, i8* %cnv_41_V_V, i8* %cnv_41_V_V)"   --->   Operation 175 'specchannel' 'empty_50' <Predicate = true> <Delay = 0.00>
ST_52 : Operation 176 [1/1] (0.00ns)   --->   "call void (...)* @_ssdm_op_SpecInterface(i8* %cnv_41_V_V, [8 x i8]* @ap_fifo_str, i32 0, i32 0, [1 x i8]* @p_str545, i32 0, i32 0, [1 x i8]* @p_str546, [1 x i8]* @p_str547, [1 x i8]* @p_str548, i32 2, i32 2, i32 16, i32 16, [1 x i8]* @p_str549, [1 x i8]* @p_str550)"   --->   Operation 176 'specinterface' <Predicate = true> <Delay = 0.00>
ST_52 : Operation 177 [1/1] (0.00ns)   --->   "%empty_51 = call i32 (...)* @_ssdm_op_SpecChannel([14 x i8]* @cnv_42PRL_OC_V_OC_V_s, i32 1, [1 x i8]* @p_str551, [1 x i8]* @p_str551, i32 2, i32 2, i32* %cnv_42PRL_V_V, i32* %cnv_42PRL_V_V)"   --->   Operation 177 'specchannel' 'empty_51' <Predicate = true> <Delay = 0.00>
ST_52 : Operation 178 [1/1] (0.00ns)   --->   "call void (...)* @_ssdm_op_SpecInterface(i32* %cnv_42PRL_V_V, [8 x i8]* @ap_fifo_str, i32 0, i32 0, [1 x i8]* @p_str552, i32 0, i32 0, [1 x i8]* @p_str553, [1 x i8]* @p_str554, [1 x i8]* @p_str555, i32 2, i32 2, i32 16, i32 16, [1 x i8]* @p_str556, [1 x i8]* @p_str557)"   --->   Operation 178 'specinterface' <Predicate = true> <Delay = 0.00>
ST_52 : Operation 179 [1/1] (0.00ns)   --->   "%empty_52 = call i32 (...)* @_ssdm_op_SpecChannel([14 x i8]* @cnv_43PRL_OC_V_OC_V_s, i32 1, [1 x i8]* @p_str558, [1 x i8]* @p_str558, i32 2, i32 2, i32* %cnv_43PRL_V_V, i32* %cnv_43PRL_V_V)"   --->   Operation 179 'specchannel' 'empty_52' <Predicate = true> <Delay = 0.00>
ST_52 : Operation 180 [1/1] (0.00ns)   --->   "call void (...)* @_ssdm_op_SpecInterface(i32* %cnv_43PRL_V_V, [8 x i8]* @ap_fifo_str, i32 0, i32 0, [1 x i8]* @p_str559, i32 0, i32 0, [1 x i8]* @p_str560, [1 x i8]* @p_str561, [1 x i8]* @p_str562, i32 2, i32 2, i32 16, i32 16, [1 x i8]* @p_str563, [1 x i8]* @p_str564)"   --->   Operation 180 'specinterface' <Predicate = true> <Delay = 0.00>
ST_52 : Operation 181 [1/1] (0.00ns)   --->   "%empty_53 = call i32 (...)* @_ssdm_op_SpecChannel([11 x i8]* @cnv_44_OC_V_OC_V_str, i32 1, [1 x i8]* @p_str565, [1 x i8]* @p_str565, i32 2, i32 2, i8* %cnv_44_V_V, i8* %cnv_44_V_V)"   --->   Operation 181 'specchannel' 'empty_53' <Predicate = true> <Delay = 0.00>
ST_52 : Operation 182 [1/1] (0.00ns)   --->   "call void (...)* @_ssdm_op_SpecInterface(i8* %cnv_44_V_V, [8 x i8]* @ap_fifo_str, i32 0, i32 0, [1 x i8]* @p_str566, i32 0, i32 0, [1 x i8]* @p_str567, [1 x i8]* @p_str568, [1 x i8]* @p_str569, i32 2, i32 2, i32 16, i32 16, [1 x i8]* @p_str570, [1 x i8]* @p_str571)"   --->   Operation 182 'specinterface' <Predicate = true> <Delay = 0.00>
ST_52 : Operation 183 [1/1] (0.00ns)   --->   "%empty_54 = call i32 (...)* @_ssdm_op_SpecChannel([11 x i8]* @cnv_45_OC_V_OC_V_str, i32 1, [1 x i8]* @p_str572, [1 x i8]* @p_str572, i32 2, i32 2, i8* %cnv_45_V_V, i8* %cnv_45_V_V)"   --->   Operation 183 'specchannel' 'empty_54' <Predicate = true> <Delay = 0.00>
ST_52 : Operation 184 [1/1] (0.00ns)   --->   "call void (...)* @_ssdm_op_SpecInterface(i8* %cnv_45_V_V, [8 x i8]* @ap_fifo_str, i32 0, i32 0, [1 x i8]* @p_str573, i32 0, i32 0, [1 x i8]* @p_str574, [1 x i8]* @p_str575, [1 x i8]* @p_str576, i32 2, i32 2, i32 16, i32 16, [1 x i8]* @p_str577, [1 x i8]* @p_str578)"   --->   Operation 184 'specinterface' <Predicate = true> <Delay = 0.00>
ST_52 : Operation 185 [1/1] (0.00ns)   --->   "%empty_55 = call i32 (...)* @_ssdm_op_SpecChannel([14 x i8]* @cnv_46PRL_OC_V_OC_V_s, i32 1, [1 x i8]* @p_str579, [1 x i8]* @p_str579, i32 2, i32 2, i32* %cnv_46PRL_V_V, i32* %cnv_46PRL_V_V)"   --->   Operation 185 'specchannel' 'empty_55' <Predicate = true> <Delay = 0.00>
ST_52 : Operation 186 [1/1] (0.00ns)   --->   "call void (...)* @_ssdm_op_SpecInterface(i32* %cnv_46PRL_V_V, [8 x i8]* @ap_fifo_str, i32 0, i32 0, [1 x i8]* @p_str580, i32 0, i32 0, [1 x i8]* @p_str581, [1 x i8]* @p_str582, [1 x i8]* @p_str583, i32 2, i32 2, i32 16, i32 16, [1 x i8]* @p_str584, [1 x i8]* @p_str585)"   --->   Operation 186 'specinterface' <Predicate = true> <Delay = 0.00>
ST_52 : Operation 187 [1/1] (0.00ns)   --->   "%empty_56 = call i32 (...)* @_ssdm_op_SpecChannel([14 x i8]* @cnv_47PRL_OC_V_OC_V_s, i32 1, [1 x i8]* @p_str586, [1 x i8]* @p_str586, i32 2, i32 2, i32* %cnv_47PRL_V_V, i32* %cnv_47PRL_V_V)"   --->   Operation 187 'specchannel' 'empty_56' <Predicate = true> <Delay = 0.00>
ST_52 : Operation 188 [1/1] (0.00ns)   --->   "call void (...)* @_ssdm_op_SpecInterface(i32* %cnv_47PRL_V_V, [8 x i8]* @ap_fifo_str, i32 0, i32 0, [1 x i8]* @p_str587, i32 0, i32 0, [1 x i8]* @p_str588, [1 x i8]* @p_str589, [1 x i8]* @p_str590, i32 2, i32 2, i32 16, i32 16, [1 x i8]* @p_str591, [1 x i8]* @p_str592)"   --->   Operation 188 'specinterface' <Predicate = true> <Delay = 0.00>
ST_52 : Operation 189 [1/1] (0.00ns)   --->   "%empty_57 = call i32 (...)* @_ssdm_op_SpecChannel([11 x i8]* @cnv_48_OC_V_OC_V_str, i32 1, [1 x i8]* @p_str593, [1 x i8]* @p_str593, i32 2, i32 2, i8* %cnv_48_V_V, i8* %cnv_48_V_V)"   --->   Operation 189 'specchannel' 'empty_57' <Predicate = true> <Delay = 0.00>
ST_52 : Operation 190 [1/1] (0.00ns)   --->   "call void (...)* @_ssdm_op_SpecInterface(i8* %cnv_48_V_V, [8 x i8]* @ap_fifo_str, i32 0, i32 0, [1 x i8]* @p_str594, i32 0, i32 0, [1 x i8]* @p_str595, [1 x i8]* @p_str596, [1 x i8]* @p_str597, i32 2, i32 2, i32 16, i32 16, [1 x i8]* @p_str598, [1 x i8]* @p_str599)"   --->   Operation 190 'specinterface' <Predicate = true> <Delay = 0.00>
ST_52 : Operation 191 [1/1] (0.00ns)   --->   "call void (...)* @_ssdm_op_SpecInterface(i64* %input1_V_V, [5 x i8]* @p_str14, i32 1, i32 1, [5 x i8]* @p_str15, i32 0, i32 0, [1 x i8]* @p_str1, [1 x i8]* @p_str1, [1 x i8]* @p_str1, i32 0, i32 0, i32 0, i32 0, [1 x i8]* @p_str1, [1 x i8]* @p_str1) nounwind" [S2/Compute.cpp:20]   --->   Operation 191 'specinterface' <Predicate = true> <Delay = 0.00>
ST_52 : Operation 192 [1/1] (0.00ns)   --->   "call void (...)* @_ssdm_op_SpecInterface(i64* %inputGrp_V_V, [5 x i8]* @p_str14, i32 1, i32 1, [5 x i8]* @p_str15, i32 0, i32 0, [1 x i8]* @p_str1, [1 x i8]* @p_str1, [1 x i8]* @p_str1, i32 0, i32 0, i32 0, i32 0, [1 x i8]* @p_str1, [1 x i8]* @p_str1) nounwind" [S2/Compute.cpp:21]   --->   Operation 192 'specinterface' <Predicate = true> <Delay = 0.00>
ST_52 : Operation 193 [1/1] (0.00ns)   --->   "call void (...)* @_ssdm_op_SpecInterface(i64* %outputGrp_V_V, [5 x i8]* @p_str14, i32 1, i32 1, [5 x i8]* @p_str15, i32 0, i32 0, [1 x i8]* @p_str1, [1 x i8]* @p_str1, [1 x i8]* @p_str1, i32 0, i32 0, i32 0, i32 0, [1 x i8]* @p_str1, [1 x i8]* @p_str1) nounwind" [S2/Compute.cpp:22]   --->   Operation 193 'specinterface' <Predicate = true> <Delay = 0.00>
ST_52 : Operation 194 [1/1] (0.00ns)   --->   "call void (...)* @_ssdm_op_SpecInterface(i64* %s2_out_V_V, [5 x i8]* @p_str14, i32 1, i32 1, [5 x i8]* @p_str15, i32 0, i32 0, [1 x i8]* @p_str1, [1 x i8]* @p_str1, [1 x i8]* @p_str1, i32 0, i32 0, i32 0, i32 0, [1 x i8]* @p_str1, [1 x i8]* @p_str1) nounwind" [S2/Compute.cpp:23]   --->   Operation 194 'specinterface' <Predicate = true> <Delay = 0.00>
ST_52 : Operation 195 [1/1] (0.00ns)   --->   "ret void" [S2/Compute.cpp:117]   --->   Operation 195 'ret' <Predicate = true> <Delay = 0.00>


============================================================
+ Verbose Summary: Timing violations
============================================================
Target clock period: 10ns, clock uncertainty: 1.25ns.

 <State 1>: 0ns
The critical path consists of the following:

 <State 2>: 0ns
The critical path consists of the following:

 <State 3>: 0ns
The critical path consists of the following:

 <State 4>: 0ns
The critical path consists of the following:

 <State 5>: 0ns
The critical path consists of the following:

 <State 6>: 0ns
The critical path consists of the following:

 <State 7>: 0ns
The critical path consists of the following:

 <State 8>: 0ns
The critical path consists of the following:

 <State 9>: 0ns
The critical path consists of the following:

 <State 10>: 0ns
The critical path consists of the following:

 <State 11>: 0ns
The critical path consists of the following:

 <State 12>: 0ns
The critical path consists of the following:

 <State 13>: 0ns
The critical path consists of the following:

 <State 14>: 0ns
The critical path consists of the following:

 <State 15>: 0ns
The critical path consists of the following:

 <State 16>: 0ns
The critical path consists of the following:

 <State 17>: 0ns
The critical path consists of the following:

 <State 18>: 0ns
The critical path consists of the following:

 <State 19>: 0ns
The critical path consists of the following:

 <State 20>: 0ns
The critical path consists of the following:

 <State 21>: 0ns
The critical path consists of the following:

 <State 22>: 0ns
The critical path consists of the following:

 <State 23>: 0ns
The critical path consists of the following:

 <State 24>: 0ns
The critical path consists of the following:

 <State 25>: 0ns
The critical path consists of the following:

 <State 26>: 0ns
The critical path consists of the following:

 <State 27>: 0ns
The critical path consists of the following:

 <State 28>: 0ns
The critical path consists of the following:

 <State 29>: 0ns
The critical path consists of the following:

 <State 30>: 0ns
The critical path consists of the following:

 <State 31>: 0ns
The critical path consists of the following:

 <State 32>: 0ns
The critical path consists of the following:

 <State 33>: 0ns
The critical path consists of the following:

 <State 34>: 0ns
The critical path consists of the following:

 <State 35>: 0ns
The critical path consists of the following:

 <State 36>: 0ns
The critical path consists of the following:

 <State 37>: 0ns
The critical path consists of the following:

 <State 38>: 0ns
The critical path consists of the following:

 <State 39>: 0ns
The critical path consists of the following:

 <State 40>: 0ns
The critical path consists of the following:

 <State 41>: 0ns
The critical path consists of the following:

 <State 42>: 0ns
The critical path consists of the following:

 <State 43>: 0ns
The critical path consists of the following:

 <State 44>: 0ns
The critical path consists of the following:

 <State 45>: 0ns
The critical path consists of the following:

 <State 46>: 0ns
The critical path consists of the following:

 <State 47>: 0ns
The critical path consists of the following:

 <State 48>: 0ns
The critical path consists of the following:

 <State 49>: 0ns
The critical path consists of the following:

 <State 50>: 0ns
The critical path consists of the following:

 <State 51>: 0ns
The critical path consists of the following:

 <State 52>: 0ns
The critical path consists of the following:


============================================================
+ Verbose Summary: Binding
============================================================
N/A
* FSMD analyzer results:
  - Output states:
 - Input state : 
  - Chain level:
	State 1
	State 2
	State 3
	State 4
	State 5
	State 6
	State 7
	State 8
	State 9
	State 10
	State 11
	State 12
	State 13
	State 14
	State 15
	State 16
	State 17
	State 18
	State 19
	State 20
	State 21
	State 22
	State 23
	State 24
	State 25
	State 26
	State 27
	State 28
	State 29
	State 30
	State 31
	State 32
	State 33
	State 34
	State 35
	State 36
	State 37
	State 38
	State 39
	State 40
	State 41
	State 42
	State 43
	State 44
	State 45
	State 46
	State 47
	State 48
	State 49
	State 50
	State 51
	State 52


============================================================
+ Verbose Summary: Datapath Resource usage 
============================================================
N/A
