

================================================================
== Vivado HLS Report for 'Conv1DMac_new403'
================================================================
* Date:           Wed Apr 26 22:20:27 2023

* Version:        2018.2 (Build 2258646 on Thu Jun 14 20:25:20 MDT 2018)
* Project:        S2
* Solution:       solution1
* Product family: zynq
* Target device:  xc7z045ffg900-2


================================================================
== Performance Estimates
================================================================
+ Timing (ns): 
    * Summary: 
    +--------+-------+----------+------------+
    |  Clock | Target| Estimated| Uncertainty|
    +--------+-------+----------+------------+
    |ap_clk  |  10.00|     7.551|        1.25|
    +--------+-------+----------+------------+

+ Latency (clock cycles): 
    * Summary: 
    +--------+--------+--------+--------+---------+
    |     Latency     |     Interval    | Pipeline|
    |   min  |   max  |   min  |   max  |   Type  |
    +--------+--------+--------+--------+---------+
    |  524293|  524293|  524293|  524293|   none  |
    +--------+--------+--------+--------+---------+

    + Detail: 
        * Instance: 
        N/A

        * Loop: 
        +-----------------------------------------------------+--------+--------+----------+-----------+-----------+--------+----------+
        |                                                     |     Latency     | Iteration|  Initiation Interval  |  Trip  |          |
        |                      Loop Name                      |   min  |   max  |  Latency |  achieved |   target  |  Count | Pipelined|
        +-----------------------------------------------------+--------+--------+----------+-----------+-----------+--------+----------+
        |- loop_ofmChannels_loop_neuronFold_loop_synapseFold  |  524291|  524291|         5|          1|          1|  524288|    yes   |
        +-----------------------------------------------------+--------+--------+----------+-----------+-----------+--------+----------+

============================================================
+ Verbose Summary: Synthesis Manager
============================================================
InlineROM: 1
ExposeGlobal: 0
============================================================
+ Verbose Summary: CDFG Model
============================================================
IsTopModel: 0
ResetActiveHigh: 1
IsCombinational: 2
IsDatapathOnly: 0
HasWiredReturn: 1
HasMFsm: 0
HasVarLatency: 1
IsPipeline: 0
IsRtlPipelined: 0
IsInstanceOverlapped: 0
IsDontTouch: 0
HasImplIP: 0
IsGatedGlobalClock: 0

+ Individual pipeline summary: 
  * Pipeline-0: initiation interval (II) = 1, depth = 5


============================================================
+ Verbose Summary: Schedule
============================================================
* Number of FSM states : 7
* Pipeline : 1
  Pipeline-0 : II = 1, D = 5, States = { 2 3 4 5 6 }
* Dataflow Pipeline: 0

* FSM state transitions: 
1 --> 
	2  / true
2 --> 
	7  / (exitcond_flatten3)
	3  / (!exitcond_flatten3)
3 --> 
	4  / true
4 --> 
	5  / true
5 --> 
	6  / true
6 --> 
	2  / true
7 --> 

* FSM state operations: 

State 1 <SV = 0> <Delay = 1.30>
ST_1 : Operation 8 [1/1] (0.00ns)   --->   "%macRegisters_0_V_1 = alloca i8"   --->   Operation 8 'alloca' 'macRegisters_0_V_1' <Predicate = true> <Delay = 0.00>
ST_1 : Operation 9 [1/1] (0.00ns)   --->   "%macRegisters_1_V_1 = alloca i8"   --->   Operation 9 'alloca' 'macRegisters_1_V_1' <Predicate = true> <Delay = 0.00>
ST_1 : Operation 10 [1/1] (0.00ns)   --->   "%macRegisters_2_V_1 = alloca i8"   --->   Operation 10 'alloca' 'macRegisters_2_V_1' <Predicate = true> <Delay = 0.00>
ST_1 : Operation 11 [1/1] (0.00ns)   --->   "%macRegisters_3_V_1 = alloca i8"   --->   Operation 11 'alloca' 'macRegisters_3_V_1' <Predicate = true> <Delay = 0.00>
ST_1 : Operation 12 [1/1] (0.00ns)   --->   "call void (...)* @_ssdm_op_SpecInterface(i32* %out_V_V, [8 x i8]* @ap_fifo_str, i32 0, i32 0, [1 x i8]* @p_str552, i32 0, i32 0, [1 x i8]* @p_str553, [1 x i8]* @p_str554, [1 x i8]* @p_str555, i32 2, i32 2, i32 16, i32 16, [1 x i8]* @p_str556, [1 x i8]* @p_str557)"   --->   Operation 12 'specinterface' <Predicate = true> <Delay = 0.00>
ST_1 : Operation 13 [1/1] (0.00ns)   --->   "call void (...)* @_ssdm_op_SpecInterface(i8* %in_V_V, [8 x i8]* @ap_fifo_str, i32 0, i32 0, [1 x i8]* @p_str545, i32 0, i32 0, [1 x i8]* @p_str546, [1 x i8]* @p_str547, [1 x i8]* @p_str548, i32 2, i32 2, i32 16, i32 16, [1 x i8]* @p_str549, [1 x i8]* @p_str550)"   --->   Operation 13 'specinterface' <Predicate = true> <Delay = 0.00>
ST_1 : Operation 14 [1/1] (1.30ns)   --->   "store i8 0, i8* %macRegisters_3_V_1"   --->   Operation 14 'store' <Predicate = true> <Delay = 1.30>
ST_1 : Operation 15 [1/1] (1.30ns)   --->   "store i8 0, i8* %macRegisters_2_V_1"   --->   Operation 15 'store' <Predicate = true> <Delay = 1.30>
ST_1 : Operation 16 [1/1] (1.30ns)   --->   "store i8 0, i8* %macRegisters_1_V_1"   --->   Operation 16 'store' <Predicate = true> <Delay = 1.30>
ST_1 : Operation 17 [1/1] (1.30ns)   --->   "store i8 0, i8* %macRegisters_0_V_1"   --->   Operation 17 'store' <Predicate = true> <Delay = 1.30>
ST_1 : Operation 18 [1/1] (1.30ns)   --->   "br label %0" [S2/conv1d.h:791]   --->   Operation 18 'br' <Predicate = true> <Delay = 1.30>

State 2 <SV = 1> <Delay = 6.06>
ST_2 : Operation 19 [1/1] (0.00ns)   --->   "%indvar_flatten3 = phi i20 [ 0, %.preheader177.preheader ], [ %indvar_flatten_next3, %._crit_edge ]"   --->   Operation 19 'phi' 'indvar_flatten3' <Predicate = true> <Delay = 0.00>
ST_2 : Operation 20 [1/1] (0.00ns)   --->   "%indvar_flatten = phi i14 [ 0, %.preheader177.preheader ], [ %indvar_flatten_next, %._crit_edge ]"   --->   Operation 20 'phi' 'indvar_flatten' <Predicate = true> <Delay = 0.00>
ST_2 : Operation 21 [1/1] (0.00ns)   --->   "%nm = phi i6 [ 0, %.preheader177.preheader ], [ %nm_mid2, %._crit_edge ]" [S2/conv1d.h:793]   --->   Operation 21 'phi' 'nm' <Predicate = true> <Delay = 0.00>
ST_2 : Operation 22 [1/1] (0.00ns)   --->   "%sf = phi i8 [ 0, %.preheader177.preheader ], [ %sf_1, %._crit_edge ]"   --->   Operation 22 'phi' 'sf' <Predicate = true> <Delay = 0.00>
ST_2 : Operation 23 [1/1] (0.00ns)   --->   "%tmp = trunc i6 %nm to i5" [S2/conv1d.h:793]   --->   Operation 23 'trunc' 'tmp' <Predicate = true> <Delay = 0.00>
ST_2 : Operation 24 [1/1] (0.00ns)   --->   "%tmp_s = call i12 @_ssdm_op_BitConcatenate.i12.i5.i7(i5 %tmp, i7 0)" [S2/conv1d.h:817]   --->   Operation 24 'bitconcatenate' 'tmp_s' <Predicate = true> <Delay = 0.00>
ST_2 : Operation 25 [1/1] (1.98ns)   --->   "%exitcond_flatten3 = icmp eq i20 %indvar_flatten3, -524288"   --->   Operation 25 'icmp' 'exitcond_flatten3' <Predicate = true> <Delay = 1.98> <Core = "Cmp">   --->   Core 25 'Cmp' <Latency = 0> <II = 1> <Delay = 1.28> <FuncUnit> <Opcode : 'icmp'> <InPorts = 2> <OutPorts = 1>
ST_2 : Operation 26 [1/1] (1.85ns)   --->   "%indvar_flatten_next3 = add i20 1, %indvar_flatten3"   --->   Operation 26 'add' 'indvar_flatten_next3' <Predicate = true> <Delay = 1.85> <Core = "AddSub">   --->   Core 14 'AddSub' <Latency = 0> <II = 1> <Delay = 1.71> <FuncUnit> <Opcode : 'add' 'sub'> <InPorts = 2> <OutPorts = 1>
ST_2 : Operation 27 [1/1] (0.00ns)   --->   "br i1 %exitcond_flatten3, label %1, label %.preheader177"   --->   Operation 27 'br' <Predicate = true> <Delay = 0.00>
ST_2 : Operation 28 [1/1] (1.76ns)   --->   "%exitcond_flatten = icmp eq i14 %indvar_flatten, 4096"   --->   Operation 28 'icmp' 'exitcond_flatten' <Predicate = (!exitcond_flatten3)> <Delay = 1.76> <Core = "Cmp">   --->   Core 25 'Cmp' <Latency = 0> <II = 1> <Delay = 1.28> <FuncUnit> <Opcode : 'icmp'> <InPorts = 2> <OutPorts = 1>
ST_2 : Operation 29 [1/1] (0.97ns)   --->   "%nm_mid = select i1 %exitcond_flatten, i6 0, i6 %nm" [S2/conv1d.h:793]   --->   Operation 29 'select' 'nm_mid' <Predicate = (!exitcond_flatten3)> <Delay = 0.97> <Core = "Sel">   --->   Core 26 'Sel' <Latency = 0> <II = 1> <Delay = 0.58> <FuncUnit> <Opcode : 'select'> <InPorts = 3> <OutPorts = 1>
ST_2 : Operation 30 [1/1] (0.00ns) (grouped into LUT with out node tmp_37)   --->   "%tmp_90_mid = select i1 %exitcond_flatten, i12 0, i12 %tmp_s" [S2/conv1d.h:817]   --->   Operation 30 'select' 'tmp_90_mid' <Predicate = (!exitcond_flatten3)> <Delay = 0.00> <Core = "Sel">   --->   Core 26 'Sel' <Latency = 0> <II = 1> <Delay = 0.58> <FuncUnit> <Opcode : 'select'> <InPorts = 3> <OutPorts = 1>
ST_2 : Operation 31 [1/1] (0.00ns) (grouped into LUT with out node nm_t_mid2)   --->   "%nm_t_mid = select i1 %exitcond_flatten, i5 0, i5 %tmp" [S2/conv1d.h:793]   --->   Operation 31 'select' 'nm_t_mid' <Predicate = (!exitcond_flatten3)> <Delay = 0.00> <Core = "Sel">   --->   Core 26 'Sel' <Latency = 0> <II = 1> <Delay = 0.58> <FuncUnit> <Opcode : 'select'> <InPorts = 3> <OutPorts = 1>
ST_2 : Operation 32 [1/1] (0.00ns) (grouped into LUT with out node tmp_91_mid)   --->   "%not_exitcond_flatten = xor i1 %exitcond_flatten, true" [S2/conv1d.h:793]   --->   Operation 32 'xor' 'not_exitcond_flatten' <Predicate = (!exitcond_flatten3)> <Delay = 0.00> <Core = "LogicGate">   --->   Core 27 'LogicGate' <Latency = 0> <II = 1> <Delay = 0.80> <FuncUnit> <Opcode : 'and' 'or' 'xor'> <InPorts = 2> <OutPorts = 1>
ST_2 : Operation 33 [1/1] (1.28ns)   --->   "%tmp_289 = icmp eq i8 %sf, -128" [S2/conv1d.h:793]   --->   Operation 33 'icmp' 'tmp_289' <Predicate = (!exitcond_flatten3)> <Delay = 1.28> <Core = "Cmp">   --->   Core 25 'Cmp' <Latency = 0> <II = 1> <Delay = 1.28> <FuncUnit> <Opcode : 'icmp'> <InPorts = 2> <OutPorts = 1>
ST_2 : Operation 34 [1/1] (0.80ns) (out node of the LUT)   --->   "%tmp_91_mid = and i1 %tmp_289, %not_exitcond_flatten" [S2/conv1d.h:793]   --->   Operation 34 'and' 'tmp_91_mid' <Predicate = (!exitcond_flatten3)> <Delay = 0.80> <Core = "LogicGate">   --->   Core 27 'LogicGate' <Latency = 0> <II = 1> <Delay = 0.80> <FuncUnit> <Opcode : 'and' 'or' 'xor'> <InPorts = 2> <OutPorts = 1>
ST_2 : Operation 35 [1/1] (1.61ns)   --->   "%nm_1 = add i6 1, %nm_mid" [S2/conv1d.h:792]   --->   Operation 35 'add' 'nm_1' <Predicate = (!exitcond_flatten3)> <Delay = 1.61> <Core = "AddSub">   --->   Core 14 'AddSub' <Latency = 0> <II = 1> <Delay = 1.71> <FuncUnit> <Opcode : 'add' 'sub'> <InPorts = 2> <OutPorts = 1>
ST_2 : Operation 36 [1/1] (0.00ns) (grouped into LUT with out node sf_mid2)   --->   "%tmp_270 = or i1 %tmp_91_mid, %exitcond_flatten" [S2/conv1d.h:793]   --->   Operation 36 'or' 'tmp_270' <Predicate = (!exitcond_flatten3)> <Delay = 0.00> <Core = "LogicGate">   --->   Core 27 'LogicGate' <Latency = 0> <II = 1> <Delay = 0.80> <FuncUnit> <Opcode : 'and' 'or' 'xor'> <InPorts = 2> <OutPorts = 1>
ST_2 : Operation 37 [1/1] (0.80ns) (out node of the LUT)   --->   "%sf_mid2 = select i1 %tmp_270, i8 0, i8 %sf" [S2/conv1d.h:793]   --->   Operation 37 'select' 'sf_mid2' <Predicate = (!exitcond_flatten3)> <Delay = 0.80> <Core = "Sel">   --->   Core 26 'Sel' <Latency = 0> <II = 1> <Delay = 0.58> <FuncUnit> <Opcode : 'select'> <InPorts = 3> <OutPorts = 1>
ST_2 : Operation 38 [1/1] (0.00ns)   --->   "%tmp_309 = trunc i6 %nm_1 to i5" [S2/conv1d.h:792]   --->   Operation 38 'trunc' 'tmp_309' <Predicate = (!exitcond_flatten3)> <Delay = 0.00>
ST_2 : Operation 39 [1/1] (0.00ns) (grouped into LUT with out node tmp_37)   --->   "%tmp_90_mid1 = call i12 @_ssdm_op_BitConcatenate.i12.i5.i7(i5 %tmp_309, i7 0)" [S2/conv1d.h:817]   --->   Operation 39 'bitconcatenate' 'tmp_90_mid1' <Predicate = (!exitcond_flatten3)> <Delay = 0.00>
ST_2 : Operation 40 [1/1] (0.00ns) (grouped into LUT with out node tmp_37)   --->   "%tmp_90_mid2 = select i1 %tmp_91_mid, i12 %tmp_90_mid1, i12 %tmp_90_mid" [S2/conv1d.h:817]   --->   Operation 40 'select' 'tmp_90_mid2' <Predicate = (!exitcond_flatten3)> <Delay = 0.00> <Core = "Sel">   --->   Core 26 'Sel' <Latency = 0> <II = 1> <Delay = 0.58> <FuncUnit> <Opcode : 'select'> <InPorts = 3> <OutPorts = 1>
ST_2 : Operation 41 [1/1] (0.97ns) (out node of the LUT)   --->   "%nm_t_mid2 = select i1 %tmp_91_mid, i5 %tmp_309, i5 %nm_t_mid" [S2/conv1d.h:793]   --->   Operation 41 'select' 'nm_t_mid2' <Predicate = (!exitcond_flatten3)> <Delay = 0.97> <Core = "Sel">   --->   Core 26 'Sel' <Latency = 0> <II = 1> <Delay = 0.58> <FuncUnit> <Opcode : 'select'> <InPorts = 3> <OutPorts = 1>
ST_2 : Operation 42 [1/1] (0.97ns)   --->   "%nm_mid2 = select i1 %tmp_91_mid, i6 %nm_1, i6 %nm_mid" [S2/conv1d.h:793]   --->   Operation 42 'select' 'nm_mid2' <Predicate = (!exitcond_flatten3)> <Delay = 0.97> <Core = "Sel">   --->   Core 26 'Sel' <Latency = 0> <II = 1> <Delay = 0.58> <FuncUnit> <Opcode : 'select'> <InPorts = 3> <OutPorts = 1>
ST_2 : Operation 43 [1/1] (0.00ns) (grouped into LUT with out node tmp_37)   --->   "%sf_cast1 = zext i8 %sf_mid2 to i12" [S2/conv1d.h:793]   --->   Operation 43 'zext' 'sf_cast1' <Predicate = (!exitcond_flatten3)> <Delay = 0.00>
ST_2 : Operation 44 [1/1] (1.71ns) (out node of the LUT)   --->   "%tmp_37 = add i12 %tmp_90_mid2, %sf_cast1" [S2/conv1d.h:817]   --->   Operation 44 'add' 'tmp_37' <Predicate = (!exitcond_flatten3)> <Delay = 1.71> <Core = "AddSub">   --->   Core 14 'AddSub' <Latency = 0> <II = 1> <Delay = 1.71> <FuncUnit> <Opcode : 'add' 'sub'> <InPorts = 2> <OutPorts = 1>
ST_2 : Operation 45 [1/1] (1.28ns)   --->   "%tmp_60 = icmp eq i8 %sf_mid2, 127" [S2/conv1d.h:847]   --->   Operation 45 'icmp' 'tmp_60' <Predicate = (!exitcond_flatten3)> <Delay = 1.28> <Core = "Cmp">   --->   Core 25 'Cmp' <Latency = 0> <II = 1> <Delay = 1.28> <FuncUnit> <Opcode : 'icmp'> <InPorts = 2> <OutPorts = 1>
ST_2 : Operation 46 [1/1] (0.00ns)   --->   "br i1 %tmp_60, label %.preheader.0, label %.preheader177.._crit_edge_crit_edge" [S2/conv1d.h:847]   --->   Operation 46 'br' <Predicate = (!exitcond_flatten3)> <Delay = 0.00>
ST_2 : Operation 47 [1/1] (1.69ns)   --->   "%sf_1 = add i8 %sf_mid2, 1" [S2/conv1d.h:793]   --->   Operation 47 'add' 'sf_1' <Predicate = (!exitcond_flatten3)> <Delay = 1.69> <Core = "AddSub">   --->   Core 14 'AddSub' <Latency = 0> <II = 1> <Delay = 1.71> <FuncUnit> <Opcode : 'add' 'sub'> <InPorts = 2> <OutPorts = 1>
ST_2 : Operation 48 [1/1] (1.71ns)   --->   "%indvar_flatten_op = add i14 %indvar_flatten, 1"   --->   Operation 48 'add' 'indvar_flatten_op' <Predicate = (!exitcond_flatten3)> <Delay = 1.71> <Core = "AddSub">   --->   Core 14 'AddSub' <Latency = 0> <II = 1> <Delay = 1.71> <FuncUnit> <Opcode : 'add' 'sub'> <InPorts = 2> <OutPorts = 1>
ST_2 : Operation 49 [1/1] (0.58ns)   --->   "%indvar_flatten_next = select i1 %exitcond_flatten, i14 1, i14 %indvar_flatten_op"   --->   Operation 49 'select' 'indvar_flatten_next' <Predicate = (!exitcond_flatten3)> <Delay = 0.58> <Core = "Sel">   --->   Core 26 'Sel' <Latency = 0> <II = 1> <Delay = 0.58> <FuncUnit> <Opcode : 'select'> <InPorts = 3> <OutPorts = 1>

State 3 <SV = 2> <Delay = 2.77>
ST_3 : Operation 50 [1/1] (0.00ns)   --->   "%tmp_38 = zext i12 %tmp_37 to i64" [S2/conv1d.h:817]   --->   Operation 50 'zext' 'tmp_38' <Predicate = (!exitcond_flatten3)> <Delay = 0.00>
ST_3 : Operation 51 [1/1] (0.00ns)   --->   "%weights9_m_weights_V_4 = getelementptr [4096 x i4]* @weights9_m_weights_V, i64 0, i64 %tmp_38" [S2/conv1d.h:817]   --->   Operation 51 'getelementptr' 'weights9_m_weights_V_4' <Predicate = (!exitcond_flatten3)> <Delay = 0.00>
ST_3 : Operation 52 [2/2] (2.77ns)   --->   "%weights9_m_weights_V_5 = load i4* %weights9_m_weights_V_4, align 1" [S2/conv1d.h:817]   --->   Operation 52 'load' 'weights9_m_weights_V_5' <Predicate = (!exitcond_flatten3)> <Delay = 2.77> <Core = "ROM_nP">   --->   Core 48 'ROM_nP' <Latency = 1> <II = 1> <Delay = 2.77> <Storage> <Opcode : 'load'> <Ports = 0> <Width = 4> <Depth = 4096> <ROM>
ST_3 : Operation 53 [1/1] (0.00ns)   --->   "%weights9_m_weights_V_6 = getelementptr [4096 x i4]* @weights9_m_weights_V_1, i64 0, i64 %tmp_38" [S2/conv1d.h:817]   --->   Operation 53 'getelementptr' 'weights9_m_weights_V_6' <Predicate = (!exitcond_flatten3)> <Delay = 0.00>
ST_3 : Operation 54 [2/2] (2.77ns)   --->   "%weights9_m_weights_V_7 = load i4* %weights9_m_weights_V_6, align 1" [S2/conv1d.h:817]   --->   Operation 54 'load' 'weights9_m_weights_V_7' <Predicate = (!exitcond_flatten3)> <Delay = 2.77> <Core = "ROM_nP">   --->   Core 48 'ROM_nP' <Latency = 1> <II = 1> <Delay = 2.77> <Storage> <Opcode : 'load'> <Ports = 0> <Width = 4> <Depth = 4096> <ROM>
ST_3 : Operation 55 [1/1] (0.00ns)   --->   "%weights9_m_weights_V_8 = getelementptr [4096 x i4]* @weights9_m_weights_V_2, i64 0, i64 %tmp_38" [S2/conv1d.h:817]   --->   Operation 55 'getelementptr' 'weights9_m_weights_V_8' <Predicate = (!exitcond_flatten3)> <Delay = 0.00>
ST_3 : Operation 56 [2/2] (2.77ns)   --->   "%weights9_m_weights_V_9 = load i4* %weights9_m_weights_V_8, align 1" [S2/conv1d.h:817]   --->   Operation 56 'load' 'weights9_m_weights_V_9' <Predicate = (!exitcond_flatten3)> <Delay = 2.77> <Core = "ROM_nP">   --->   Core 48 'ROM_nP' <Latency = 1> <II = 1> <Delay = 2.77> <Storage> <Opcode : 'load'> <Ports = 0> <Width = 4> <Depth = 4096> <ROM>
ST_3 : Operation 57 [1/1] (0.00ns)   --->   "%weights9_m_weights_V_10 = getelementptr [4096 x i4]* @weights9_m_weights_V_3, i64 0, i64 %tmp_38" [S2/conv1d.h:817]   --->   Operation 57 'getelementptr' 'weights9_m_weights_V_10' <Predicate = (!exitcond_flatten3)> <Delay = 0.00>
ST_3 : Operation 58 [2/2] (2.77ns)   --->   "%weights9_m_weights_V_11 = load i4* %weights9_m_weights_V_10, align 1" [S2/conv1d.h:817]   --->   Operation 58 'load' 'weights9_m_weights_V_11' <Predicate = (!exitcond_flatten3)> <Delay = 2.77> <Core = "ROM_nP">   --->   Core 48 'ROM_nP' <Latency = 1> <II = 1> <Delay = 2.77> <Storage> <Opcode : 'load'> <Ports = 0> <Width = 4> <Depth = 4096> <ROM>

State 4 <SV = 3> <Delay = 3.40>
ST_4 : Operation 59 [1/1] (3.40ns)   --->   "%tmp_V = call i8 @_ssdm_op_Read.ap_fifo.volatile.i8P(i8* %in_V_V)" [S2/conv1d.h:796]   --->   Operation 59 'read' 'tmp_V' <Predicate = (!exitcond_flatten3)> <Delay = 3.40> <Core = "FIFO">   --->   Core 32 'FIFO' <Latency = 0> <II = 1> <Delay = 3.40> <Storage> <Opcode : 'read' 'write' 'nbread' 'nbwrite'> <Ports = 0> <Width = 32> <Depth = 2> <FIFO>
ST_4 : Operation 60 [1/2] (2.77ns)   --->   "%weights9_m_weights_V_5 = load i4* %weights9_m_weights_V_4, align 1" [S2/conv1d.h:817]   --->   Operation 60 'load' 'weights9_m_weights_V_5' <Predicate = (!exitcond_flatten3)> <Delay = 2.77> <Core = "ROM_nP">   --->   Core 48 'ROM_nP' <Latency = 1> <II = 1> <Delay = 2.77> <Storage> <Opcode : 'load'> <Ports = 0> <Width = 4> <Depth = 4096> <ROM>
ST_4 : Operation 61 [1/2] (2.77ns)   --->   "%weights9_m_weights_V_7 = load i4* %weights9_m_weights_V_6, align 1" [S2/conv1d.h:817]   --->   Operation 61 'load' 'weights9_m_weights_V_7' <Predicate = (!exitcond_flatten3)> <Delay = 2.77> <Core = "ROM_nP">   --->   Core 48 'ROM_nP' <Latency = 1> <II = 1> <Delay = 2.77> <Storage> <Opcode : 'load'> <Ports = 0> <Width = 4> <Depth = 4096> <ROM>
ST_4 : Operation 62 [1/2] (2.77ns)   --->   "%weights9_m_weights_V_9 = load i4* %weights9_m_weights_V_8, align 1" [S2/conv1d.h:817]   --->   Operation 62 'load' 'weights9_m_weights_V_9' <Predicate = (!exitcond_flatten3)> <Delay = 2.77> <Core = "ROM_nP">   --->   Core 48 'ROM_nP' <Latency = 1> <II = 1> <Delay = 2.77> <Storage> <Opcode : 'load'> <Ports = 0> <Width = 4> <Depth = 4096> <ROM>
ST_4 : Operation 63 [1/2] (2.77ns)   --->   "%weights9_m_weights_V_11 = load i4* %weights9_m_weights_V_10, align 1" [S2/conv1d.h:817]   --->   Operation 63 'load' 'weights9_m_weights_V_11' <Predicate = (!exitcond_flatten3)> <Delay = 2.77> <Core = "ROM_nP">   --->   Core 48 'ROM_nP' <Latency = 1> <II = 1> <Delay = 2.77> <Storage> <Opcode : 'load'> <Ports = 0> <Width = 4> <Depth = 4096> <ROM>

State 5 <SV = 4> <Delay = 6.36>
ST_5 : Operation 64 [1/1] (0.00ns)   --->   "%p_08_cast_cast = sext i8 %tmp_V to i12" [S2/conv1d.h:823]   --->   Operation 64 'sext' 'p_08_cast_cast' <Predicate = (!exitcond_flatten3)> <Delay = 0.00>
ST_5 : Operation 65 [1/1] (0.00ns)   --->   "%p_0132_cast_cast = sext i4 %weights9_m_weights_V_5 to i12" [S2/conv1d.h:823]   --->   Operation 65 'sext' 'p_0132_cast_cast' <Predicate = (!exitcond_flatten3)> <Delay = 0.00>
ST_5 : Operation 66 [1/1] (3.61ns)   --->   "%p_Val2_s_132 = mul i12 %p_08_cast_cast, %p_0132_cast_cast" [S2/conv1d.h:823]   --->   Operation 66 'mul' 'p_Val2_s_132' <Predicate = (!exitcond_flatten3)> <Delay = 3.61> <Core = "Mul">   --->   Core 16 'Mul' <Latency = 0> <II = 1> <Delay = 3.61> <FuncUnit> <Opcode : 'mul'> <InPorts = 2> <OutPorts = 1>
ST_5 : Operation 67 [1/1] (0.00ns) (grouped into LUT with out node tmp_44)   --->   "%tmp_310 = call i1 @_ssdm_op_BitSelect.i1.i12.i32(i12 %p_Val2_s_132, i32 11)" [S2/conv1d.h:823]   --->   Operation 67 'bitselect' 'tmp_310' <Predicate = (!exitcond_flatten3)> <Delay = 0.00>
ST_5 : Operation 68 [1/1] (0.00ns) (grouped into LUT with out node tmp1)   --->   "%tmp_311 = call i5 @_ssdm_op_PartSelect.i5.i12.i32.i32(i12 %p_Val2_s_132, i32 7, i32 11)" [S2/conv1d.h:823]   --->   Operation 68 'partselect' 'tmp_311' <Predicate = (!exitcond_flatten3)> <Delay = 0.00>
ST_5 : Operation 69 [1/1] (0.00ns) (grouped into LUT with out node tmp1)   --->   "%p_Val2_cast_cast = sext i5 %tmp_311 to i6" [S2/conv1d.h:823]   --->   Operation 69 'sext' 'p_Val2_cast_cast' <Predicate = (!exitcond_flatten3)> <Delay = 0.00>
ST_5 : Operation 70 [1/1] (0.00ns) (grouped into LUT with out node tmp1)   --->   "%tmp_312 = call i1 @_ssdm_op_BitSelect.i1.i12.i32(i12 %p_Val2_s_132, i32 6)" [S2/conv1d.h:823]   --->   Operation 70 'bitselect' 'tmp_312' <Predicate = (!exitcond_flatten3)> <Delay = 0.00>
ST_5 : Operation 71 [1/1] (0.00ns) (grouped into LUT with out node tmp_44)   --->   "%tmp_313 = trunc i12 %p_Val2_s_132 to i1" [S2/conv1d.h:823]   --->   Operation 71 'trunc' 'tmp_313' <Predicate = (!exitcond_flatten3)> <Delay = 0.00>
ST_5 : Operation 72 [1/1] (0.00ns) (grouped into LUT with out node tmp_44)   --->   "%tmp_41 = or i1 %tmp_313, %tmp_310" [S2/conv1d.h:823]   --->   Operation 72 'or' 'tmp_41' <Predicate = (!exitcond_flatten3)> <Delay = 0.00> <Core = "LogicGate">   --->   Core 27 'LogicGate' <Latency = 0> <II = 1> <Delay = 0.80> <FuncUnit> <Opcode : 'and' 'or' 'xor'> <InPorts = 2> <OutPorts = 1>
ST_5 : Operation 73 [1/1] (0.00ns) (grouped into LUT with out node tmp_44)   --->   "%tmp_42 = call i5 @_ssdm_op_PartSelect.i5.i12.i32.i32(i12 %p_Val2_s_132, i32 1, i32 5)" [S2/conv1d.h:823]   --->   Operation 73 'partselect' 'tmp_42' <Predicate = (!exitcond_flatten3)> <Delay = 0.00>
ST_5 : Operation 74 [1/1] (0.00ns) (grouped into LUT with out node tmp_44)   --->   "%tmp_43 = call i6 @_ssdm_op_BitConcatenate.i6.i5.i1(i5 %tmp_42, i1 %tmp_41)" [S2/conv1d.h:823]   --->   Operation 74 'bitconcatenate' 'tmp_43' <Predicate = (!exitcond_flatten3)> <Delay = 0.00>
ST_5 : Operation 75 [1/1] (1.18ns) (out node of the LUT)   --->   "%tmp_44 = icmp ne i6 %tmp_43, 0" [S2/conv1d.h:823]   --->   Operation 75 'icmp' 'tmp_44' <Predicate = (!exitcond_flatten3)> <Delay = 1.18> <Core = "Cmp">   --->   Core 25 'Cmp' <Latency = 0> <II = 1> <Delay = 1.28> <FuncUnit> <Opcode : 'icmp'> <InPorts = 2> <OutPorts = 1>
ST_5 : Operation 76 [1/1] (0.00ns) (grouped into LUT with out node tmp1)   --->   "%qb_assign_2 = and i1 %tmp_44, %tmp_312" [S2/conv1d.h:823]   --->   Operation 76 'and' 'qb_assign_2' <Predicate = (!exitcond_flatten3)> <Delay = 0.00> <Core = "LogicGate">   --->   Core 27 'LogicGate' <Latency = 0> <II = 1> <Delay = 0.80> <FuncUnit> <Opcode : 'and' 'or' 'xor'> <InPorts = 2> <OutPorts = 1>
ST_5 : Operation 77 [1/1] (0.00ns) (grouped into LUT with out node tmp1)   --->   "%tmp_138_cast_cast = zext i1 %qb_assign_2 to i6" [S2/conv1d.h:836]   --->   Operation 77 'zext' 'tmp_138_cast_cast' <Predicate = (!exitcond_flatten3)> <Delay = 0.00>
ST_5 : Operation 78 [1/1] (1.56ns) (out node of the LUT)   --->   "%tmp1 = add i6 %p_Val2_cast_cast, %tmp_138_cast_cast" [S2/conv1d.h:836]   --->   Operation 78 'add' 'tmp1' <Predicate = (!exitcond_flatten3)> <Delay = 1.56> <Core = "AddSub">   --->   Core 14 'AddSub' <Latency = 0> <II = 1> <Delay = 1.71> <FuncUnit> <Opcode : 'add' 'sub'> <InPorts = 2> <OutPorts = 1>
ST_5 : Operation 79 [1/1] (0.00ns)   --->   "%p_0132_1_cast_cast = sext i4 %weights9_m_weights_V_7 to i12" [S2/conv1d.h:823]   --->   Operation 79 'sext' 'p_0132_1_cast_cast' <Predicate = (!exitcond_flatten3)> <Delay = 0.00>
ST_5 : Operation 80 [1/1] (3.61ns)   --->   "%p_Val2_1 = mul i12 %p_08_cast_cast, %p_0132_1_cast_cast" [S2/conv1d.h:823]   --->   Operation 80 'mul' 'p_Val2_1' <Predicate = (!exitcond_flatten3)> <Delay = 3.61> <Core = "Mul">   --->   Core 16 'Mul' <Latency = 0> <II = 1> <Delay = 3.61> <FuncUnit> <Opcode : 'mul'> <InPorts = 2> <OutPorts = 1>
ST_5 : Operation 81 [1/1] (0.00ns) (grouped into LUT with out node tmp_227_1)   --->   "%tmp_314 = call i1 @_ssdm_op_BitSelect.i1.i12.i32(i12 %p_Val2_1, i32 11)" [S2/conv1d.h:823]   --->   Operation 81 'bitselect' 'tmp_314' <Predicate = (!exitcond_flatten3)> <Delay = 0.00>
ST_5 : Operation 82 [1/1] (0.00ns) (grouped into LUT with out node tmp2)   --->   "%tmp_315 = call i5 @_ssdm_op_PartSelect.i5.i12.i32.i32(i12 %p_Val2_1, i32 7, i32 11)" [S2/conv1d.h:823]   --->   Operation 82 'partselect' 'tmp_315' <Predicate = (!exitcond_flatten3)> <Delay = 0.00>
ST_5 : Operation 83 [1/1] (0.00ns) (grouped into LUT with out node tmp2)   --->   "%p_Val2_81_1_cast_c = sext i5 %tmp_315 to i6" [S2/conv1d.h:823]   --->   Operation 83 'sext' 'p_Val2_81_1_cast_c' <Predicate = (!exitcond_flatten3)> <Delay = 0.00>
ST_5 : Operation 84 [1/1] (0.00ns) (grouped into LUT with out node tmp2)   --->   "%tmp_316 = call i1 @_ssdm_op_BitSelect.i1.i12.i32(i12 %p_Val2_1, i32 6)" [S2/conv1d.h:823]   --->   Operation 84 'bitselect' 'tmp_316' <Predicate = (!exitcond_flatten3)> <Delay = 0.00>
ST_5 : Operation 85 [1/1] (0.00ns) (grouped into LUT with out node tmp_227_1)   --->   "%tmp_317 = trunc i12 %p_Val2_1 to i1" [S2/conv1d.h:823]   --->   Operation 85 'trunc' 'tmp_317' <Predicate = (!exitcond_flatten3)> <Delay = 0.00>
ST_5 : Operation 86 [1/1] (0.00ns) (grouped into LUT with out node tmp_227_1)   --->   "%tmp_47 = or i1 %tmp_317, %tmp_314" [S2/conv1d.h:823]   --->   Operation 86 'or' 'tmp_47' <Predicate = (!exitcond_flatten3)> <Delay = 0.00> <Core = "LogicGate">   --->   Core 27 'LogicGate' <Latency = 0> <II = 1> <Delay = 0.80> <FuncUnit> <Opcode : 'and' 'or' 'xor'> <InPorts = 2> <OutPorts = 1>
ST_5 : Operation 87 [1/1] (0.00ns) (grouped into LUT with out node tmp_227_1)   --->   "%tmp_48 = call i5 @_ssdm_op_PartSelect.i5.i12.i32.i32(i12 %p_Val2_1, i32 1, i32 5)" [S2/conv1d.h:823]   --->   Operation 87 'partselect' 'tmp_48' <Predicate = (!exitcond_flatten3)> <Delay = 0.00>
ST_5 : Operation 88 [1/1] (0.00ns) (grouped into LUT with out node tmp_227_1)   --->   "%tmp_49 = call i6 @_ssdm_op_BitConcatenate.i6.i5.i1(i5 %tmp_48, i1 %tmp_47)" [S2/conv1d.h:823]   --->   Operation 88 'bitconcatenate' 'tmp_49' <Predicate = (!exitcond_flatten3)> <Delay = 0.00>
ST_5 : Operation 89 [1/1] (1.18ns) (out node of the LUT)   --->   "%tmp_227_1 = icmp ne i6 %tmp_49, 0" [S2/conv1d.h:823]   --->   Operation 89 'icmp' 'tmp_227_1' <Predicate = (!exitcond_flatten3)> <Delay = 1.18> <Core = "Cmp">   --->   Core 25 'Cmp' <Latency = 0> <II = 1> <Delay = 1.28> <FuncUnit> <Opcode : 'icmp'> <InPorts = 2> <OutPorts = 1>
ST_5 : Operation 90 [1/1] (0.00ns) (grouped into LUT with out node tmp2)   --->   "%qb_assign_2_1 = and i1 %tmp_227_1, %tmp_316" [S2/conv1d.h:823]   --->   Operation 90 'and' 'qb_assign_2_1' <Predicate = (!exitcond_flatten3)> <Delay = 0.00> <Core = "LogicGate">   --->   Core 27 'LogicGate' <Latency = 0> <II = 1> <Delay = 0.80> <FuncUnit> <Opcode : 'and' 'or' 'xor'> <InPorts = 2> <OutPorts = 1>
ST_5 : Operation 91 [1/1] (0.00ns) (grouped into LUT with out node tmp2)   --->   "%tmp_228_1_cast_cast = zext i1 %qb_assign_2_1 to i6" [S2/conv1d.h:836]   --->   Operation 91 'zext' 'tmp_228_1_cast_cast' <Predicate = (!exitcond_flatten3)> <Delay = 0.00>
ST_5 : Operation 92 [1/1] (1.56ns) (out node of the LUT)   --->   "%tmp2 = add i6 %p_Val2_81_1_cast_c, %tmp_228_1_cast_cast" [S2/conv1d.h:836]   --->   Operation 92 'add' 'tmp2' <Predicate = (!exitcond_flatten3)> <Delay = 1.56> <Core = "AddSub">   --->   Core 14 'AddSub' <Latency = 0> <II = 1> <Delay = 1.71> <FuncUnit> <Opcode : 'add' 'sub'> <InPorts = 2> <OutPorts = 1>
ST_5 : Operation 93 [1/1] (0.00ns)   --->   "%p_0132_2_cast_cast = sext i4 %weights9_m_weights_V_9 to i12" [S2/conv1d.h:823]   --->   Operation 93 'sext' 'p_0132_2_cast_cast' <Predicate = (!exitcond_flatten3)> <Delay = 0.00>
ST_5 : Operation 94 [1/1] (3.61ns)   --->   "%p_Val2_2 = mul i12 %p_08_cast_cast, %p_0132_2_cast_cast" [S2/conv1d.h:823]   --->   Operation 94 'mul' 'p_Val2_2' <Predicate = (!exitcond_flatten3)> <Delay = 3.61> <Core = "Mul">   --->   Core 16 'Mul' <Latency = 0> <II = 1> <Delay = 3.61> <FuncUnit> <Opcode : 'mul'> <InPorts = 2> <OutPorts = 1>
ST_5 : Operation 95 [1/1] (0.00ns) (grouped into LUT with out node tmp_227_2)   --->   "%tmp_318 = call i1 @_ssdm_op_BitSelect.i1.i12.i32(i12 %p_Val2_2, i32 11)" [S2/conv1d.h:823]   --->   Operation 95 'bitselect' 'tmp_318' <Predicate = (!exitcond_flatten3)> <Delay = 0.00>
ST_5 : Operation 96 [1/1] (0.00ns) (grouped into LUT with out node tmp3)   --->   "%tmp_319 = call i5 @_ssdm_op_PartSelect.i5.i12.i32.i32(i12 %p_Val2_2, i32 7, i32 11)" [S2/conv1d.h:823]   --->   Operation 96 'partselect' 'tmp_319' <Predicate = (!exitcond_flatten3)> <Delay = 0.00>
ST_5 : Operation 97 [1/1] (0.00ns) (grouped into LUT with out node tmp3)   --->   "%p_Val2_81_2_cast_c = sext i5 %tmp_319 to i6" [S2/conv1d.h:823]   --->   Operation 97 'sext' 'p_Val2_81_2_cast_c' <Predicate = (!exitcond_flatten3)> <Delay = 0.00>
ST_5 : Operation 98 [1/1] (0.00ns) (grouped into LUT with out node tmp3)   --->   "%tmp_320 = call i1 @_ssdm_op_BitSelect.i1.i12.i32(i12 %p_Val2_2, i32 6)" [S2/conv1d.h:823]   --->   Operation 98 'bitselect' 'tmp_320' <Predicate = (!exitcond_flatten3)> <Delay = 0.00>
ST_5 : Operation 99 [1/1] (0.00ns) (grouped into LUT with out node tmp_227_2)   --->   "%tmp_321 = trunc i12 %p_Val2_2 to i1" [S2/conv1d.h:823]   --->   Operation 99 'trunc' 'tmp_321' <Predicate = (!exitcond_flatten3)> <Delay = 0.00>
ST_5 : Operation 100 [1/1] (0.00ns) (grouped into LUT with out node tmp_227_2)   --->   "%tmp_52 = or i1 %tmp_321, %tmp_318" [S2/conv1d.h:823]   --->   Operation 100 'or' 'tmp_52' <Predicate = (!exitcond_flatten3)> <Delay = 0.00> <Core = "LogicGate">   --->   Core 27 'LogicGate' <Latency = 0> <II = 1> <Delay = 0.80> <FuncUnit> <Opcode : 'and' 'or' 'xor'> <InPorts = 2> <OutPorts = 1>
ST_5 : Operation 101 [1/1] (0.00ns) (grouped into LUT with out node tmp_227_2)   --->   "%tmp_53 = call i5 @_ssdm_op_PartSelect.i5.i12.i32.i32(i12 %p_Val2_2, i32 1, i32 5)" [S2/conv1d.h:823]   --->   Operation 101 'partselect' 'tmp_53' <Predicate = (!exitcond_flatten3)> <Delay = 0.00>
ST_5 : Operation 102 [1/1] (0.00ns) (grouped into LUT with out node tmp_227_2)   --->   "%tmp_54 = call i6 @_ssdm_op_BitConcatenate.i6.i5.i1(i5 %tmp_53, i1 %tmp_52)" [S2/conv1d.h:823]   --->   Operation 102 'bitconcatenate' 'tmp_54' <Predicate = (!exitcond_flatten3)> <Delay = 0.00>
ST_5 : Operation 103 [1/1] (1.18ns) (out node of the LUT)   --->   "%tmp_227_2 = icmp ne i6 %tmp_54, 0" [S2/conv1d.h:823]   --->   Operation 103 'icmp' 'tmp_227_2' <Predicate = (!exitcond_flatten3)> <Delay = 1.18> <Core = "Cmp">   --->   Core 25 'Cmp' <Latency = 0> <II = 1> <Delay = 1.28> <FuncUnit> <Opcode : 'icmp'> <InPorts = 2> <OutPorts = 1>
ST_5 : Operation 104 [1/1] (0.00ns) (grouped into LUT with out node tmp3)   --->   "%qb_assign_2_2 = and i1 %tmp_227_2, %tmp_320" [S2/conv1d.h:823]   --->   Operation 104 'and' 'qb_assign_2_2' <Predicate = (!exitcond_flatten3)> <Delay = 0.00> <Core = "LogicGate">   --->   Core 27 'LogicGate' <Latency = 0> <II = 1> <Delay = 0.80> <FuncUnit> <Opcode : 'and' 'or' 'xor'> <InPorts = 2> <OutPorts = 1>
ST_5 : Operation 105 [1/1] (0.00ns) (grouped into LUT with out node tmp3)   --->   "%tmp_228_2_cast_cast = zext i1 %qb_assign_2_2 to i6" [S2/conv1d.h:836]   --->   Operation 105 'zext' 'tmp_228_2_cast_cast' <Predicate = (!exitcond_flatten3)> <Delay = 0.00>
ST_5 : Operation 106 [1/1] (1.56ns) (out node of the LUT)   --->   "%tmp3 = add i6 %p_Val2_81_2_cast_c, %tmp_228_2_cast_cast" [S2/conv1d.h:836]   --->   Operation 106 'add' 'tmp3' <Predicate = (!exitcond_flatten3)> <Delay = 1.56> <Core = "AddSub">   --->   Core 14 'AddSub' <Latency = 0> <II = 1> <Delay = 1.71> <FuncUnit> <Opcode : 'add' 'sub'> <InPorts = 2> <OutPorts = 1>
ST_5 : Operation 107 [1/1] (0.00ns)   --->   "%p_0132_3_cast_cast = sext i4 %weights9_m_weights_V_11 to i12" [S2/conv1d.h:823]   --->   Operation 107 'sext' 'p_0132_3_cast_cast' <Predicate = (!exitcond_flatten3)> <Delay = 0.00>
ST_5 : Operation 108 [1/1] (3.61ns)   --->   "%p_Val2_3 = mul i12 %p_08_cast_cast, %p_0132_3_cast_cast" [S2/conv1d.h:823]   --->   Operation 108 'mul' 'p_Val2_3' <Predicate = (!exitcond_flatten3)> <Delay = 3.61> <Core = "Mul">   --->   Core 16 'Mul' <Latency = 0> <II = 1> <Delay = 3.61> <FuncUnit> <Opcode : 'mul'> <InPorts = 2> <OutPorts = 1>
ST_5 : Operation 109 [1/1] (0.00ns) (grouped into LUT with out node tmp_227_3)   --->   "%tmp_322 = call i1 @_ssdm_op_BitSelect.i1.i12.i32(i12 %p_Val2_3, i32 11)" [S2/conv1d.h:823]   --->   Operation 109 'bitselect' 'tmp_322' <Predicate = (!exitcond_flatten3)> <Delay = 0.00>
ST_5 : Operation 110 [1/1] (0.00ns) (grouped into LUT with out node tmp4)   --->   "%tmp_323 = call i5 @_ssdm_op_PartSelect.i5.i12.i32.i32(i12 %p_Val2_3, i32 7, i32 11)" [S2/conv1d.h:823]   --->   Operation 110 'partselect' 'tmp_323' <Predicate = (!exitcond_flatten3)> <Delay = 0.00>
ST_5 : Operation 111 [1/1] (0.00ns) (grouped into LUT with out node tmp4)   --->   "%p_Val2_81_3_cast_c = sext i5 %tmp_323 to i6" [S2/conv1d.h:823]   --->   Operation 111 'sext' 'p_Val2_81_3_cast_c' <Predicate = (!exitcond_flatten3)> <Delay = 0.00>
ST_5 : Operation 112 [1/1] (0.00ns) (grouped into LUT with out node tmp4)   --->   "%tmp_324 = call i1 @_ssdm_op_BitSelect.i1.i12.i32(i12 %p_Val2_3, i32 6)" [S2/conv1d.h:823]   --->   Operation 112 'bitselect' 'tmp_324' <Predicate = (!exitcond_flatten3)> <Delay = 0.00>
ST_5 : Operation 113 [1/1] (0.00ns) (grouped into LUT with out node tmp_227_3)   --->   "%tmp_325 = trunc i12 %p_Val2_3 to i1" [S2/conv1d.h:823]   --->   Operation 113 'trunc' 'tmp_325' <Predicate = (!exitcond_flatten3)> <Delay = 0.00>
ST_5 : Operation 114 [1/1] (0.00ns) (grouped into LUT with out node tmp_227_3)   --->   "%tmp_57 = or i1 %tmp_325, %tmp_322" [S2/conv1d.h:823]   --->   Operation 114 'or' 'tmp_57' <Predicate = (!exitcond_flatten3)> <Delay = 0.00> <Core = "LogicGate">   --->   Core 27 'LogicGate' <Latency = 0> <II = 1> <Delay = 0.80> <FuncUnit> <Opcode : 'and' 'or' 'xor'> <InPorts = 2> <OutPorts = 1>
ST_5 : Operation 115 [1/1] (0.00ns) (grouped into LUT with out node tmp_227_3)   --->   "%tmp_58 = call i5 @_ssdm_op_PartSelect.i5.i12.i32.i32(i12 %p_Val2_3, i32 1, i32 5)" [S2/conv1d.h:823]   --->   Operation 115 'partselect' 'tmp_58' <Predicate = (!exitcond_flatten3)> <Delay = 0.00>
ST_5 : Operation 116 [1/1] (0.00ns) (grouped into LUT with out node tmp_227_3)   --->   "%tmp_59 = call i6 @_ssdm_op_BitConcatenate.i6.i5.i1(i5 %tmp_58, i1 %tmp_57)" [S2/conv1d.h:823]   --->   Operation 116 'bitconcatenate' 'tmp_59' <Predicate = (!exitcond_flatten3)> <Delay = 0.00>
ST_5 : Operation 117 [1/1] (1.18ns) (out node of the LUT)   --->   "%tmp_227_3 = icmp ne i6 %tmp_59, 0" [S2/conv1d.h:823]   --->   Operation 117 'icmp' 'tmp_227_3' <Predicate = (!exitcond_flatten3)> <Delay = 1.18> <Core = "Cmp">   --->   Core 25 'Cmp' <Latency = 0> <II = 1> <Delay = 1.28> <FuncUnit> <Opcode : 'icmp'> <InPorts = 2> <OutPorts = 1>
ST_5 : Operation 118 [1/1] (0.00ns) (grouped into LUT with out node tmp4)   --->   "%qb_assign_2_3 = and i1 %tmp_227_3, %tmp_324" [S2/conv1d.h:823]   --->   Operation 118 'and' 'qb_assign_2_3' <Predicate = (!exitcond_flatten3)> <Delay = 0.00> <Core = "LogicGate">   --->   Core 27 'LogicGate' <Latency = 0> <II = 1> <Delay = 0.80> <FuncUnit> <Opcode : 'and' 'or' 'xor'> <InPorts = 2> <OutPorts = 1>
ST_5 : Operation 119 [1/1] (0.00ns) (grouped into LUT with out node tmp4)   --->   "%tmp_228_3_cast_cast = zext i1 %qb_assign_2_3 to i6" [S2/conv1d.h:836]   --->   Operation 119 'zext' 'tmp_228_3_cast_cast' <Predicate = (!exitcond_flatten3)> <Delay = 0.00>
ST_5 : Operation 120 [1/1] (1.56ns) (out node of the LUT)   --->   "%tmp4 = add i6 %p_Val2_81_3_cast_c, %tmp_228_3_cast_cast" [S2/conv1d.h:836]   --->   Operation 120 'add' 'tmp4' <Predicate = (!exitcond_flatten3)> <Delay = 1.56> <Core = "AddSub">   --->   Core 14 'AddSub' <Latency = 0> <II = 1> <Delay = 1.71> <FuncUnit> <Opcode : 'add' 'sub'> <InPorts = 2> <OutPorts = 1>

State 6 <SV = 5> <Delay = 7.55>
ST_6 : Operation 121 [1/1] (0.00ns)   --->   "%macRegisters_0_V_1_s = load i8* %macRegisters_0_V_1" [S2/conv1d.h:836]   --->   Operation 121 'load' 'macRegisters_0_V_1_s' <Predicate = (!exitcond_flatten3)> <Delay = 0.00>
ST_6 : Operation 122 [1/1] (0.00ns)   --->   "%macRegisters_1_V_1_s = load i8* %macRegisters_1_V_1" [S2/conv1d.h:836]   --->   Operation 122 'load' 'macRegisters_1_V_1_s' <Predicate = (!exitcond_flatten3)> <Delay = 0.00>
ST_6 : Operation 123 [1/1] (0.00ns)   --->   "%macRegisters_2_V_1_s = load i8* %macRegisters_2_V_1" [S2/conv1d.h:836]   --->   Operation 123 'load' 'macRegisters_2_V_1_s' <Predicate = (!exitcond_flatten3)> <Delay = 0.00>
ST_6 : Operation 124 [1/1] (0.00ns)   --->   "%macRegisters_3_V_1_s = load i8* %macRegisters_3_V_1" [S2/conv1d.h:836]   --->   Operation 124 'load' 'macRegisters_3_V_1_s' <Predicate = (!exitcond_flatten3)> <Delay = 0.00>
ST_6 : Operation 125 [1/1] (0.00ns)   --->   "call void (...)* @_ssdm_op_SpecLoopName([50 x i8]* @loop_ofmChannels_loo)"   --->   Operation 125 'specloopname' <Predicate = (!exitcond_flatten3)> <Delay = 0.00>
ST_6 : Operation 126 [1/1] (0.00ns)   --->   "call void (...)* @_ssdm_op_SpecLoopName([33 x i8]* @loop_neuronFold_loop)"   --->   Operation 126 'specloopname' <Predicate = (!exitcond_flatten3)> <Delay = 0.00>
ST_6 : Operation 127 [1/1] (0.00ns)   --->   "call void (...)* @_ssdm_op_SpecLoopName([17 x i8]* @p_str50) nounwind" [S2/conv1d.h:793]   --->   Operation 127 'specloopname' <Predicate = (!exitcond_flatten3)> <Delay = 0.00>
ST_6 : Operation 128 [1/1] (0.00ns)   --->   "%tmp_36 = call i32 (...)* @_ssdm_op_SpecRegionBegin([17 x i8]* @p_str50)" [S2/conv1d.h:793]   --->   Operation 128 'specregionbegin' 'tmp_36' <Predicate = (!exitcond_flatten3)> <Delay = 0.00>
ST_6 : Operation 129 [1/1] (0.00ns)   --->   "call void (...)* @_ssdm_op_SpecPipeline(i32 1, i32 1, i32 1, i32 0, [1 x i8]* @p_str1) nounwind" [S2/conv1d.h:794]   --->   Operation 129 'specpipeline' <Predicate = (!exitcond_flatten3)> <Delay = 0.00>
ST_6 : Operation 130 [1/1] (0.00ns)   --->   "%tmp1_cast = sext i6 %tmp1 to i8" [S2/conv1d.h:836]   --->   Operation 130 'sext' 'tmp1_cast' <Predicate = (!exitcond_flatten3)> <Delay = 0.00>
ST_6 : Operation 131 [1/1] (1.69ns)   --->   "%macRegisters_0_V = add i8 %tmp1_cast, %macRegisters_0_V_1_s" [S2/conv1d.h:836]   --->   Operation 131 'add' 'macRegisters_0_V' <Predicate = (!exitcond_flatten3)> <Delay = 1.69> <Core = "AddSub">   --->   Core 14 'AddSub' <Latency = 0> <II = 1> <Delay = 1.71> <FuncUnit> <Opcode : 'add' 'sub'> <InPorts = 2> <OutPorts = 1>
ST_6 : Operation 132 [1/1] (0.00ns)   --->   "%tmp2_cast = sext i6 %tmp2 to i8" [S2/conv1d.h:836]   --->   Operation 132 'sext' 'tmp2_cast' <Predicate = (!exitcond_flatten3)> <Delay = 0.00>
ST_6 : Operation 133 [1/1] (1.69ns)   --->   "%macRegisters_1_V = add i8 %tmp2_cast, %macRegisters_1_V_1_s" [S2/conv1d.h:836]   --->   Operation 133 'add' 'macRegisters_1_V' <Predicate = (!exitcond_flatten3)> <Delay = 1.69> <Core = "AddSub">   --->   Core 14 'AddSub' <Latency = 0> <II = 1> <Delay = 1.71> <FuncUnit> <Opcode : 'add' 'sub'> <InPorts = 2> <OutPorts = 1>
ST_6 : Operation 134 [1/1] (0.00ns)   --->   "%tmp3_cast = sext i6 %tmp3 to i8" [S2/conv1d.h:836]   --->   Operation 134 'sext' 'tmp3_cast' <Predicate = (!exitcond_flatten3)> <Delay = 0.00>
ST_6 : Operation 135 [1/1] (1.69ns)   --->   "%macRegisters_2_V = add i8 %tmp3_cast, %macRegisters_2_V_1_s" [S2/conv1d.h:836]   --->   Operation 135 'add' 'macRegisters_2_V' <Predicate = (!exitcond_flatten3)> <Delay = 1.69> <Core = "AddSub">   --->   Core 14 'AddSub' <Latency = 0> <II = 1> <Delay = 1.71> <FuncUnit> <Opcode : 'add' 'sub'> <InPorts = 2> <OutPorts = 1>
ST_6 : Operation 136 [1/1] (0.00ns)   --->   "%tmp4_cast = sext i6 %tmp4 to i8" [S2/conv1d.h:836]   --->   Operation 136 'sext' 'tmp4_cast' <Predicate = (!exitcond_flatten3)> <Delay = 0.00>
ST_6 : Operation 137 [1/1] (1.69ns)   --->   "%macRegisters_3_V = add i8 %tmp4_cast, %macRegisters_3_V_1_s" [S2/conv1d.h:836]   --->   Operation 137 'add' 'macRegisters_3_V' <Predicate = (!exitcond_flatten3)> <Delay = 1.69> <Core = "AddSub">   --->   Core 14 'AddSub' <Latency = 0> <II = 1> <Delay = 1.71> <FuncUnit> <Opcode : 'add' 'sub'> <InPorts = 2> <OutPorts = 1>
ST_6 : Operation 138 [1/1] (1.30ns)   --->   "store i8 %macRegisters_3_V, i8* %macRegisters_3_V_1" [S2/conv1d.h:844]   --->   Operation 138 'store' <Predicate = (!tmp_60)> <Delay = 1.30>
ST_6 : Operation 139 [1/1] (1.30ns)   --->   "store i8 %macRegisters_2_V, i8* %macRegisters_2_V_1" [S2/conv1d.h:844]   --->   Operation 139 'store' <Predicate = (!tmp_60)> <Delay = 1.30>
ST_6 : Operation 140 [1/1] (1.30ns)   --->   "store i8 %macRegisters_1_V, i8* %macRegisters_1_V_1" [S2/conv1d.h:844]   --->   Operation 140 'store' <Predicate = (!tmp_60)> <Delay = 1.30>
ST_6 : Operation 141 [1/1] (1.30ns)   --->   "store i8 %macRegisters_0_V, i8* %macRegisters_0_V_1" [S2/conv1d.h:844]   --->   Operation 141 'store' <Predicate = (!tmp_60)> <Delay = 1.30>
ST_6 : Operation 142 [1/1] (0.00ns)   --->   "br label %._crit_edge" [S2/conv1d.h:847]   --->   Operation 142 'br' <Predicate = (!tmp_60)> <Delay = 0.00>
ST_6 : Operation 143 [1/1] (0.00ns) (grouped into LUT with out node p_Val2_s)   --->   "%tmp_61 = call i8 @_ssdm_op_Mux.ap_auto.32i8.i5(i8 7, i8 7, i8 0, i8 0, i8 0, i8 0, i8 0, i8 11, i8 0, i8 0, i8 0, i8 0, i8 0, i8 0, i8 7, i8 0, i8 7, i8 0, i8 0, i8 0, i8 9, i8 0, i8 0, i8 0, i8 0, i8 0, i8 5, i8 0, i8 0, i8 0, i8 0, i8 0, i5 %nm_t_mid2)" [S2/conv1d.h:793]   --->   Operation 143 'mux' 'tmp_61' <Predicate = (tmp_60)> <Delay = 0.00> <Core = "MuxnS">   --->   Core 31 'MuxnS' <Latency = 0> <II = 1> <Delay = 2.45> <FuncUnit> <Opcode : 'mux'> <InPorts = 2> <OutPorts = 1>
ST_6 : Operation 144 [1/1] (2.45ns) (out node of the LUT)   --->   "%p_Val2_s = add i8 %macRegisters_0_V, %tmp_61" [S2/conv1d.h:859]   --->   Operation 144 'add' 'p_Val2_s' <Predicate = (tmp_60)> <Delay = 2.45> <Core = "AddSub">   --->   Core 14 'AddSub' <Latency = 0> <II = 1> <Delay = 1.71> <FuncUnit> <Opcode : 'add' 'sub'> <InPorts = 2> <OutPorts = 1>
ST_6 : Operation 145 [1/1] (0.00ns) (grouped into LUT with out node p_Val2_22_1)   --->   "%tmp_62 = call i8 @_ssdm_op_Mux.ap_auto.32i8.i5(i8 0, i8 0, i8 0, i8 0, i8 0, i8 0, i8 0, i8 7, i8 0, i8 0, i8 0, i8 0, i8 0, i8 0, i8 0, i8 0, i8 0, i8 0, i8 7, i8 0, i8 0, i8 0, i8 0, i8 7, i8 12, i8 0, i8 0, i8 -1, i8 0, i8 0, i8 7, i8 0, i5 %nm_t_mid2)" [S2/conv1d.h:793]   --->   Operation 145 'mux' 'tmp_62' <Predicate = (tmp_60)> <Delay = 0.00> <Core = "MuxnS">   --->   Core 31 'MuxnS' <Latency = 0> <II = 1> <Delay = 2.45> <FuncUnit> <Opcode : 'mux'> <InPorts = 2> <OutPorts = 1>
ST_6 : Operation 146 [1/1] (2.45ns) (out node of the LUT)   --->   "%p_Val2_22_1 = add i8 %macRegisters_1_V, %tmp_62" [S2/conv1d.h:859]   --->   Operation 146 'add' 'p_Val2_22_1' <Predicate = (tmp_60)> <Delay = 2.45> <Core = "AddSub">   --->   Core 14 'AddSub' <Latency = 0> <II = 1> <Delay = 1.71> <FuncUnit> <Opcode : 'add' 'sub'> <InPorts = 2> <OutPorts = 1>
ST_6 : Operation 147 [1/1] (0.00ns) (grouped into LUT with out node p_Val2_22_2)   --->   "%tmp_63 = call i8 @_ssdm_op_Mux.ap_auto.32i8.i5(i8 0, i8 0, i8 0, i8 0, i8 0, i8 0, i8 6, i8 0, i8 4, i8 6, i8 0, i8 0, i8 0, i8 0, i8 0, i8 6, i8 5, i8 0, i8 0, i8 0, i8 0, i8 0, i8 0, i8 10, i8 0, i8 0, i8 0, i8 0, i8 0, i8 0, i8 0, i8 0, i5 %nm_t_mid2)" [S2/conv1d.h:793]   --->   Operation 147 'mux' 'tmp_63' <Predicate = (tmp_60)> <Delay = 0.00> <Core = "MuxnS">   --->   Core 31 'MuxnS' <Latency = 0> <II = 1> <Delay = 2.45> <FuncUnit> <Opcode : 'mux'> <InPorts = 2> <OutPorts = 1>
ST_6 : Operation 148 [1/1] (2.45ns) (out node of the LUT)   --->   "%p_Val2_22_2 = add i8 %macRegisters_2_V, %tmp_63" [S2/conv1d.h:859]   --->   Operation 148 'add' 'p_Val2_22_2' <Predicate = (tmp_60)> <Delay = 2.45> <Core = "AddSub">   --->   Core 14 'AddSub' <Latency = 0> <II = 1> <Delay = 1.71> <FuncUnit> <Opcode : 'add' 'sub'> <InPorts = 2> <OutPorts = 1>
ST_6 : Operation 149 [1/1] (0.00ns) (grouped into LUT with out node p_Val2_22_3)   --->   "%tmp_64 = call i8 @_ssdm_op_Mux.ap_auto.32i8.i5(i8 0, i8 0, i8 0, i8 0, i8 6, i8 0, i8 0, i8 0, i8 -1, i8 0, i8 0, i8 5, i8 0, i8 0, i8 0, i8 12, i8 0, i8 0, i8 0, i8 5, i8 0, i8 0, i8 0, i8 0, i8 7, i8 0, i8 0, i8 0, i8 0, i8 -1, i8 0, i8 0, i5 %nm_t_mid2)" [S2/conv1d.h:793]   --->   Operation 149 'mux' 'tmp_64' <Predicate = (tmp_60)> <Delay = 0.00> <Core = "MuxnS">   --->   Core 31 'MuxnS' <Latency = 0> <II = 1> <Delay = 2.45> <FuncUnit> <Opcode : 'mux'> <InPorts = 2> <OutPorts = 1>
ST_6 : Operation 150 [1/1] (2.45ns) (out node of the LUT)   --->   "%p_Val2_22_3 = add i8 %macRegisters_3_V, %tmp_64" [S2/conv1d.h:859]   --->   Operation 150 'add' 'p_Val2_22_3' <Predicate = (tmp_60)> <Delay = 2.45> <Core = "AddSub">   --->   Core 14 'AddSub' <Latency = 0> <II = 1> <Delay = 1.71> <FuncUnit> <Opcode : 'add' 'sub'> <InPorts = 2> <OutPorts = 1>
ST_6 : Operation 151 [1/1] (0.00ns)   --->   "%tmp_V_81 = call i32 @_ssdm_op_BitConcatenate.i32.i8.i8.i8.i8(i8 %p_Val2_22_3, i8 %p_Val2_22_2, i8 %p_Val2_22_1, i8 %p_Val2_s)" [S2/conv1d.h:870]   --->   Operation 151 'bitconcatenate' 'tmp_V_81' <Predicate = (tmp_60)> <Delay = 0.00>
ST_6 : Operation 152 [1/1] (3.40ns)   --->   "call void @_ssdm_op_Write.ap_fifo.volatile.i32P(i32* %out_V_V, i32 %tmp_V_81)" [S2/conv1d.h:876]   --->   Operation 152 'write' <Predicate = (tmp_60)> <Delay = 3.40> <Core = "FIFO">   --->   Core 32 'FIFO' <Latency = 0> <II = 1> <Delay = 3.40> <Storage> <Opcode : 'read' 'write' 'nbread' 'nbwrite'> <Ports = 0> <Width = 32> <Depth = 2> <FIFO>
ST_6 : Operation 153 [1/1] (1.30ns)   --->   "store i8 0, i8* %macRegisters_3_V_1"   --->   Operation 153 'store' <Predicate = (tmp_60)> <Delay = 1.30>
ST_6 : Operation 154 [1/1] (1.30ns)   --->   "store i8 0, i8* %macRegisters_2_V_1"   --->   Operation 154 'store' <Predicate = (tmp_60)> <Delay = 1.30>
ST_6 : Operation 155 [1/1] (1.30ns)   --->   "store i8 0, i8* %macRegisters_1_V_1"   --->   Operation 155 'store' <Predicate = (tmp_60)> <Delay = 1.30>
ST_6 : Operation 156 [1/1] (1.30ns)   --->   "store i8 0, i8* %macRegisters_0_V_1"   --->   Operation 156 'store' <Predicate = (tmp_60)> <Delay = 1.30>
ST_6 : Operation 157 [1/1] (0.00ns)   --->   "br label %._crit_edge" [S2/conv1d.h:877]   --->   Operation 157 'br' <Predicate = (tmp_60)> <Delay = 0.00>
ST_6 : Operation 158 [1/1] (0.00ns)   --->   "%empty = call i32 (...)* @_ssdm_op_SpecRegionEnd([17 x i8]* @p_str50, i32 %tmp_36)" [S2/conv1d.h:878]   --->   Operation 158 'specregionend' 'empty' <Predicate = (!exitcond_flatten3)> <Delay = 0.00>
ST_6 : Operation 159 [1/1] (0.00ns)   --->   "br label %0"   --->   Operation 159 'br' <Predicate = (!exitcond_flatten3)> <Delay = 0.00>

State 7 <SV = 2> <Delay = 0.00>
ST_7 : Operation 160 [1/1] (0.00ns)   --->   "ret void" [S2/conv1d.h:884]   --->   Operation 160 'ret' <Predicate = true> <Delay = 0.00>


============================================================
+ Verbose Summary: Timing violations
============================================================
Target clock period: 10ns, clock uncertainty: 1.25ns.

 <State 1>: 1.3ns
The critical path consists of the following:
	'alloca' operation ('macRegisters[0].V') [7]  (0 ns)
	'store' operation of constant 0 on local variable 'macRegisters[0].V' [16]  (1.3 ns)

 <State 2>: 6.06ns
The critical path consists of the following:
	'phi' operation ('indvar_flatten') with incoming values : ('indvar_flatten_next') [20]  (0 ns)
	'icmp' operation ('exitcond_flatten') [34]  (1.77 ns)
	'select' operation ('nm_mid', S2/conv1d.h:793) [35]  (0.972 ns)
	'add' operation ('nm', S2/conv1d.h:792) [41]  (1.61 ns)
	'select' operation ('tmp_90_mid2', S2/conv1d.h:817) [47]  (0 ns)
	'add' operation ('tmp_37', S2/conv1d.h:817) [55]  (1.71 ns)

 <State 3>: 2.77ns
The critical path consists of the following:
	'getelementptr' operation ('weights9_m_weights_V_10', S2/conv1d.h:817) [112]  (0 ns)
	'load' operation ('weights9_m_weights_V_11', S2/conv1d.h:817) on array 'weights9_m_weights_V_3' [113]  (2.77 ns)

 <State 4>: 3.4ns
The critical path consists of the following:
	fifo read on port 'in_V_V' (S2/conv1d.h:796) [54]  (3.4 ns)

 <State 5>: 6.36ns
The critical path consists of the following:
	'mul' operation ('p_Val2_1', S2/conv1d.h:823) [79]  (3.61 ns)
	'icmp' operation ('tmp_227_1', S2/conv1d.h:823) [88]  (1.19 ns)
	'and' operation ('qb_assign_2_1', S2/conv1d.h:823) [89]  (0 ns)
	'add' operation ('tmp2', S2/conv1d.h:836) [91]  (1.57 ns)

 <State 6>: 7.55ns
The critical path consists of the following:
	'load' operation ('macRegisters_0_V_1_s', S2/conv1d.h:836) on local variable 'macRegisters[0].V' [29]  (0 ns)
	'add' operation ('macRegisters[0].V', S2/conv1d.h:836) [75]  (1.7 ns)
	'add' operation ('p_Val2_s', S2/conv1d.h:859) [140]  (2.45 ns)
	fifo write on port 'out_V_V' (S2/conv1d.h:876) [148]  (3.4 ns)

 <State 7>: 0ns
The critical path consists of the following:


============================================================
+ Verbose Summary: Binding
============================================================
N/A
* FSMD analyzer results:
  - Output states:
 - Input state : 
  - Chain level:
	State 1
	State 2
	State 3
	State 4
	State 5
	State 6
	State 7


============================================================
+ Verbose Summary: Datapath Resource usage 
============================================================
N/A
