#-----------------------------------------------------------
# xsim v2018.2 (64-bit)
# SW Build 2258646 on Thu Jun 14 20:02:38 MDT 2018
# IP Build 2256618 on Thu Jun 14 22:10:49 MDT 2018
# Start of session at: Wed Apr 26 21:05:11 2023
# Process ID: 546832
# Current directory: /home/tukl/Amur/IndividualSyn/S1/solution1/sim/verilog
# Command line: xsim -mode tcl -source {xsim.dir/computeS1/xsim_script.tcl}
# Log file: /home/tukl/Amur/IndividualSyn/S1/solution1/sim/verilog/xsim.log
# Journal file: /home/tukl/Amur/IndividualSyn/S1/solution1/sim/verilog/xsim.jou
#-----------------------------------------------------------
source xsim.dir/computeS1/xsim_script.tcl
# xsim {computeS1} -autoloadwcfg -tclbatch {computeS1.tcl}
Vivado Simulator 2018.2
Time resolution is 1 ps
source computeS1.tcl
## run all
////////////////////////////////////////////////////////////////////////////////////
// Inter-Transaction Progress: Completed Transaction / Total Transaction
// Intra-Transaction Progress: Measured Latency / Latency Estimation * 100%
//
// RTL Simulation : "Inter-Transaction Progress" ["Intra-Transaction Progress"] @ "Simulation Time"
////////////////////////////////////////////////////////////////////////////////////
// RTL Simulation : 0 / 1 [0.00%] @ "125000"
// RTL Simulation : 1 / 1 [100.00%] @ "91833865000"
////////////////////////////////////////////////////////////////////////////////////
$finish called at time : 91833905 ns : File "/home/tukl/Amur/IndividualSyn/S1/solution1/sim/verilog/computeS1.autotb.v" Line 536
run: Time (s): cpu = 00:00:00.08 ; elapsed = 00:18:54 . Memory (MB): peak = 1165.332 ; gain = 0.000 ; free physical = 7052 ; free virtual = 65599
## quit
INFO: [Common 17-206] Exiting xsim at Wed Apr 26 21:24:12 2023...
