==============================================================
File generated by Vivado(TM) HLS - High-Level Synthesis from C, C++ and SystemC
Version: 2018.2
Copyright (C) 1986-2018 Xilinx, Inc. All Rights Reserved.

==============================================================

==============================================================
File generated by Vivado(TM) HLS - High-Level Synthesis from C, C++ and SystemC
Version: 2018.2
Copyright (C) 1986-2018 Xilinx, Inc. All Rights Reserved.

==============================================================

==============================================================
File generated by Vivado(TM) HLS - High-Level Synthesis from C, C++ and SystemC
Version: 2018.2
Copyright (C) 1986-2018 Xilinx, Inc. All Rights Reserved.

==============================================================

==============================================================
File generated by Vivado(TM) HLS - High-Level Synthesis from C, C++ and SystemC
Version: 2018.2
Copyright (C) 1986-2018 Xilinx, Inc. All Rights Reserved.

==============================================================

==============================================================
File generated by Vivado(TM) HLS - High-Level Synthesis from C, C++ and SystemC
Version: 2018.2
Copyright (C) 1986-2018 Xilinx, Inc. All Rights Reserved.

==============================================================

==============================================================
File generated by Vivado(TM) HLS - High-Level Synthesis from C, C++ and SystemC
Version: 2018.2
Copyright (C) 1986-2018 Xilinx, Inc. All Rights Reserved.

==============================================================

==============================================================
File generated by Vivado(TM) HLS - High-Level Synthesis from C, C++ and SystemC
Version: 2018.2
Copyright (C) 1986-2018 Xilinx, Inc. All Rights Reserved.

==============================================================

INFO: [SYN 201-201] Setting up clock 'default' with a period of 10ns.
INFO: [HLS 200-10] Setting target device to 'xc7z045ffg900-2'
INFO: [SYN 201-201] Setting up clock 'default' with a period of 10ns.
INFO: [HLS 200-10] Analyzing design file 'S4_1/Compute.cpp' ... 
WARNING: [HLS 200-40] In file included from S4_1/Compute.cpp:1:
In file included from S4_1/Compute.cpp:1:
In file included from S4_1/bnn-library.h:2:
In file included from /media/tukl/ee279b7d-bb8a-4a20-8bf9-90b2c542efcc/opt/Xilinx/Vivado/2018.2/common/technology/autopilot/ap_int.h:63:
/media/tukl/ee279b7d-bb8a-4a20-8bf9-90b2c542efcc/opt/Xilinx/Vivado/2018.2/common/technology/autopilot/ap_int_syn.h:3690:512: warning: comparison of unsigned expression >= 0 is always true [-Wtautological-compare]
template <int _AP_W, bool _AP_S> inline __attribute__((always_inline)) ap_int_base<_AP_W, _AP_S> operator << (const ap_int_base<_AP_W, _AP_S>& op, unsigned int op2) { ap_int_base<_AP_W, _AP_S> r; if (false) r.V = op2 >= 0 ? (op.V << op2) : (op.V >> (-op2)); else r.V = op.V << op2; return r; } template <int _AP_W, bool _AP_S> inline __attribute__((always_inline)) ap_int_base<_AP_W, _AP_S> operator >> (const ap_int_base<_AP_W, _AP_S>& op, unsigned int op2) { ap_int_base<_AP_W, _AP_S> r; if (false) r.V = op2 >= 0 ? (op.V >> op2) : (op.V << (-op2)); else r.V = op.V >> op2; return r; }
                                                                                                                                                                                                                                                                                                                                                                                                                                                                                                                           ~~~ ^  ~
S4_1/conv1d.h:62:15: note: in instantiation of function template specialization 'operator>><32, false>' requested here
      ei = ei >> OutWidth;
              ^
S4_1/Compute.cpp:95:3: note: in instantiation of function template specialization 'StreamingDataWidthConverter_Batch<32, 8, 32768>' requested here
  StreamingDataWidthConverter_Batch<32, 8, 32768>(cnv_90PRL, cnv_91, 1);
  ^
In file included from S4_1/Compute.cpp:1:
In file included from S4_1/Compute.cpp:1:
In file included from S4_1/bnn-library.h:2:
In file included from /media/tukl/ee279b7d-bb8a-4a20-8bf9-90b2c542efcc/opt/Xilinx/Vivado/2018.2/common/technology/autopilot/ap_int.h:63:
/media/tukl/ee279b7d-bb8a-4a20-8bf9-90b2c542efcc/opt/Xilinx/Vivado/2018.2/common/technology/autopilot/ap_int_syn.h:3690:512: warning: comparison of unsigned expression >= 0 is always true [-Wtautological-compare]
template <int _AP_W, bool _AP_S> inline __attribute__((always_inline)) ap_int_base<_AP_W, _AP_S> operator << (const ap_int_base<_AP_W, _AP_S>& op, unsigned int op2) { ap_int_base<_AP_W, _AP_S> r; if (false) r.V = op2 >= 0 ? (op.V << op2) : (op.V >> (-op2)); else r.V = op.V << op2; return r; } template <int _AP_W, bool _AP_S> inline __attribute__((always_inline)) ap_int_base<_AP_W, _AP_S> operator >> (const ap_int_base<_AP_W, _AP_S>& op, unsigned int op2) { ap_int_base<_AP_W, _AP_S> r; if (false) r.V = op2 >= 0 ? (op.V >> op2) : (op.V << (-op2)); else r.V = op.V >> op2; return r; }
                                                                                                                                                                                                                                                                                                                                                                                                                                                                                                                           ~~~ ^  ~
S4_1/conv1d.h:88:15: note: in instantiation of function template specialization 'operator>><8, false>' requested here
      eo = eo >> InWidth;
              ^
S4_1/Compute.cpp:95:3: note: in instantiation of function template specialization 'StreamingDataWidthConverter_Batch<32, 8, 32768>' requested here
  StreamingDataWidthConverter_Batch<32, 8, 32768>(cnv_90PRL, cnv_91, 1);
  ^
2 warnings generated.\n
==============================================================
File generated by Vivado(TM) HLS - High-Level Synthesis from C, C++ and SystemC
Version: 2018.2
Copyright (C) 1986-2018 Xilinx, Inc. All Rights Reserved.

==============================================================

INFO: [SYN 201-201] Setting up clock 'default' with a period of 10ns.
INFO: [HLS 200-10] Setting target device to 'xc7z045ffg900-2'
INFO: [HLS 200-10] Analyzing design file 'S4_1/Compute.cpp' ... 
WARNING: [HLS 200-40] In file included from S4_1/Compute.cpp:1:
In file included from S4_1/Compute.cpp:1:
In file included from S4_1/bnn-library.h:2:
In file included from /media/tukl/ee279b7d-bb8a-4a20-8bf9-90b2c542efcc/opt/Xilinx/Vivado/2018.2/common/technology/autopilot/ap_int.h:63:
/media/tukl/ee279b7d-bb8a-4a20-8bf9-90b2c542efcc/opt/Xilinx/Vivado/2018.2/common/technology/autopilot/ap_int_syn.h:3690:512: warning: comparison of unsigned expression >= 0 is always true [-Wtautological-compare]
template <int _AP_W, bool _AP_S> inline __attribute__((always_inline)) ap_int_base<_AP_W, _AP_S> operator << (const ap_int_base<_AP_W, _AP_S>& op, unsigned int op2) { ap_int_base<_AP_W, _AP_S> r; if (false) r.V = op2 >= 0 ? (op.V << op2) : (op.V >> (-op2)); else r.V = op.V << op2; return r; } template <int _AP_W, bool _AP_S> inline __attribute__((always_inline)) ap_int_base<_AP_W, _AP_S> operator >> (const ap_int_base<_AP_W, _AP_S>& op, unsigned int op2) { ap_int_base<_AP_W, _AP_S> r; if (false) r.V = op2 >= 0 ? (op.V >> op2) : (op.V << (-op2)); else r.V = op.V >> op2; return r; }
                                                                                                                                                                                                                                                                                                                                                                                                                                                                                                                           ~~~ ^  ~
S4_1/conv1d.h:62:15: note: in instantiation of function template specialization 'operator>><32, false>' requested here
      ei = ei >> OutWidth;
              ^
S4_1/Compute.cpp:97:3: note: in instantiation of function template specialization 'StreamingDataWidthConverter_Batch<32, 8, 32768>' requested here
  StreamingDataWidthConverter_Batch<32, 8, 32768>(cnv_90PRL, cnv_91, 1);
  ^
In file included from S4_1/Compute.cpp:1:
In file included from S4_1/Compute.cpp:1:
In file included from S4_1/bnn-library.h:2:
In file included from /media/tukl/ee279b7d-bb8a-4a20-8bf9-90b2c542efcc/opt/Xilinx/Vivado/2018.2/common/technology/autopilot/ap_int.h:63:
/media/tukl/ee279b7d-bb8a-4a20-8bf9-90b2c542efcc/opt/Xilinx/Vivado/2018.2/common/technology/autopilot/ap_int_syn.h:3690:512: warning: comparison of unsigned expression >= 0 is always true [-Wtautological-compare]
template <int _AP_W, bool _AP_S> inline __attribute__((always_inline)) ap_int_base<_AP_W, _AP_S> operator << (const ap_int_base<_AP_W, _AP_S>& op, unsigned int op2) { ap_int_base<_AP_W, _AP_S> r; if (false) r.V = op2 >= 0 ? (op.V << op2) : (op.V >> (-op2)); else r.V = op.V << op2; return r; } template <int _AP_W, bool _AP_S> inline __attribute__((always_inline)) ap_int_base<_AP_W, _AP_S> operator >> (const ap_int_base<_AP_W, _AP_S>& op, unsigned int op2) { ap_int_base<_AP_W, _AP_S> r; if (false) r.V = op2 >= 0 ? (op.V >> op2) : (op.V << (-op2)); else r.V = op.V >> op2; return r; }
                                                                                                                                                                                                                                                                                                                                                                                                                                                                                                                           ~~~ ^  ~
S4_1/conv1d.h:88:15: note: in instantiation of function template specialization 'operator>><8, false>' requested here
      eo = eo >> InWidth;
              ^
S4_1/Compute.cpp:97:3: note: in instantiation of function template specialization 'StreamingDataWidthConverter_Batch<32, 8, 32768>' requested here
  StreamingDataWidthConverter_Batch<32, 8, 32768>(cnv_90PRL, cnv_91, 1);
  ^
2 warnings generated.\n
WARNING: [HLS 214-111] Static variables and non-static stream cannot be used inside a dataflow region: S4_1/Compute.cpp:29:11
INFO: [HLS 200-111] Finished Linking Time (s): cpu = 00:02:25 ; elapsed = 00:02:28 . Memory (MB): peak = 349.695 ; gain = 0.094 ; free physical = 18632 ; free virtual = 66041
INFO: [HLS 200-111] Finished Checking Pragmas Time (s): cpu = 00:02:25 ; elapsed = 00:02:28 . Memory (MB): peak = 349.695 ; gain = 0.094 ; free physical = 18632 ; free virtual = 66041
INFO: [HLS 200-10] Starting code transformations ...
INFO: [XFORM 203-501] Unrolling loop 'loop_simd' (S4_1/conv1d.h:804) in function 'void Conv1DMac_new<(unsigned short)1, (unsigned short)512, (unsigned short)512, (unsigned short)1, (unsigned short)0, (unsigned short)256, (unsigned short)512, (unsigned short)4, (unsigned short)1, (unsigned short)8, (unsigned short)1, (unsigned short)8, (unsigned short)1, (unsigned short)8, (unsigned short)1, (unsigned short)8, (unsigned short)1, (unsigned short)8, (unsigned short)1, (unsigned short)8, (unsigned short)1, FixedPointWeights<1u, ap_fixed<8, 1, (ap_q_mode)1, (ap_o_mode)3, 0>, 4u, 32768u>, FixedPointWeights<1u, ap_fixed<8, 1, (ap_q_mode)1, (ap_o_mode)3, 0>, 4u, 64u> >(hls::stream<ap_uint<(FORWARD_REFERENCE) * (FORWARD_REFERENCE)> >&, hls::stream<ap_uint<(FORWARD_REFERENCE) * (FORWARD_REFERENCE)> >&, FORWARD_REFERENCE const&, FORWARD_REFERENCE const&)' completely.
INFO: [XFORM 203-501] Unrolling loop 'loop_simd' (S4_1/conv1d.h:1258) in function 'void Relu1D<(unsigned short)256, (unsigned short)512, (unsigned short)1, (unsigned short)32, (unsigned short)1, (unsigned short)32, (unsigned short)1>(hls::stream<ap_uint<(FORWARD_REFERENCE) * (FORWARD_REFERENCE)> >&, hls::stream<ap_uint<(FORWARD_REFERENCE) * (FORWARD_REFERENCE)> >&)' completely.
INFO: [XFORM 203-501] Unrolling loop 'loop_simd' (S4_1/conv1d.h:804) in function 'void Conv1DMac_new<(unsigned short)1, (unsigned short)256, (unsigned short)512, (unsigned short)1, (unsigned short)0, (unsigned short)256, (unsigned short)512, (unsigned short)4, (unsigned short)1, (unsigned short)8, (unsigned short)1, (unsigned short)8, (unsigned short)1, (unsigned short)8, (unsigned short)1, (unsigned short)8, (unsigned short)1, (unsigned short)8, (unsigned short)1, (unsigned short)8, (unsigned short)1, FixedPointWeights<1u, ap_fixed<8, 1, (ap_q_mode)1, (ap_o_mode)3, 0>, 4u, 16384u>, FixedPointWeights<1u, ap_fixed<8, 1, (ap_q_mode)1, (ap_o_mode)3, 0>, 4u, 64u> >(hls::stream<ap_uint<(FORWARD_REFERENCE) * (FORWARD_REFERENCE)> >&, hls::stream<ap_uint<(FORWARD_REFERENCE) * (FORWARD_REFERENCE)> >&, FORWARD_REFERENCE const&, FORWARD_REFERENCE const&)' completely.
INFO: [XFORM 203-603] Inlining function 'ap_fixed_base<8, 1, true, (ap_q_mode)1, (ap_o_mode)3, 0>::quantization_adjust' into 'ap_fixed_base<8, 1, true, (ap_q_mode)1, (ap_o_mode)3, 0>::ap_fixed_base<16, 2, true, (ap_q_mode)5, (ap_o_mode)3, 0>' ().
INFO: [HLS 200-111] Finished Standard Transforms Time (s): cpu = 00:05:00 ; elapsed = 00:40:18 . Memory (MB): peak = 58093.617 ; gain = 57744.016 ; free physical = 214 ; free virtual = 6648
INFO: [HLS 200-10] Checking synthesizability ...
WARNING: [SYNCHK 200-23] S4_1/conv1d.h:870: variable-indexed range selection may cause suboptimal QoR.
INFO: [SYNCHK 200-10] 0 error(s), 1 warning(s).
INFO: [HLS 200-111] Finished Checking Synthesizability Time (s): cpu = 00:05:01 ; elapsed = 00:40:21 . Memory (MB): peak = 58093.617 ; gain = 57744.016 ; free physical = 193 ; free virtual = 6679
INFO: [XFORM 203-502] Unrolling all sub-loops inside loop 'loop_synapseFold' (S4_1/conv1d.h:793) in function 'Conv1DMac_new<(unsigned short)1, (unsigned short)512, (unsigned short)512, (unsigned short)1, (unsigned short)0, (unsigned short)256, (unsigned short)512, (unsigned short)4, (unsigned short)1, (unsigned short)8, (unsigned short)1, (unsigned short)8, (unsigned short)1, (unsigned short)8, (unsigned short)1, (unsigned short)8, (unsigned short)1, (unsigned short)8, (unsigned short)1, (unsigned short)8, (unsigned short)1, FixedPointWeights<1u, ap_fixed<8, 1, (ap_q_mode)1, (ap_o_mode)3, 0>, 4u, 32768u>, FixedPointWeights<1u, ap_fixed<8, 1, (ap_q_mode)1, (ap_o_mode)3, 0>, 4u, 64u> >' for pipelining.
INFO: [XFORM 203-502] Unrolling all sub-loops inside loop 'loop_synapseFold' (S4_1/conv1d.h:793) in function 'Conv1DMac_new<(unsigned short)1, (unsigned short)256, (unsigned short)512, (unsigned short)1, (unsigned short)0, (unsigned short)256, (unsigned short)512, (unsigned short)4, (unsigned short)1, (unsigned short)8, (unsigned short)1, (unsigned short)8, (unsigned short)1, (unsigned short)8, (unsigned short)1, (unsigned short)8, (unsigned short)1, (unsigned short)8, (unsigned short)1, (unsigned short)8, (unsigned short)1, FixedPointWeights<1u, ap_fixed<8, 1, (ap_q_mode)1, (ap_o_mode)3, 0>, 4u, 16384u>, FixedPointWeights<1u, ap_fixed<8, 1, (ap_q_mode)1, (ap_o_mode)3, 0>, 4u, 64u> >' for pipelining.
INFO: [XFORM 203-501] Unrolling loop 'loop_init' (S4_1/conv1d.h:785) in function 'Conv1DMac_new<(unsigned short)1, (unsigned short)512, (unsigned short)512, (unsigned short)1, (unsigned short)0, (unsigned short)256, (unsigned short)512, (unsigned short)4, (unsigned short)1, (unsigned short)8, (unsigned short)1, (unsigned short)8, (unsigned short)1, (unsigned short)8, (unsigned short)1, (unsigned short)8, (unsigned short)1, (unsigned short)8, (unsigned short)1, (unsigned short)8, (unsigned short)1, FixedPointWeights<1u, ap_fixed<8, 1, (ap_q_mode)1, (ap_o_mode)3, 0>, 4u, 32768u>, FixedPointWeights<1u, ap_fixed<8, 1, (ap_q_mode)1, (ap_o_mode)3, 0>, 4u, 64u> >' completely.
INFO: [XFORM 203-501] Unrolling loop 'loop_pe' (S4_1/conv1d.h:798) in function 'Conv1DMac_new<(unsigned short)1, (unsigned short)512, (unsigned short)512, (unsigned short)1, (unsigned short)0, (unsigned short)256, (unsigned short)512, (unsigned short)4, (unsigned short)1, (unsigned short)8, (unsigned short)1, (unsigned short)8, (unsigned short)1, (unsigned short)8, (unsigned short)1, (unsigned short)8, (unsigned short)1, (unsigned short)8, (unsigned short)1, (unsigned short)8, (unsigned short)1, FixedPointWeights<1u, ap_fixed<8, 1, (ap_q_mode)1, (ap_o_mode)3, 0>, 4u, 32768u>, FixedPointWeights<1u, ap_fixed<8, 1, (ap_q_mode)1, (ap_o_mode)3, 0>, 4u, 64u> >' completely.
INFO: [XFORM 203-501] Unrolling loop 'Loop-2.1.1.2' (S4_1/conv1d.h:851) in function 'Conv1DMac_new<(unsigned short)1, (unsigned short)512, (unsigned short)512, (unsigned short)1, (unsigned short)0, (unsigned short)256, (unsigned short)512, (unsigned short)4, (unsigned short)1, (unsigned short)8, (unsigned short)1, (unsigned short)8, (unsigned short)1, (unsigned short)8, (unsigned short)1, (unsigned short)8, (unsigned short)1, (unsigned short)8, (unsigned short)1, (unsigned short)8, (unsigned short)1, FixedPointWeights<1u, ap_fixed<8, 1, (ap_q_mode)1, (ap_o_mode)3, 0>, 4u, 32768u>, FixedPointWeights<1u, ap_fixed<8, 1, (ap_q_mode)1, (ap_o_mode)3, 0>, 4u, 64u> >' completely.
INFO: [XFORM 203-501] Unrolling loop 'loop_init' (S4_1/conv1d.h:785) in function 'Conv1DMac_new<(unsigned short)1, (unsigned short)256, (unsigned short)512, (unsigned short)1, (unsigned short)0, (unsigned short)256, (unsigned short)512, (unsigned short)4, (unsigned short)1, (unsigned short)8, (unsigned short)1, (unsigned short)8, (unsigned short)1, (unsigned short)8, (unsigned short)1, (unsigned short)8, (unsigned short)1, (unsigned short)8, (unsigned short)1, (unsigned short)8, (unsigned short)1, FixedPointWeights<1u, ap_fixed<8, 1, (ap_q_mode)1, (ap_o_mode)3, 0>, 4u, 16384u>, FixedPointWeights<1u, ap_fixed<8, 1, (ap_q_mode)1, (ap_o_mode)3, 0>, 4u, 64u> >' completely.
INFO: [XFORM 203-501] Unrolling loop 'loop_pe' (S4_1/conv1d.h:798) in function 'Conv1DMac_new<(unsigned short)1, (unsigned short)256, (unsigned short)512, (unsigned short)1, (unsigned short)0, (unsigned short)256, (unsigned short)512, (unsigned short)4, (unsigned short)1, (unsigned short)8, (unsigned short)1, (unsigned short)8, (unsigned short)1, (unsigned short)8, (unsigned short)1, (unsigned short)8, (unsigned short)1, (unsigned short)8, (unsigned short)1, (unsigned short)8, (unsigned short)1, FixedPointWeights<1u, ap_fixed<8, 1, (ap_q_mode)1, (ap_o_mode)3, 0>, 4u, 16384u>, FixedPointWeights<1u, ap_fixed<8, 1, (ap_q_mode)1, (ap_o_mode)3, 0>, 4u, 64u> >' completely.
INFO: [XFORM 203-501] Unrolling loop 'Loop-2.1.1.2' (S4_1/conv1d.h:851) in function 'Conv1DMac_new<(unsigned short)1, (unsigned short)256, (unsigned short)512, (unsigned short)1, (unsigned short)0, (unsigned short)256, (unsigned short)512, (unsigned short)4, (unsigned short)1, (unsigned short)8, (unsigned short)1, (unsigned short)8, (unsigned short)1, (unsigned short)8, (unsigned short)1, (unsigned short)8, (unsigned short)1, (unsigned short)8, (unsigned short)1, (unsigned short)8, (unsigned short)1, FixedPointWeights<1u, ap_fixed<8, 1, (ap_q_mode)1, (ap_o_mode)3, 0>, 4u, 16384u>, FixedPointWeights<1u, ap_fixed<8, 1, (ap_q_mode)1, (ap_o_mode)3, 0>, 4u, 64u> >' completely.
INFO: [XFORM 203-102] Partitioning array 'inputBuf.V' (S4_1/conv1d.h:231) in dimension 1 automatically.
INFO: [XFORM 203-102] Partitioning array 'inputBuf.V' (S4_1/conv1d.h:231) in dimension 1 automatically.
INFO: [XFORM 203-101] Partitioning array 'weights20.m_weights.V'  in dimension 1 completely.
WARNING: [XFORM 203-104] Completely partitioning array 'bias20.m_weights.V'  accessed through non-constant indices on dimension 2 (S4_1/conv1d.h:857:48), which may result in long runtime and suboptimal QoR due to large multiplexers. Please consider wrapping the array access into a function or using a register file core instead.
INFO: [XFORM 203-101] Partitioning array 'bias20.m_weights.V'  in dimension 2 completely.
INFO: [XFORM 203-101] Partitioning array 'macRegisters.V' (S4_1/conv1d.h:781) in dimension 1 completely.
INFO: [XFORM 203-101] Partitioning array 'weights21.m_weights.V'  in dimension 1 completely.
WARNING: [XFORM 203-104] Completely partitioning array 'bias21.m_weights.V'  accessed through non-constant indices on dimension 2 (S4_1/conv1d.h:857:48), which may result in long runtime and suboptimal QoR due to large multiplexers. Please consider wrapping the array access into a function or using a register file core instead.
INFO: [XFORM 203-101] Partitioning array 'bias21.m_weights.V'  in dimension 2 completely.
INFO: [XFORM 203-101] Partitioning array 'macRegisters.V' (S4_1/conv1d.h:781) in dimension 1 completely.
INFO: [XFORM 203-712] Applying dataflow to function 'computeS4_1', detected/extracted 10 process function(s): 
	 'ResizeStream<64u, 8u, 262144u>'
	 'Conv1DBuffer_new<(unsigned short)1, (unsigned short)512, (unsigned short)512, (unsigned short)1, (unsigned short)256, (unsigned short)512, (unsigned short)4, (unsigned short)1, (unsigned short)8, (unsigned short)1>'
	 'Conv1DMac_new<(unsigned short)1, (unsigned short)512, (unsigned short)512, (unsigned short)1, (unsigned short)0, (unsigned short)256, (unsigned short)512, (unsigned short)4, (unsigned short)1, (unsigned short)8, (unsigned short)1, (unsigned short)8, (unsigned short)1, (unsigned short)8, (unsigned short)1, (unsigned short)8, (unsigned short)1, (unsigned short)8, (unsigned short)1, (unsigned short)8, (unsigned short)1, FixedPointWeights<1u, ap_fixed<8, 1, (ap_q_mode)1, (ap_o_mode)3, 0>, 4u, 32768u>, FixedPointWeights<1u, ap_fixed<8, 1, (ap_q_mode)1, (ap_o_mode)3, 0>, 4u, 64u> >'
	 'Relu1D<(unsigned short)256, (unsigned short)512, (unsigned short)1, (unsigned short)32, (unsigned short)1, (unsigned short)32, (unsigned short)1>73'
	 'StreamingDataWidthConverter_Batch<32u, 8u, 32768u>74'
	 'Conv1DBuffer_new<(unsigned short)1, (unsigned short)256, (unsigned short)512, (unsigned short)1, (unsigned short)256, (unsigned short)512, (unsigned short)4, (unsigned short)1, (unsigned short)8, (unsigned short)1>'
	 'Conv1DMac_new<(unsigned short)1, (unsigned short)256, (unsigned short)512, (unsigned short)1, (unsigned short)0, (unsigned short)256, (unsigned short)512, (unsigned short)4, (unsigned short)1, (unsigned short)8, (unsigned short)1, (unsigned short)8, (unsigned short)1, (unsigned short)8, (unsigned short)1, (unsigned short)8, (unsigned short)1, (unsigned short)8, (unsigned short)1, (unsigned short)8, (unsigned short)1, FixedPointWeights<1u, ap_fixed<8, 1, (ap_q_mode)1, (ap_o_mode)3, 0>, 4u, 16384u>, FixedPointWeights<1u, ap_fixed<8, 1, (ap_q_mode)1, (ap_o_mode)3, 0>, 4u, 64u> >'
	 'Relu1D<(unsigned short)256, (unsigned short)512, (unsigned short)1, (unsigned short)32, (unsigned short)1, (unsigned short)32, (unsigned short)1>'
	 'StreamingDataWidthConverter_Batch<32u, 8u, 32768u>'
	 'ResizeStream<8u, 64u, 131072u>'.
INFO: [HLS 200-111] Finished Pre-synthesis Time (s): cpu = 00:05:03 ; elapsed = 00:40:25 . Memory (MB): peak = 58093.617 ; gain = 57744.016 ; free physical = 198 ; free virtual = 6663
INFO: [XFORM 203-541] Flattening a loop nest 'loop_neuronFold' (S4_1/conv1d.h:792:74) in function 'Conv1DMac_new<(unsigned short)1, (unsigned short)512, (unsigned short)512, (unsigned short)1, (unsigned short)0, (unsigned short)256, (unsigned short)512, (unsigned short)4, (unsigned short)1, (unsigned short)8, (unsigned short)1, (unsigned short)8, (unsigned short)1, (unsigned short)8, (unsigned short)1, (unsigned short)8, (unsigned short)1, (unsigned short)8, (unsigned short)1, (unsigned short)8, (unsigned short)1, FixedPointWeights<1u, ap_fixed<8, 1, (ap_q_mode)1, (ap_o_mode)3, 0>, 4u, 32768u>, FixedPointWeights<1u, ap_fixed<8, 1, (ap_q_mode)1, (ap_o_mode)3, 0>, 4u, 64u> >'.
INFO: [XFORM 203-541] Flattening a loop nest 'loop_ofmChannels' (S4_1/conv1d.h:791:85) in function 'Conv1DMac_new<(unsigned short)1, (unsigned short)512, (unsigned short)512, (unsigned short)1, (unsigned short)0, (unsigned short)256, (unsigned short)512, (unsigned short)4, (unsigned short)1, (unsigned short)8, (unsigned short)1, (unsigned short)8, (unsigned short)1, (unsigned short)8, (unsigned short)1, (unsigned short)8, (unsigned short)1, (unsigned short)8, (unsigned short)1, (unsigned short)8, (unsigned short)1, FixedPointWeights<1u, ap_fixed<8, 1, (ap_q_mode)1, (ap_o_mode)3, 0>, 4u, 32768u>, FixedPointWeights<1u, ap_fixed<8, 1, (ap_q_mode)1, (ap_o_mode)3, 0>, 4u, 64u> >'.
INFO: [XFORM 203-541] Flattening a loop nest 'loop_neuronFold' (S4_1/conv1d.h:792:74) in function 'Conv1DMac_new<(unsigned short)1, (unsigned short)256, (unsigned short)512, (unsigned short)1, (unsigned short)0, (unsigned short)256, (unsigned short)512, (unsigned short)4, (unsigned short)1, (unsigned short)8, (unsigned short)1, (unsigned short)8, (unsigned short)1, (unsigned short)8, (unsigned short)1, (unsigned short)8, (unsigned short)1, (unsigned short)8, (unsigned short)1, (unsigned short)8, (unsigned short)1, FixedPointWeights<1u, ap_fixed<8, 1, (ap_q_mode)1, (ap_o_mode)3, 0>, 4u, 16384u>, FixedPointWeights<1u, ap_fixed<8, 1, (ap_q_mode)1, (ap_o_mode)3, 0>, 4u, 64u> >'.
INFO: [XFORM 203-541] Flattening a loop nest 'loop_ofmChannels' (S4_1/conv1d.h:791:85) in function 'Conv1DMac_new<(unsigned short)1, (unsigned short)256, (unsigned short)512, (unsigned short)1, (unsigned short)0, (unsigned short)256, (unsigned short)512, (unsigned short)4, (unsigned short)1, (unsigned short)8, (unsigned short)1, (unsigned short)8, (unsigned short)1, (unsigned short)8, (unsigned short)1, (unsigned short)8, (unsigned short)1, (unsigned short)8, (unsigned short)1, (unsigned short)8, (unsigned short)1, FixedPointWeights<1u, ap_fixed<8, 1, (ap_q_mode)1, (ap_o_mode)3, 0>, 4u, 16384u>, FixedPointWeights<1u, ap_fixed<8, 1, (ap_q_mode)1, (ap_o_mode)3, 0>, 4u, 64u> >'.
INFO: [XFORM 203-541] Flattening a loop nest 'Loop-2.1' (S4_1/conv1d.h:244:26) in function 'Conv1DBuffer_new<(unsigned short)1, (unsigned short)512, (unsigned short)512, (unsigned short)1, (unsigned short)256, (unsigned short)512, (unsigned short)4, (unsigned short)1, (unsigned short)8, (unsigned short)1>'.
INFO: [XFORM 203-541] Flattening a loop nest 'Loop-2' (S4_1/conv1d.h:243:31) in function 'Conv1DBuffer_new<(unsigned short)1, (unsigned short)512, (unsigned short)512, (unsigned short)1, (unsigned short)256, (unsigned short)512, (unsigned short)4, (unsigned short)1, (unsigned short)8, (unsigned short)1>'.
INFO: [XFORM 203-541] Flattening a loop nest 'Loop-2.1' (S4_1/conv1d.h:244:26) in function 'Conv1DBuffer_new<(unsigned short)1, (unsigned short)256, (unsigned short)512, (unsigned short)1, (unsigned short)256, (unsigned short)512, (unsigned short)4, (unsigned short)1, (unsigned short)8, (unsigned short)1>'.
INFO: [XFORM 203-541] Flattening a loop nest 'Loop-2' (S4_1/conv1d.h:243:31) in function 'Conv1DBuffer_new<(unsigned short)1, (unsigned short)256, (unsigned short)512, (unsigned short)1, (unsigned short)256, (unsigned short)512, (unsigned short)4, (unsigned short)1, (unsigned short)8, (unsigned short)1>'.
WARNING: [XFORM 203-631] Renaming function 'StreamingDataWidthConverter_Batch<32u, 8u, 32768u>74' to 'StreamingDataWidthCo' (S4_1/conv1d.h:52:46)
WARNING: [XFORM 203-631] Renaming function 'StreamingDataWidthConverter_Batch<32u, 8u, 32768u>' to 'StreamingDataWidthCo.1' (S4_1/conv1d.h:52:46)
WARNING: [XFORM 203-631] Renaming function 'ResizeStream<8u, 64u, 131072u>' to 'ResizeStream' (S4_1/conv1d.h:19:37)
WARNING: [XFORM 203-631] Renaming function 'ResizeStream<64u, 8u, 262144u>' to 'ResizeStream.1' (S4_1/conv1d.h:19:37)
WARNING: [XFORM 203-631] Renaming function 'Relu1D<(unsigned short)256, (unsigned short)512, (unsigned short)1, (unsigned short)32, (unsigned short)1, (unsigned short)32, (unsigned short)1>73' to 'Relu1D73' (S4_1/conv1d.h:1250:50)
WARNING: [XFORM 203-631] Renaming function 'Relu1D<(unsigned short)256, (unsigned short)512, (unsigned short)1, (unsigned short)32, (unsigned short)1, (unsigned short)32, (unsigned short)1>' to 'Relu1D' (S4_1/conv1d.h:1250:50)
WARNING: [XFORM 203-631] Renaming function 'Conv1DMac_new<(unsigned short)1, (unsigned short)512, (unsigned short)512, (unsigned short)1, (unsigned short)0, (unsigned short)256, (unsigned short)512, (unsigned short)4, (unsigned short)1, (unsigned short)8, (unsigned short)1, (unsigned short)8, (unsigned short)1, (unsigned short)8, (unsigned short)1, (unsigned short)8, (unsigned short)1, (unsigned short)8, (unsigned short)1, (unsigned short)8, (unsigned short)1, FixedPointWeights<1u, ap_fixed<8, 1, (ap_q_mode)1, (ap_o_mode)3, 0>, 4u, 32768u>, FixedPointWeights<1u, ap_fixed<8, 1, (ap_q_mode)1, (ap_o_mode)3, 0>, 4u, 64u> >' to 'Conv1DMac_new' (S4_1/conv1d.h:791:74)
WARNING: [XFORM 203-631] Renaming function 'Conv1DMac_new<(unsigned short)1, (unsigned short)256, (unsigned short)512, (unsigned short)1, (unsigned short)0, (unsigned short)256, (unsigned short)512, (unsigned short)4, (unsigned short)1, (unsigned short)8, (unsigned short)1, (unsigned short)8, (unsigned short)1, (unsigned short)8, (unsigned short)1, (unsigned short)8, (unsigned short)1, (unsigned short)8, (unsigned short)1, (unsigned short)8, (unsigned short)1, FixedPointWeights<1u, ap_fixed<8, 1, (ap_q_mode)1, (ap_o_mode)3, 0>, 4u, 16384u>, FixedPointWeights<1u, ap_fixed<8, 1, (ap_q_mode)1, (ap_o_mode)3, 0>, 4u, 64u> >' to 'Conv1DMac_new.1' (S4_1/conv1d.h:791:74)
WARNING: [XFORM 203-631] Renaming function 'Conv1DBuffer_new<(unsigned short)1, (unsigned short)512, (unsigned short)512, (unsigned short)1, (unsigned short)256, (unsigned short)512, (unsigned short)4, (unsigned short)1, (unsigned short)8, (unsigned short)1>' to 'Conv1DBuffer_new' (S4_1/conv1d.h:231:59)
WARNING: [XFORM 203-631] Renaming function 'Conv1DBuffer_new<(unsigned short)1, (unsigned short)256, (unsigned short)512, (unsigned short)1, (unsigned short)256, (unsigned short)512, (unsigned short)4, (unsigned short)1, (unsigned short)8, (unsigned short)1>' to 'Conv1DBuffer_new.1' (S4_1/conv1d.h:231:59)
INFO: [HLS 200-111] Finished Architecture Synthesis Time (s): cpu = 00:05:03 ; elapsed = 00:40:26 . Memory (MB): peak = 58173.609 ; gain = 57824.008 ; free physical = 185 ; free virtual = 6609
INFO: [HLS 200-10] Starting hardware synthesis ...
INFO: [HLS 200-10] Synthesizing 'computeS4_1' ...
WARNING: [SYN 201-103] Legalizing function name 'ResizeStream.1' to 'ResizeStream_1'.
WARNING: [SYN 201-103] Legalizing function name 'Conv1DBuffer_new.1' to 'Conv1DBuffer_new_1'.
WARNING: [SYN 201-103] Legalizing function name 'Conv1DMac_new.1' to 'Conv1DMac_new_1'.
WARNING: [SYN 201-103] Legalizing function name 'StreamingDataWidthCo.1' to 'StreamingDataWidthCo_1'.
INFO: [HLS 200-10] ----------------------------------------------------------------
INFO: [HLS 200-42] -- Implementing module 'ResizeStream_1' 
INFO: [HLS 200-10] ----------------------------------------------------------------
INFO: [SCHED 204-11] Starting scheduling ...
INFO: [SCHED 204-11] Finished scheduling.
INFO: [HLS 200-111]  Elapsed time: 2427.81 seconds; current allocated memory: 3.182 GB.
INFO: [HLS 200-434] Only 0 loops out of a total 1 loops have been pipelined in this design.
INFO: [BIND 205-100] Starting micro-architecture generation ...
INFO: [BIND 205-101] Performing variable lifetime analysis.
INFO: [BIND 205-101] Exploring resource sharing.
INFO: [BIND 205-101] Binding ...
INFO: [BIND 205-100] Finished micro-architecture generation.
INFO: [HLS 200-111]  Elapsed time: 0.43 seconds; current allocated memory: 3.182 GB.
INFO: [HLS 200-10] ----------------------------------------------------------------
INFO: [HLS 200-42] -- Implementing module 'Conv1DBuffer_new' 
INFO: [HLS 200-10] ----------------------------------------------------------------
INFO: [SCHED 204-11] Starting scheduling ...
INFO: [SCHED 204-61] Pipelining loop 'Loop 1'.
INFO: [SCHED 204-61] Pipelining result : Target II = 1, Final II = 1, Depth = 2.
INFO: [SCHED 204-61] Pipelining loop 'Loop 2'.
INFO: [SCHED 204-61] Pipelining result : Target II = 1, Final II = 1, Depth = 2.
INFO: [SCHED 204-11] Finished scheduling.
INFO: [HLS 200-111]  Elapsed time: 0.32 seconds; current allocated memory: 3.182 GB.
INFO: [BIND 205-100] Starting micro-architecture generation ...
INFO: [BIND 205-101] Performing variable lifetime analysis.
INFO: [BIND 205-101] Exploring resource sharing.
INFO: [BIND 205-101] Binding ...
INFO: [BIND 205-100] Finished micro-architecture generation.
INFO: [HLS 200-111]  Elapsed time: 0.25 seconds; current allocated memory: 3.182 GB.
INFO: [HLS 200-10] ----------------------------------------------------------------
INFO: [HLS 200-42] -- Implementing module 'Conv1DMac_new' 
INFO: [HLS 200-10] ----------------------------------------------------------------
INFO: [SCHED 204-11] Starting scheduling ...
INFO: [SCHED 204-61] Pipelining loop 'loop_ofmChannels_loop_neuronFold_loop_synapseFold'.
INFO: [SCHED 204-61] Pipelining result : Target II = 1, Final II = 1, Depth = 5.
INFO: [SCHED 204-11] Finished scheduling.
INFO: [HLS 200-111]  Elapsed time: 0.44 seconds; current allocated memory: 3.183 GB.
INFO: [BIND 205-100] Starting micro-architecture generation ...
INFO: [BIND 205-101] Performing variable lifetime analysis.
INFO: [BIND 205-101] Exploring resource sharing.
INFO: [BIND 205-101] Binding ...
INFO: [BIND 205-100] Finished micro-architecture generation.
INFO: [HLS 200-111]  Elapsed time: 0.38 seconds; current allocated memory: 3.184 GB.
INFO: [HLS 200-10] ----------------------------------------------------------------
INFO: [HLS 200-42] -- Implementing module 'Relu1D73' 
INFO: [HLS 200-10] ----------------------------------------------------------------
INFO: [SCHED 204-11] Starting scheduling ...
INFO: [SCHED 204-61] Pipelining loop 'loop_dim'.
INFO: [SCHED 204-61] Pipelining result : Target II = 1, Final II = 1, Depth = 2.
INFO: [SCHED 204-11] Finished scheduling.
INFO: [HLS 200-111]  Elapsed time: 0.44 seconds; current allocated memory: 3.184 GB.
INFO: [BIND 205-100] Starting micro-architecture generation ...
INFO: [BIND 205-101] Performing variable lifetime analysis.
INFO: [BIND 205-101] Exploring resource sharing.
INFO: [BIND 205-101] Binding ...
INFO: [BIND 205-100] Finished micro-architecture generation.
INFO: [HLS 200-111]  Elapsed time: 0.16 seconds; current allocated memory: 3.184 GB.
INFO: [HLS 200-10] ----------------------------------------------------------------
INFO: [HLS 200-42] -- Implementing module 'StreamingDataWidthCo' 
INFO: [HLS 200-10] ----------------------------------------------------------------
INFO: [SCHED 204-11] Starting scheduling ...
INFO: [SCHED 204-61] Pipelining loop 'Loop 1'.
INFO: [SCHED 204-61] Pipelining result : Target II = 1, Final II = 1, Depth = 2.
INFO: [SCHED 204-11] Finished scheduling.
INFO: [HLS 200-111]  Elapsed time: 0.24 seconds; current allocated memory: 3.184 GB.
INFO: [BIND 205-100] Starting micro-architecture generation ...
INFO: [BIND 205-101] Performing variable lifetime analysis.
INFO: [BIND 205-101] Exploring resource sharing.
INFO: [BIND 205-101] Binding ...
INFO: [BIND 205-100] Finished micro-architecture generation.
INFO: [HLS 200-111]  Elapsed time: 0.17 seconds; current allocated memory: 3.185 GB.
INFO: [HLS 200-10] ----------------------------------------------------------------
INFO: [HLS 200-42] -- Implementing module 'Conv1DBuffer_new_1' 
INFO: [HLS 200-10] ----------------------------------------------------------------
INFO: [SCHED 204-11] Starting scheduling ...
INFO: [SCHED 204-61] Pipelining loop 'Loop 1'.
INFO: [SCHED 204-61] Pipelining result : Target II = 1, Final II = 1, Depth = 2.
INFO: [SCHED 204-61] Pipelining loop 'Loop 2'.
INFO: [SCHED 204-61] Pipelining result : Target II = 1, Final II = 1, Depth = 2.
INFO: [SCHED 204-11] Finished scheduling.
INFO: [HLS 200-111]  Elapsed time: 0.29 seconds; current allocated memory: 3.185 GB.
INFO: [BIND 205-100] Starting micro-architecture generation ...
INFO: [BIND 205-101] Performing variable lifetime analysis.
INFO: [BIND 205-101] Exploring resource sharing.
INFO: [BIND 205-101] Binding ...
INFO: [BIND 205-100] Finished micro-architecture generation.
INFO: [HLS 200-111]  Elapsed time: 0.24 seconds; current allocated memory: 3.185 GB.
INFO: [HLS 200-10] ----------------------------------------------------------------
INFO: [HLS 200-42] -- Implementing module 'Conv1DMac_new_1' 
INFO: [HLS 200-10] ----------------------------------------------------------------
INFO: [SCHED 204-11] Starting scheduling ...
INFO: [SCHED 204-61] Pipelining loop 'loop_ofmChannels_loop_neuronFold_loop_synapseFold'.
INFO: [SCHED 204-61] Pipelining result : Target II = 1, Final II = 1, Depth = 5.
INFO: [SCHED 204-11] Finished scheduling.
INFO: [HLS 200-111]  Elapsed time: 0.43 seconds; current allocated memory: 3.186 GB.
INFO: [BIND 205-100] Starting micro-architecture generation ...
INFO: [BIND 205-101] Performing variable lifetime analysis.
INFO: [BIND 205-101] Exploring resource sharing.
INFO: [BIND 205-101] Binding ...
INFO: [BIND 205-100] Finished micro-architecture generation.
INFO: [HLS 200-111]  Elapsed time: 0.37 seconds; current allocated memory: 3.187 GB.
INFO: [HLS 200-10] ----------------------------------------------------------------
INFO: [HLS 200-42] -- Implementing module 'Relu1D' 
INFO: [HLS 200-10] ----------------------------------------------------------------
INFO: [SCHED 204-11] Starting scheduling ...
INFO: [SCHED 204-61] Pipelining loop 'loop_dim'.
INFO: [SCHED 204-61] Pipelining result : Target II = 1, Final II = 1, Depth = 2.
INFO: [SCHED 204-11] Finished scheduling.
INFO: [HLS 200-111]  Elapsed time: 0.44 seconds; current allocated memory: 3.187 GB.
INFO: [BIND 205-100] Starting micro-architecture generation ...
INFO: [BIND 205-101] Performing variable lifetime analysis.
INFO: [BIND 205-101] Exploring resource sharing.
INFO: [BIND 205-101] Binding ...
INFO: [BIND 205-100] Finished micro-architecture generation.
INFO: [HLS 200-111]  Elapsed time: 0.17 seconds; current allocated memory: 3.187 GB.
INFO: [HLS 200-10] ----------------------------------------------------------------
INFO: [HLS 200-42] -- Implementing module 'StreamingDataWidthCo_1' 
INFO: [HLS 200-10] ----------------------------------------------------------------
INFO: [SCHED 204-11] Starting scheduling ...
INFO: [SCHED 204-61] Pipelining loop 'Loop 1'.
INFO: [SCHED 204-61] Pipelining result : Target II = 1, Final II = 1, Depth = 2.
INFO: [SCHED 204-11] Finished scheduling.
INFO: [HLS 200-111]  Elapsed time: 0.23 seconds; current allocated memory: 3.187 GB.
INFO: [BIND 205-100] Starting micro-architecture generation ...
INFO: [BIND 205-101] Performing variable lifetime analysis.
INFO: [BIND 205-101] Exploring resource sharing.
INFO: [BIND 205-101] Binding ...
INFO: [BIND 205-100] Finished micro-architecture generation.
INFO: [HLS 200-111]  Elapsed time: 0.18 seconds; current allocated memory: 3.187 GB.
INFO: [HLS 200-10] ----------------------------------------------------------------
INFO: [HLS 200-42] -- Implementing module 'ResizeStream' 
INFO: [HLS 200-10] ----------------------------------------------------------------
INFO: [SCHED 204-11] Starting scheduling ...
INFO: [SCHED 204-11] Finished scheduling.
INFO: [HLS 200-111]  Elapsed time: 0.2 seconds; current allocated memory: 3.187 GB.
INFO: [BIND 205-100] Starting micro-architecture generation ...
INFO: [BIND 205-101] Performing variable lifetime analysis.
INFO: [BIND 205-101] Exploring resource sharing.
INFO: [BIND 205-101] Binding ...
INFO: [BIND 205-100] Finished micro-architecture generation.
INFO: [HLS 200-111]  Elapsed time: 0.15 seconds; current allocated memory: 3.187 GB.
INFO: [HLS 200-10] ----------------------------------------------------------------
INFO: [HLS 200-42] -- Implementing module 'computeS4_1' 
INFO: [HLS 200-10] ----------------------------------------------------------------
INFO: [SCHED 204-11] Starting scheduling ...
INFO: [SCHED 204-11] Finished scheduling.
INFO: [HLS 200-111]  Elapsed time: 0.2 seconds; current allocated memory: 3.187 GB.
INFO: [BIND 205-100] Starting micro-architecture generation ...
INFO: [BIND 205-101] Performing variable lifetime analysis.
INFO: [BIND 205-101] Exploring resource sharing.
INFO: [BIND 205-101] Binding ...
INFO: [BIND 205-100] Finished micro-architecture generation.
INFO: [HLS 200-111]  Elapsed time: 0.54 seconds; current allocated memory: 3.188 GB.
INFO: [HLS 200-10] ----------------------------------------------------------------
INFO: [HLS 200-10] -- Generating RTL for module 'ResizeStream_1' 
INFO: [HLS 200-10] ----------------------------------------------------------------
INFO: [RTGEN 206-100] Finished creating RTL model for 'ResizeStream_1'.
INFO: [HLS 200-111]  Elapsed time: 0.46 seconds; current allocated memory: 3.189 GB.
INFO: [HLS 200-10] ----------------------------------------------------------------
INFO: [HLS 200-10] -- Generating RTL for module 'Conv1DBuffer_new' 
INFO: [HLS 200-10] ----------------------------------------------------------------
INFO: [SYN 201-210] Renamed object name 'Conv1DBuffer_new_inputBuf_0_V' to 'Conv1DBuffer_new_bkb' due to the length limit 20
INFO: [RTGEN 206-100] Finished creating RTL model for 'Conv1DBuffer_new'.
INFO: [HLS 200-111]  Elapsed time: 0.33 seconds; current allocated memory: 3.189 GB.
INFO: [HLS 200-10] ----------------------------------------------------------------
INFO: [HLS 200-10] -- Generating RTL for module 'Conv1DMac_new' 
INFO: [HLS 200-10] ----------------------------------------------------------------
INFO: [SYN 201-210] Renamed object name 'Conv1DMac_new_weights20_m_weights_3' to 'Conv1DMac_new_weicud' due to the length limit 20
INFO: [SYN 201-210] Renamed object name 'Conv1DMac_new_weights20_m_weights_2' to 'Conv1DMac_new_weidEe' due to the length limit 20
INFO: [SYN 201-210] Renamed object name 'Conv1DMac_new_weights20_m_weights_1' to 'Conv1DMac_new_weieOg' due to the length limit 20
INFO: [SYN 201-210] Renamed object name 'Conv1DMac_new_weights20_m_weights_s' to 'Conv1DMac_new_weifYi' due to the length limit 20
INFO: [SYN 201-210] Renamed object name 'computeS4_1_mux_646_8_1_1' to 'computeS4_1_mux_6g8j' due to the length limit 20
INFO: [RTGEN 206-100] Generating core module 'computeS4_1_mux_6g8j': 4 instance(s).
INFO: [RTGEN 206-100] Finished creating RTL model for 'Conv1DMac_new'.
INFO: [HLS 200-111]  Elapsed time: 0.39 seconds; current allocated memory: 3.192 GB.
INFO: [HLS 200-10] ----------------------------------------------------------------
INFO: [HLS 200-10] -- Generating RTL for module 'Relu1D73' 
INFO: [HLS 200-10] ----------------------------------------------------------------
INFO: [RTGEN 206-100] Finished creating RTL model for 'Relu1D73'.
INFO: [HLS 200-111]  Elapsed time: 0.57 seconds; current allocated memory: 3.195 GB.
INFO: [HLS 200-10] ----------------------------------------------------------------
INFO: [HLS 200-10] -- Generating RTL for module 'StreamingDataWidthCo' 
INFO: [HLS 200-10] ----------------------------------------------------------------
INFO: [RTGEN 206-100] Finished creating RTL model for 'StreamingDataWidthCo'.
INFO: [HLS 200-111]  Elapsed time: 0.2 seconds; current allocated memory: 3.196 GB.
INFO: [HLS 200-10] ----------------------------------------------------------------
INFO: [HLS 200-10] -- Generating RTL for module 'Conv1DBuffer_new_1' 
INFO: [HLS 200-10] ----------------------------------------------------------------
INFO: [SYN 201-210] Renamed object name 'Conv1DBuffer_new_1_inputBuf_0_V' to 'Conv1DBuffer_new_hbi' due to the length limit 20
INFO: [RTGEN 206-100] Finished creating RTL model for 'Conv1DBuffer_new_1'.
INFO: [HLS 200-111]  Elapsed time: 0.24 seconds; current allocated memory: 3.197 GB.
INFO: [HLS 200-10] ----------------------------------------------------------------
INFO: [HLS 200-10] -- Generating RTL for module 'Conv1DMac_new_1' 
INFO: [HLS 200-10] ----------------------------------------------------------------
INFO: [SYN 201-210] Renamed object name 'Conv1DMac_new_1_weights21_m_weights_3' to 'Conv1DMac_new_1_wibs' due to the length limit 20
INFO: [SYN 201-210] Renamed object name 'Conv1DMac_new_1_weights21_m_weights_2' to 'Conv1DMac_new_1_wjbC' due to the length limit 20
INFO: [SYN 201-210] Renamed object name 'Conv1DMac_new_1_weights21_m_weights_1' to 'Conv1DMac_new_1_wkbM' due to the length limit 20
INFO: [SYN 201-210] Renamed object name 'Conv1DMac_new_1_weights21_m_weights_s' to 'Conv1DMac_new_1_wlbW' due to the length limit 20
WARNING: [RTGEN 206-101] RTL name 'computeS4_1_mux_6g8j' is changed to 'computeS4_1_mux_6g8j_x' due to conflict.
INFO: [RTGEN 206-100] Generating core module 'computeS4_1_mux_6g8j_x': 4 instance(s).
INFO: [RTGEN 206-100] Finished creating RTL model for 'Conv1DMac_new_1'.
INFO: [HLS 200-111]  Elapsed time: 0.41 seconds; current allocated memory: 3.200 GB.
INFO: [HLS 200-10] ----------------------------------------------------------------
INFO: [HLS 200-10] -- Generating RTL for module 'Relu1D' 
INFO: [HLS 200-10] ----------------------------------------------------------------
INFO: [RTGEN 206-100] Finished creating RTL model for 'Relu1D'.
INFO: [HLS 200-111]  Elapsed time: 0.63 seconds; current allocated memory: 3.203 GB.
INFO: [HLS 200-10] ----------------------------------------------------------------
INFO: [HLS 200-10] -- Generating RTL for module 'StreamingDataWidthCo_1' 
INFO: [HLS 200-10] ----------------------------------------------------------------
INFO: [RTGEN 206-100] Finished creating RTL model for 'StreamingDataWidthCo_1'.
INFO: [HLS 200-111]  Elapsed time: 0.23 seconds; current allocated memory: 3.203 GB.
INFO: [HLS 200-10] ----------------------------------------------------------------
INFO: [HLS 200-10] -- Generating RTL for module 'ResizeStream' 
INFO: [HLS 200-10] ----------------------------------------------------------------
INFO: [RTGEN 206-100] Finished creating RTL model for 'ResizeStream'.
INFO: [HLS 200-111]  Elapsed time: 0.24 seconds; current allocated memory: 3.204 GB.
INFO: [HLS 200-10] ----------------------------------------------------------------
INFO: [HLS 200-10] -- Generating RTL for module 'computeS4_1' 
INFO: [HLS 200-10] ----------------------------------------------------------------
INFO: [RTGEN 206-500] Setting interface mode on port 'computeS4_1/input1_V_V' to 'axis' (register, both mode).
INFO: [RTGEN 206-500] Setting interface mode on port 'computeS4_1/output1_V_V' to 'axis' (register, both mode).
INFO: [RTGEN 206-500] Setting interface mode on function 'computeS4_1' to 'ap_ctrl_hs'.
INFO: [SYN 201-210] Renamed object name 'start_for_Conv1DBuffer_new_U0' to 'start_for_Conv1DBmb6' due to the length limit 20
INFO: [SYN 201-210] Renamed object name 'start_for_Conv1DMac_new_U0' to 'start_for_Conv1DMncg' due to the length limit 20
INFO: [SYN 201-210] Renamed object name 'start_for_Relu1D73_U0' to 'start_for_Relu1D7ocq' due to the length limit 20
INFO: [SYN 201-210] Renamed object name 'start_for_StreamingDataWidthCo_U0' to 'start_for_StreamipcA' due to the length limit 20
INFO: [SYN 201-210] Renamed object name 'start_for_Conv1DBuffer_new_1_U0' to 'start_for_Conv1DBqcK' due to the length limit 20
INFO: [SYN 201-210] Renamed object name 'start_for_Conv1DMac_new_1_U0' to 'start_for_Conv1DMrcU' due to the length limit 20
INFO: [SYN 201-210] Renamed object name 'start_for_StreamingDataWidthCo_1_U0' to 'start_for_Streamisc4' due to the length limit 20
INFO: [SYN 201-210] Renamed object name 'start_for_ResizeStream_U0' to 'start_for_ResizeStde' due to the length limit 20
==============================================================
File generated by Vivado(TM) HLS - High-Level Synthesis from C, C++ and SystemC
Version: 2018.2
Copyright (C) 1986-2018 Xilinx, Inc. All Rights Reserved.

==============================================================

