

================================================================
== Vivado HLS Report for 'Conv1DMac_new_1'
================================================================
* Date:           Wed Apr 26 21:03:10 2023

* Version:        2018.2 (Build 2258646 on Thu Jun 14 20:25:20 MDT 2018)
* Project:        S1
* Solution:       solution1
* Product family: zynq
* Target device:  xc7z045ffg900-2


================================================================
== Performance Estimates
================================================================
+ Timing (ns): 
    * Summary: 
    +--------+-------+----------+------------+
    |  Clock | Target| Estimated| Uncertainty|
    +--------+-------+----------+------------+
    |ap_clk  |  10.00|     8.624|        1.25|
    +--------+-------+----------+------------+

+ Latency (clock cycles): 
    * Summary: 
    +--------+--------+--------+--------+---------+
    |     Latency     |     Interval    | Pipeline|
    |   min  |   max  |   min  |   max  |   Type  |
    +--------+--------+--------+--------+---------+
    |  262148|  262148|  262148|  262148|   none  |
    +--------+--------+--------+--------+---------+

    + Detail: 
        * Instance: 
        N/A

        * Loop: 
        +-----------------------------------------------------+--------+--------+----------+-----------+-----------+--------+----------+
        |                                                     |     Latency     | Iteration|  Initiation Interval  |  Trip  |          |
        |                      Loop Name                      |   min  |   max  |  Latency |  achieved |   target  |  Count | Pipelined|
        +-----------------------------------------------------+--------+--------+----------+-----------+-----------+--------+----------+
        |- loop_ofmChannels_loop_neuronFold_loop_synapseFold  |  262146|  262146|         4|          1|          1|  262144|    yes   |
        +-----------------------------------------------------+--------+--------+----------+-----------+-----------+--------+----------+

============================================================
+ Verbose Summary: Synthesis Manager
============================================================
InlineROM: 1
ExposeGlobal: 0
============================================================
+ Verbose Summary: CDFG Model
============================================================
IsTopModel: 0
ResetActiveHigh: 1
IsCombinational: 2
IsDatapathOnly: 0
HasWiredReturn: 1
HasMFsm: 0
HasVarLatency: 1
IsPipeline: 0
IsRtlPipelined: 0
IsInstanceOverlapped: 0
IsDontTouch: 0
HasImplIP: 0
IsGatedGlobalClock: 0

+ Individual pipeline summary: 
  * Pipeline-0: initiation interval (II) = 1, depth = 4


============================================================
+ Verbose Summary: Schedule
============================================================
* Number of FSM states : 6
* Pipeline : 1
  Pipeline-0 : II = 1, D = 4, States = { 2 3 4 5 }
* Dataflow Pipeline: 0

* FSM state transitions: 
1 --> 
	2  / true
2 --> 
	6  / (exitcond_flatten7)
	3  / (!exitcond_flatten7)
3 --> 
	4  / true
4 --> 
	5  / true
5 --> 
	2  / true
6 --> 

* FSM state operations: 

State 1 <SV = 0> <Delay = 1.30>
ST_1 : Operation 7 [1/1] (0.00ns)   --->   "%macRegisters_0_V_5 = alloca i8"   --->   Operation 7 'alloca' 'macRegisters_0_V_5' <Predicate = true> <Delay = 0.00>
ST_1 : Operation 8 [1/1] (0.00ns)   --->   "%macRegisters_1_V_5 = alloca i8"   --->   Operation 8 'alloca' 'macRegisters_1_V_5' <Predicate = true> <Delay = 0.00>
ST_1 : Operation 9 [1/1] (0.00ns)   --->   "%macRegisters_2_V_5 = alloca i8"   --->   Operation 9 'alloca' 'macRegisters_2_V_5' <Predicate = true> <Delay = 0.00>
ST_1 : Operation 10 [1/1] (0.00ns)   --->   "%macRegisters_3_V_5 = alloca i8"   --->   Operation 10 'alloca' 'macRegisters_3_V_5' <Predicate = true> <Delay = 0.00>
ST_1 : Operation 11 [1/1] (0.00ns)   --->   "call void (...)* @_ssdm_op_SpecInterface(i32* %out_V_V, [8 x i8]* @ap_fifo_str, i32 0, i32 0, [1 x i8]* @p_str627, i32 0, i32 0, [1 x i8]* @p_str628, [1 x i8]* @p_str629, [1 x i8]* @p_str630, i32 2, i32 2, i32 16, i32 16, [1 x i8]* @p_str631, [1 x i8]* @p_str632)"   --->   Operation 11 'specinterface' <Predicate = true> <Delay = 0.00>
ST_1 : Operation 12 [1/1] (0.00ns)   --->   "call void (...)* @_ssdm_op_SpecInterface(i8* %in_V_V, [8 x i8]* @ap_fifo_str, i32 0, i32 0, [1 x i8]* @p_str620, i32 0, i32 0, [1 x i8]* @p_str621, [1 x i8]* @p_str622, [1 x i8]* @p_str623, i32 2, i32 2, i32 16, i32 16, [1 x i8]* @p_str624, [1 x i8]* @p_str625)"   --->   Operation 12 'specinterface' <Predicate = true> <Delay = 0.00>
ST_1 : Operation 13 [1/1] (1.30ns)   --->   "store i8 0, i8* %macRegisters_3_V_5"   --->   Operation 13 'store' <Predicate = true> <Delay = 1.30>
ST_1 : Operation 14 [1/1] (1.30ns)   --->   "store i8 0, i8* %macRegisters_2_V_5"   --->   Operation 14 'store' <Predicate = true> <Delay = 1.30>
ST_1 : Operation 15 [1/1] (1.30ns)   --->   "store i8 0, i8* %macRegisters_1_V_5"   --->   Operation 15 'store' <Predicate = true> <Delay = 1.30>
ST_1 : Operation 16 [1/1] (1.30ns)   --->   "store i8 0, i8* %macRegisters_0_V_5"   --->   Operation 16 'store' <Predicate = true> <Delay = 1.30>
ST_1 : Operation 17 [1/1] (1.30ns)   --->   "br label %0" [S1/conv1d.h:782]   --->   Operation 17 'br' <Predicate = true> <Delay = 1.30>

State 2 <SV = 1> <Delay = 8.62>
ST_2 : Operation 18 [1/1] (0.00ns)   --->   "%indvar_flatten7 = phi i19 [ 0, %.preheader177.preheader ], [ %indvar_flatten_next7, %._crit_edge ]"   --->   Operation 18 'phi' 'indvar_flatten7' <Predicate = true> <Delay = 0.00>
ST_2 : Operation 19 [1/1] (0.00ns)   --->   "%indvar_flatten = phi i12 [ 0, %.preheader177.preheader ], [ %indvar_flatten_next, %._crit_edge ]"   --->   Operation 19 'phi' 'indvar_flatten' <Predicate = true> <Delay = 0.00>
ST_2 : Operation 20 [1/1] (0.00ns)   --->   "%nm = phi i5 [ 0, %.preheader177.preheader ], [ %nm_mid2, %._crit_edge ]" [S1/conv1d.h:784]   --->   Operation 20 'phi' 'nm' <Predicate = true> <Delay = 0.00>
ST_2 : Operation 21 [1/1] (0.00ns)   --->   "%sf = phi i7 [ 0, %.preheader177.preheader ], [ %sf_2, %._crit_edge ]"   --->   Operation 21 'phi' 'sf' <Predicate = true> <Delay = 0.00>
ST_2 : Operation 22 [1/1] (0.00ns)   --->   "%tmp = trunc i5 %nm to i4" [S1/conv1d.h:784]   --->   Operation 22 'trunc' 'tmp' <Predicate = true> <Delay = 0.00>
ST_2 : Operation 23 [1/1] (0.00ns)   --->   "%tmp_96 = call i10 @_ssdm_op_BitConcatenate.i10.i4.i6(i4 %tmp, i6 0)" [S1/conv1d.h:808]   --->   Operation 23 'bitconcatenate' 'tmp_96' <Predicate = true> <Delay = 0.00>
ST_2 : Operation 24 [1/1] (1.97ns)   --->   "%exitcond_flatten7 = icmp eq i19 %indvar_flatten7, -262144"   --->   Operation 24 'icmp' 'exitcond_flatten7' <Predicate = true> <Delay = 1.97> <Core = "Cmp">   --->   Core 25 'Cmp' <Latency = 0> <II = 1> <Delay = 1.23> <FuncUnit> <Opcode : 'icmp'> <InPorts = 2> <OutPorts = 1>
ST_2 : Operation 25 [1/1] (1.82ns)   --->   "%indvar_flatten_next7 = add i19 1, %indvar_flatten7"   --->   Operation 25 'add' 'indvar_flatten_next7' <Predicate = true> <Delay = 1.82> <Core = "AddSub">   --->   Core 14 'AddSub' <Latency = 0> <II = 1> <Delay = 1.71> <FuncUnit> <Opcode : 'add' 'sub'> <InPorts = 2> <OutPorts = 1>
ST_2 : Operation 26 [1/1] (0.00ns)   --->   "br i1 %exitcond_flatten7, label %1, label %.preheader177"   --->   Operation 26 'br' <Predicate = true> <Delay = 0.00>
ST_2 : Operation 27 [1/1] (1.60ns)   --->   "%exitcond_flatten = icmp eq i12 %indvar_flatten, 1024"   --->   Operation 27 'icmp' 'exitcond_flatten' <Predicate = (!exitcond_flatten7)> <Delay = 1.60> <Core = "Cmp">   --->   Core 25 'Cmp' <Latency = 0> <II = 1> <Delay = 1.23> <FuncUnit> <Opcode : 'icmp'> <InPorts = 2> <OutPorts = 1>
ST_2 : Operation 28 [1/1] (0.97ns)   --->   "%nm_mid = select i1 %exitcond_flatten, i5 0, i5 %nm" [S1/conv1d.h:784]   --->   Operation 28 'select' 'nm_mid' <Predicate = (!exitcond_flatten7)> <Delay = 0.97> <Core = "Sel">   --->   Core 26 'Sel' <Latency = 0> <II = 1> <Delay = 0.59> <FuncUnit> <Opcode : 'select'> <InPorts = 3> <OutPorts = 1>
ST_2 : Operation 29 [1/1] (0.00ns) (grouped into LUT with out node tmp_98)   --->   "%tmp_96_mid = select i1 %exitcond_flatten, i10 0, i10 %tmp_96" [S1/conv1d.h:808]   --->   Operation 29 'select' 'tmp_96_mid' <Predicate = (!exitcond_flatten7)> <Delay = 0.00> <Core = "Sel">   --->   Core 26 'Sel' <Latency = 0> <II = 1> <Delay = 0.59> <FuncUnit> <Opcode : 'select'> <InPorts = 3> <OutPorts = 1>
ST_2 : Operation 30 [1/1] (0.00ns) (grouped into LUT with out node nm_t_mid2)   --->   "%nm_t_mid = select i1 %exitcond_flatten, i4 0, i4 %tmp" [S1/conv1d.h:784]   --->   Operation 30 'select' 'nm_t_mid' <Predicate = (!exitcond_flatten7)> <Delay = 0.00> <Core = "Sel">   --->   Core 26 'Sel' <Latency = 0> <II = 1> <Delay = 0.59> <FuncUnit> <Opcode : 'select'> <InPorts = 3> <OutPorts = 1>
ST_2 : Operation 31 [1/1] (0.00ns) (grouped into LUT with out node tmp_97_mid)   --->   "%not_exitcond_flatten = xor i1 %exitcond_flatten, true" [S1/conv1d.h:784]   --->   Operation 31 'xor' 'not_exitcond_flatten' <Predicate = (!exitcond_flatten7)> <Delay = 0.00> <Core = "LogicGate">   --->   Core 27 'LogicGate' <Latency = 0> <II = 1> <Delay = 0.80> <FuncUnit> <Opcode : 'and' 'or' 'xor'> <InPorts = 2> <OutPorts = 1>
ST_2 : Operation 32 [1/1] (1.23ns)   --->   "%tmp_s = icmp eq i7 %sf, -64" [S1/conv1d.h:784]   --->   Operation 32 'icmp' 'tmp_s' <Predicate = (!exitcond_flatten7)> <Delay = 1.23> <Core = "Cmp">   --->   Core 25 'Cmp' <Latency = 0> <II = 1> <Delay = 1.23> <FuncUnit> <Opcode : 'icmp'> <InPorts = 2> <OutPorts = 1>
ST_2 : Operation 33 [1/1] (0.80ns) (out node of the LUT)   --->   "%tmp_97_mid = and i1 %tmp_s, %not_exitcond_flatten" [S1/conv1d.h:784]   --->   Operation 33 'and' 'tmp_97_mid' <Predicate = (!exitcond_flatten7)> <Delay = 0.80> <Core = "LogicGate">   --->   Core 27 'LogicGate' <Latency = 0> <II = 1> <Delay = 0.80> <FuncUnit> <Opcode : 'and' 'or' 'xor'> <InPorts = 2> <OutPorts = 1>
ST_2 : Operation 34 [1/1] (1.56ns)   --->   "%nm_2 = add i5 1, %nm_mid" [S1/conv1d.h:783]   --->   Operation 34 'add' 'nm_2' <Predicate = (!exitcond_flatten7)> <Delay = 1.56> <Core = "AddSub">   --->   Core 14 'AddSub' <Latency = 0> <II = 1> <Delay = 1.71> <FuncUnit> <Opcode : 'add' 'sub'> <InPorts = 2> <OutPorts = 1>
ST_2 : Operation 35 [1/1] (0.00ns) (grouped into LUT with out node sf_mid2)   --->   "%tmp_359 = or i1 %tmp_97_mid, %exitcond_flatten" [S1/conv1d.h:784]   --->   Operation 35 'or' 'tmp_359' <Predicate = (!exitcond_flatten7)> <Delay = 0.00> <Core = "LogicGate">   --->   Core 27 'LogicGate' <Latency = 0> <II = 1> <Delay = 0.80> <FuncUnit> <Opcode : 'and' 'or' 'xor'> <InPorts = 2> <OutPorts = 1>
ST_2 : Operation 36 [1/1] (0.80ns) (out node of the LUT)   --->   "%sf_mid2 = select i1 %tmp_359, i7 0, i7 %sf" [S1/conv1d.h:784]   --->   Operation 36 'select' 'sf_mid2' <Predicate = (!exitcond_flatten7)> <Delay = 0.80> <Core = "Sel">   --->   Core 26 'Sel' <Latency = 0> <II = 1> <Delay = 0.59> <FuncUnit> <Opcode : 'select'> <InPorts = 3> <OutPorts = 1>
ST_2 : Operation 37 [1/1] (0.00ns)   --->   "%tmp_647 = trunc i5 %nm_2 to i4" [S1/conv1d.h:783]   --->   Operation 37 'trunc' 'tmp_647' <Predicate = (!exitcond_flatten7)> <Delay = 0.00>
ST_2 : Operation 38 [1/1] (0.00ns) (grouped into LUT with out node tmp_98)   --->   "%tmp_96_mid1 = call i10 @_ssdm_op_BitConcatenate.i10.i4.i6(i4 %tmp_647, i6 0)" [S1/conv1d.h:808]   --->   Operation 38 'bitconcatenate' 'tmp_96_mid1' <Predicate = (!exitcond_flatten7)> <Delay = 0.00>
ST_2 : Operation 39 [1/1] (0.00ns) (grouped into LUT with out node tmp_98)   --->   "%tmp_96_mid2 = select i1 %tmp_97_mid, i10 %tmp_96_mid1, i10 %tmp_96_mid" [S1/conv1d.h:808]   --->   Operation 39 'select' 'tmp_96_mid2' <Predicate = (!exitcond_flatten7)> <Delay = 0.00> <Core = "Sel">   --->   Core 26 'Sel' <Latency = 0> <II = 1> <Delay = 0.59> <FuncUnit> <Opcode : 'select'> <InPorts = 3> <OutPorts = 1>
ST_2 : Operation 40 [1/1] (0.83ns) (out node of the LUT)   --->   "%nm_t_mid2 = select i1 %tmp_97_mid, i4 %tmp_647, i4 %nm_t_mid" [S1/conv1d.h:784]   --->   Operation 40 'select' 'nm_t_mid2' <Predicate = (!exitcond_flatten7)> <Delay = 0.83> <Core = "Sel">   --->   Core 26 'Sel' <Latency = 0> <II = 1> <Delay = 0.59> <FuncUnit> <Opcode : 'select'> <InPorts = 3> <OutPorts = 1>
ST_2 : Operation 41 [1/1] (0.97ns)   --->   "%nm_mid2 = select i1 %tmp_97_mid, i5 %nm_2, i5 %nm_mid" [S1/conv1d.h:784]   --->   Operation 41 'select' 'nm_mid2' <Predicate = (!exitcond_flatten7)> <Delay = 0.97> <Core = "Sel">   --->   Core 26 'Sel' <Latency = 0> <II = 1> <Delay = 0.59> <FuncUnit> <Opcode : 'select'> <InPorts = 3> <OutPorts = 1>
ST_2 : Operation 42 [1/1] (0.00ns) (grouped into LUT with out node tmp_98)   --->   "%sf_cast2 = zext i7 %sf_mid2 to i10" [S1/conv1d.h:784]   --->   Operation 42 'zext' 'sf_cast2' <Predicate = (!exitcond_flatten7)> <Delay = 0.00>
ST_2 : Operation 43 [1/1] (1.70ns) (out node of the LUT)   --->   "%tmp_98 = add i10 %tmp_96_mid2, %sf_cast2" [S1/conv1d.h:808]   --->   Operation 43 'add' 'tmp_98' <Predicate = (!exitcond_flatten7)> <Delay = 1.70> <Core = "AddSub">   --->   Core 14 'AddSub' <Latency = 0> <II = 1> <Delay = 1.71> <FuncUnit> <Opcode : 'add' 'sub'> <InPorts = 2> <OutPorts = 1>
ST_2 : Operation 44 [1/1] (0.00ns)   --->   "%tmp_99 = zext i10 %tmp_98 to i64" [S1/conv1d.h:808]   --->   Operation 44 'zext' 'tmp_99' <Predicate = (!exitcond_flatten7)> <Delay = 0.00>
ST_2 : Operation 45 [1/1] (0.00ns)   --->   "%weights5_m_weights_V_4 = getelementptr [1024 x i5]* @weights5_m_weights_V, i64 0, i64 %tmp_99" [S1/conv1d.h:808]   --->   Operation 45 'getelementptr' 'weights5_m_weights_V_4' <Predicate = (!exitcond_flatten7)> <Delay = 0.00>
ST_2 : Operation 46 [2/2] (2.77ns)   --->   "%weights5_m_weights_V_5 = load i5* %weights5_m_weights_V_4, align 1" [S1/conv1d.h:808]   --->   Operation 46 'load' 'weights5_m_weights_V_5' <Predicate = (!exitcond_flatten7)> <Delay = 2.77> <Core = "ROM_nP">   --->   Core 48 'ROM_nP' <Latency = 1> <II = 1> <Delay = 2.77> <Storage> <Opcode : 'load'> <Ports = 0> <Width = 6> <Depth = 1024> <ROM>
ST_2 : Operation 47 [1/1] (0.00ns)   --->   "%weights5_m_weights_V_6 = getelementptr [1024 x i5]* @weights5_m_weights_V_1, i64 0, i64 %tmp_99" [S1/conv1d.h:808]   --->   Operation 47 'getelementptr' 'weights5_m_weights_V_6' <Predicate = (!exitcond_flatten7)> <Delay = 0.00>
ST_2 : Operation 48 [2/2] (2.77ns)   --->   "%weights5_m_weights_V_7 = load i5* %weights5_m_weights_V_6, align 1" [S1/conv1d.h:808]   --->   Operation 48 'load' 'weights5_m_weights_V_7' <Predicate = (!exitcond_flatten7)> <Delay = 2.77> <Core = "ROM_nP">   --->   Core 48 'ROM_nP' <Latency = 1> <II = 1> <Delay = 2.77> <Storage> <Opcode : 'load'> <Ports = 0> <Width = 6> <Depth = 1024> <ROM>
ST_2 : Operation 49 [1/1] (0.00ns)   --->   "%weights5_m_weights_V_8 = getelementptr [1024 x i5]* @weights5_m_weights_V_2, i64 0, i64 %tmp_99" [S1/conv1d.h:808]   --->   Operation 49 'getelementptr' 'weights5_m_weights_V_8' <Predicate = (!exitcond_flatten7)> <Delay = 0.00>
ST_2 : Operation 50 [2/2] (2.77ns)   --->   "%weights5_m_weights_V_9 = load i5* %weights5_m_weights_V_8, align 1" [S1/conv1d.h:808]   --->   Operation 50 'load' 'weights5_m_weights_V_9' <Predicate = (!exitcond_flatten7)> <Delay = 2.77> <Core = "ROM_nP">   --->   Core 48 'ROM_nP' <Latency = 1> <II = 1> <Delay = 2.77> <Storage> <Opcode : 'load'> <Ports = 0> <Width = 6> <Depth = 1024> <ROM>
ST_2 : Operation 51 [1/1] (0.00ns)   --->   "%weights5_m_weights_V_10 = getelementptr [1024 x i6]* @weights5_m_weights_V_3, i64 0, i64 %tmp_99" [S1/conv1d.h:808]   --->   Operation 51 'getelementptr' 'weights5_m_weights_V_10' <Predicate = (!exitcond_flatten7)> <Delay = 0.00>
ST_2 : Operation 52 [2/2] (2.77ns)   --->   "%weights5_m_weights_V_11 = load i6* %weights5_m_weights_V_10, align 1" [S1/conv1d.h:808]   --->   Operation 52 'load' 'weights5_m_weights_V_11' <Predicate = (!exitcond_flatten7)> <Delay = 2.77> <Core = "ROM_nP">   --->   Core 48 'ROM_nP' <Latency = 1> <II = 1> <Delay = 2.77> <Storage> <Opcode : 'load'> <Ports = 0> <Width = 6> <Depth = 1024> <ROM>
ST_2 : Operation 53 [1/1] (1.23ns)   --->   "%tmp_100 = icmp eq i7 %sf_mid2, 63" [S1/conv1d.h:838]   --->   Operation 53 'icmp' 'tmp_100' <Predicate = (!exitcond_flatten7)> <Delay = 1.23> <Core = "Cmp">   --->   Core 25 'Cmp' <Latency = 0> <II = 1> <Delay = 1.23> <FuncUnit> <Opcode : 'icmp'> <InPorts = 2> <OutPorts = 1>
ST_2 : Operation 54 [1/1] (0.00ns)   --->   "br i1 %tmp_100, label %.preheader.0, label %.preheader177.._crit_edge_crit_edge" [S1/conv1d.h:838]   --->   Operation 54 'br' <Predicate = (!exitcond_flatten7)> <Delay = 0.00>
ST_2 : Operation 55 [1/1] (1.65ns)   --->   "%sf_2 = add i7 %sf_mid2, 1" [S1/conv1d.h:784]   --->   Operation 55 'add' 'sf_2' <Predicate = (!exitcond_flatten7)> <Delay = 1.65> <Core = "AddSub">   --->   Core 14 'AddSub' <Latency = 0> <II = 1> <Delay = 1.71> <FuncUnit> <Opcode : 'add' 'sub'> <InPorts = 2> <OutPorts = 1>
ST_2 : Operation 56 [1/1] (1.71ns)   --->   "%indvar_flatten_op = add i12 %indvar_flatten, 1"   --->   Operation 56 'add' 'indvar_flatten_op' <Predicate = (!exitcond_flatten7)> <Delay = 1.71> <Core = "AddSub">   --->   Core 14 'AddSub' <Latency = 0> <II = 1> <Delay = 1.71> <FuncUnit> <Opcode : 'add' 'sub'> <InPorts = 2> <OutPorts = 1>
ST_2 : Operation 57 [1/1] (0.59ns)   --->   "%indvar_flatten_next = select i1 %exitcond_flatten, i12 1, i12 %indvar_flatten_op"   --->   Operation 57 'select' 'indvar_flatten_next' <Predicate = (!exitcond_flatten7)> <Delay = 0.59> <Core = "Sel">   --->   Core 26 'Sel' <Latency = 0> <II = 1> <Delay = 0.59> <FuncUnit> <Opcode : 'select'> <InPorts = 3> <OutPorts = 1>

State 3 <SV = 2> <Delay = 3.40>
ST_3 : Operation 58 [1/1] (3.40ns)   --->   "%tmp_V = call i8 @_ssdm_op_Read.ap_fifo.volatile.i8P(i8* %in_V_V)" [S1/conv1d.h:787]   --->   Operation 58 'read' 'tmp_V' <Predicate = (!exitcond_flatten7)> <Delay = 3.40> <Core = "FIFO">   --->   Core 32 'FIFO' <Latency = 0> <II = 1> <Delay = 3.40> <Storage> <Opcode : 'read' 'write' 'nbread' 'nbwrite'> <Ports = 0> <Width = 32> <Depth = 2> <FIFO>
ST_3 : Operation 59 [1/2] (2.77ns)   --->   "%weights5_m_weights_V_5 = load i5* %weights5_m_weights_V_4, align 1" [S1/conv1d.h:808]   --->   Operation 59 'load' 'weights5_m_weights_V_5' <Predicate = (!exitcond_flatten7)> <Delay = 2.77> <Core = "ROM_nP">   --->   Core 48 'ROM_nP' <Latency = 1> <II = 1> <Delay = 2.77> <Storage> <Opcode : 'load'> <Ports = 0> <Width = 6> <Depth = 1024> <ROM>
ST_3 : Operation 60 [1/2] (2.77ns)   --->   "%weights5_m_weights_V_7 = load i5* %weights5_m_weights_V_6, align 1" [S1/conv1d.h:808]   --->   Operation 60 'load' 'weights5_m_weights_V_7' <Predicate = (!exitcond_flatten7)> <Delay = 2.77> <Core = "ROM_nP">   --->   Core 48 'ROM_nP' <Latency = 1> <II = 1> <Delay = 2.77> <Storage> <Opcode : 'load'> <Ports = 0> <Width = 6> <Depth = 1024> <ROM>
ST_3 : Operation 61 [1/2] (2.77ns)   --->   "%weights5_m_weights_V_9 = load i5* %weights5_m_weights_V_8, align 1" [S1/conv1d.h:808]   --->   Operation 61 'load' 'weights5_m_weights_V_9' <Predicate = (!exitcond_flatten7)> <Delay = 2.77> <Core = "ROM_nP">   --->   Core 48 'ROM_nP' <Latency = 1> <II = 1> <Delay = 2.77> <Storage> <Opcode : 'load'> <Ports = 0> <Width = 6> <Depth = 1024> <ROM>
ST_3 : Operation 62 [1/2] (2.77ns)   --->   "%weights5_m_weights_V_11 = load i6* %weights5_m_weights_V_10, align 1" [S1/conv1d.h:808]   --->   Operation 62 'load' 'weights5_m_weights_V_11' <Predicate = (!exitcond_flatten7)> <Delay = 2.77> <Core = "ROM_nP">   --->   Core 48 'ROM_nP' <Latency = 1> <II = 1> <Delay = 2.77> <Storage> <Opcode : 'load'> <Ports = 0> <Width = 6> <Depth = 1024> <ROM>

State 4 <SV = 3> <Delay = 6.40>
ST_4 : Operation 63 [1/1] (0.00ns)   --->   "%p_08_cast1_cast = sext i8 %tmp_V to i13" [S1/conv1d.h:814]   --->   Operation 63 'sext' 'p_08_cast1_cast' <Predicate = (!exitcond_flatten7)> <Delay = 0.00>
ST_4 : Operation 64 [1/1] (0.00ns)   --->   "%p_08_cast_cast = sext i8 %tmp_V to i14" [S1/conv1d.h:814]   --->   Operation 64 'sext' 'p_08_cast_cast' <Predicate = (!exitcond_flatten7)> <Delay = 0.00>
ST_4 : Operation 65 [1/1] (0.00ns)   --->   "%p_0132_cast_cast = sext i5 %weights5_m_weights_V_5 to i13" [S1/conv1d.h:814]   --->   Operation 65 'sext' 'p_0132_cast_cast' <Predicate = (!exitcond_flatten7)> <Delay = 0.00>
ST_4 : Operation 66 [1/1] (3.61ns)   --->   "%p_Val2_s = mul i13 %p_08_cast1_cast, %p_0132_cast_cast" [S1/conv1d.h:814]   --->   Operation 66 'mul' 'p_Val2_s' <Predicate = (!exitcond_flatten7)> <Delay = 3.61> <Core = "Mul">   --->   Core 16 'Mul' <Latency = 0> <II = 1> <Delay = 3.61> <FuncUnit> <Opcode : 'mul'> <InPorts = 2> <OutPorts = 1>
ST_4 : Operation 67 [1/1] (0.00ns) (grouped into LUT with out node tmp_145)   --->   "%tmp_648 = call i1 @_ssdm_op_BitSelect.i1.i13.i32(i13 %p_Val2_s, i32 12)" [S1/conv1d.h:814]   --->   Operation 67 'bitselect' 'tmp_648' <Predicate = (!exitcond_flatten7)> <Delay = 0.00>
ST_4 : Operation 68 [1/1] (0.00ns) (grouped into LUT with out node tmp1)   --->   "%tmp_649 = call i6 @_ssdm_op_PartSelect.i6.i13.i32.i32(i13 %p_Val2_s, i32 7, i32 12)" [S1/conv1d.h:814]   --->   Operation 68 'partselect' 'tmp_649' <Predicate = (!exitcond_flatten7)> <Delay = 0.00>
ST_4 : Operation 69 [1/1] (0.00ns) (grouped into LUT with out node tmp1)   --->   "%p_Val2_cast = sext i6 %tmp_649 to i7" [S1/conv1d.h:814]   --->   Operation 69 'sext' 'p_Val2_cast' <Predicate = (!exitcond_flatten7)> <Delay = 0.00>
ST_4 : Operation 70 [1/1] (0.00ns) (grouped into LUT with out node tmp1)   --->   "%tmp_650 = call i1 @_ssdm_op_BitSelect.i1.i13.i32(i13 %p_Val2_s, i32 6)" [S1/conv1d.h:814]   --->   Operation 70 'bitselect' 'tmp_650' <Predicate = (!exitcond_flatten7)> <Delay = 0.00>
ST_4 : Operation 71 [1/1] (0.00ns) (grouped into LUT with out node tmp_145)   --->   "%tmp_651 = trunc i13 %p_Val2_s to i1" [S1/conv1d.h:814]   --->   Operation 71 'trunc' 'tmp_651' <Predicate = (!exitcond_flatten7)> <Delay = 0.00>
ST_4 : Operation 72 [1/1] (0.00ns) (grouped into LUT with out node tmp_145)   --->   "%tmp_142 = or i1 %tmp_651, %tmp_648" [S1/conv1d.h:814]   --->   Operation 72 'or' 'tmp_142' <Predicate = (!exitcond_flatten7)> <Delay = 0.00> <Core = "LogicGate">   --->   Core 27 'LogicGate' <Latency = 0> <II = 1> <Delay = 0.80> <FuncUnit> <Opcode : 'and' 'or' 'xor'> <InPorts = 2> <OutPorts = 1>
ST_4 : Operation 73 [1/1] (0.00ns) (grouped into LUT with out node tmp_145)   --->   "%tmp_143 = call i5 @_ssdm_op_PartSelect.i5.i13.i32.i32(i13 %p_Val2_s, i32 1, i32 5)" [S1/conv1d.h:814]   --->   Operation 73 'partselect' 'tmp_143' <Predicate = (!exitcond_flatten7)> <Delay = 0.00>
ST_4 : Operation 74 [1/1] (0.00ns) (grouped into LUT with out node tmp_145)   --->   "%tmp_144 = call i6 @_ssdm_op_BitConcatenate.i6.i5.i1(i5 %tmp_143, i1 %tmp_142)" [S1/conv1d.h:814]   --->   Operation 74 'bitconcatenate' 'tmp_144' <Predicate = (!exitcond_flatten7)> <Delay = 0.00>
ST_4 : Operation 75 [1/1] (1.18ns) (out node of the LUT)   --->   "%tmp_145 = icmp ne i6 %tmp_144, 0" [S1/conv1d.h:814]   --->   Operation 75 'icmp' 'tmp_145' <Predicate = (!exitcond_flatten7)> <Delay = 1.18> <Core = "Cmp">   --->   Core 25 'Cmp' <Latency = 0> <II = 1> <Delay = 1.23> <FuncUnit> <Opcode : 'icmp'> <InPorts = 2> <OutPorts = 1>
ST_4 : Operation 76 [1/1] (0.00ns) (grouped into LUT with out node tmp1)   --->   "%qb_assign_2 = and i1 %tmp_145, %tmp_650" [S1/conv1d.h:814]   --->   Operation 76 'and' 'qb_assign_2' <Predicate = (!exitcond_flatten7)> <Delay = 0.00> <Core = "LogicGate">   --->   Core 27 'LogicGate' <Latency = 0> <II = 1> <Delay = 0.80> <FuncUnit> <Opcode : 'and' 'or' 'xor'> <InPorts = 2> <OutPorts = 1>
ST_4 : Operation 77 [1/1] (0.00ns) (grouped into LUT with out node tmp1)   --->   "%tmp_146_cast = zext i1 %qb_assign_2 to i7" [S1/conv1d.h:827]   --->   Operation 77 'zext' 'tmp_146_cast' <Predicate = (!exitcond_flatten7)> <Delay = 0.00>
ST_4 : Operation 78 [1/1] (1.61ns) (out node of the LUT)   --->   "%tmp1 = add i7 %p_Val2_cast, %tmp_146_cast" [S1/conv1d.h:827]   --->   Operation 78 'add' 'tmp1' <Predicate = (!exitcond_flatten7)> <Delay = 1.61> <Core = "AddSub">   --->   Core 14 'AddSub' <Latency = 0> <II = 1> <Delay = 1.71> <FuncUnit> <Opcode : 'add' 'sub'> <InPorts = 2> <OutPorts = 1>
ST_4 : Operation 79 [1/1] (0.00ns)   --->   "%p_0132_1_cast_cast = sext i5 %weights5_m_weights_V_7 to i13" [S1/conv1d.h:814]   --->   Operation 79 'sext' 'p_0132_1_cast_cast' <Predicate = (!exitcond_flatten7)> <Delay = 0.00>
ST_4 : Operation 80 [1/1] (3.61ns)   --->   "%p_Val2_1 = mul i13 %p_08_cast1_cast, %p_0132_1_cast_cast" [S1/conv1d.h:814]   --->   Operation 80 'mul' 'p_Val2_1' <Predicate = (!exitcond_flatten7)> <Delay = 3.61> <Core = "Mul">   --->   Core 16 'Mul' <Latency = 0> <II = 1> <Delay = 3.61> <FuncUnit> <Opcode : 'mul'> <InPorts = 2> <OutPorts = 1>
ST_4 : Operation 81 [1/1] (0.00ns) (grouped into LUT with out node tmp_227_1)   --->   "%tmp_652 = call i1 @_ssdm_op_BitSelect.i1.i13.i32(i13 %p_Val2_1, i32 12)" [S1/conv1d.h:814]   --->   Operation 81 'bitselect' 'tmp_652' <Predicate = (!exitcond_flatten7)> <Delay = 0.00>
ST_4 : Operation 82 [1/1] (0.00ns) (grouped into LUT with out node tmp2)   --->   "%tmp_653 = call i6 @_ssdm_op_PartSelect.i6.i13.i32.i32(i13 %p_Val2_1, i32 7, i32 12)" [S1/conv1d.h:814]   --->   Operation 82 'partselect' 'tmp_653' <Predicate = (!exitcond_flatten7)> <Delay = 0.00>
ST_4 : Operation 83 [1/1] (0.00ns) (grouped into LUT with out node tmp2)   --->   "%p_Val2_81_1_cast = sext i6 %tmp_653 to i7" [S1/conv1d.h:814]   --->   Operation 83 'sext' 'p_Val2_81_1_cast' <Predicate = (!exitcond_flatten7)> <Delay = 0.00>
ST_4 : Operation 84 [1/1] (0.00ns) (grouped into LUT with out node tmp2)   --->   "%tmp_654 = call i1 @_ssdm_op_BitSelect.i1.i13.i32(i13 %p_Val2_1, i32 6)" [S1/conv1d.h:814]   --->   Operation 84 'bitselect' 'tmp_654' <Predicate = (!exitcond_flatten7)> <Delay = 0.00>
ST_4 : Operation 85 [1/1] (0.00ns) (grouped into LUT with out node tmp_227_1)   --->   "%tmp_655 = trunc i13 %p_Val2_1 to i1" [S1/conv1d.h:814]   --->   Operation 85 'trunc' 'tmp_655' <Predicate = (!exitcond_flatten7)> <Delay = 0.00>
ST_4 : Operation 86 [1/1] (0.00ns) (grouped into LUT with out node tmp_227_1)   --->   "%tmp_148 = or i1 %tmp_655, %tmp_652" [S1/conv1d.h:814]   --->   Operation 86 'or' 'tmp_148' <Predicate = (!exitcond_flatten7)> <Delay = 0.00> <Core = "LogicGate">   --->   Core 27 'LogicGate' <Latency = 0> <II = 1> <Delay = 0.80> <FuncUnit> <Opcode : 'and' 'or' 'xor'> <InPorts = 2> <OutPorts = 1>
ST_4 : Operation 87 [1/1] (0.00ns) (grouped into LUT with out node tmp_227_1)   --->   "%tmp_149 = call i5 @_ssdm_op_PartSelect.i5.i13.i32.i32(i13 %p_Val2_1, i32 1, i32 5)" [S1/conv1d.h:814]   --->   Operation 87 'partselect' 'tmp_149' <Predicate = (!exitcond_flatten7)> <Delay = 0.00>
ST_4 : Operation 88 [1/1] (0.00ns) (grouped into LUT with out node tmp_227_1)   --->   "%tmp_150 = call i6 @_ssdm_op_BitConcatenate.i6.i5.i1(i5 %tmp_149, i1 %tmp_148)" [S1/conv1d.h:814]   --->   Operation 88 'bitconcatenate' 'tmp_150' <Predicate = (!exitcond_flatten7)> <Delay = 0.00>
ST_4 : Operation 89 [1/1] (1.18ns) (out node of the LUT)   --->   "%tmp_227_1 = icmp ne i6 %tmp_150, 0" [S1/conv1d.h:814]   --->   Operation 89 'icmp' 'tmp_227_1' <Predicate = (!exitcond_flatten7)> <Delay = 1.18> <Core = "Cmp">   --->   Core 25 'Cmp' <Latency = 0> <II = 1> <Delay = 1.23> <FuncUnit> <Opcode : 'icmp'> <InPorts = 2> <OutPorts = 1>
ST_4 : Operation 90 [1/1] (0.00ns) (grouped into LUT with out node tmp2)   --->   "%qb_assign_2_1 = and i1 %tmp_227_1, %tmp_654" [S1/conv1d.h:814]   --->   Operation 90 'and' 'qb_assign_2_1' <Predicate = (!exitcond_flatten7)> <Delay = 0.00> <Core = "LogicGate">   --->   Core 27 'LogicGate' <Latency = 0> <II = 1> <Delay = 0.80> <FuncUnit> <Opcode : 'and' 'or' 'xor'> <InPorts = 2> <OutPorts = 1>
ST_4 : Operation 91 [1/1] (0.00ns) (grouped into LUT with out node tmp2)   --->   "%tmp_228_1_cast = zext i1 %qb_assign_2_1 to i7" [S1/conv1d.h:827]   --->   Operation 91 'zext' 'tmp_228_1_cast' <Predicate = (!exitcond_flatten7)> <Delay = 0.00>
ST_4 : Operation 92 [1/1] (1.61ns) (out node of the LUT)   --->   "%tmp2 = add i7 %p_Val2_81_1_cast, %tmp_228_1_cast" [S1/conv1d.h:827]   --->   Operation 92 'add' 'tmp2' <Predicate = (!exitcond_flatten7)> <Delay = 1.61> <Core = "AddSub">   --->   Core 14 'AddSub' <Latency = 0> <II = 1> <Delay = 1.71> <FuncUnit> <Opcode : 'add' 'sub'> <InPorts = 2> <OutPorts = 1>
ST_4 : Operation 93 [1/1] (0.00ns)   --->   "%p_0132_2_cast_cast = sext i5 %weights5_m_weights_V_9 to i13" [S1/conv1d.h:814]   --->   Operation 93 'sext' 'p_0132_2_cast_cast' <Predicate = (!exitcond_flatten7)> <Delay = 0.00>
ST_4 : Operation 94 [1/1] (3.61ns)   --->   "%p_Val2_2 = mul i13 %p_08_cast1_cast, %p_0132_2_cast_cast" [S1/conv1d.h:814]   --->   Operation 94 'mul' 'p_Val2_2' <Predicate = (!exitcond_flatten7)> <Delay = 3.61> <Core = "Mul">   --->   Core 16 'Mul' <Latency = 0> <II = 1> <Delay = 3.61> <FuncUnit> <Opcode : 'mul'> <InPorts = 2> <OutPorts = 1>
ST_4 : Operation 95 [1/1] (0.00ns) (grouped into LUT with out node tmp_227_2)   --->   "%tmp_656 = call i1 @_ssdm_op_BitSelect.i1.i13.i32(i13 %p_Val2_2, i32 12)" [S1/conv1d.h:814]   --->   Operation 95 'bitselect' 'tmp_656' <Predicate = (!exitcond_flatten7)> <Delay = 0.00>
ST_4 : Operation 96 [1/1] (0.00ns) (grouped into LUT with out node tmp3)   --->   "%tmp_657 = call i6 @_ssdm_op_PartSelect.i6.i13.i32.i32(i13 %p_Val2_2, i32 7, i32 12)" [S1/conv1d.h:814]   --->   Operation 96 'partselect' 'tmp_657' <Predicate = (!exitcond_flatten7)> <Delay = 0.00>
ST_4 : Operation 97 [1/1] (0.00ns) (grouped into LUT with out node tmp3)   --->   "%p_Val2_81_2_cast = sext i6 %tmp_657 to i7" [S1/conv1d.h:814]   --->   Operation 97 'sext' 'p_Val2_81_2_cast' <Predicate = (!exitcond_flatten7)> <Delay = 0.00>
ST_4 : Operation 98 [1/1] (0.00ns) (grouped into LUT with out node tmp3)   --->   "%tmp_658 = call i1 @_ssdm_op_BitSelect.i1.i13.i32(i13 %p_Val2_2, i32 6)" [S1/conv1d.h:814]   --->   Operation 98 'bitselect' 'tmp_658' <Predicate = (!exitcond_flatten7)> <Delay = 0.00>
ST_4 : Operation 99 [1/1] (0.00ns) (grouped into LUT with out node tmp_227_2)   --->   "%tmp_659 = trunc i13 %p_Val2_2 to i1" [S1/conv1d.h:814]   --->   Operation 99 'trunc' 'tmp_659' <Predicate = (!exitcond_flatten7)> <Delay = 0.00>
ST_4 : Operation 100 [1/1] (0.00ns) (grouped into LUT with out node tmp_227_2)   --->   "%tmp_152 = or i1 %tmp_659, %tmp_656" [S1/conv1d.h:814]   --->   Operation 100 'or' 'tmp_152' <Predicate = (!exitcond_flatten7)> <Delay = 0.00> <Core = "LogicGate">   --->   Core 27 'LogicGate' <Latency = 0> <II = 1> <Delay = 0.80> <FuncUnit> <Opcode : 'and' 'or' 'xor'> <InPorts = 2> <OutPorts = 1>
ST_4 : Operation 101 [1/1] (0.00ns) (grouped into LUT with out node tmp_227_2)   --->   "%tmp_153 = call i5 @_ssdm_op_PartSelect.i5.i13.i32.i32(i13 %p_Val2_2, i32 1, i32 5)" [S1/conv1d.h:814]   --->   Operation 101 'partselect' 'tmp_153' <Predicate = (!exitcond_flatten7)> <Delay = 0.00>
ST_4 : Operation 102 [1/1] (0.00ns) (grouped into LUT with out node tmp_227_2)   --->   "%tmp_154 = call i6 @_ssdm_op_BitConcatenate.i6.i5.i1(i5 %tmp_153, i1 %tmp_152)" [S1/conv1d.h:814]   --->   Operation 102 'bitconcatenate' 'tmp_154' <Predicate = (!exitcond_flatten7)> <Delay = 0.00>
ST_4 : Operation 103 [1/1] (1.18ns) (out node of the LUT)   --->   "%tmp_227_2 = icmp ne i6 %tmp_154, 0" [S1/conv1d.h:814]   --->   Operation 103 'icmp' 'tmp_227_2' <Predicate = (!exitcond_flatten7)> <Delay = 1.18> <Core = "Cmp">   --->   Core 25 'Cmp' <Latency = 0> <II = 1> <Delay = 1.23> <FuncUnit> <Opcode : 'icmp'> <InPorts = 2> <OutPorts = 1>
ST_4 : Operation 104 [1/1] (0.00ns) (grouped into LUT with out node tmp3)   --->   "%qb_assign_2_2 = and i1 %tmp_227_2, %tmp_658" [S1/conv1d.h:814]   --->   Operation 104 'and' 'qb_assign_2_2' <Predicate = (!exitcond_flatten7)> <Delay = 0.00> <Core = "LogicGate">   --->   Core 27 'LogicGate' <Latency = 0> <II = 1> <Delay = 0.80> <FuncUnit> <Opcode : 'and' 'or' 'xor'> <InPorts = 2> <OutPorts = 1>
ST_4 : Operation 105 [1/1] (0.00ns) (grouped into LUT with out node tmp3)   --->   "%tmp_228_2_cast = zext i1 %qb_assign_2_2 to i7" [S1/conv1d.h:827]   --->   Operation 105 'zext' 'tmp_228_2_cast' <Predicate = (!exitcond_flatten7)> <Delay = 0.00>
ST_4 : Operation 106 [1/1] (1.61ns) (out node of the LUT)   --->   "%tmp3 = add i7 %p_Val2_81_2_cast, %tmp_228_2_cast" [S1/conv1d.h:827]   --->   Operation 106 'add' 'tmp3' <Predicate = (!exitcond_flatten7)> <Delay = 1.61> <Core = "AddSub">   --->   Core 14 'AddSub' <Latency = 0> <II = 1> <Delay = 1.71> <FuncUnit> <Opcode : 'add' 'sub'> <InPorts = 2> <OutPorts = 1>
ST_4 : Operation 107 [1/1] (0.00ns)   --->   "%p_0132_3_cast_cast = sext i6 %weights5_m_weights_V_11 to i14" [S1/conv1d.h:814]   --->   Operation 107 'sext' 'p_0132_3_cast_cast' <Predicate = (!exitcond_flatten7)> <Delay = 0.00>
ST_4 : Operation 108 [1/1] (3.61ns)   --->   "%p_Val2_3 = mul i14 %p_08_cast_cast, %p_0132_3_cast_cast" [S1/conv1d.h:814]   --->   Operation 108 'mul' 'p_Val2_3' <Predicate = (!exitcond_flatten7)> <Delay = 3.61> <Core = "Mul">   --->   Core 16 'Mul' <Latency = 0> <II = 1> <Delay = 3.61> <FuncUnit> <Opcode : 'mul'> <InPorts = 2> <OutPorts = 1>
ST_4 : Operation 109 [1/1] (0.00ns) (grouped into LUT with out node tmp_227_3)   --->   "%tmp_660 = call i1 @_ssdm_op_BitSelect.i1.i14.i32(i14 %p_Val2_3, i32 13)" [S1/conv1d.h:814]   --->   Operation 109 'bitselect' 'tmp_660' <Predicate = (!exitcond_flatten7)> <Delay = 0.00>
ST_4 : Operation 110 [1/1] (0.00ns)   --->   "%tmp_161 = call i7 @_ssdm_op_PartSelect.i7.i14.i32.i32(i14 %p_Val2_3, i32 7, i32 13)" [S1/conv1d.h:814]   --->   Operation 110 'partselect' 'tmp_161' <Predicate = (!exitcond_flatten7)> <Delay = 0.00>
ST_4 : Operation 111 [1/1] (0.00ns)   --->   "%tmp_661 = call i1 @_ssdm_op_BitSelect.i1.i14.i32(i14 %p_Val2_3, i32 6)" [S1/conv1d.h:814]   --->   Operation 111 'bitselect' 'tmp_661' <Predicate = (!exitcond_flatten7)> <Delay = 0.00>
ST_4 : Operation 112 [1/1] (0.00ns) (grouped into LUT with out node tmp_227_3)   --->   "%tmp_662 = trunc i14 %p_Val2_3 to i1" [S1/conv1d.h:814]   --->   Operation 112 'trunc' 'tmp_662' <Predicate = (!exitcond_flatten7)> <Delay = 0.00>
ST_4 : Operation 113 [1/1] (0.00ns) (grouped into LUT with out node tmp_227_3)   --->   "%tmp_156 = or i1 %tmp_662, %tmp_660" [S1/conv1d.h:814]   --->   Operation 113 'or' 'tmp_156' <Predicate = (!exitcond_flatten7)> <Delay = 0.00> <Core = "LogicGate">   --->   Core 27 'LogicGate' <Latency = 0> <II = 1> <Delay = 0.80> <FuncUnit> <Opcode : 'and' 'or' 'xor'> <InPorts = 2> <OutPorts = 1>
ST_4 : Operation 114 [1/1] (0.00ns) (grouped into LUT with out node tmp_227_3)   --->   "%tmp_157 = call i5 @_ssdm_op_PartSelect.i5.i14.i32.i32(i14 %p_Val2_3, i32 1, i32 5)" [S1/conv1d.h:814]   --->   Operation 114 'partselect' 'tmp_157' <Predicate = (!exitcond_flatten7)> <Delay = 0.00>
ST_4 : Operation 115 [1/1] (0.00ns) (grouped into LUT with out node tmp_227_3)   --->   "%tmp_158 = call i6 @_ssdm_op_BitConcatenate.i6.i5.i1(i5 %tmp_157, i1 %tmp_156)" [S1/conv1d.h:814]   --->   Operation 115 'bitconcatenate' 'tmp_158' <Predicate = (!exitcond_flatten7)> <Delay = 0.00>
ST_4 : Operation 116 [1/1] (1.18ns) (out node of the LUT)   --->   "%tmp_227_3 = icmp ne i6 %tmp_158, 0" [S1/conv1d.h:814]   --->   Operation 116 'icmp' 'tmp_227_3' <Predicate = (!exitcond_flatten7)> <Delay = 1.18> <Core = "Cmp">   --->   Core 25 'Cmp' <Latency = 0> <II = 1> <Delay = 1.23> <FuncUnit> <Opcode : 'icmp'> <InPorts = 2> <OutPorts = 1>
ST_4 : Operation 117 [1/1] (0.80ns)   --->   "%qb_assign_2_3 = and i1 %tmp_227_3, %tmp_661" [S1/conv1d.h:814]   --->   Operation 117 'and' 'qb_assign_2_3' <Predicate = (!exitcond_flatten7)> <Delay = 0.80> <Core = "LogicGate">   --->   Core 27 'LogicGate' <Latency = 0> <II = 1> <Delay = 0.80> <FuncUnit> <Opcode : 'and' 'or' 'xor'> <InPorts = 2> <OutPorts = 1>

State 5 <SV = 4> <Delay = 8.06>
ST_5 : Operation 118 [1/1] (0.00ns)   --->   "%macRegisters_0_V_5_s = load i8* %macRegisters_0_V_5" [S1/conv1d.h:827]   --->   Operation 118 'load' 'macRegisters_0_V_5_s' <Predicate = (!exitcond_flatten7)> <Delay = 0.00>
ST_5 : Operation 119 [1/1] (0.00ns)   --->   "%macRegisters_1_V_5_s = load i8* %macRegisters_1_V_5" [S1/conv1d.h:827]   --->   Operation 119 'load' 'macRegisters_1_V_5_s' <Predicate = (!exitcond_flatten7)> <Delay = 0.00>
ST_5 : Operation 120 [1/1] (0.00ns)   --->   "%macRegisters_2_V_5_s = load i8* %macRegisters_2_V_5" [S1/conv1d.h:827]   --->   Operation 120 'load' 'macRegisters_2_V_5_s' <Predicate = (!exitcond_flatten7)> <Delay = 0.00>
ST_5 : Operation 121 [1/1] (0.00ns)   --->   "%macRegisters_3_V_5_s = load i8* %macRegisters_3_V_5" [S1/conv1d.h:827]   --->   Operation 121 'load' 'macRegisters_3_V_5_s' <Predicate = (!exitcond_flatten7)> <Delay = 0.00>
ST_5 : Operation 122 [1/1] (0.00ns)   --->   "call void (...)* @_ssdm_op_SpecLoopName([50 x i8]* @loop_ofmChannels_loo)"   --->   Operation 122 'specloopname' <Predicate = (!exitcond_flatten7)> <Delay = 0.00>
ST_5 : Operation 123 [1/1] (0.00ns)   --->   "call void (...)* @_ssdm_op_SpecLoopName([33 x i8]* @loop_neuronFold_loop)"   --->   Operation 123 'specloopname' <Predicate = (!exitcond_flatten7)> <Delay = 0.00>
ST_5 : Operation 124 [1/1] (0.00ns)   --->   "call void (...)* @_ssdm_op_SpecLoopName([17 x i8]* @p_str61) nounwind" [S1/conv1d.h:784]   --->   Operation 124 'specloopname' <Predicate = (!exitcond_flatten7)> <Delay = 0.00>
ST_5 : Operation 125 [1/1] (0.00ns)   --->   "%tmp_140 = call i32 (...)* @_ssdm_op_SpecRegionBegin([17 x i8]* @p_str61)" [S1/conv1d.h:784]   --->   Operation 125 'specregionbegin' 'tmp_140' <Predicate = (!exitcond_flatten7)> <Delay = 0.00>
ST_5 : Operation 126 [1/1] (0.00ns)   --->   "call void (...)* @_ssdm_op_SpecPipeline(i32 1, i32 1, i32 1, i32 0, [1 x i8]* @p_str1) nounwind" [S1/conv1d.h:785]   --->   Operation 126 'specpipeline' <Predicate = (!exitcond_flatten7)> <Delay = 0.00>
ST_5 : Operation 127 [1/1] (0.00ns)   --->   "%tmp1_cast = sext i7 %tmp1 to i8" [S1/conv1d.h:827]   --->   Operation 127 'sext' 'tmp1_cast' <Predicate = (!exitcond_flatten7)> <Delay = 0.00>
ST_5 : Operation 128 [1/1] (1.69ns)   --->   "%macRegisters_0_V = add i8 %tmp1_cast, %macRegisters_0_V_5_s" [S1/conv1d.h:827]   --->   Operation 128 'add' 'macRegisters_0_V' <Predicate = (!exitcond_flatten7)> <Delay = 1.69> <Core = "AddSub">   --->   Core 14 'AddSub' <Latency = 0> <II = 1> <Delay = 1.71> <FuncUnit> <Opcode : 'add' 'sub'> <InPorts = 2> <OutPorts = 1>
ST_5 : Operation 129 [1/1] (0.00ns)   --->   "%tmp2_cast = sext i7 %tmp2 to i8" [S1/conv1d.h:827]   --->   Operation 129 'sext' 'tmp2_cast' <Predicate = (!exitcond_flatten7)> <Delay = 0.00>
ST_5 : Operation 130 [1/1] (1.69ns)   --->   "%macRegisters_1_V = add i8 %tmp2_cast, %macRegisters_1_V_5_s" [S1/conv1d.h:827]   --->   Operation 130 'add' 'macRegisters_1_V' <Predicate = (!exitcond_flatten7)> <Delay = 1.69> <Core = "AddSub">   --->   Core 14 'AddSub' <Latency = 0> <II = 1> <Delay = 1.71> <FuncUnit> <Opcode : 'add' 'sub'> <InPorts = 2> <OutPorts = 1>
ST_5 : Operation 131 [1/1] (0.00ns)   --->   "%tmp3_cast = sext i7 %tmp3 to i8" [S1/conv1d.h:827]   --->   Operation 131 'sext' 'tmp3_cast' <Predicate = (!exitcond_flatten7)> <Delay = 0.00>
ST_5 : Operation 132 [1/1] (1.69ns)   --->   "%macRegisters_2_V = add i8 %tmp3_cast, %macRegisters_2_V_5_s" [S1/conv1d.h:827]   --->   Operation 132 'add' 'macRegisters_2_V' <Predicate = (!exitcond_flatten7)> <Delay = 1.69> <Core = "AddSub">   --->   Core 14 'AddSub' <Latency = 0> <II = 1> <Delay = 1.71> <FuncUnit> <Opcode : 'add' 'sub'> <InPorts = 2> <OutPorts = 1>
ST_5 : Operation 133 [1/1] (0.00ns)   --->   "%tmp_162 = sext i7 %tmp_161 to i8" [S1/conv1d.h:814]   --->   Operation 133 'sext' 'tmp_162' <Predicate = (!exitcond_flatten7)> <Delay = 0.00>
ST_5 : Operation 134 [1/1] (0.00ns)   --->   "%tmp_228_3 = zext i1 %qb_assign_2_3 to i8" [S1/conv1d.h:814]   --->   Operation 134 'zext' 'tmp_228_3' <Predicate = (!exitcond_flatten7)> <Delay = 0.00>
ST_5 : Operation 135 [1/1] (0.00ns) (grouped into TernaryAdder)   --->   "%tmp4 = add i8 %macRegisters_3_V_5_s, %tmp_228_3" [S1/conv1d.h:827]   --->   Operation 135 'add' 'tmp4' <Predicate = (!exitcond_flatten7)> <Delay = 0.00> <Core = "TAddSub">   --->   Core 80 'TAddSub' <Latency = 0> <II = 1> <Delay = 1.48> <IPBlock> <Opcode : 'add' 'sub'> <InPorts = 3> <OutPorts = 1> <Sync> <CReg>
ST_5 : Operation 136 [1/1] (2.96ns) (root node of TernaryAdder)   --->   "%macRegisters_3_V = add i8 %tmp4, %tmp_162" [S1/conv1d.h:827]   --->   Operation 136 'add' 'macRegisters_3_V' <Predicate = (!exitcond_flatten7)> <Delay = 2.96> <Core = "TAddSub">   --->   Core 80 'TAddSub' <Latency = 0> <II = 1> <Delay = 1.48> <IPBlock> <Opcode : 'add' 'sub'> <InPorts = 3> <OutPorts = 1> <Sync> <CReg>
ST_5 : Operation 137 [1/1] (1.30ns)   --->   "store i8 %macRegisters_3_V, i8* %macRegisters_3_V_5" [S1/conv1d.h:835]   --->   Operation 137 'store' <Predicate = (!tmp_100)> <Delay = 1.30>
ST_5 : Operation 138 [1/1] (1.30ns)   --->   "store i8 %macRegisters_2_V, i8* %macRegisters_2_V_5" [S1/conv1d.h:835]   --->   Operation 138 'store' <Predicate = (!tmp_100)> <Delay = 1.30>
ST_5 : Operation 139 [1/1] (1.30ns)   --->   "store i8 %macRegisters_1_V, i8* %macRegisters_1_V_5" [S1/conv1d.h:835]   --->   Operation 139 'store' <Predicate = (!tmp_100)> <Delay = 1.30>
ST_5 : Operation 140 [1/1] (1.30ns)   --->   "store i8 %macRegisters_0_V, i8* %macRegisters_0_V_5" [S1/conv1d.h:835]   --->   Operation 140 'store' <Predicate = (!tmp_100)> <Delay = 1.30>
ST_5 : Operation 141 [1/1] (0.00ns)   --->   "br label %._crit_edge" [S1/conv1d.h:838]   --->   Operation 141 'br' <Predicate = (!tmp_100)> <Delay = 0.00>
ST_5 : Operation 142 [1/1] (0.00ns) (grouped into LUT with out node p_Val2_5)   --->   "%tmp_163 = call i8 @_ssdm_op_Mux.ap_auto.16i8.i4(i8 0, i8 0, i8 0, i8 15, i8 0, i8 0, i8 7, i8 0, i8 0, i8 1, i8 0, i8 8, i8 0, i8 0, i8 -3, i8 -3, i4 %nm_t_mid2)" [S1/conv1d.h:784]   --->   Operation 142 'mux' 'tmp_163' <Predicate = (tmp_100)> <Delay = 0.00> <Core = "MuxnS">   --->   Core 31 'MuxnS' <Latency = 0> <II = 1> <Delay = 1.67> <FuncUnit> <Opcode : 'mux'> <InPorts = 2> <OutPorts = 1>
ST_5 : Operation 143 [1/1] (1.69ns) (out node of the LUT)   --->   "%p_Val2_5 = add i8 %macRegisters_0_V, %tmp_163" [S1/conv1d.h:850]   --->   Operation 143 'add' 'p_Val2_5' <Predicate = (tmp_100)> <Delay = 1.69> <Core = "AddSub">   --->   Core 14 'AddSub' <Latency = 0> <II = 1> <Delay = 1.71> <FuncUnit> <Opcode : 'add' 'sub'> <InPorts = 2> <OutPorts = 1>
ST_5 : Operation 144 [1/1] (0.00ns) (grouped into LUT with out node p_Val2_22_1)   --->   "%tmp_164 = call i8 @_ssdm_op_Mux.ap_auto.16i8.i4(i8 6, i8 2, i8 0, i8 0, i8 10, i8 0, i8 2, i8 0, i8 15, i8 0, i8 0, i8 0, i8 0, i8 9, i8 17, i8 0, i4 %nm_t_mid2)" [S1/conv1d.h:784]   --->   Operation 144 'mux' 'tmp_164' <Predicate = (tmp_100)> <Delay = 0.00> <Core = "MuxnS">   --->   Core 31 'MuxnS' <Latency = 0> <II = 1> <Delay = 1.67> <FuncUnit> <Opcode : 'mux'> <InPorts = 2> <OutPorts = 1>
ST_5 : Operation 145 [1/1] (1.69ns) (out node of the LUT)   --->   "%p_Val2_22_1 = add i8 %macRegisters_1_V, %tmp_164" [S1/conv1d.h:850]   --->   Operation 145 'add' 'p_Val2_22_1' <Predicate = (tmp_100)> <Delay = 1.69> <Core = "AddSub">   --->   Core 14 'AddSub' <Latency = 0> <II = 1> <Delay = 1.71> <FuncUnit> <Opcode : 'add' 'sub'> <InPorts = 2> <OutPorts = 1>
ST_5 : Operation 146 [1/1] (0.00ns) (grouped into LUT with out node p_Val2_22_2)   --->   "%tmp_165 = call i8 @_ssdm_op_Mux.ap_auto.16i8.i4(i8 2, i8 0, i8 0, i8 6, i8 6, i8 0, i8 0, i8 0, i8 11, i8 0, i8 0, i8 4, i8 5, i8 0, i8 3, i8 -5, i4 %nm_t_mid2)" [S1/conv1d.h:784]   --->   Operation 146 'mux' 'tmp_165' <Predicate = (tmp_100)> <Delay = 0.00> <Core = "MuxnS">   --->   Core 31 'MuxnS' <Latency = 0> <II = 1> <Delay = 1.67> <FuncUnit> <Opcode : 'mux'> <InPorts = 2> <OutPorts = 1>
ST_5 : Operation 147 [1/1] (1.69ns) (out node of the LUT)   --->   "%p_Val2_22_2 = add i8 %macRegisters_2_V, %tmp_165" [S1/conv1d.h:850]   --->   Operation 147 'add' 'p_Val2_22_2' <Predicate = (tmp_100)> <Delay = 1.69> <Core = "AddSub">   --->   Core 14 'AddSub' <Latency = 0> <II = 1> <Delay = 1.71> <FuncUnit> <Opcode : 'add' 'sub'> <InPorts = 2> <OutPorts = 1>
ST_5 : Operation 148 [1/1] (0.00ns) (grouped into LUT with out node p_Val2_22_3)   --->   "%tmp_166 = call i8 @_ssdm_op_Mux.ap_auto.16i8.i4(i8 0, i8 0, i8 -9, i8 0, i8 0, i8 9, i8 8, i8 0, i8 0, i8 0, i8 2, i8 0, i8 11, i8 0, i8 0, i8 0, i4 %nm_t_mid2)" [S1/conv1d.h:784]   --->   Operation 148 'mux' 'tmp_166' <Predicate = (tmp_100)> <Delay = 0.00> <Core = "MuxnS">   --->   Core 31 'MuxnS' <Latency = 0> <II = 1> <Delay = 1.67> <FuncUnit> <Opcode : 'mux'> <InPorts = 2> <OutPorts = 1>
ST_5 : Operation 149 [1/1] (1.69ns) (out node of the LUT)   --->   "%p_Val2_22_3 = add i8 %macRegisters_3_V, %tmp_166" [S1/conv1d.h:850]   --->   Operation 149 'add' 'p_Val2_22_3' <Predicate = (tmp_100)> <Delay = 1.69> <Core = "AddSub">   --->   Core 14 'AddSub' <Latency = 0> <II = 1> <Delay = 1.71> <FuncUnit> <Opcode : 'add' 'sub'> <InPorts = 2> <OutPorts = 1>
ST_5 : Operation 150 [1/1] (0.00ns)   --->   "%tmp_V_53 = call i32 @_ssdm_op_BitConcatenate.i32.i8.i8.i8.i8(i8 %p_Val2_22_3, i8 %p_Val2_22_2, i8 %p_Val2_22_1, i8 %p_Val2_5)" [S1/conv1d.h:861]   --->   Operation 150 'bitconcatenate' 'tmp_V_53' <Predicate = (tmp_100)> <Delay = 0.00>
ST_5 : Operation 151 [1/1] (3.40ns)   --->   "call void @_ssdm_op_Write.ap_fifo.volatile.i32P(i32* %out_V_V, i32 %tmp_V_53)" [S1/conv1d.h:867]   --->   Operation 151 'write' <Predicate = (tmp_100)> <Delay = 3.40> <Core = "FIFO">   --->   Core 32 'FIFO' <Latency = 0> <II = 1> <Delay = 3.40> <Storage> <Opcode : 'read' 'write' 'nbread' 'nbwrite'> <Ports = 0> <Width = 32> <Depth = 2> <FIFO>
ST_5 : Operation 152 [1/1] (1.30ns)   --->   "store i8 0, i8* %macRegisters_3_V_5"   --->   Operation 152 'store' <Predicate = (tmp_100)> <Delay = 1.30>
ST_5 : Operation 153 [1/1] (1.30ns)   --->   "store i8 0, i8* %macRegisters_2_V_5"   --->   Operation 153 'store' <Predicate = (tmp_100)> <Delay = 1.30>
ST_5 : Operation 154 [1/1] (1.30ns)   --->   "store i8 0, i8* %macRegisters_1_V_5"   --->   Operation 154 'store' <Predicate = (tmp_100)> <Delay = 1.30>
ST_5 : Operation 155 [1/1] (1.30ns)   --->   "store i8 0, i8* %macRegisters_0_V_5"   --->   Operation 155 'store' <Predicate = (tmp_100)> <Delay = 1.30>
ST_5 : Operation 156 [1/1] (0.00ns)   --->   "br label %._crit_edge" [S1/conv1d.h:868]   --->   Operation 156 'br' <Predicate = (tmp_100)> <Delay = 0.00>
ST_5 : Operation 157 [1/1] (0.00ns)   --->   "%empty = call i32 (...)* @_ssdm_op_SpecRegionEnd([17 x i8]* @p_str61, i32 %tmp_140)" [S1/conv1d.h:869]   --->   Operation 157 'specregionend' 'empty' <Predicate = (!exitcond_flatten7)> <Delay = 0.00>
ST_5 : Operation 158 [1/1] (0.00ns)   --->   "br label %0"   --->   Operation 158 'br' <Predicate = (!exitcond_flatten7)> <Delay = 0.00>

State 6 <SV = 2> <Delay = 0.00>
ST_6 : Operation 159 [1/1] (0.00ns)   --->   "ret void" [S1/conv1d.h:875]   --->   Operation 159 'ret' <Predicate = true> <Delay = 0.00>


============================================================
+ Verbose Summary: Timing violations
============================================================
Target clock period: 10ns, clock uncertainty: 1.25ns.

 <State 1>: 1.3ns
The critical path consists of the following:
	'alloca' operation ('macRegisters[0].V') [7]  (0 ns)
	'store' operation of constant 0 on local variable 'macRegisters[0].V' [16]  (1.3 ns)

 <State 2>: 8.62ns
The critical path consists of the following:
	'phi' operation ('indvar_flatten') with incoming values : ('indvar_flatten_next') [20]  (0 ns)
	'icmp' operation ('exitcond_flatten') [34]  (1.61 ns)
	'select' operation ('nm_mid', S1/conv1d.h:784) [35]  (0.976 ns)
	'add' operation ('nm', S1/conv1d.h:783) [41]  (1.57 ns)
	'select' operation ('tmp_96_mid2', S1/conv1d.h:808) [47]  (0 ns)
	'add' operation ('tmp_98', S1/conv1d.h:808) [55]  (1.7 ns)
	'getelementptr' operation ('weights5_m_weights_V_10', S1/conv1d.h:808) [113]  (0 ns)
	'load' operation ('weights5_m_weights_V_11', S1/conv1d.h:808) on array 'weights5_m_weights_V_3' [114]  (2.77 ns)

 <State 3>: 3.4ns
The critical path consists of the following:
	fifo read on port 'in_V_V' (S1/conv1d.h:787) [54]  (3.4 ns)

 <State 4>: 6.41ns
The critical path consists of the following:
	'mul' operation ('p_Val2_2', S1/conv1d.h:814) [98]  (3.61 ns)
	'icmp' operation ('tmp_227_2', S1/conv1d.h:814) [107]  (1.19 ns)
	'and' operation ('qb_assign_2_2', S1/conv1d.h:814) [108]  (0 ns)
	'add' operation ('tmp3', S1/conv1d.h:827) [110]  (1.61 ns)

 <State 5>: 8.06ns
The critical path consists of the following:
	'load' operation ('macRegisters_3_V_5_s', S1/conv1d.h:827) on local variable 'macRegisters[3].V' [32]  (0 ns)
	'add' operation ('tmp4', S1/conv1d.h:827) [128]  (0 ns)
	'add' operation ('macRegisters[3].V', S1/conv1d.h:827) [129]  (2.97 ns)
	'add' operation ('p_Val2_22_3', S1/conv1d.h:850) [146]  (1.7 ns)
	fifo write on port 'out_V_V' (S1/conv1d.h:867) [148]  (3.4 ns)

 <State 6>: 0ns
The critical path consists of the following:


============================================================
+ Verbose Summary: Binding
============================================================
N/A
* FSMD analyzer results:
  - Output states:
 - Input state : 
  - Chain level:
	State 1
	State 2
	State 3
	State 4
	State 5
	State 6


============================================================
+ Verbose Summary: Datapath Resource usage 
============================================================
N/A
