

================================================================
== Vivado HLS Report for 'Conv1DMac_new'
================================================================
* Date:           Wed Apr 26 21:03:07 2023

* Version:        2018.2 (Build 2258646 on Thu Jun 14 20:25:20 MDT 2018)
* Project:        S1
* Solution:       solution1
* Product family: zynq
* Target device:  xc7z045ffg900-2


================================================================
== Performance Estimates
================================================================
+ Timing (ns): 
    * Summary: 
    +--------+-------+----------+------------+
    |  Clock | Target| Estimated| Uncertainty|
    +--------+-------+----------+------------+
    |ap_clk  |  10.00|     8.369|        1.25|
    +--------+-------+----------+------------+

+ Latency (clock cycles): 
    * Summary: 
    +---------+---------+---------+---------+---------+
    |      Latency      |      Interval     | Pipeline|
    |   min   |   max   |   min   |   max   |   Type  |
    +---------+---------+---------+---------+---------+
    |  4194308|  4194308|  4194308|  4194308|   none  |
    +---------+---------+---------+---------+---------+

    + Detail: 
        * Instance: 
        N/A

        * Loop: 
        +-----------------------------------------------------+---------+---------+----------+-----------+-----------+---------+----------+
        |                                                     |      Latency      | Iteration|  Initiation Interval  |   Trip  |          |
        |                      Loop Name                      |   min   |   max   |  Latency |  achieved |   target  |  Count  | Pipelined|
        +-----------------------------------------------------+---------+---------+----------+-----------+-----------+---------+----------+
        |- loop_ofmChannels_loop_neuronFold_loop_synapseFold  |  4194306|  4194306|         4|          1|          1|  4194304|    yes   |
        +-----------------------------------------------------+---------+---------+----------+-----------+-----------+---------+----------+

============================================================
+ Verbose Summary: Synthesis Manager
============================================================
InlineROM: 1
ExposeGlobal: 0
============================================================
+ Verbose Summary: CDFG Model
============================================================
IsTopModel: 0
ResetActiveHigh: 1
IsCombinational: 2
IsDatapathOnly: 0
HasWiredReturn: 1
HasMFsm: 0
HasVarLatency: 1
IsPipeline: 0
IsRtlPipelined: 0
IsInstanceOverlapped: 0
IsDontTouch: 0
HasImplIP: 0
IsGatedGlobalClock: 0

+ Individual pipeline summary: 
  * Pipeline-0: initiation interval (II) = 1, depth = 4


============================================================
+ Verbose Summary: Schedule
============================================================
* Number of FSM states : 6
* Pipeline : 1
  Pipeline-0 : II = 1, D = 4, States = { 2 3 4 5 }
* Dataflow Pipeline: 0

* FSM state transitions: 
1 --> 
	2  / true
2 --> 
	6  / (exitcond_flatten8)
	3  / (!exitcond_flatten8)
3 --> 
	4  / true
4 --> 
	5  / true
5 --> 
	2  / true
6 --> 

* FSM state operations: 

State 1 <SV = 0> <Delay = 1.30>
ST_1 : Operation 7 [1/1] (0.00ns)   --->   "%macRegisters_0_V_6 = alloca i8"   --->   Operation 7 'alloca' 'macRegisters_0_V_6' <Predicate = true> <Delay = 0.00>
ST_1 : Operation 8 [1/1] (0.00ns)   --->   "%macRegisters_1_V_6 = alloca i8"   --->   Operation 8 'alloca' 'macRegisters_1_V_6' <Predicate = true> <Delay = 0.00>
ST_1 : Operation 9 [1/1] (0.00ns)   --->   "%macRegisters_2_V_6 = alloca i8"   --->   Operation 9 'alloca' 'macRegisters_2_V_6' <Predicate = true> <Delay = 0.00>
ST_1 : Operation 10 [1/1] (0.00ns)   --->   "%macRegisters_3_V_6 = alloca i8"   --->   Operation 10 'alloca' 'macRegisters_3_V_6' <Predicate = true> <Delay = 0.00>
ST_1 : Operation 11 [1/1] (0.00ns)   --->   "call void (...)* @_ssdm_op_SpecInterface(i32* %out_V_V, [8 x i8]* @ap_fifo_str, i32 0, i32 0, [1 x i8]* @p_str564, i32 0, i32 0, [1 x i8]* @p_str565, [1 x i8]* @p_str566, [1 x i8]* @p_str567, i32 2, i32 2, i32 16, i32 16, [1 x i8]* @p_str568, [1 x i8]* @p_str569)"   --->   Operation 11 'specinterface' <Predicate = true> <Delay = 0.00>
ST_1 : Operation 12 [1/1] (0.00ns)   --->   "call void (...)* @_ssdm_op_SpecInterface(i8* %in_V_V, [8 x i8]* @ap_fifo_str, i32 0, i32 0, [1 x i8]* @p_str557, i32 0, i32 0, [1 x i8]* @p_str558, [1 x i8]* @p_str559, [1 x i8]* @p_str560, i32 2, i32 2, i32 16, i32 16, [1 x i8]* @p_str561, [1 x i8]* @p_str562)"   --->   Operation 12 'specinterface' <Predicate = true> <Delay = 0.00>
ST_1 : Operation 13 [1/1] (1.30ns)   --->   "store i8 0, i8* %macRegisters_3_V_6"   --->   Operation 13 'store' <Predicate = true> <Delay = 1.30>
ST_1 : Operation 14 [1/1] (1.30ns)   --->   "store i8 0, i8* %macRegisters_2_V_6"   --->   Operation 14 'store' <Predicate = true> <Delay = 1.30>
ST_1 : Operation 15 [1/1] (1.30ns)   --->   "store i8 0, i8* %macRegisters_1_V_6"   --->   Operation 15 'store' <Predicate = true> <Delay = 1.30>
ST_1 : Operation 16 [1/1] (1.30ns)   --->   "store i8 0, i8* %macRegisters_0_V_6"   --->   Operation 16 'store' <Predicate = true> <Delay = 1.30>
ST_1 : Operation 17 [1/1] (1.30ns)   --->   "br label %0" [S1/conv1d.h:782]   --->   Operation 17 'br' <Predicate = true> <Delay = 1.30>

State 2 <SV = 1> <Delay = 5.85>
ST_2 : Operation 18 [1/1] (0.00ns)   --->   "%indvar_flatten8 = phi i23 [ 0, %.preheader177.preheader ], [ %indvar_flatten_next8, %._crit_edge ]"   --->   Operation 18 'phi' 'indvar_flatten8' <Predicate = true> <Delay = 0.00>
ST_2 : Operation 19 [1/1] (0.00ns)   --->   "%indvar_flatten = phi i12 [ 0, %.preheader177.preheader ], [ %indvar_flatten_next, %._crit_edge ]"   --->   Operation 19 'phi' 'indvar_flatten' <Predicate = true> <Delay = 0.00>
ST_2 : Operation 20 [1/1] (0.00ns)   --->   "%nm = phi i5 [ 0, %.preheader177.preheader ], [ %nm_mid2, %._crit_edge ]" [S1/conv1d.h:784]   --->   Operation 20 'phi' 'nm' <Predicate = true> <Delay = 0.00>
ST_2 : Operation 21 [1/1] (0.00ns)   --->   "%sf = phi i7 [ 0, %.preheader177.preheader ], [ %sf_1, %._crit_edge ]"   --->   Operation 21 'phi' 'sf' <Predicate = true> <Delay = 0.00>
ST_2 : Operation 22 [1/1] (0.00ns)   --->   "%tmp = trunc i5 %nm to i4" [S1/conv1d.h:784]   --->   Operation 22 'trunc' 'tmp' <Predicate = true> <Delay = 0.00>
ST_2 : Operation 23 [1/1] (0.00ns)   --->   "%tmp_84 = call i10 @_ssdm_op_BitConcatenate.i10.i4.i6(i4 %tmp, i6 0)" [S1/conv1d.h:808]   --->   Operation 23 'bitconcatenate' 'tmp_84' <Predicate = true> <Delay = 0.00>
ST_2 : Operation 24 [1/1] (2.02ns)   --->   "%exitcond_flatten8 = icmp eq i23 %indvar_flatten8, -4194304"   --->   Operation 24 'icmp' 'exitcond_flatten8' <Predicate = true> <Delay = 2.02> <Core = "Cmp">   --->   Core 25 'Cmp' <Latency = 0> <II = 1> <Delay = 1.23> <FuncUnit> <Opcode : 'icmp'> <InPorts = 2> <OutPorts = 1>
ST_2 : Operation 25 [1/1] (1.95ns)   --->   "%indvar_flatten_next8 = add i23 1, %indvar_flatten8"   --->   Operation 25 'add' 'indvar_flatten_next8' <Predicate = true> <Delay = 1.95> <Core = "AddSub">   --->   Core 14 'AddSub' <Latency = 0> <II = 1> <Delay = 1.71> <FuncUnit> <Opcode : 'add' 'sub'> <InPorts = 2> <OutPorts = 1>
ST_2 : Operation 26 [1/1] (0.00ns)   --->   "br i1 %exitcond_flatten8, label %1, label %.preheader177"   --->   Operation 26 'br' <Predicate = true> <Delay = 0.00>
ST_2 : Operation 27 [1/1] (1.60ns)   --->   "%exitcond_flatten = icmp eq i12 %indvar_flatten, 1024"   --->   Operation 27 'icmp' 'exitcond_flatten' <Predicate = (!exitcond_flatten8)> <Delay = 1.60> <Core = "Cmp">   --->   Core 25 'Cmp' <Latency = 0> <II = 1> <Delay = 1.23> <FuncUnit> <Opcode : 'icmp'> <InPorts = 2> <OutPorts = 1>
ST_2 : Operation 28 [1/1] (0.97ns)   --->   "%nm_mid = select i1 %exitcond_flatten, i5 0, i5 %nm" [S1/conv1d.h:784]   --->   Operation 28 'select' 'nm_mid' <Predicate = (!exitcond_flatten8)> <Delay = 0.97> <Core = "Sel">   --->   Core 26 'Sel' <Latency = 0> <II = 1> <Delay = 0.59> <FuncUnit> <Opcode : 'select'> <InPorts = 3> <OutPorts = 1>
ST_2 : Operation 29 [1/1] (0.00ns) (grouped into LUT with out node tmp_86)   --->   "%tmp_84_mid = select i1 %exitcond_flatten, i10 0, i10 %tmp_84" [S1/conv1d.h:808]   --->   Operation 29 'select' 'tmp_84_mid' <Predicate = (!exitcond_flatten8)> <Delay = 0.00> <Core = "Sel">   --->   Core 26 'Sel' <Latency = 0> <II = 1> <Delay = 0.59> <FuncUnit> <Opcode : 'select'> <InPorts = 3> <OutPorts = 1>
ST_2 : Operation 30 [1/1] (0.00ns) (grouped into LUT with out node nm_t_mid2)   --->   "%nm_t_mid = select i1 %exitcond_flatten, i4 0, i4 %tmp" [S1/conv1d.h:784]   --->   Operation 30 'select' 'nm_t_mid' <Predicate = (!exitcond_flatten8)> <Delay = 0.00> <Core = "Sel">   --->   Core 26 'Sel' <Latency = 0> <II = 1> <Delay = 0.59> <FuncUnit> <Opcode : 'select'> <InPorts = 3> <OutPorts = 1>
ST_2 : Operation 31 [1/1] (0.00ns) (grouped into LUT with out node tmp_85_mid)   --->   "%not_exitcond_flatten = xor i1 %exitcond_flatten, true" [S1/conv1d.h:784]   --->   Operation 31 'xor' 'not_exitcond_flatten' <Predicate = (!exitcond_flatten8)> <Delay = 0.00> <Core = "LogicGate">   --->   Core 27 'LogicGate' <Latency = 0> <II = 1> <Delay = 0.80> <FuncUnit> <Opcode : 'and' 'or' 'xor'> <InPorts = 2> <OutPorts = 1>
ST_2 : Operation 32 [1/1] (1.23ns)   --->   "%tmp_360 = icmp eq i7 %sf, -64" [S1/conv1d.h:784]   --->   Operation 32 'icmp' 'tmp_360' <Predicate = (!exitcond_flatten8)> <Delay = 1.23> <Core = "Cmp">   --->   Core 25 'Cmp' <Latency = 0> <II = 1> <Delay = 1.23> <FuncUnit> <Opcode : 'icmp'> <InPorts = 2> <OutPorts = 1>
ST_2 : Operation 33 [1/1] (0.80ns) (out node of the LUT)   --->   "%tmp_85_mid = and i1 %tmp_360, %not_exitcond_flatten" [S1/conv1d.h:784]   --->   Operation 33 'and' 'tmp_85_mid' <Predicate = (!exitcond_flatten8)> <Delay = 0.80> <Core = "LogicGate">   --->   Core 27 'LogicGate' <Latency = 0> <II = 1> <Delay = 0.80> <FuncUnit> <Opcode : 'and' 'or' 'xor'> <InPorts = 2> <OutPorts = 1>
ST_2 : Operation 34 [1/1] (1.56ns)   --->   "%nm_1 = add i5 1, %nm_mid" [S1/conv1d.h:783]   --->   Operation 34 'add' 'nm_1' <Predicate = (!exitcond_flatten8)> <Delay = 1.56> <Core = "AddSub">   --->   Core 14 'AddSub' <Latency = 0> <II = 1> <Delay = 1.71> <FuncUnit> <Opcode : 'add' 'sub'> <InPorts = 2> <OutPorts = 1>
ST_2 : Operation 35 [1/1] (0.00ns) (grouped into LUT with out node sf_mid2)   --->   "%tmp_361 = or i1 %tmp_85_mid, %exitcond_flatten" [S1/conv1d.h:784]   --->   Operation 35 'or' 'tmp_361' <Predicate = (!exitcond_flatten8)> <Delay = 0.00> <Core = "LogicGate">   --->   Core 27 'LogicGate' <Latency = 0> <II = 1> <Delay = 0.80> <FuncUnit> <Opcode : 'and' 'or' 'xor'> <InPorts = 2> <OutPorts = 1>
ST_2 : Operation 36 [1/1] (0.80ns) (out node of the LUT)   --->   "%sf_mid2 = select i1 %tmp_361, i7 0, i7 %sf" [S1/conv1d.h:784]   --->   Operation 36 'select' 'sf_mid2' <Predicate = (!exitcond_flatten8)> <Delay = 0.80> <Core = "Sel">   --->   Core 26 'Sel' <Latency = 0> <II = 1> <Delay = 0.59> <FuncUnit> <Opcode : 'select'> <InPorts = 3> <OutPorts = 1>
ST_2 : Operation 37 [1/1] (0.00ns)   --->   "%tmp_663 = trunc i5 %nm_1 to i4" [S1/conv1d.h:783]   --->   Operation 37 'trunc' 'tmp_663' <Predicate = (!exitcond_flatten8)> <Delay = 0.00>
ST_2 : Operation 38 [1/1] (0.00ns) (grouped into LUT with out node tmp_86)   --->   "%tmp_84_mid1 = call i10 @_ssdm_op_BitConcatenate.i10.i4.i6(i4 %tmp_663, i6 0)" [S1/conv1d.h:808]   --->   Operation 38 'bitconcatenate' 'tmp_84_mid1' <Predicate = (!exitcond_flatten8)> <Delay = 0.00>
ST_2 : Operation 39 [1/1] (0.00ns) (grouped into LUT with out node tmp_86)   --->   "%tmp_84_mid2 = select i1 %tmp_85_mid, i10 %tmp_84_mid1, i10 %tmp_84_mid" [S1/conv1d.h:808]   --->   Operation 39 'select' 'tmp_84_mid2' <Predicate = (!exitcond_flatten8)> <Delay = 0.00> <Core = "Sel">   --->   Core 26 'Sel' <Latency = 0> <II = 1> <Delay = 0.59> <FuncUnit> <Opcode : 'select'> <InPorts = 3> <OutPorts = 1>
ST_2 : Operation 40 [1/1] (0.83ns) (out node of the LUT)   --->   "%nm_t_mid2 = select i1 %tmp_85_mid, i4 %tmp_663, i4 %nm_t_mid" [S1/conv1d.h:784]   --->   Operation 40 'select' 'nm_t_mid2' <Predicate = (!exitcond_flatten8)> <Delay = 0.83> <Core = "Sel">   --->   Core 26 'Sel' <Latency = 0> <II = 1> <Delay = 0.59> <FuncUnit> <Opcode : 'select'> <InPorts = 3> <OutPorts = 1>
ST_2 : Operation 41 [1/1] (0.97ns)   --->   "%nm_mid2 = select i1 %tmp_85_mid, i5 %nm_1, i5 %nm_mid" [S1/conv1d.h:784]   --->   Operation 41 'select' 'nm_mid2' <Predicate = (!exitcond_flatten8)> <Delay = 0.97> <Core = "Sel">   --->   Core 26 'Sel' <Latency = 0> <II = 1> <Delay = 0.59> <FuncUnit> <Opcode : 'select'> <InPorts = 3> <OutPorts = 1>
ST_2 : Operation 42 [1/1] (0.00ns) (grouped into LUT with out node tmp_86)   --->   "%sf_cast1 = zext i7 %sf_mid2 to i10" [S1/conv1d.h:784]   --->   Operation 42 'zext' 'sf_cast1' <Predicate = (!exitcond_flatten8)> <Delay = 0.00>
ST_2 : Operation 43 [1/1] (1.70ns) (out node of the LUT)   --->   "%tmp_86 = add i10 %sf_cast1, %tmp_84_mid2" [S1/conv1d.h:808]   --->   Operation 43 'add' 'tmp_86' <Predicate = (!exitcond_flatten8)> <Delay = 1.70> <Core = "AddSub">   --->   Core 14 'AddSub' <Latency = 0> <II = 1> <Delay = 1.71> <FuncUnit> <Opcode : 'add' 'sub'> <InPorts = 2> <OutPorts = 1>
ST_2 : Operation 44 [1/1] (1.23ns)   --->   "%tmp_88 = icmp eq i7 %sf_mid2, 63" [S1/conv1d.h:838]   --->   Operation 44 'icmp' 'tmp_88' <Predicate = (!exitcond_flatten8)> <Delay = 1.23> <Core = "Cmp">   --->   Core 25 'Cmp' <Latency = 0> <II = 1> <Delay = 1.23> <FuncUnit> <Opcode : 'icmp'> <InPorts = 2> <OutPorts = 1>
ST_2 : Operation 45 [1/1] (0.00ns)   --->   "br i1 %tmp_88, label %.preheader.0, label %.preheader177.._crit_edge_crit_edge" [S1/conv1d.h:838]   --->   Operation 45 'br' <Predicate = (!exitcond_flatten8)> <Delay = 0.00>
ST_2 : Operation 46 [1/1] (1.65ns)   --->   "%sf_1 = add i7 %sf_mid2, 1" [S1/conv1d.h:784]   --->   Operation 46 'add' 'sf_1' <Predicate = (!exitcond_flatten8)> <Delay = 1.65> <Core = "AddSub">   --->   Core 14 'AddSub' <Latency = 0> <II = 1> <Delay = 1.71> <FuncUnit> <Opcode : 'add' 'sub'> <InPorts = 2> <OutPorts = 1>
ST_2 : Operation 47 [1/1] (1.71ns)   --->   "%indvar_flatten_op = add i12 %indvar_flatten, 1"   --->   Operation 47 'add' 'indvar_flatten_op' <Predicate = (!exitcond_flatten8)> <Delay = 1.71> <Core = "AddSub">   --->   Core 14 'AddSub' <Latency = 0> <II = 1> <Delay = 1.71> <FuncUnit> <Opcode : 'add' 'sub'> <InPorts = 2> <OutPorts = 1>
ST_2 : Operation 48 [1/1] (0.59ns)   --->   "%indvar_flatten_next = select i1 %exitcond_flatten, i12 1, i12 %indvar_flatten_op"   --->   Operation 48 'select' 'indvar_flatten_next' <Predicate = (!exitcond_flatten8)> <Delay = 0.59> <Core = "Sel">   --->   Core 26 'Sel' <Latency = 0> <II = 1> <Delay = 0.59> <FuncUnit> <Opcode : 'select'> <InPorts = 3> <OutPorts = 1>

State 3 <SV = 2> <Delay = 3.40>
ST_3 : Operation 49 [1/1] (3.40ns)   --->   "%tmp_V = call i8 @_ssdm_op_Read.ap_fifo.volatile.i8P(i8* %in_V_V)" [S1/conv1d.h:787]   --->   Operation 49 'read' 'tmp_V' <Predicate = (!exitcond_flatten8)> <Delay = 3.40> <Core = "FIFO">   --->   Core 32 'FIFO' <Latency = 0> <II = 1> <Delay = 3.40> <Storage> <Opcode : 'read' 'write' 'nbread' 'nbwrite'> <Ports = 0> <Width = 32> <Depth = 2> <FIFO>
ST_3 : Operation 50 [1/1] (0.00ns)   --->   "%tmp_87 = zext i10 %tmp_86 to i64" [S1/conv1d.h:808]   --->   Operation 50 'zext' 'tmp_87' <Predicate = (!exitcond_flatten8)> <Delay = 0.00>
ST_3 : Operation 51 [1/1] (0.00ns)   --->   "%weights3_m_weights_V_4 = getelementptr [1024 x i8]* @weights3_m_weights_V, i64 0, i64 %tmp_87" [S1/conv1d.h:808]   --->   Operation 51 'getelementptr' 'weights3_m_weights_V_4' <Predicate = (!exitcond_flatten8)> <Delay = 0.00>
ST_3 : Operation 52 [2/2] (2.77ns)   --->   "%weights3_m_weights_V_5 = load i8* %weights3_m_weights_V_4, align 1" [S1/conv1d.h:808]   --->   Operation 52 'load' 'weights3_m_weights_V_5' <Predicate = (!exitcond_flatten8)> <Delay = 2.77> <Core = "ROM_nP">   --->   Core 48 'ROM_nP' <Latency = 1> <II = 1> <Delay = 2.77> <Storage> <Opcode : 'load'> <Ports = 0> <Width = 8> <Depth = 1024> <ROM>
ST_3 : Operation 53 [1/1] (0.00ns)   --->   "%weights3_m_weights_V_6 = getelementptr [1024 x i8]* @weights3_m_weights_V_1, i64 0, i64 %tmp_87" [S1/conv1d.h:808]   --->   Operation 53 'getelementptr' 'weights3_m_weights_V_6' <Predicate = (!exitcond_flatten8)> <Delay = 0.00>
ST_3 : Operation 54 [2/2] (2.77ns)   --->   "%weights3_m_weights_V_7 = load i8* %weights3_m_weights_V_6, align 1" [S1/conv1d.h:808]   --->   Operation 54 'load' 'weights3_m_weights_V_7' <Predicate = (!exitcond_flatten8)> <Delay = 2.77> <Core = "ROM_nP">   --->   Core 48 'ROM_nP' <Latency = 1> <II = 1> <Delay = 2.77> <Storage> <Opcode : 'load'> <Ports = 0> <Width = 8> <Depth = 1024> <ROM>
ST_3 : Operation 55 [1/1] (0.00ns)   --->   "%weights3_m_weights_V_8 = getelementptr [1024 x i8]* @weights3_m_weights_V_2, i64 0, i64 %tmp_87" [S1/conv1d.h:808]   --->   Operation 55 'getelementptr' 'weights3_m_weights_V_8' <Predicate = (!exitcond_flatten8)> <Delay = 0.00>
ST_3 : Operation 56 [2/2] (2.77ns)   --->   "%weights3_m_weights_V_9 = load i8* %weights3_m_weights_V_8, align 1" [S1/conv1d.h:808]   --->   Operation 56 'load' 'weights3_m_weights_V_9' <Predicate = (!exitcond_flatten8)> <Delay = 2.77> <Core = "ROM_nP">   --->   Core 48 'ROM_nP' <Latency = 1> <II = 1> <Delay = 2.77> <Storage> <Opcode : 'load'> <Ports = 0> <Width = 8> <Depth = 1024> <ROM>
ST_3 : Operation 57 [1/1] (0.00ns)   --->   "%weights3_m_weights_V_10 = getelementptr [1024 x i8]* @weights3_m_weights_V_3, i64 0, i64 %tmp_87" [S1/conv1d.h:808]   --->   Operation 57 'getelementptr' 'weights3_m_weights_V_10' <Predicate = (!exitcond_flatten8)> <Delay = 0.00>
ST_3 : Operation 58 [2/2] (2.77ns)   --->   "%weights3_m_weights_V_11 = load i8* %weights3_m_weights_V_10, align 1" [S1/conv1d.h:808]   --->   Operation 58 'load' 'weights3_m_weights_V_11' <Predicate = (!exitcond_flatten8)> <Delay = 2.77> <Core = "ROM_nP">   --->   Core 48 'ROM_nP' <Latency = 1> <II = 1> <Delay = 2.77> <Storage> <Opcode : 'load'> <Ports = 0> <Width = 8> <Depth = 1024> <ROM>

State 4 <SV = 3> <Delay = 8.36>
ST_4 : Operation 59 [1/2] (2.77ns)   --->   "%weights3_m_weights_V_5 = load i8* %weights3_m_weights_V_4, align 1" [S1/conv1d.h:808]   --->   Operation 59 'load' 'weights3_m_weights_V_5' <Predicate = (!exitcond_flatten8)> <Delay = 2.77> <Core = "ROM_nP">   --->   Core 48 'ROM_nP' <Latency = 1> <II = 1> <Delay = 2.77> <Storage> <Opcode : 'load'> <Ports = 0> <Width = 8> <Depth = 1024> <ROM>
ST_4 : Operation 60 [1/1] (0.00ns)   --->   "%p_s = sext i8 %tmp_V to i16" [S1/conv1d.h:814]   --->   Operation 60 'sext' 'p_s' <Predicate = (!exitcond_flatten8)> <Delay = 0.00>
ST_4 : Operation 61 [1/1] (0.00ns)   --->   "%p_4 = sext i8 %weights3_m_weights_V_5 to i16" [S1/conv1d.h:814]   --->   Operation 61 'sext' 'p_4' <Predicate = (!exitcond_flatten8)> <Delay = 0.00>
ST_4 : Operation 62 [1/1] (3.61ns)   --->   "%p_Val2_s = mul i16 %p_s, %p_4" [S1/conv1d.h:814]   --->   Operation 62 'mul' 'p_Val2_s' <Predicate = (!exitcond_flatten8)> <Delay = 3.61> <Core = "Mul">   --->   Core 16 'Mul' <Latency = 0> <II = 1> <Delay = 3.61> <FuncUnit> <Opcode : 'mul'> <InPorts = 2> <OutPorts = 1>
ST_4 : Operation 63 [1/1] (0.00ns) (grouped into LUT with out node tmp_104)   --->   "%tmp_664 = call i1 @_ssdm_op_BitSelect.i1.i16.i32(i16 %p_Val2_s, i32 15)" [S1/conv1d.h:814]   --->   Operation 63 'bitselect' 'tmp_664' <Predicate = (!exitcond_flatten8)> <Delay = 0.00>
ST_4 : Operation 64 [1/1] (0.00ns)   --->   "%p_Val2_s_143 = call i8 @_ssdm_op_PartSelect.i8.i16.i32.i32(i16 %p_Val2_s, i32 7, i32 14)" [S1/conv1d.h:814]   --->   Operation 64 'partselect' 'p_Val2_s_143' <Predicate = (!exitcond_flatten8)> <Delay = 0.00>
ST_4 : Operation 65 [1/1] (0.00ns)   --->   "%tmp_665 = call i1 @_ssdm_op_BitSelect.i1.i16.i32(i16 %p_Val2_s, i32 6)" [S1/conv1d.h:814]   --->   Operation 65 'bitselect' 'tmp_665' <Predicate = (!exitcond_flatten8)> <Delay = 0.00>
ST_4 : Operation 66 [1/1] (0.00ns) (grouped into LUT with out node tmp_104)   --->   "%tmp_666 = trunc i16 %p_Val2_s to i1" [S1/conv1d.h:814]   --->   Operation 66 'trunc' 'tmp_666' <Predicate = (!exitcond_flatten8)> <Delay = 0.00>
ST_4 : Operation 67 [1/1] (0.00ns) (grouped into LUT with out node tmp_104)   --->   "%tmp_101 = or i1 %tmp_666, %tmp_664" [S1/conv1d.h:814]   --->   Operation 67 'or' 'tmp_101' <Predicate = (!exitcond_flatten8)> <Delay = 0.00> <Core = "LogicGate">   --->   Core 27 'LogicGate' <Latency = 0> <II = 1> <Delay = 0.80> <FuncUnit> <Opcode : 'and' 'or' 'xor'> <InPorts = 2> <OutPorts = 1>
ST_4 : Operation 68 [1/1] (0.00ns) (grouped into LUT with out node tmp_104)   --->   "%tmp_102 = call i5 @_ssdm_op_PartSelect.i5.i16.i32.i32(i16 %p_Val2_s, i32 1, i32 5)" [S1/conv1d.h:814]   --->   Operation 68 'partselect' 'tmp_102' <Predicate = (!exitcond_flatten8)> <Delay = 0.00>
ST_4 : Operation 69 [1/1] (0.00ns) (grouped into LUT with out node tmp_104)   --->   "%tmp_103 = call i6 @_ssdm_op_BitConcatenate.i6.i5.i1(i5 %tmp_102, i1 %tmp_101)" [S1/conv1d.h:814]   --->   Operation 69 'bitconcatenate' 'tmp_103' <Predicate = (!exitcond_flatten8)> <Delay = 0.00>
ST_4 : Operation 70 [1/1] (1.18ns) (out node of the LUT)   --->   "%tmp_104 = icmp ne i6 %tmp_103, 0" [S1/conv1d.h:814]   --->   Operation 70 'icmp' 'tmp_104' <Predicate = (!exitcond_flatten8)> <Delay = 1.18> <Core = "Cmp">   --->   Core 25 'Cmp' <Latency = 0> <II = 1> <Delay = 1.23> <FuncUnit> <Opcode : 'icmp'> <InPorts = 2> <OutPorts = 1>
ST_4 : Operation 71 [1/1] (0.80ns)   --->   "%qb_assign_1 = and i1 %tmp_104, %tmp_665" [S1/conv1d.h:814]   --->   Operation 71 'and' 'qb_assign_1' <Predicate = (!exitcond_flatten8)> <Delay = 0.80> <Core = "LogicGate">   --->   Core 27 'LogicGate' <Latency = 0> <II = 1> <Delay = 0.80> <FuncUnit> <Opcode : 'and' 'or' 'xor'> <InPorts = 2> <OutPorts = 1>
ST_4 : Operation 72 [1/2] (2.77ns)   --->   "%weights3_m_weights_V_7 = load i8* %weights3_m_weights_V_6, align 1" [S1/conv1d.h:808]   --->   Operation 72 'load' 'weights3_m_weights_V_7' <Predicate = (!exitcond_flatten8)> <Delay = 2.77> <Core = "ROM_nP">   --->   Core 48 'ROM_nP' <Latency = 1> <II = 1> <Delay = 2.77> <Storage> <Opcode : 'load'> <Ports = 0> <Width = 8> <Depth = 1024> <ROM>
ST_4 : Operation 73 [1/1] (0.00ns)   --->   "%p_0132_1 = sext i8 %weights3_m_weights_V_7 to i16" [S1/conv1d.h:814]   --->   Operation 73 'sext' 'p_0132_1' <Predicate = (!exitcond_flatten8)> <Delay = 0.00>
ST_4 : Operation 74 [1/1] (3.61ns)   --->   "%p_Val2_1 = mul i16 %p_s, %p_0132_1" [S1/conv1d.h:814]   --->   Operation 74 'mul' 'p_Val2_1' <Predicate = (!exitcond_flatten8)> <Delay = 3.61> <Core = "Mul">   --->   Core 16 'Mul' <Latency = 0> <II = 1> <Delay = 3.61> <FuncUnit> <Opcode : 'mul'> <InPorts = 2> <OutPorts = 1>
ST_4 : Operation 75 [1/1] (0.00ns) (grouped into LUT with out node tmp_203_1)   --->   "%tmp_667 = call i1 @_ssdm_op_BitSelect.i1.i16.i32(i16 %p_Val2_1, i32 15)" [S1/conv1d.h:814]   --->   Operation 75 'bitselect' 'tmp_667' <Predicate = (!exitcond_flatten8)> <Delay = 0.00>
ST_4 : Operation 76 [1/1] (0.00ns)   --->   "%p_Val2_75_1 = call i8 @_ssdm_op_PartSelect.i8.i16.i32.i32(i16 %p_Val2_1, i32 7, i32 14)" [S1/conv1d.h:814]   --->   Operation 76 'partselect' 'p_Val2_75_1' <Predicate = (!exitcond_flatten8)> <Delay = 0.00>
ST_4 : Operation 77 [1/1] (0.00ns)   --->   "%tmp_668 = call i1 @_ssdm_op_BitSelect.i1.i16.i32(i16 %p_Val2_1, i32 6)" [S1/conv1d.h:814]   --->   Operation 77 'bitselect' 'tmp_668' <Predicate = (!exitcond_flatten8)> <Delay = 0.00>
ST_4 : Operation 78 [1/1] (0.00ns) (grouped into LUT with out node tmp_203_1)   --->   "%tmp_669 = trunc i16 %p_Val2_1 to i1" [S1/conv1d.h:814]   --->   Operation 78 'trunc' 'tmp_669' <Predicate = (!exitcond_flatten8)> <Delay = 0.00>
ST_4 : Operation 79 [1/1] (0.00ns) (grouped into LUT with out node tmp_203_1)   --->   "%tmp_107 = or i1 %tmp_669, %tmp_667" [S1/conv1d.h:814]   --->   Operation 79 'or' 'tmp_107' <Predicate = (!exitcond_flatten8)> <Delay = 0.00> <Core = "LogicGate">   --->   Core 27 'LogicGate' <Latency = 0> <II = 1> <Delay = 0.80> <FuncUnit> <Opcode : 'and' 'or' 'xor'> <InPorts = 2> <OutPorts = 1>
ST_4 : Operation 80 [1/1] (0.00ns) (grouped into LUT with out node tmp_203_1)   --->   "%tmp_108 = call i5 @_ssdm_op_PartSelect.i5.i16.i32.i32(i16 %p_Val2_1, i32 1, i32 5)" [S1/conv1d.h:814]   --->   Operation 80 'partselect' 'tmp_108' <Predicate = (!exitcond_flatten8)> <Delay = 0.00>
ST_4 : Operation 81 [1/1] (0.00ns) (grouped into LUT with out node tmp_203_1)   --->   "%tmp_109 = call i6 @_ssdm_op_BitConcatenate.i6.i5.i1(i5 %tmp_108, i1 %tmp_107)" [S1/conv1d.h:814]   --->   Operation 81 'bitconcatenate' 'tmp_109' <Predicate = (!exitcond_flatten8)> <Delay = 0.00>
ST_4 : Operation 82 [1/1] (1.18ns) (out node of the LUT)   --->   "%tmp_203_1 = icmp ne i6 %tmp_109, 0" [S1/conv1d.h:814]   --->   Operation 82 'icmp' 'tmp_203_1' <Predicate = (!exitcond_flatten8)> <Delay = 1.18> <Core = "Cmp">   --->   Core 25 'Cmp' <Latency = 0> <II = 1> <Delay = 1.23> <FuncUnit> <Opcode : 'icmp'> <InPorts = 2> <OutPorts = 1>
ST_4 : Operation 83 [1/1] (0.80ns)   --->   "%qb_assign_1_1 = and i1 %tmp_203_1, %tmp_668" [S1/conv1d.h:814]   --->   Operation 83 'and' 'qb_assign_1_1' <Predicate = (!exitcond_flatten8)> <Delay = 0.80> <Core = "LogicGate">   --->   Core 27 'LogicGate' <Latency = 0> <II = 1> <Delay = 0.80> <FuncUnit> <Opcode : 'and' 'or' 'xor'> <InPorts = 2> <OutPorts = 1>
ST_4 : Operation 84 [1/2] (2.77ns)   --->   "%weights3_m_weights_V_9 = load i8* %weights3_m_weights_V_8, align 1" [S1/conv1d.h:808]   --->   Operation 84 'load' 'weights3_m_weights_V_9' <Predicate = (!exitcond_flatten8)> <Delay = 2.77> <Core = "ROM_nP">   --->   Core 48 'ROM_nP' <Latency = 1> <II = 1> <Delay = 2.77> <Storage> <Opcode : 'load'> <Ports = 0> <Width = 8> <Depth = 1024> <ROM>
ST_4 : Operation 85 [1/1] (0.00ns)   --->   "%p_0132_2 = sext i8 %weights3_m_weights_V_9 to i16" [S1/conv1d.h:814]   --->   Operation 85 'sext' 'p_0132_2' <Predicate = (!exitcond_flatten8)> <Delay = 0.00>
ST_4 : Operation 86 [1/1] (3.61ns)   --->   "%p_Val2_2 = mul i16 %p_s, %p_0132_2" [S1/conv1d.h:814]   --->   Operation 86 'mul' 'p_Val2_2' <Predicate = (!exitcond_flatten8)> <Delay = 3.61> <Core = "Mul">   --->   Core 16 'Mul' <Latency = 0> <II = 1> <Delay = 3.61> <FuncUnit> <Opcode : 'mul'> <InPorts = 2> <OutPorts = 1>
ST_4 : Operation 87 [1/1] (0.00ns) (grouped into LUT with out node tmp_203_2)   --->   "%tmp_670 = call i1 @_ssdm_op_BitSelect.i1.i16.i32(i16 %p_Val2_2, i32 15)" [S1/conv1d.h:814]   --->   Operation 87 'bitselect' 'tmp_670' <Predicate = (!exitcond_flatten8)> <Delay = 0.00>
ST_4 : Operation 88 [1/1] (0.00ns)   --->   "%p_Val2_75_2 = call i8 @_ssdm_op_PartSelect.i8.i16.i32.i32(i16 %p_Val2_2, i32 7, i32 14)" [S1/conv1d.h:814]   --->   Operation 88 'partselect' 'p_Val2_75_2' <Predicate = (!exitcond_flatten8)> <Delay = 0.00>
ST_4 : Operation 89 [1/1] (0.00ns)   --->   "%tmp_671 = call i1 @_ssdm_op_BitSelect.i1.i16.i32(i16 %p_Val2_2, i32 6)" [S1/conv1d.h:814]   --->   Operation 89 'bitselect' 'tmp_671' <Predicate = (!exitcond_flatten8)> <Delay = 0.00>
ST_4 : Operation 90 [1/1] (0.00ns) (grouped into LUT with out node tmp_203_2)   --->   "%tmp_672 = trunc i16 %p_Val2_2 to i1" [S1/conv1d.h:814]   --->   Operation 90 'trunc' 'tmp_672' <Predicate = (!exitcond_flatten8)> <Delay = 0.00>
ST_4 : Operation 91 [1/1] (0.00ns) (grouped into LUT with out node tmp_203_2)   --->   "%tmp_111 = or i1 %tmp_672, %tmp_670" [S1/conv1d.h:814]   --->   Operation 91 'or' 'tmp_111' <Predicate = (!exitcond_flatten8)> <Delay = 0.00> <Core = "LogicGate">   --->   Core 27 'LogicGate' <Latency = 0> <II = 1> <Delay = 0.80> <FuncUnit> <Opcode : 'and' 'or' 'xor'> <InPorts = 2> <OutPorts = 1>
ST_4 : Operation 92 [1/1] (0.00ns) (grouped into LUT with out node tmp_203_2)   --->   "%tmp_112 = call i5 @_ssdm_op_PartSelect.i5.i16.i32.i32(i16 %p_Val2_2, i32 1, i32 5)" [S1/conv1d.h:814]   --->   Operation 92 'partselect' 'tmp_112' <Predicate = (!exitcond_flatten8)> <Delay = 0.00>
ST_4 : Operation 93 [1/1] (0.00ns) (grouped into LUT with out node tmp_203_2)   --->   "%tmp_113 = call i6 @_ssdm_op_BitConcatenate.i6.i5.i1(i5 %tmp_112, i1 %tmp_111)" [S1/conv1d.h:814]   --->   Operation 93 'bitconcatenate' 'tmp_113' <Predicate = (!exitcond_flatten8)> <Delay = 0.00>
ST_4 : Operation 94 [1/1] (1.18ns) (out node of the LUT)   --->   "%tmp_203_2 = icmp ne i6 %tmp_113, 0" [S1/conv1d.h:814]   --->   Operation 94 'icmp' 'tmp_203_2' <Predicate = (!exitcond_flatten8)> <Delay = 1.18> <Core = "Cmp">   --->   Core 25 'Cmp' <Latency = 0> <II = 1> <Delay = 1.23> <FuncUnit> <Opcode : 'icmp'> <InPorts = 2> <OutPorts = 1>
ST_4 : Operation 95 [1/1] (0.80ns)   --->   "%qb_assign_1_2 = and i1 %tmp_203_2, %tmp_671" [S1/conv1d.h:814]   --->   Operation 95 'and' 'qb_assign_1_2' <Predicate = (!exitcond_flatten8)> <Delay = 0.80> <Core = "LogicGate">   --->   Core 27 'LogicGate' <Latency = 0> <II = 1> <Delay = 0.80> <FuncUnit> <Opcode : 'and' 'or' 'xor'> <InPorts = 2> <OutPorts = 1>
ST_4 : Operation 96 [1/2] (2.77ns)   --->   "%weights3_m_weights_V_11 = load i8* %weights3_m_weights_V_10, align 1" [S1/conv1d.h:808]   --->   Operation 96 'load' 'weights3_m_weights_V_11' <Predicate = (!exitcond_flatten8)> <Delay = 2.77> <Core = "ROM_nP">   --->   Core 48 'ROM_nP' <Latency = 1> <II = 1> <Delay = 2.77> <Storage> <Opcode : 'load'> <Ports = 0> <Width = 8> <Depth = 1024> <ROM>
ST_4 : Operation 97 [1/1] (0.00ns)   --->   "%p_0132_3 = sext i8 %weights3_m_weights_V_11 to i16" [S1/conv1d.h:814]   --->   Operation 97 'sext' 'p_0132_3' <Predicate = (!exitcond_flatten8)> <Delay = 0.00>
ST_4 : Operation 98 [1/1] (3.61ns)   --->   "%p_Val2_3 = mul i16 %p_s, %p_0132_3" [S1/conv1d.h:814]   --->   Operation 98 'mul' 'p_Val2_3' <Predicate = (!exitcond_flatten8)> <Delay = 3.61> <Core = "Mul">   --->   Core 16 'Mul' <Latency = 0> <II = 1> <Delay = 3.61> <FuncUnit> <Opcode : 'mul'> <InPorts = 2> <OutPorts = 1>
ST_4 : Operation 99 [1/1] (0.00ns) (grouped into LUT with out node tmp_203_3)   --->   "%tmp_673 = call i1 @_ssdm_op_BitSelect.i1.i16.i32(i16 %p_Val2_3, i32 15)" [S1/conv1d.h:814]   --->   Operation 99 'bitselect' 'tmp_673' <Predicate = (!exitcond_flatten8)> <Delay = 0.00>
ST_4 : Operation 100 [1/1] (0.00ns)   --->   "%p_Val2_75_3 = call i8 @_ssdm_op_PartSelect.i8.i16.i32.i32(i16 %p_Val2_3, i32 7, i32 14)" [S1/conv1d.h:814]   --->   Operation 100 'partselect' 'p_Val2_75_3' <Predicate = (!exitcond_flatten8)> <Delay = 0.00>
ST_4 : Operation 101 [1/1] (0.00ns)   --->   "%tmp_674 = call i1 @_ssdm_op_BitSelect.i1.i16.i32(i16 %p_Val2_3, i32 6)" [S1/conv1d.h:814]   --->   Operation 101 'bitselect' 'tmp_674' <Predicate = (!exitcond_flatten8)> <Delay = 0.00>
ST_4 : Operation 102 [1/1] (0.00ns) (grouped into LUT with out node tmp_203_3)   --->   "%tmp_675 = trunc i16 %p_Val2_3 to i1" [S1/conv1d.h:814]   --->   Operation 102 'trunc' 'tmp_675' <Predicate = (!exitcond_flatten8)> <Delay = 0.00>
ST_4 : Operation 103 [1/1] (0.00ns) (grouped into LUT with out node tmp_203_3)   --->   "%tmp_115 = or i1 %tmp_675, %tmp_673" [S1/conv1d.h:814]   --->   Operation 103 'or' 'tmp_115' <Predicate = (!exitcond_flatten8)> <Delay = 0.00> <Core = "LogicGate">   --->   Core 27 'LogicGate' <Latency = 0> <II = 1> <Delay = 0.80> <FuncUnit> <Opcode : 'and' 'or' 'xor'> <InPorts = 2> <OutPorts = 1>
ST_4 : Operation 104 [1/1] (0.00ns) (grouped into LUT with out node tmp_203_3)   --->   "%tmp_116 = call i5 @_ssdm_op_PartSelect.i5.i16.i32.i32(i16 %p_Val2_3, i32 1, i32 5)" [S1/conv1d.h:814]   --->   Operation 104 'partselect' 'tmp_116' <Predicate = (!exitcond_flatten8)> <Delay = 0.00>
ST_4 : Operation 105 [1/1] (0.00ns) (grouped into LUT with out node tmp_203_3)   --->   "%tmp_117 = call i6 @_ssdm_op_BitConcatenate.i6.i5.i1(i5 %tmp_116, i1 %tmp_115)" [S1/conv1d.h:814]   --->   Operation 105 'bitconcatenate' 'tmp_117' <Predicate = (!exitcond_flatten8)> <Delay = 0.00>
ST_4 : Operation 106 [1/1] (1.18ns) (out node of the LUT)   --->   "%tmp_203_3 = icmp ne i6 %tmp_117, 0" [S1/conv1d.h:814]   --->   Operation 106 'icmp' 'tmp_203_3' <Predicate = (!exitcond_flatten8)> <Delay = 1.18> <Core = "Cmp">   --->   Core 25 'Cmp' <Latency = 0> <II = 1> <Delay = 1.23> <FuncUnit> <Opcode : 'icmp'> <InPorts = 2> <OutPorts = 1>
ST_4 : Operation 107 [1/1] (0.80ns)   --->   "%qb_assign_1_3 = and i1 %tmp_203_3, %tmp_674" [S1/conv1d.h:814]   --->   Operation 107 'and' 'qb_assign_1_3' <Predicate = (!exitcond_flatten8)> <Delay = 0.80> <Core = "LogicGate">   --->   Core 27 'LogicGate' <Latency = 0> <II = 1> <Delay = 0.80> <FuncUnit> <Opcode : 'and' 'or' 'xor'> <InPorts = 2> <OutPorts = 1>

State 5 <SV = 4> <Delay = 8.06>
ST_5 : Operation 108 [1/1] (0.00ns)   --->   "%macRegisters_0_V_6_s = load i8* %macRegisters_0_V_6" [S1/conv1d.h:827]   --->   Operation 108 'load' 'macRegisters_0_V_6_s' <Predicate = (!exitcond_flatten8)> <Delay = 0.00>
ST_5 : Operation 109 [1/1] (0.00ns)   --->   "%macRegisters_1_V_6_s = load i8* %macRegisters_1_V_6" [S1/conv1d.h:827]   --->   Operation 109 'load' 'macRegisters_1_V_6_s' <Predicate = (!exitcond_flatten8)> <Delay = 0.00>
ST_5 : Operation 110 [1/1] (0.00ns)   --->   "%macRegisters_2_V_6_s = load i8* %macRegisters_2_V_6" [S1/conv1d.h:827]   --->   Operation 110 'load' 'macRegisters_2_V_6_s' <Predicate = (!exitcond_flatten8)> <Delay = 0.00>
ST_5 : Operation 111 [1/1] (0.00ns)   --->   "%macRegisters_3_V_6_s = load i8* %macRegisters_3_V_6" [S1/conv1d.h:827]   --->   Operation 111 'load' 'macRegisters_3_V_6_s' <Predicate = (!exitcond_flatten8)> <Delay = 0.00>
ST_5 : Operation 112 [1/1] (0.00ns)   --->   "call void (...)* @_ssdm_op_SpecLoopName([50 x i8]* @loop_ofmChannels_loo)"   --->   Operation 112 'specloopname' <Predicate = (!exitcond_flatten8)> <Delay = 0.00>
ST_5 : Operation 113 [1/1] (0.00ns)   --->   "call void (...)* @_ssdm_op_SpecLoopName([33 x i8]* @loop_neuronFold_loop)"   --->   Operation 113 'specloopname' <Predicate = (!exitcond_flatten8)> <Delay = 0.00>
ST_5 : Operation 114 [1/1] (0.00ns)   --->   "call void (...)* @_ssdm_op_SpecLoopName([17 x i8]* @p_str61) nounwind" [S1/conv1d.h:784]   --->   Operation 114 'specloopname' <Predicate = (!exitcond_flatten8)> <Delay = 0.00>
ST_5 : Operation 115 [1/1] (0.00ns)   --->   "%tmp_98 = call i32 (...)* @_ssdm_op_SpecRegionBegin([17 x i8]* @p_str61)" [S1/conv1d.h:784]   --->   Operation 115 'specregionbegin' 'tmp_98' <Predicate = (!exitcond_flatten8)> <Delay = 0.00>
ST_5 : Operation 116 [1/1] (0.00ns)   --->   "call void (...)* @_ssdm_op_SpecPipeline(i32 1, i32 1, i32 1, i32 0, [1 x i8]* @p_str1) nounwind" [S1/conv1d.h:785]   --->   Operation 116 'specpipeline' <Predicate = (!exitcond_flatten8)> <Delay = 0.00>
ST_5 : Operation 117 [1/1] (0.00ns)   --->   "%tmp_105 = zext i1 %qb_assign_1 to i8" [S1/conv1d.h:814]   --->   Operation 117 'zext' 'tmp_105' <Predicate = (!exitcond_flatten8)> <Delay = 0.00>
ST_5 : Operation 118 [1/1] (0.00ns) (grouped into TernaryAdder)   --->   "%tmp1 = add i8 %tmp_105, %macRegisters_0_V_6_s" [S1/conv1d.h:827]   --->   Operation 118 'add' 'tmp1' <Predicate = (!exitcond_flatten8)> <Delay = 0.00> <Core = "TAddSub">   --->   Core 80 'TAddSub' <Latency = 0> <II = 1> <Delay = 1.48> <IPBlock> <Opcode : 'add' 'sub'> <InPorts = 3> <OutPorts = 1> <Sync> <CReg>
ST_5 : Operation 119 [1/1] (2.96ns) (root node of TernaryAdder)   --->   "%macRegisters_0_V = add i8 %p_Val2_s_143, %tmp1" [S1/conv1d.h:827]   --->   Operation 119 'add' 'macRegisters_0_V' <Predicate = (!exitcond_flatten8)> <Delay = 2.96> <Core = "TAddSub">   --->   Core 80 'TAddSub' <Latency = 0> <II = 1> <Delay = 1.48> <IPBlock> <Opcode : 'add' 'sub'> <InPorts = 3> <OutPorts = 1> <Sync> <CReg>
ST_5 : Operation 120 [1/1] (0.00ns)   --->   "%tmp_204_1 = zext i1 %qb_assign_1_1 to i8" [S1/conv1d.h:814]   --->   Operation 120 'zext' 'tmp_204_1' <Predicate = (!exitcond_flatten8)> <Delay = 0.00>
ST_5 : Operation 121 [1/1] (0.00ns) (grouped into TernaryAdder)   --->   "%tmp2 = add i8 %tmp_204_1, %macRegisters_1_V_6_s" [S1/conv1d.h:827]   --->   Operation 121 'add' 'tmp2' <Predicate = (!exitcond_flatten8)> <Delay = 0.00> <Core = "TAddSub">   --->   Core 80 'TAddSub' <Latency = 0> <II = 1> <Delay = 1.48> <IPBlock> <Opcode : 'add' 'sub'> <InPorts = 3> <OutPorts = 1> <Sync> <CReg>
ST_5 : Operation 122 [1/1] (2.96ns) (root node of TernaryAdder)   --->   "%macRegisters_1_V = add i8 %p_Val2_75_1, %tmp2" [S1/conv1d.h:827]   --->   Operation 122 'add' 'macRegisters_1_V' <Predicate = (!exitcond_flatten8)> <Delay = 2.96> <Core = "TAddSub">   --->   Core 80 'TAddSub' <Latency = 0> <II = 1> <Delay = 1.48> <IPBlock> <Opcode : 'add' 'sub'> <InPorts = 3> <OutPorts = 1> <Sync> <CReg>
ST_5 : Operation 123 [1/1] (0.00ns)   --->   "%tmp_204_2 = zext i1 %qb_assign_1_2 to i8" [S1/conv1d.h:814]   --->   Operation 123 'zext' 'tmp_204_2' <Predicate = (!exitcond_flatten8)> <Delay = 0.00>
ST_5 : Operation 124 [1/1] (0.00ns) (grouped into TernaryAdder)   --->   "%tmp3 = add i8 %tmp_204_2, %macRegisters_2_V_6_s" [S1/conv1d.h:827]   --->   Operation 124 'add' 'tmp3' <Predicate = (!exitcond_flatten8)> <Delay = 0.00> <Core = "TAddSub">   --->   Core 80 'TAddSub' <Latency = 0> <II = 1> <Delay = 1.48> <IPBlock> <Opcode : 'add' 'sub'> <InPorts = 3> <OutPorts = 1> <Sync> <CReg>
ST_5 : Operation 125 [1/1] (2.96ns) (root node of TernaryAdder)   --->   "%macRegisters_2_V = add i8 %p_Val2_75_2, %tmp3" [S1/conv1d.h:827]   --->   Operation 125 'add' 'macRegisters_2_V' <Predicate = (!exitcond_flatten8)> <Delay = 2.96> <Core = "TAddSub">   --->   Core 80 'TAddSub' <Latency = 0> <II = 1> <Delay = 1.48> <IPBlock> <Opcode : 'add' 'sub'> <InPorts = 3> <OutPorts = 1> <Sync> <CReg>
ST_5 : Operation 126 [1/1] (0.00ns)   --->   "%tmp_204_3 = zext i1 %qb_assign_1_3 to i8" [S1/conv1d.h:814]   --->   Operation 126 'zext' 'tmp_204_3' <Predicate = (!exitcond_flatten8)> <Delay = 0.00>
ST_5 : Operation 127 [1/1] (0.00ns) (grouped into TernaryAdder)   --->   "%tmp4 = add i8 %tmp_204_3, %macRegisters_3_V_6_s" [S1/conv1d.h:827]   --->   Operation 127 'add' 'tmp4' <Predicate = (!exitcond_flatten8)> <Delay = 0.00> <Core = "TAddSub">   --->   Core 80 'TAddSub' <Latency = 0> <II = 1> <Delay = 1.48> <IPBlock> <Opcode : 'add' 'sub'> <InPorts = 3> <OutPorts = 1> <Sync> <CReg>
ST_5 : Operation 128 [1/1] (2.96ns) (root node of TernaryAdder)   --->   "%macRegisters_3_V = add i8 %p_Val2_75_3, %tmp4" [S1/conv1d.h:827]   --->   Operation 128 'add' 'macRegisters_3_V' <Predicate = (!exitcond_flatten8)> <Delay = 2.96> <Core = "TAddSub">   --->   Core 80 'TAddSub' <Latency = 0> <II = 1> <Delay = 1.48> <IPBlock> <Opcode : 'add' 'sub'> <InPorts = 3> <OutPorts = 1> <Sync> <CReg>
ST_5 : Operation 129 [1/1] (1.30ns)   --->   "store i8 %macRegisters_3_V, i8* %macRegisters_3_V_6" [S1/conv1d.h:835]   --->   Operation 129 'store' <Predicate = (!tmp_88)> <Delay = 1.30>
ST_5 : Operation 130 [1/1] (1.30ns)   --->   "store i8 %macRegisters_2_V, i8* %macRegisters_2_V_6" [S1/conv1d.h:835]   --->   Operation 130 'store' <Predicate = (!tmp_88)> <Delay = 1.30>
ST_5 : Operation 131 [1/1] (1.30ns)   --->   "store i8 %macRegisters_1_V, i8* %macRegisters_1_V_6" [S1/conv1d.h:835]   --->   Operation 131 'store' <Predicate = (!tmp_88)> <Delay = 1.30>
ST_5 : Operation 132 [1/1] (1.30ns)   --->   "store i8 %macRegisters_0_V, i8* %macRegisters_0_V_6" [S1/conv1d.h:835]   --->   Operation 132 'store' <Predicate = (!tmp_88)> <Delay = 1.30>
ST_5 : Operation 133 [1/1] (0.00ns)   --->   "br label %._crit_edge" [S1/conv1d.h:838]   --->   Operation 133 'br' <Predicate = (!tmp_88)> <Delay = 0.00>
ST_5 : Operation 134 [1/1] (0.00ns) (grouped into LUT with out node p_Val2_9)   --->   "%tmp_s = call i8 @_ssdm_op_Mux.ap_auto.16i8.i4(i8 33, i8 7, i8 29, i8 37, i8 21, i8 9, i8 -4, i8 13, i8 8, i8 36, i8 6, i8 35, i8 10, i8 -11, i8 41, i8 68, i4 %nm_t_mid2)" [S1/conv1d.h:784]   --->   Operation 134 'mux' 'tmp_s' <Predicate = (tmp_88)> <Delay = 0.00> <Core = "MuxnS">   --->   Core 31 'MuxnS' <Latency = 0> <II = 1> <Delay = 1.67> <FuncUnit> <Opcode : 'mux'> <InPorts = 2> <OutPorts = 1>
ST_5 : Operation 135 [1/1] (1.69ns) (out node of the LUT)   --->   "%p_Val2_9 = add i8 %macRegisters_0_V, %tmp_s" [S1/conv1d.h:850]   --->   Operation 135 'add' 'p_Val2_9' <Predicate = (tmp_88)> <Delay = 1.69> <Core = "AddSub">   --->   Core 14 'AddSub' <Latency = 0> <II = 1> <Delay = 1.71> <FuncUnit> <Opcode : 'add' 'sub'> <InPorts = 2> <OutPorts = 1>
ST_5 : Operation 136 [1/1] (0.00ns) (grouped into LUT with out node p_Val2_20_1)   --->   "%tmp_167 = call i8 @_ssdm_op_Mux.ap_auto.16i8.i4(i8 0, i8 0, i8 50, i8 0, i8 27, i8 -2, i8 11, i8 12, i8 28, i8 26, i8 30, i8 11, i8 18, i8 0, i8 4, i8 11, i4 %nm_t_mid2)" [S1/conv1d.h:784]   --->   Operation 136 'mux' 'tmp_167' <Predicate = (tmp_88)> <Delay = 0.00> <Core = "MuxnS">   --->   Core 31 'MuxnS' <Latency = 0> <II = 1> <Delay = 1.67> <FuncUnit> <Opcode : 'mux'> <InPorts = 2> <OutPorts = 1>
ST_5 : Operation 137 [1/1] (1.69ns) (out node of the LUT)   --->   "%p_Val2_20_1 = add i8 %macRegisters_1_V, %tmp_167" [S1/conv1d.h:850]   --->   Operation 137 'add' 'p_Val2_20_1' <Predicate = (tmp_88)> <Delay = 1.69> <Core = "AddSub">   --->   Core 14 'AddSub' <Latency = 0> <II = 1> <Delay = 1.71> <FuncUnit> <Opcode : 'add' 'sub'> <InPorts = 2> <OutPorts = 1>
ST_5 : Operation 138 [1/1] (0.00ns) (grouped into LUT with out node p_Val2_20_2)   --->   "%tmp_168 = call i8 @_ssdm_op_Mux.ap_auto.16i8.i4(i8 48, i8 -4, i8 11, i8 4, i8 9, i8 40, i8 33, i8 25, i8 39, i8 0, i8 22, i8 11, i8 15, i8 13, i8 9, i8 14, i4 %nm_t_mid2)" [S1/conv1d.h:784]   --->   Operation 138 'mux' 'tmp_168' <Predicate = (tmp_88)> <Delay = 0.00> <Core = "MuxnS">   --->   Core 31 'MuxnS' <Latency = 0> <II = 1> <Delay = 1.67> <FuncUnit> <Opcode : 'mux'> <InPorts = 2> <OutPorts = 1>
ST_5 : Operation 139 [1/1] (1.69ns) (out node of the LUT)   --->   "%p_Val2_20_2 = add i8 %macRegisters_2_V, %tmp_168" [S1/conv1d.h:850]   --->   Operation 139 'add' 'p_Val2_20_2' <Predicate = (tmp_88)> <Delay = 1.69> <Core = "AddSub">   --->   Core 14 'AddSub' <Latency = 0> <II = 1> <Delay = 1.71> <FuncUnit> <Opcode : 'add' 'sub'> <InPorts = 2> <OutPorts = 1>
ST_5 : Operation 140 [1/1] (0.00ns) (grouped into LUT with out node p_Val2_20_3)   --->   "%tmp_169 = call i8 @_ssdm_op_Mux.ap_auto.16i8.i4(i8 18, i8 6, i8 20, i8 -6, i8 96, i8 -6, i8 10, i8 7, i8 18, i8 9, i8 29, i8 29, i8 31, i8 30, i8 5, i8 14, i4 %nm_t_mid2)" [S1/conv1d.h:784]   --->   Operation 140 'mux' 'tmp_169' <Predicate = (tmp_88)> <Delay = 0.00> <Core = "MuxnS">   --->   Core 31 'MuxnS' <Latency = 0> <II = 1> <Delay = 1.67> <FuncUnit> <Opcode : 'mux'> <InPorts = 2> <OutPorts = 1>
ST_5 : Operation 141 [1/1] (1.69ns) (out node of the LUT)   --->   "%p_Val2_20_3 = add i8 %macRegisters_3_V, %tmp_169" [S1/conv1d.h:850]   --->   Operation 141 'add' 'p_Val2_20_3' <Predicate = (tmp_88)> <Delay = 1.69> <Core = "AddSub">   --->   Core 14 'AddSub' <Latency = 0> <II = 1> <Delay = 1.71> <FuncUnit> <Opcode : 'add' 'sub'> <InPorts = 2> <OutPorts = 1>
ST_5 : Operation 142 [1/1] (0.00ns)   --->   "%tmp_V_54 = call i32 @_ssdm_op_BitConcatenate.i32.i8.i8.i8.i8(i8 %p_Val2_20_3, i8 %p_Val2_20_2, i8 %p_Val2_20_1, i8 %p_Val2_9)" [S1/conv1d.h:861]   --->   Operation 142 'bitconcatenate' 'tmp_V_54' <Predicate = (tmp_88)> <Delay = 0.00>
ST_5 : Operation 143 [1/1] (3.40ns)   --->   "call void @_ssdm_op_Write.ap_fifo.volatile.i32P(i32* %out_V_V, i32 %tmp_V_54)" [S1/conv1d.h:867]   --->   Operation 143 'write' <Predicate = (tmp_88)> <Delay = 3.40> <Core = "FIFO">   --->   Core 32 'FIFO' <Latency = 0> <II = 1> <Delay = 3.40> <Storage> <Opcode : 'read' 'write' 'nbread' 'nbwrite'> <Ports = 0> <Width = 32> <Depth = 2> <FIFO>
ST_5 : Operation 144 [1/1] (1.30ns)   --->   "store i8 0, i8* %macRegisters_3_V_6"   --->   Operation 144 'store' <Predicate = (tmp_88)> <Delay = 1.30>
ST_5 : Operation 145 [1/1] (1.30ns)   --->   "store i8 0, i8* %macRegisters_2_V_6"   --->   Operation 145 'store' <Predicate = (tmp_88)> <Delay = 1.30>
ST_5 : Operation 146 [1/1] (1.30ns)   --->   "store i8 0, i8* %macRegisters_1_V_6"   --->   Operation 146 'store' <Predicate = (tmp_88)> <Delay = 1.30>
ST_5 : Operation 147 [1/1] (1.30ns)   --->   "store i8 0, i8* %macRegisters_0_V_6"   --->   Operation 147 'store' <Predicate = (tmp_88)> <Delay = 1.30>
ST_5 : Operation 148 [1/1] (0.00ns)   --->   "br label %._crit_edge" [S1/conv1d.h:868]   --->   Operation 148 'br' <Predicate = (tmp_88)> <Delay = 0.00>
ST_5 : Operation 149 [1/1] (0.00ns)   --->   "%empty = call i32 (...)* @_ssdm_op_SpecRegionEnd([17 x i8]* @p_str61, i32 %tmp_98)" [S1/conv1d.h:869]   --->   Operation 149 'specregionend' 'empty' <Predicate = (!exitcond_flatten8)> <Delay = 0.00>
ST_5 : Operation 150 [1/1] (0.00ns)   --->   "br label %0"   --->   Operation 150 'br' <Predicate = (!exitcond_flatten8)> <Delay = 0.00>

State 6 <SV = 2> <Delay = 0.00>
ST_6 : Operation 151 [1/1] (0.00ns)   --->   "ret void" [S1/conv1d.h:875]   --->   Operation 151 'ret' <Predicate = true> <Delay = 0.00>


============================================================
+ Verbose Summary: Timing violations
============================================================
Target clock period: 10ns, clock uncertainty: 1.25ns.

 <State 1>: 1.3ns
The critical path consists of the following:
	'alloca' operation ('macRegisters[0].V') [7]  (0 ns)
	'store' operation of constant 0 on local variable 'macRegisters[0].V' [16]  (1.3 ns)

 <State 2>: 5.85ns
The critical path consists of the following:
	'phi' operation ('indvar_flatten') with incoming values : ('indvar_flatten_next') [20]  (0 ns)
	'icmp' operation ('exitcond_flatten') [34]  (1.61 ns)
	'select' operation ('nm_mid', S1/conv1d.h:784) [35]  (0.976 ns)
	'add' operation ('nm', S1/conv1d.h:783) [41]  (1.57 ns)
	'select' operation ('tmp_84_mid2', S1/conv1d.h:808) [47]  (0 ns)
	'add' operation ('tmp_86', S1/conv1d.h:808) [55]  (1.7 ns)

 <State 3>: 3.4ns
The critical path consists of the following:
	fifo read on port 'in_V_V' (S1/conv1d.h:787) [54]  (3.4 ns)

 <State 4>: 8.37ns
The critical path consists of the following:
	'load' operation ('weights3_m_weights_V_5', S1/conv1d.h:808) on array 'weights3_m_weights_V' [58]  (2.77 ns)
	'mul' operation ('p_Val2_s', S1/conv1d.h:814) [61]  (3.61 ns)
	'icmp' operation ('tmp_104', S1/conv1d.h:814) [69]  (1.19 ns)
	'and' operation ('qb_assign_1', S1/conv1d.h:814) [70]  (0.8 ns)

 <State 5>: 8.06ns
The critical path consists of the following:
	'load' operation ('macRegisters_0_V_6_s', S1/conv1d.h:827) on local variable 'macRegisters[0].V' [29]  (0 ns)
	'add' operation ('tmp1', S1/conv1d.h:827) [72]  (0 ns)
	'add' operation ('macRegisters[0].V', S1/conv1d.h:827) [73]  (2.97 ns)
	'add' operation ('p_Val2_9', S1/conv1d.h:850) [132]  (1.7 ns)
	fifo write on port 'out_V_V' (S1/conv1d.h:867) [140]  (3.4 ns)

 <State 6>: 0ns
The critical path consists of the following:


============================================================
+ Verbose Summary: Binding
============================================================
N/A
* FSMD analyzer results:
  - Output states:
 - Input state : 
  - Chain level:
	State 1
	State 2
	State 3
	State 4
	State 5
	State 6


============================================================
+ Verbose Summary: Datapath Resource usage 
============================================================
N/A
