

================================================================
== Vivado HLS Report for 'ResizeStream_1'
================================================================
* Date:           Wed Apr 26 21:03:14 2023

* Version:        2018.2 (Build 2258646 on Thu Jun 14 20:25:20 MDT 2018)
* Project:        S1
* Solution:       solution1
* Product family: zynq
* Target device:  xc7z045ffg900-2


================================================================
== Performance Estimates
================================================================
+ Timing (ns): 
    * Summary: 
    +--------+-------+----------+------------+
    |  Clock | Target| Estimated| Uncertainty|
    +--------+-------+----------+------------+
    |ap_clk  |  10.00|     6.802|        1.25|
    +--------+-------+----------+------------+

+ Latency (clock cycles): 
    * Summary: 
    +------+------+------+------+---------+
    |   Latency   |   Interval  | Pipeline|
    |  min |  max |  min |  max |   Type  |
    +------+------+------+------+---------+
    |  1537|  1537|  1537|  1537|   none  |
    +------+------+------+------+---------+

    + Detail: 
        * Instance: 
        N/A

        * Loop: 
        +----------+------+------+----------+-----------+-----------+------+----------+
        |          |   Latency   | Iteration|  Initiation Interval  | Trip |          |
        | Loop Name|  min |  max |  Latency |  achieved |   target  | Count| Pipelined|
        +----------+------+------+----------+-----------+-----------+------+----------+
        |- Loop 1  |  1536|  1536|         1|          -|          -|  1536|    no    |
        +----------+------+------+----------+-----------+-----------+------+----------+



================================================================
== Utilization Estimates
================================================================
* Summary: 
+-----------------+---------+-------+--------+--------+
|       Name      | BRAM_18K| DSP48E|   FF   |   LUT  |
+-----------------+---------+-------+--------+--------+
|DSP              |        -|      -|       -|       -|
|Expression       |        -|      -|       0|      35|
|FIFO             |        -|      -|       -|       -|
|Instance         |        -|      -|       -|       -|
|Memory           |        -|      -|       -|       -|
|Multiplexer      |        -|      -|       -|      60|
|Register         |        -|      -|      15|       -|
+-----------------+---------+-------+--------+--------+
|Total            |        0|      0|      15|      95|
+-----------------+---------+-------+--------+--------+
|Available        |     1090|    900|  437200|  218600|
+-----------------+---------+-------+--------+--------+
|Utilization (%)  |        0|      0|   ~0   |   ~0   |
+-----------------+---------+-------+--------+--------+

+ Detail: 
    * Instance: 
    N/A

    * DSP48: 
    N/A

    * Memory: 
    N/A

    * FIFO: 
    N/A

    * Expression: 
    +-----------------+----------+-------+---+----+------------+------------+
    |  Variable Name  | Operation| DSP48E| FF| LUT| Bitwidth P0| Bitwidth P1|
    +-----------------+----------+-------+---+----+------------+------------+
    |i_1_fu_82_p2     |     +    |      0|  0|  18|          11|           1|
    |tmp_fu_76_p2     |   icmp   |      0|  0|  13|          11|          11|
    |ap_block_state1  |    or    |      0|  0|   2|           1|           1|
    |ap_block_state2  |    or    |      0|  0|   2|           1|           1|
    +-----------------+----------+-------+---+----+------------+------------+
    |Total            |          |      0|  0|  35|          24|          14|
    +-----------------+----------+-------+---+----+------------+------------+

    * Multiplexer: 
    +---------------+----+-----------+-----+-----------+
    |      Name     | LUT| Input Size| Bits| Total Bits|
    +---------------+----+-----------+-----+-----------+
    |ap_NS_fsm      |  15|          3|    1|          3|
    |ap_done        |   9|          2|    1|          2|
    |i_reg_65       |   9|          2|   11|         22|
    |in_V_V_blk_n   |   9|          2|    1|          2|
    |out_V_V_blk_n  |   9|          2|    1|          2|
    |real_start     |   9|          2|    1|          2|
    +---------------+----+-----------+-----+-----------+
    |Total          |  60|         13|   16|         33|
    +---------------+----+-----------+-----+-----------+

    * Register: 
    +----------------+----+----+-----+-----------+
    |      Name      | FF | LUT| Bits| Const Bits|
    +----------------+----+----+-----+-----------+
    |ap_CS_fsm       |   2|   0|    2|          0|
    |ap_done_reg     |   1|   0|    1|          0|
    |i_reg_65        |  11|   0|   11|          0|
    |start_once_reg  |   1|   0|    1|          0|
    +----------------+----+----+-----+-----------+
    |Total           |  15|   0|   15|          0|
    +----------------+----+----+-----+-----------+



================================================================
== Interface
================================================================
* Summary: 
+----------------+-----+-----+------------+----------------+--------------+
|    RTL Ports   | Dir | Bits|  Protocol  |  Source Object |    C Type    |
+----------------+-----+-----+------------+----------------+--------------+
|ap_clk          |  in |    1| ap_ctrl_hs | ResizeStream.1 | return value |
|ap_rst          |  in |    1| ap_ctrl_hs | ResizeStream.1 | return value |
|ap_start        |  in |    1| ap_ctrl_hs | ResizeStream.1 | return value |
|start_full_n    |  in |    1| ap_ctrl_hs | ResizeStream.1 | return value |
|ap_done         | out |    1| ap_ctrl_hs | ResizeStream.1 | return value |
|ap_continue     |  in |    1| ap_ctrl_hs | ResizeStream.1 | return value |
|ap_idle         | out |    1| ap_ctrl_hs | ResizeStream.1 | return value |
|ap_ready        | out |    1| ap_ctrl_hs | ResizeStream.1 | return value |
|start_out       | out |    1| ap_ctrl_hs | ResizeStream.1 | return value |
|start_write     | out |    1| ap_ctrl_hs | ResizeStream.1 | return value |
|in_V_V_dout     |  in |   64|   ap_fifo  |     in_V_V     |    pointer   |
|in_V_V_empty_n  |  in |    1|   ap_fifo  |     in_V_V     |    pointer   |
|in_V_V_read     | out |    1|   ap_fifo  |     in_V_V     |    pointer   |
|out_V_V_din     | out |    8|   ap_fifo  |     out_V_V    |    pointer   |
|out_V_V_full_n  |  in |    1|   ap_fifo  |     out_V_V    |    pointer   |
|out_V_V_write   | out |    1|   ap_fifo  |     out_V_V    |    pointer   |
+----------------+-----+-----+------------+----------------+--------------+

============================================================
+ Verbose Summary: Synthesis Manager
============================================================
InlineROM: 1
ExposeGlobal: 0
============================================================
+ Verbose Summary: CDFG Model
============================================================
IsTopModel: 0
ResetActiveHigh: 1
IsCombinational: 2
IsDatapathOnly: 0
HasWiredReturn: 1
HasMFsm: 0
HasVarLatency: 1
IsPipeline: 0
IsRtlPipelined: 0
IsInstanceOverlapped: 0
IsDontTouch: 0
HasImplIP: 0
IsGatedGlobalClock: 0


============================================================
+ Verbose Summary: Schedule
============================================================
* Number of FSM states : 2
* Pipeline : 0
* Dataflow Pipeline: 0

* FSM state transitions: 
1 --> 
	2  / true
2 --> 
	2  / (!tmp)

* FSM state operations: 

State 1 <SV = 0> <Delay = 1.30>
ST_1 : Operation 3 [1/1] (0.00ns)   --->   "call void (...)* @_ssdm_op_SpecInterface(i8* %out_V_V, [8 x i8]* @ap_fifo_str, i32 0, i32 0, [1 x i8]* @p_str438, i32 0, i32 0, [1 x i8]* @p_str439, [1 x i8]* @p_str440, [1 x i8]* @p_str441, i32 2, i32 2, i32 16, i32 16, [1 x i8]* @p_str442, [1 x i8]* @p_str443)"   --->   Operation 3 'specinterface' <Predicate = true> <Delay = 0.00>
ST_1 : Operation 4 [1/1] (0.00ns)   --->   "call void (...)* @_ssdm_op_SpecInterface(i64* %in_V_V, [8 x i8]* @ap_fifo_str, i32 0, i32 0, [1 x i8]* @p_str431, i32 0, i32 0, [1 x i8]* @p_str432, [1 x i8]* @p_str433, [1 x i8]* @p_str434, i32 2, i32 2, i32 16, i32 16, [1 x i8]* @p_str435, [1 x i8]* @p_str436)"   --->   Operation 4 'specinterface' <Predicate = true> <Delay = 0.00>
ST_1 : Operation 5 [1/1] (1.30ns)   --->   "br label %1" [S1/conv1d.h:1846]   --->   Operation 5 'br' <Predicate = true> <Delay = 1.30>

State 2 <SV = 1> <Delay = 6.80>
ST_2 : Operation 6 [1/1] (0.00ns)   --->   "%i = phi i11 [ 0, %0 ], [ %i_1, %2 ]"   --->   Operation 6 'phi' 'i' <Predicate = true> <Delay = 0.00>
ST_2 : Operation 7 [1/1] (1.52ns)   --->   "%tmp = icmp eq i11 %i, -512" [S1/conv1d.h:1846]   --->   Operation 7 'icmp' 'tmp' <Predicate = true> <Delay = 1.52> <Core = "Cmp">   --->   Core 25 'Cmp' <Latency = 0> <II = 1> <Delay = 1.52> <FuncUnit> <Opcode : 'icmp'> <InPorts = 2> <OutPorts = 1>
ST_2 : Operation 8 [1/1] (0.00ns)   --->   "%empty = call i32 (...)* @_ssdm_op_SpecLoopTripCount(i64 1536, i64 1536, i64 1536)"   --->   Operation 8 'speclooptripcount' 'empty' <Predicate = true> <Delay = 0.00>
ST_2 : Operation 9 [1/1] (1.70ns)   --->   "%i_1 = add i11 %i, 1" [S1/conv1d.h:1846]   --->   Operation 9 'add' 'i_1' <Predicate = true> <Delay = 1.70> <Core = "AddSub">   --->   Core 14 'AddSub' <Latency = 0> <II = 1> <Delay = 1.70> <FuncUnit> <Opcode : 'add' 'sub'> <InPorts = 2> <OutPorts = 1>
ST_2 : Operation 10 [1/1] (0.00ns)   --->   "br i1 %tmp, label %3, label %2" [S1/conv1d.h:1846]   --->   Operation 10 'br' <Predicate = true> <Delay = 0.00>
ST_2 : Operation 11 [1/1] (3.40ns)   --->   "%tmp_V = call i64 @_ssdm_op_Read.ap_fifo.volatile.i64P(i64* %in_V_V)" [S1/conv1d.h:1847]   --->   Operation 11 'read' 'tmp_V' <Predicate = (!tmp)> <Delay = 3.40> <Core = "FIFO">   --->   Core 32 'FIFO' <Latency = 0> <II = 1> <Delay = 3.40> <Storage> <Opcode : 'read' 'write' 'nbread' 'nbwrite'> <Ports = 0> <Width = 8> <Depth = 2> <FIFO>
ST_2 : Operation 12 [1/1] (0.00ns)   --->   "%outWrite_V = trunc i64 %tmp_V to i8" [S1/conv1d.h:1847]   --->   Operation 12 'trunc' 'outWrite_V' <Predicate = (!tmp)> <Delay = 0.00>
ST_2 : Operation 13 [1/1] (3.40ns)   --->   "call void @_ssdm_op_Write.ap_fifo.volatile.i8P(i8* %out_V_V, i8 %outWrite_V)" [S1/conv1d.h:1848]   --->   Operation 13 'write' <Predicate = (!tmp)> <Delay = 3.40> <Core = "FIFO">   --->   Core 32 'FIFO' <Latency = 0> <II = 1> <Delay = 3.40> <Storage> <Opcode : 'read' 'write' 'nbread' 'nbwrite'> <Ports = 0> <Width = 8> <Depth = 2> <FIFO>
ST_2 : Operation 14 [1/1] (0.00ns)   --->   "br label %1" [S1/conv1d.h:1846]   --->   Operation 14 'br' <Predicate = (!tmp)> <Delay = 0.00>
ST_2 : Operation 15 [1/1] (0.00ns)   --->   "ret void" [S1/conv1d.h:1851]   --->   Operation 15 'ret' <Predicate = (tmp)> <Delay = 0.00>


============================================================
+ Verbose Summary: Binding
============================================================
STG Binding: 
---------------- STG Properties BEGIN ----------------
- Is combinational: 0
- Is one-state seq: 0
- Is datapath-only: 0
- Is pipelined: 0
- Is top level: 0
Port [ Return ] is wired: 1; IO mode=ap_ctrl_hs:ce=0
Port [ in_V_V]:  wired=1; compound=1; hidden=0; nouse=0; global=0; static=0; extern=0; dir=0; type=3; pingpong=0; private_global=0; IO mode=ap_fifo:ce=0
Port [ out_V_V]:  wired=1; compound=1; hidden=0; nouse=0; global=0; static=0; extern=0; dir=1; type=3; pingpong=0; private_global=0; IO mode=ap_fifo:ce=0
---------------- STG Properties END ------------------

---------------- Datapath Model BEGIN ----------------

<LifeTime>
<method=bitvector/>
StgValue_3  (specinterface    ) [ 000]
StgValue_4  (specinterface    ) [ 000]
StgValue_5  (br               ) [ 011]
i           (phi              ) [ 001]
tmp         (icmp             ) [ 001]
empty       (speclooptripcount) [ 000]
i_1         (add              ) [ 011]
StgValue_10 (br               ) [ 000]
tmp_V       (read             ) [ 000]
outWrite_V  (trunc            ) [ 000]
StgValue_13 (write            ) [ 000]
StgValue_14 (br               ) [ 011]
StgValue_15 (ret              ) [ 000]
</LifeTime>

<model>

<comp_list>
<comp id="0" class="1000" name="in_V_V">
<pin_list>
<pin id="1" dir="1" index="0" bw="1" slack="0"/>
</pin_list>
<bind>
<StgValue><ssdm name="in_V_V"/></StgValue>
</bind>
</comp>

<comp id="2" class="1000" name="out_V_V">
<pin_list>
<pin id="3" dir="1" index="0" bw="1" slack="0"/>
</pin_list>
<bind>
<StgValue><ssdm name="out_V_V"/></StgValue>
</bind>
</comp>

<comp id="4" class="1001" name="const_4">
<pin_list>
<pin id="5" dir="1" index="0" bw="1" slack="2147483647"/>
</pin_list>
<bind>
<StgValue><ssdm name="_ssdm_op_SpecInterface"/></StgValue>
</bind>
</comp>

<comp id="6" class="1001" name="const_6">
<pin_list>
<pin id="7" dir="1" index="0" bw="1" slack="2147483647"/>
</pin_list>
<bind>
<StgValue><ssdm name="ap_fifo_str"/></StgValue>
</bind>
</comp>

<comp id="8" class="1001" name="const_8">
<pin_list>
<pin id="9" dir="1" index="0" bw="1" slack="2147483647"/>
</pin_list>
<bind>
<StgValue><ssdm name=""/></StgValue>
</bind>
</comp>

<comp id="10" class="1001" name="const_10">
<pin_list>
<pin id="11" dir="1" index="0" bw="1" slack="2147483647"/>
</pin_list>
<bind>
<StgValue><ssdm name="p_str438"/></StgValue>
</bind>
</comp>

<comp id="12" class="1001" name="const_12">
<pin_list>
<pin id="13" dir="1" index="0" bw="1" slack="2147483647"/>
</pin_list>
<bind>
<StgValue><ssdm name="p_str439"/></StgValue>
</bind>
</comp>

<comp id="14" class="1001" name="const_14">
<pin_list>
<pin id="15" dir="1" index="0" bw="1" slack="2147483647"/>
</pin_list>
<bind>
<StgValue><ssdm name="p_str440"/></StgValue>
</bind>
</comp>

<comp id="16" class="1001" name="const_16">
<pin_list>
<pin id="17" dir="1" index="0" bw="1" slack="2147483647"/>
</pin_list>
<bind>
<StgValue><ssdm name="p_str441"/></StgValue>
</bind>
</comp>

<comp id="18" class="1001" name="const_18">
<pin_list>
<pin id="19" dir="1" index="0" bw="1" slack="2147483647"/>
</pin_list>
<bind>
<StgValue><ssdm name=""/></StgValue>
</bind>
</comp>

<comp id="20" class="1001" name="const_20">
<pin_list>
<pin id="21" dir="1" index="0" bw="1" slack="2147483647"/>
</pin_list>
<bind>
<StgValue><ssdm name=""/></StgValue>
</bind>
</comp>

<comp id="22" class="1001" name="const_22">
<pin_list>
<pin id="23" dir="1" index="0" bw="1" slack="2147483647"/>
</pin_list>
<bind>
<StgValue><ssdm name="p_str442"/></StgValue>
</bind>
</comp>

<comp id="24" class="1001" name="const_24">
<pin_list>
<pin id="25" dir="1" index="0" bw="1" slack="2147483647"/>
</pin_list>
<bind>
<StgValue><ssdm name="p_str443"/></StgValue>
</bind>
</comp>

<comp id="26" class="1001" name="const_26">
<pin_list>
<pin id="27" dir="1" index="0" bw="1" slack="2147483647"/>
</pin_list>
<bind>
<StgValue><ssdm name="p_str431"/></StgValue>
</bind>
</comp>

<comp id="28" class="1001" name="const_28">
<pin_list>
<pin id="29" dir="1" index="0" bw="1" slack="2147483647"/>
</pin_list>
<bind>
<StgValue><ssdm name="p_str432"/></StgValue>
</bind>
</comp>

<comp id="30" class="1001" name="const_30">
<pin_list>
<pin id="31" dir="1" index="0" bw="1" slack="2147483647"/>
</pin_list>
<bind>
<StgValue><ssdm name="p_str433"/></StgValue>
</bind>
</comp>

<comp id="32" class="1001" name="const_32">
<pin_list>
<pin id="33" dir="1" index="0" bw="1" slack="2147483647"/>
</pin_list>
<bind>
<StgValue><ssdm name="p_str434"/></StgValue>
</bind>
</comp>

<comp id="34" class="1001" name="const_34">
<pin_list>
<pin id="35" dir="1" index="0" bw="1" slack="2147483647"/>
</pin_list>
<bind>
<StgValue><ssdm name="p_str435"/></StgValue>
</bind>
</comp>

<comp id="36" class="1001" name="const_36">
<pin_list>
<pin id="37" dir="1" index="0" bw="1" slack="2147483647"/>
</pin_list>
<bind>
<StgValue><ssdm name="p_str436"/></StgValue>
</bind>
</comp>

<comp id="38" class="1001" name="const_38">
<pin_list>
<pin id="39" dir="1" index="0" bw="1" slack="1"/>
</pin_list>
<bind>
<StgValue><ssdm name=""/></StgValue>
</bind>
</comp>

<comp id="40" class="1001" name="const_40">
<pin_list>
<pin id="41" dir="1" index="0" bw="1" slack="0"/>
</pin_list>
<bind>
<StgValue><ssdm name=""/></StgValue>
</bind>
</comp>

<comp id="42" class="1001" name="const_42">
<pin_list>
<pin id="43" dir="1" index="0" bw="1" slack="2147483647"/>
</pin_list>
<bind>
<StgValue><ssdm name="_ssdm_op_SpecLoopTripCount"/></StgValue>
</bind>
</comp>

<comp id="44" class="1001" name="const_44">
<pin_list>
<pin id="45" dir="1" index="0" bw="1" slack="2147483647"/>
</pin_list>
<bind>
<StgValue><ssdm name=""/></StgValue>
</bind>
</comp>

<comp id="46" class="1001" name="const_46">
<pin_list>
<pin id="47" dir="1" index="0" bw="1" slack="0"/>
</pin_list>
<bind>
<StgValue><ssdm name=""/></StgValue>
</bind>
</comp>

<comp id="48" class="1001" name="const_48">
<pin_list>
<pin id="49" dir="1" index="0" bw="1" slack="0"/>
</pin_list>
<bind>
<StgValue><ssdm name="_ssdm_op_Read.ap_fifo.volatile.i64P"/></StgValue>
</bind>
</comp>

<comp id="50" class="1001" name="const_50">
<pin_list>
<pin id="51" dir="1" index="0" bw="1" slack="0"/>
</pin_list>
<bind>
<StgValue><ssdm name="_ssdm_op_Write.ap_fifo.volatile.i8P"/></StgValue>
</bind>
</comp>

<comp id="52" class="1004" name="tmp_V_read_fu_52">
<pin_list>
<pin id="53" dir="0" index="0" bw="64" slack="0"/>
<pin id="54" dir="0" index="1" bw="64" slack="0"/>
<pin id="55" dir="1" index="2" bw="64" slack="0"/>
</pin_list>
<bind>
<opcode="read(1150) " fcode="read"/>
<opset="tmp_V/2 "/>
</bind>
</comp>

<comp id="58" class="1004" name="StgValue_13_write_fu_58">
<pin_list>
<pin id="59" dir="0" index="0" bw="0" slack="0"/>
<pin id="60" dir="0" index="1" bw="8" slack="0"/>
<pin id="61" dir="0" index="2" bw="8" slack="0"/>
<pin id="62" dir="1" index="3" bw="0" slack="2147483647"/>
</pin_list>
<bind>
<opcode="write(1151) " fcode="write"/>
<opset="StgValue_13/2 "/>
</bind>
</comp>

<comp id="65" class="1005" name="i_reg_65">
<pin_list>
<pin id="66" dir="0" index="0" bw="11" slack="1"/>
<pin id="67" dir="1" index="1" bw="11" slack="1"/>
</pin_list>
<bind>
<opset="i (phireg) "/>
</bind>
</comp>

<comp id="69" class="1004" name="i_phi_fu_69">
<pin_list>
<pin id="70" dir="0" index="0" bw="1" slack="1"/>
<pin id="71" dir="0" index="1" bw="0" slack="2147483647"/>
<pin id="72" dir="0" index="2" bw="11" slack="0"/>
<pin id="73" dir="0" index="3" bw="0" slack="2147483647"/>
<pin id="74" dir="1" index="4" bw="11" slack="0"/>
</pin_list>
<bind>
<opcode="phi(47) " fcode="phi"/>
<opset="i/2 "/>
</bind>
</comp>

<comp id="76" class="1004" name="tmp_fu_76">
<pin_list>
<pin id="77" dir="0" index="0" bw="11" slack="0"/>
<pin id="78" dir="0" index="1" bw="11" slack="0"/>
<pin id="79" dir="1" index="2" bw="1" slack="2147483647"/>
</pin_list>
<bind>
<opcode="icmp(45) " fcode="icmp"/>
<opset="tmp/2 "/>
</bind>
</comp>

<comp id="82" class="1004" name="i_1_fu_82">
<pin_list>
<pin id="83" dir="0" index="0" bw="11" slack="0"/>
<pin id="84" dir="0" index="1" bw="1" slack="0"/>
<pin id="85" dir="1" index="2" bw="11" slack="0"/>
</pin_list>
<bind>
<opcode="add(8) " fcode="add"/>
<opset="i_1/2 "/>
</bind>
</comp>

<comp id="88" class="1004" name="outWrite_V_fu_88">
<pin_list>
<pin id="89" dir="0" index="0" bw="64" slack="0"/>
<pin id="90" dir="1" index="1" bw="8" slack="0"/>
</pin_list>
<bind>
<opcode="trunc(33) " fcode="trunc"/>
<opset="outWrite_V/2 "/>
</bind>
</comp>

<comp id="96" class="1005" name="i_1_reg_96">
<pin_list>
<pin id="97" dir="0" index="0" bw="11" slack="0"/>
<pin id="98" dir="1" index="1" bw="11" slack="0"/>
</pin_list>
<bind>
<opset="i_1 "/>
</bind>
</comp>

</comp_list>

<net_list>
<net id="56"><net_src comp="48" pin="0"/><net_sink comp="52" pin=0"/></net>

<net id="57"><net_src comp="0" pin="0"/><net_sink comp="52" pin=1"/></net>

<net id="63"><net_src comp="50" pin="0"/><net_sink comp="58" pin=0"/></net>

<net id="64"><net_src comp="2" pin="0"/><net_sink comp="58" pin=1"/></net>

<net id="68"><net_src comp="38" pin="0"/><net_sink comp="65" pin=0"/></net>

<net id="75"><net_src comp="65" pin="1"/><net_sink comp="69" pin=0"/></net>

<net id="80"><net_src comp="69" pin="4"/><net_sink comp="76" pin=0"/></net>

<net id="81"><net_src comp="40" pin="0"/><net_sink comp="76" pin=1"/></net>

<net id="86"><net_src comp="69" pin="4"/><net_sink comp="82" pin=0"/></net>

<net id="87"><net_src comp="46" pin="0"/><net_sink comp="82" pin=1"/></net>

<net id="91"><net_src comp="52" pin="2"/><net_sink comp="88" pin=0"/></net>

<net id="92"><net_src comp="88" pin="1"/><net_sink comp="58" pin=2"/></net>

<net id="99"><net_src comp="82" pin="2"/><net_sink comp="96" pin=0"/></net>

<net id="100"><net_src comp="96" pin="1"/><net_sink comp="69" pin=2"/></net>

</net_list>

</model> 
---------------- Datapath Model END ------------------

* FSMD analyzer results:
  - Output states:
	Port: out_V_V | {2 }
 - Input state : 
	Port: ResizeStream.1 : in_V_V | {2 }
  - Chain level:
	State 1
	State 2
		tmp : 1
		i_1 : 1
		StgValue_10 : 2
		StgValue_13 : 1


============================================================
+ Verbose Summary: Datapath Resource usage 
============================================================

* Functional unit list:
|----------|-------------------------|---------|---------|
| Operation|     Functional Unit     |    FF   |   LUT   |
|----------|-------------------------|---------|---------|
|    add   |        i_1_fu_82        |    0    |    18   |
|----------|-------------------------|---------|---------|
|   icmp   |        tmp_fu_76        |    0    |    13   |
|----------|-------------------------|---------|---------|
|   read   |     tmp_V_read_fu_52    |    0    |    0    |
|----------|-------------------------|---------|---------|
|   write  | StgValue_13_write_fu_58 |    0    |    0    |
|----------|-------------------------|---------|---------|
|   trunc  |     outWrite_V_fu_88    |    0    |    0    |
|----------|-------------------------|---------|---------|
|   Total  |                         |    0    |    31   |
|----------|-------------------------|---------|---------|

Memories:
N/A

* Register list:
+----------+--------+
|          |   FF   |
+----------+--------+
|i_1_reg_96|   11   |
| i_reg_65 |   11   |
+----------+--------+
|   Total  |   22   |
+----------+--------+

* Multiplexer (MUX) list: 
|--------|------|------|------|--------|
|  Comp  |  Pin | Size |  BW  | S x BW |
|--------|------|------|------|--------|
|  Total |      |      |      |    0   |
|--------|------|------|------|--------|



* Summary:
+-----------+--------+--------+
|           |   FF   |   LUT  |
+-----------+--------+--------+
|  Function |    0   |   31   |
|   Memory  |    -   |    -   |
|Multiplexer|    -   |    -   |
|  Register |   22   |    -   |
+-----------+--------+--------+
|   Total   |   22   |   31   |
+-----------+--------+--------+
