

================================================================
== Vivado HLS Report for 'ResizeStream'
================================================================
* Date:           Tue May  2 19:19:54 2023

* Version:        2018.2 (Build 2258646 on Thu Jun 14 20:25:20 MDT 2018)
* Project:        S4_4
* Solution:       solution1
* Product family: zynq
* Target device:  xc7z045ffg900-2


================================================================
== Performance Estimates
================================================================
+ Timing (ns): 
    * Summary: 
    +--------+-------+----------+------------+
    |  Clock | Target| Estimated| Uncertainty|
    +--------+-------+----------+------------+
    |ap_clk  |  10.00|     3.401|        1.25|
    +--------+-------+----------+------------+

+ Latency (clock cycles): 
    * Summary: 
    +-----+-----+-----+-----+---------+
    |  Latency  |  Interval | Pipeline|
    | min | max | min | max |   Type  |
    +-----+-----+-----+-----+---------+
    |   81|   81|   81|   81|   none  |
    +-----+-----+-----+-----+---------+

    + Detail: 
        * Instance: 
        N/A

        * Loop: 
        +----------+-----+-----+----------+-----------+-----------+------+----------+
        |          |  Latency  | Iteration|  Initiation Interval  | Trip |          |
        | Loop Name| min | max |  Latency |  achieved |   target  | Count| Pipelined|
        +----------+-----+-----+----------+-----------+-----------+------+----------+
        |- Loop 1  |   80|   80|         2|          -|          -|    40|    no    |
        +----------+-----+-----+----------+-----------+-----------+------+----------+

============================================================
+ Verbose Summary: Synthesis Manager
============================================================
InlineROM: 1
ExposeGlobal: 0
============================================================
+ Verbose Summary: CDFG Model
============================================================
IsTopModel: 0
ResetActiveHigh: 1
IsCombinational: 2
IsDatapathOnly: 0
HasWiredReturn: 1
HasMFsm: 0
HasVarLatency: 1
IsPipeline: 0
IsRtlPipelined: 0
IsInstanceOverlapped: 0
IsDontTouch: 0
HasImplIP: 0
IsGatedGlobalClock: 0


============================================================
+ Verbose Summary: Schedule
============================================================
* Number of FSM states : 3
* Pipeline : 0
* Dataflow Pipeline: 0

* FSM state transitions: 
1 --> 
	2  / true
2 --> 
	3  / (!tmp)
3 --> 
	2  / true

* FSM state operations: 

State 1 <SV = 0> <Delay = 1.30>
ST_1 : Operation 4 [1/1] (0.00ns)   --->   "call void (...)* @_ssdm_op_SpecInterface(i8* %in_V_V, [8 x i8]* @ap_fifo_str, i32 0, i32 0, [1 x i8]* @p_str83, i32 0, i32 0, [1 x i8]* @p_str84, [1 x i8]* @p_str85, [1 x i8]* @p_str86, i32 2, i32 2, i32 16, i32 16, [1 x i8]* @p_str87, [1 x i8]* @p_str88)"   --->   Operation 4 'specinterface' <Predicate = true> <Delay = 0.00>
ST_1 : Operation 5 [1/1] (0.00ns)   --->   "call void (...)* @_ssdm_op_SpecInterface(i64* %out_V_V, [5 x i8]* @p_str, i32 1, i32 1, [5 x i8]* @p_str7, i32 0, i32 0, [1 x i8]* @p_str8, [1 x i8]* @p_str8, [1 x i8]* @p_str8, i32 0, i32 0, i32 0, i32 0, [1 x i8]* @p_str8, [1 x i8]* @p_str8) nounwind"   --->   Operation 5 'specinterface' <Predicate = true> <Delay = 0.00>
ST_1 : Operation 6 [1/1] (1.30ns)   --->   "br label %1" [S4_4/conv1d.h:19]   --->   Operation 6 'br' <Predicate = true> <Delay = 1.30>

State 2 <SV = 1> <Delay = 3.40>
ST_2 : Operation 7 [1/1] (0.00ns)   --->   "%i = phi i6 [ 0, %0 ], [ %i_3, %2 ]"   --->   Operation 7 'phi' 'i' <Predicate = true> <Delay = 0.00>
ST_2 : Operation 8 [1/1] (1.18ns)   --->   "%tmp = icmp eq i6 %i, -24" [S4_4/conv1d.h:19]   --->   Operation 8 'icmp' 'tmp' <Predicate = true> <Delay = 1.18> <Core = "Cmp">   --->   Core 25 'Cmp' <Latency = 0> <II = 1> <Delay = 1.18> <FuncUnit> <Opcode : 'icmp'> <InPorts = 2> <OutPorts = 1>
ST_2 : Operation 9 [1/1] (0.00ns)   --->   "%empty = call i32 (...)* @_ssdm_op_SpecLoopTripCount(i64 40, i64 40, i64 40)"   --->   Operation 9 'speclooptripcount' 'empty' <Predicate = true> <Delay = 0.00>
ST_2 : Operation 10 [1/1] (1.61ns)   --->   "%i_3 = add i6 %i, 1" [S4_4/conv1d.h:19]   --->   Operation 10 'add' 'i_3' <Predicate = true> <Delay = 1.61> <Core = "AddSub">   --->   Core 14 'AddSub' <Latency = 0> <II = 1> <Delay = 1.61> <FuncUnit> <Opcode : 'add' 'sub'> <InPorts = 2> <OutPorts = 1>
ST_2 : Operation 11 [1/1] (0.00ns)   --->   "br i1 %tmp, label %3, label %2" [S4_4/conv1d.h:19]   --->   Operation 11 'br' <Predicate = true> <Delay = 0.00>
ST_2 : Operation 12 [1/1] (3.40ns)   --->   "%tmp_V = call i8 @_ssdm_op_Read.ap_fifo.volatile.i8P(i8* %in_V_V)" [S4_4/conv1d.h:20]   --->   Operation 12 'read' 'tmp_V' <Predicate = (!tmp)> <Delay = 3.40> <Core = "FIFO">   --->   Core 32 'FIFO' <Latency = 0> <II = 1> <Delay = 3.40> <Storage> <Opcode : 'read' 'write' 'nbread' 'nbwrite'> <Ports = 0> <Width = 8> <Depth = 2> <FIFO>
ST_2 : Operation 13 [1/1] (0.00ns)   --->   "%outWrite_V = zext i8 %tmp_V to i64" [S4_4/conv1d.h:20]   --->   Operation 13 'zext' 'outWrite_V' <Predicate = (!tmp)> <Delay = 0.00>
ST_2 : Operation 14 [2/2] (0.00ns)   --->   "call void @_ssdm_op_Write.axis.volatile.i64P(i64* %out_V_V, i64 %outWrite_V)" [S4_4/conv1d.h:21]   --->   Operation 14 'write' <Predicate = (!tmp)> <Delay = 0.00> <Core = "AXI4Stream">   --->   Core 5 'AXI4Stream' <Latency = 0> <II = 1> <Delay = 1.00> <Adapter> <Opcode : >
ST_2 : Operation 15 [1/1] (0.00ns)   --->   "ret void" [S4_4/conv1d.h:24]   --->   Operation 15 'ret' <Predicate = (tmp)> <Delay = 0.00>

State 3 <SV = 2> <Delay = 0.00>
ST_3 : Operation 16 [1/2] (0.00ns)   --->   "call void @_ssdm_op_Write.axis.volatile.i64P(i64* %out_V_V, i64 %outWrite_V)" [S4_4/conv1d.h:21]   --->   Operation 16 'write' <Predicate = true> <Delay = 0.00> <Core = "AXI4Stream">   --->   Core 5 'AXI4Stream' <Latency = 0> <II = 1> <Delay = 1.00> <Adapter> <Opcode : >
ST_3 : Operation 17 [1/1] (0.00ns)   --->   "br label %1" [S4_4/conv1d.h:19]   --->   Operation 17 'br' <Predicate = true> <Delay = 0.00>


============================================================
+ Verbose Summary: Timing violations
============================================================
Target clock period: 10ns, clock uncertainty: 1.25ns.

 <State 1>: 1.3ns
The critical path consists of the following:
	multiplexor before 'phi' operation ('i') with incoming values : ('i', S4_4/conv1d.h:19) [7]  (1.3 ns)

 <State 2>: 3.4ns
The critical path consists of the following:
	fifo read on port 'in_V_V' (S4_4/conv1d.h:20) [13]  (3.4 ns)
	axis write on port 'out_V_V' (S4_4/conv1d.h:21) [15]  (0 ns)

 <State 3>: 0ns
The critical path consists of the following:


============================================================
+ Verbose Summary: Binding
============================================================
N/A
* FSMD analyzer results:
  - Output states:
 - Input state : 
  - Chain level:
	State 1
	State 2
	State 3


============================================================
+ Verbose Summary: Datapath Resource usage 
============================================================
N/A
