

================================================================
== Vivado HLS Report for 'StreamingDataWidthCo_1'
================================================================
* Date:           Tue May  2 19:20:48 2023

* Version:        2018.2 (Build 2258646 on Thu Jun 14 20:25:20 MDT 2018)
* Project:        S4_4
* Solution:       solution1
* Product family: zynq
* Target device:  xc7z045ffg900-2


================================================================
== Performance Estimates
================================================================
+ Timing (ns): 
    * Summary: 
    +--------+-------+----------+------------+
    |  Clock | Target| Estimated| Uncertainty|
    +--------+-------+----------+------------+
    |ap_clk  |  10.00|     8.106|        1.25|
    +--------+-------+----------+------------+

+ Latency (clock cycles): 
    * Summary: 
    +-----+-----+-----+-----+---------+
    |  Latency  |  Interval | Pipeline|
    | min | max | min | max |   Type  |
    +-----+-----+-----+-----+---------+
    |  514|  514|  514|  514|   none  |
    +-----+-----+-----+-----+---------+

    + Detail: 
        * Instance: 
        N/A

        * Loop: 
        +----------+-----+-----+----------+-----------+-----------+------+----------+
        |          |  Latency  | Iteration|  Initiation Interval  | Trip |          |
        | Loop Name| min | max |  Latency |  achieved |   target  | Count| Pipelined|
        +----------+-----+-----+----------+-----------+-----------+------+----------+
        |- Loop 1  |  512|  512|         2|          1|          1|   512|    yes   |
        +----------+-----+-----+----------+-----------+-----------+------+----------+



================================================================
== Utilization Estimates
================================================================
* Summary: 
+-----------------+---------+-------+--------+--------+
|       Name      | BRAM_18K| DSP48E|   FF   |   LUT  |
+-----------------+---------+-------+--------+--------+
|DSP              |        -|      -|       -|       -|
|Expression       |        -|      -|       0|     151|
|FIFO             |        -|      -|       -|       -|
|Instance         |        -|      -|       -|       -|
|Memory           |        -|      -|       -|       -|
|Multiplexer      |        -|      -|       -|     114|
|Register         |        -|      -|     107|       -|
+-----------------+---------+-------+--------+--------+
|Total            |        0|      0|     107|     265|
+-----------------+---------+-------+--------+--------+
|Available        |     1090|    900|  437200|  218600|
+-----------------+---------+-------+--------+--------+
|Utilization (%)  |        0|      0|   ~0   |   ~0   |
+-----------------+---------+-------+--------+--------+

+ Detail: 
    * Instance: 
    N/A

    * DSP48: 
    N/A

    * Memory: 
    N/A

    * FIFO: 
    N/A

    * Expression: 
    +----------------------------------+----------+-------+---+----+------------+------------+
    |           Variable Name          | Operation| DSP48E| FF| LUT| Bitwidth P0| Bitwidth P1|
    +----------------------------------+----------+-------+---+----+------------+------------+
    |o_1_fu_147_p2                     |     +    |      0|  0|  39|           1|          32|
    |t_1_fu_135_p2                     |     +    |      0|  0|  17|          10|           1|
    |ap_block_pp0_stage0_01001         |    and   |      0|  0|   2|           1|           1|
    |ap_condition_70                   |    and   |      0|  0|   2|           1|           1|
    |ap_predicate_op23_read_state3     |    and   |      0|  0|   2|           1|           1|
    |exitcond_fu_129_p2                |   icmp   |      0|  0|  13|          10|          11|
    |tmp_6_fu_153_p2                   |   icmp   |      0|  0|  18|          32|           4|
    |tmp_fu_141_p2                     |   icmp   |      0|  0|  18|          32|           1|
    |ap_block_state1                   |    or    |      0|  0|   2|           1|           1|
    |ap_block_state3_pp0_stage0_iter1  |    or    |      0|  0|   2|           1|           1|
    |p_s_fu_159_p3                     |  select  |      0|  0|  32|           1|           1|
    |ap_enable_pp0                     |    xor   |      0|  0|   2|           1|           2|
    |ap_enable_reg_pp0_iter1           |    xor   |      0|  0|   2|           2|           1|
    +----------------------------------+----------+-------+---+----+------------+------------+
    |Total                             |          |      0|  0| 151|          94|          58|
    +----------------------------------+----------+-------+---+----+------------+------------+

    * Multiplexer: 
    +-----------------------------------+----+-----------+-----+-----------+
    |                Name               | LUT| Input Size| Bits| Total Bits|
    +-----------------------------------+----+-----------+-----+-----------+
    |ap_NS_fsm                          |  21|          4|    1|          4|
    |ap_done                            |   9|          2|    1|          2|
    |ap_enable_reg_pp0_iter1            |  15|          3|    1|          3|
    |ap_phi_mux_p_Val2_s_phi_fu_122_p4  |  15|          3|   64|        192|
    |in_V_V_blk_n                       |   9|          2|    1|          2|
    |o_reg_97                           |   9|          2|   32|         64|
    |out_V_V_blk_n                      |   9|          2|    1|          2|
    |p_1_reg_85                         |   9|          2|   56|        112|
    |real_start                         |   9|          2|    1|          2|
    |t_reg_108                          |   9|          2|   10|         20|
    +-----------------------------------+----+-----------+-----+-----------+
    |Total                              | 114|         24|  168|        403|
    +-----------------------------------+----+-----------+-----+-----------+

    * Register: 
    +-------------------------+----+----+-----+-----------+
    |           Name          | FF | LUT| Bits| Const Bits|
    +-------------------------+----+----+-----+-----------+
    |ap_CS_fsm                |   3|   0|    3|          0|
    |ap_done_reg              |   1|   0|    1|          0|
    |ap_enable_reg_pp0_iter0  |   1|   0|    1|          0|
    |ap_enable_reg_pp0_iter1  |   1|   0|    1|          0|
    |exitcond_reg_187         |   1|   0|    1|          0|
    |o_reg_97                 |  32|   0|   32|          0|
    |p_1_reg_85               |  56|   0|   56|          0|
    |start_once_reg           |   1|   0|    1|          0|
    |t_reg_108                |  10|   0|   10|          0|
    |tmp_reg_196              |   1|   0|    1|          0|
    +-------------------------+----+----+-----+-----------+
    |Total                    | 107|   0|  107|          0|
    +-------------------------+----+----+-----+-----------+



================================================================
== Interface
================================================================
* Summary: 
+----------------+-----+-----+------------+------------------------+--------------+
|    RTL Ports   | Dir | Bits|  Protocol  |      Source Object     |    C Type    |
+----------------+-----+-----+------------+------------------------+--------------+
|ap_clk          |  in |    1| ap_ctrl_hs | StreamingDataWidthCo.1 | return value |
|ap_rst          |  in |    1| ap_ctrl_hs | StreamingDataWidthCo.1 | return value |
|ap_start        |  in |    1| ap_ctrl_hs | StreamingDataWidthCo.1 | return value |
|start_full_n    |  in |    1| ap_ctrl_hs | StreamingDataWidthCo.1 | return value |
|ap_done         | out |    1| ap_ctrl_hs | StreamingDataWidthCo.1 | return value |
|ap_continue     |  in |    1| ap_ctrl_hs | StreamingDataWidthCo.1 | return value |
|ap_idle         | out |    1| ap_ctrl_hs | StreamingDataWidthCo.1 | return value |
|ap_ready        | out |    1| ap_ctrl_hs | StreamingDataWidthCo.1 | return value |
|start_out       | out |    1| ap_ctrl_hs | StreamingDataWidthCo.1 | return value |
|start_write     | out |    1| ap_ctrl_hs | StreamingDataWidthCo.1 | return value |
|in_V_V_dout     |  in |   64|   ap_fifo  |         in_V_V         |    pointer   |
|in_V_V_empty_n  |  in |    1|   ap_fifo  |         in_V_V         |    pointer   |
|in_V_V_read     | out |    1|   ap_fifo  |         in_V_V         |    pointer   |
|out_V_V_din     | out |    8|   ap_fifo  |         out_V_V        |    pointer   |
|out_V_V_full_n  |  in |    1|   ap_fifo  |         out_V_V        |    pointer   |
|out_V_V_write   | out |    1|   ap_fifo  |         out_V_V        |    pointer   |
+----------------+-----+-----+------------+------------------------+--------------+

============================================================
+ Verbose Summary: Synthesis Manager
============================================================
InlineROM: 1
ExposeGlobal: 0
============================================================
+ Verbose Summary: CDFG Model
============================================================
IsTopModel: 0
ResetActiveHigh: 1
IsCombinational: 2
IsDatapathOnly: 0
HasWiredReturn: 1
HasMFsm: 0
HasVarLatency: 1
IsPipeline: 0
IsRtlPipelined: 0
IsInstanceOverlapped: 0
IsDontTouch: 0
HasImplIP: 0
IsGatedGlobalClock: 0

+ Individual pipeline summary: 
  * Pipeline-0: initiation interval (II) = 1, depth = 2


============================================================
+ Verbose Summary: Schedule
============================================================
* Number of FSM states : 4
* Pipeline : 1
  Pipeline-0 : II = 1, D = 2, States = { 2 3 }
* Dataflow Pipeline: 0

* FSM state transitions: 
1 --> 
	2  / true
2 --> 
	4  / (exitcond)
	3  / (!exitcond)
3 --> 
	2  / true
4 --> 

* FSM state operations: 

State 1 <SV = 0> <Delay = 1.30>
ST_1 : Operation 5 [1/1] (0.00ns)   --->   "call void (...)* @_ssdm_op_SpecInterface(i8* %out_V_V, [8 x i8]* @ap_fifo_str, i32 0, i32 0, [1 x i8]* @p_str83, i32 0, i32 0, [1 x i8]* @p_str84, [1 x i8]* @p_str85, [1 x i8]* @p_str86, i32 2, i32 2, i32 16, i32 16, [1 x i8]* @p_str87, [1 x i8]* @p_str88)"   --->   Operation 5 'specinterface' <Predicate = true> <Delay = 0.00>
ST_1 : Operation 6 [1/1] (0.00ns)   --->   "call void (...)* @_ssdm_op_SpecInterface(i64* %in_V_V, [8 x i8]* @ap_fifo_str, i32 0, i32 0, [1 x i8]* @p_str76, i32 0, i32 0, [1 x i8]* @p_str77, [1 x i8]* @p_str78, [1 x i8]* @p_str79, i32 2, i32 2, i32 16, i32 16, [1 x i8]* @p_str80, [1 x i8]* @p_str81)"   --->   Operation 6 'specinterface' <Predicate = true> <Delay = 0.00>
ST_1 : Operation 7 [1/1] (1.30ns)   --->   "br label %1" [S4_4/conv1d.h:52]   --->   Operation 7 'br' <Predicate = true> <Delay = 1.30>

State 2 <SV = 1> <Delay = 5.09>
ST_2 : Operation 8 [1/1] (0.00ns)   --->   "%p_1 = phi i56 [ 0, %0 ], [ %r_V_cast, %._crit_edge ]" [S4_4/conv1d.h:62]   --->   Operation 8 'phi' 'p_1' <Predicate = true> <Delay = 0.00>
ST_2 : Operation 9 [1/1] (0.00ns)   --->   "%o = phi i32 [ 0, %0 ], [ %p_s, %._crit_edge ]" [S4_4/conv1d.h:66]   --->   Operation 9 'phi' 'o' <Predicate = true> <Delay = 0.00>
ST_2 : Operation 10 [1/1] (0.00ns)   --->   "%t = phi i10 [ 0, %0 ], [ %t_1, %._crit_edge ]"   --->   Operation 10 'phi' 't' <Predicate = true> <Delay = 0.00>
ST_2 : Operation 11 [1/1] (1.44ns)   --->   "%exitcond = icmp eq i10 %t, -512" [S4_4/conv1d.h:52]   --->   Operation 11 'icmp' 'exitcond' <Predicate = true> <Delay = 1.44> <Core = "Cmp">   --->   Core 25 'Cmp' <Latency = 0> <II = 1> <Delay = 2.14> <FuncUnit> <Opcode : 'icmp'> <InPorts = 2> <OutPorts = 1>
ST_2 : Operation 12 [1/1] (0.00ns)   --->   "%empty = call i32 (...)* @_ssdm_op_SpecLoopTripCount(i64 512, i64 512, i64 512)"   --->   Operation 12 'speclooptripcount' 'empty' <Predicate = true> <Delay = 0.00>
ST_2 : Operation 13 [1/1] (1.70ns)   --->   "%t_1 = add i10 %t, 1" [S4_4/conv1d.h:52]   --->   Operation 13 'add' 't_1' <Predicate = true> <Delay = 1.70> <Core = "AddSub">   --->   Core 14 'AddSub' <Latency = 0> <II = 1> <Delay = 1.70> <FuncUnit> <Opcode : 'add' 'sub'> <InPorts = 2> <OutPorts = 1>
ST_2 : Operation 14 [1/1] (0.00ns)   --->   "br i1 %exitcond, label %4, label %2" [S4_4/conv1d.h:52]   --->   Operation 14 'br' <Predicate = true> <Delay = 0.00>
ST_2 : Operation 15 [1/1] (2.14ns)   --->   "%tmp = icmp eq i32 %o, 0" [S4_4/conv1d.h:55]   --->   Operation 15 'icmp' 'tmp' <Predicate = (!exitcond)> <Delay = 2.14> <Core = "Cmp">   --->   Core 25 'Cmp' <Latency = 0> <II = 1> <Delay = 2.14> <FuncUnit> <Opcode : 'icmp'> <InPorts = 2> <OutPorts = 1>
ST_2 : Operation 16 [1/1] (2.24ns)   --->   "%o_1 = add i32 1, %o" [S4_4/conv1d.h:64]   --->   Operation 16 'add' 'o_1' <Predicate = (!exitcond)> <Delay = 2.24> <Core = "AddSub">   --->   Core 14 'AddSub' <Latency = 0> <II = 1> <Delay = 1.70> <FuncUnit> <Opcode : 'add' 'sub'> <InPorts = 2> <OutPorts = 1>
ST_2 : Operation 17 [1/1] (2.14ns)   --->   "%tmp_6 = icmp eq i32 %o_1, 8" [S4_4/conv1d.h:66]   --->   Operation 17 'icmp' 'tmp_6' <Predicate = (!exitcond)> <Delay = 2.14> <Core = "Cmp">   --->   Core 25 'Cmp' <Latency = 0> <II = 1> <Delay = 2.14> <FuncUnit> <Opcode : 'icmp'> <InPorts = 2> <OutPorts = 1>
ST_2 : Operation 18 [1/1] (0.70ns)   --->   "%p_s = select i1 %tmp_6, i32 0, i32 %o_1" [S4_4/conv1d.h:66]   --->   Operation 18 'select' 'p_s' <Predicate = (!exitcond)> <Delay = 0.70> <Core = "Sel">   --->   Core 26 'Sel' <Latency = 0> <II = 1> <Delay = 0.70> <FuncUnit> <Opcode : 'select'> <InPorts = 3> <OutPorts = 1>

State 3 <SV = 2> <Delay = 8.10>
ST_3 : Operation 19 [1/1] (0.00ns)   --->   "%p_1_cast = zext i56 %p_1 to i64" [S4_4/conv1d.h:52]   --->   Operation 19 'zext' 'p_1_cast' <Predicate = (!exitcond)> <Delay = 0.00>
ST_3 : Operation 20 [1/1] (0.00ns)   --->   "%tmp_2 = call i32 (...)* @_ssdm_op_SpecRegionBegin([12 x i8]* @p_str14)" [S4_4/conv1d.h:52]   --->   Operation 20 'specregionbegin' 'tmp_2' <Predicate = (!exitcond)> <Delay = 0.00>
ST_3 : Operation 21 [1/1] (0.00ns)   --->   "call void (...)* @_ssdm_op_SpecPipeline(i32 1, i32 1, i32 1, i32 0, [1 x i8]* @p_str8) nounwind" [S4_4/conv1d.h:53]   --->   Operation 21 'specpipeline' <Predicate = (!exitcond)> <Delay = 0.00>
ST_3 : Operation 22 [1/1] (1.30ns)   --->   "br i1 %tmp, label %3, label %._crit_edge" [S4_4/conv1d.h:55]   --->   Operation 22 'br' <Predicate = (!exitcond)> <Delay = 1.30>
ST_3 : Operation 23 [1/1] (3.40ns)   --->   "%tmp_V_1 = call i64 @_ssdm_op_Read.ap_fifo.volatile.i64P(i64* %in_V_V)" [S4_4/conv1d.h:56]   --->   Operation 23 'read' 'tmp_V_1' <Predicate = (!exitcond & tmp)> <Delay = 3.40> <Core = "FIFO">   --->   Core 32 'FIFO' <Latency = 0> <II = 1> <Delay = 3.40> <Storage> <Opcode : 'read' 'write' 'nbread' 'nbwrite'> <Ports = 0> <Width = 8> <Depth = 2> <FIFO>
ST_3 : Operation 24 [1/1] (1.30ns)   --->   "br label %._crit_edge" [S4_4/conv1d.h:57]   --->   Operation 24 'br' <Predicate = (!exitcond & tmp)> <Delay = 1.30>
ST_3 : Operation 25 [1/1] (0.00ns)   --->   "%p_Val2_s = phi i64 [ %tmp_V_1, %3 ], [ %p_1_cast, %2 ]"   --->   Operation 25 'phi' 'p_Val2_s' <Predicate = (!exitcond)> <Delay = 0.00>
ST_3 : Operation 26 [1/1] (0.00ns)   --->   "%eo_V = trunc i64 %p_Val2_s to i8" [S4_4/conv1d.h:59]   --->   Operation 26 'trunc' 'eo_V' <Predicate = (!exitcond)> <Delay = 0.00>
ST_3 : Operation 27 [1/1] (3.40ns)   --->   "call void @_ssdm_op_Write.ap_fifo.volatile.i8P(i8* %out_V_V, i8 %eo_V)" [S4_4/conv1d.h:60]   --->   Operation 27 'write' <Predicate = (!exitcond)> <Delay = 3.40> <Core = "FIFO">   --->   Core 32 'FIFO' <Latency = 0> <II = 1> <Delay = 3.40> <Storage> <Opcode : 'read' 'write' 'nbread' 'nbwrite'> <Ports = 0> <Width = 8> <Depth = 2> <FIFO>
ST_3 : Operation 28 [1/1] (0.00ns)   --->   "%r_V_cast = call i56 @_ssdm_op_PartSelect.i56.i64.i32.i32(i64 %p_Val2_s, i32 8, i32 63)" [S4_4/conv1d.h:62]   --->   Operation 28 'partselect' 'r_V_cast' <Predicate = (!exitcond)> <Delay = 0.00>
ST_3 : Operation 29 [1/1] (0.00ns)   --->   "%empty_52 = call i32 (...)* @_ssdm_op_SpecRegionEnd([12 x i8]* @p_str14, i32 %tmp_2)" [S4_4/conv1d.h:69]   --->   Operation 29 'specregionend' 'empty_52' <Predicate = (!exitcond)> <Delay = 0.00>
ST_3 : Operation 30 [1/1] (0.00ns)   --->   "br label %1" [S4_4/conv1d.h:52]   --->   Operation 30 'br' <Predicate = (!exitcond)> <Delay = 0.00>

State 4 <SV = 2> <Delay = 0.00>
ST_4 : Operation 31 [1/1] (0.00ns)   --->   "ret void" [S4_4/conv1d.h:99]   --->   Operation 31 'ret' <Predicate = true> <Delay = 0.00>


============================================================
+ Verbose Summary: Binding
============================================================
STG Binding: 
---------------- STG Properties BEGIN ----------------
- Is combinational: 0
- Is one-state seq: 0
- Is datapath-only: 0
- Is pipelined: 0
- Is top level: 0
Port [ Return ] is wired: 1; IO mode=ap_ctrl_hs:ce=0
Port [ in_V_V]:  wired=1; compound=1; hidden=0; nouse=0; global=0; static=0; extern=0; dir=0; type=3; pingpong=0; private_global=0; IO mode=ap_fifo:ce=0
Port [ out_V_V]:  wired=1; compound=1; hidden=0; nouse=0; global=0; static=0; extern=0; dir=1; type=3; pingpong=0; private_global=0; IO mode=ap_fifo:ce=0
---------------- STG Properties END ------------------

---------------- Datapath Model BEGIN ----------------

<LifeTime>
<method=bitvector/>
StgValue_5  (specinterface    ) [ 00000]
StgValue_6  (specinterface    ) [ 00000]
StgValue_7  (br               ) [ 01110]
p_1         (phi              ) [ 00110]
o           (phi              ) [ 00100]
t           (phi              ) [ 00100]
exitcond    (icmp             ) [ 00110]
empty       (speclooptripcount) [ 00000]
t_1         (add              ) [ 01110]
StgValue_14 (br               ) [ 00000]
tmp         (icmp             ) [ 00110]
o_1         (add              ) [ 00000]
tmp_6       (icmp             ) [ 00000]
p_s         (select           ) [ 01110]
p_1_cast    (zext             ) [ 00000]
tmp_2       (specregionbegin  ) [ 00000]
StgValue_21 (specpipeline     ) [ 00000]
StgValue_22 (br               ) [ 00000]
tmp_V_1     (read             ) [ 00000]
StgValue_24 (br               ) [ 00000]
p_Val2_s    (phi              ) [ 00000]
eo_V        (trunc            ) [ 00000]
StgValue_27 (write            ) [ 00000]
r_V_cast    (partselect       ) [ 01110]
empty_52    (specregionend    ) [ 00000]
StgValue_30 (br               ) [ 01110]
StgValue_31 (ret              ) [ 00000]
</LifeTime>

<model>

<comp_list>
<comp id="0" class="1000" name="in_V_V">
<pin_list>
<pin id="1" dir="1" index="0" bw="1" slack="0"/>
</pin_list>
<bind>
<StgValue><ssdm name="in_V_V"/></StgValue>
</bind>
</comp>

<comp id="2" class="1000" name="out_V_V">
<pin_list>
<pin id="3" dir="1" index="0" bw="1" slack="0"/>
</pin_list>
<bind>
<StgValue><ssdm name="out_V_V"/></StgValue>
</bind>
</comp>

<comp id="4" class="1001" name="const_4">
<pin_list>
<pin id="5" dir="1" index="0" bw="1" slack="2147483647"/>
</pin_list>
<bind>
<StgValue><ssdm name="_ssdm_op_SpecInterface"/></StgValue>
</bind>
</comp>

<comp id="6" class="1001" name="const_6">
<pin_list>
<pin id="7" dir="1" index="0" bw="1" slack="2147483647"/>
</pin_list>
<bind>
<StgValue><ssdm name="ap_fifo_str"/></StgValue>
</bind>
</comp>

<comp id="8" class="1001" name="const_8">
<pin_list>
<pin id="9" dir="1" index="0" bw="1" slack="0"/>
</pin_list>
<bind>
<StgValue><ssdm name=""/></StgValue>
</bind>
</comp>

<comp id="10" class="1001" name="const_10">
<pin_list>
<pin id="11" dir="1" index="0" bw="1" slack="2147483647"/>
</pin_list>
<bind>
<StgValue><ssdm name="p_str83"/></StgValue>
</bind>
</comp>

<comp id="12" class="1001" name="const_12">
<pin_list>
<pin id="13" dir="1" index="0" bw="1" slack="2147483647"/>
</pin_list>
<bind>
<StgValue><ssdm name="p_str84"/></StgValue>
</bind>
</comp>

<comp id="14" class="1001" name="const_14">
<pin_list>
<pin id="15" dir="1" index="0" bw="1" slack="2147483647"/>
</pin_list>
<bind>
<StgValue><ssdm name="p_str85"/></StgValue>
</bind>
</comp>

<comp id="16" class="1001" name="const_16">
<pin_list>
<pin id="17" dir="1" index="0" bw="1" slack="2147483647"/>
</pin_list>
<bind>
<StgValue><ssdm name="p_str86"/></StgValue>
</bind>
</comp>

<comp id="18" class="1001" name="const_18">
<pin_list>
<pin id="19" dir="1" index="0" bw="1" slack="2147483647"/>
</pin_list>
<bind>
<StgValue><ssdm name=""/></StgValue>
</bind>
</comp>

<comp id="20" class="1001" name="const_20">
<pin_list>
<pin id="21" dir="1" index="0" bw="1" slack="2147483647"/>
</pin_list>
<bind>
<StgValue><ssdm name=""/></StgValue>
</bind>
</comp>

<comp id="22" class="1001" name="const_22">
<pin_list>
<pin id="23" dir="1" index="0" bw="1" slack="2147483647"/>
</pin_list>
<bind>
<StgValue><ssdm name="p_str87"/></StgValue>
</bind>
</comp>

<comp id="24" class="1001" name="const_24">
<pin_list>
<pin id="25" dir="1" index="0" bw="1" slack="2147483647"/>
</pin_list>
<bind>
<StgValue><ssdm name="p_str88"/></StgValue>
</bind>
</comp>

<comp id="26" class="1001" name="const_26">
<pin_list>
<pin id="27" dir="1" index="0" bw="1" slack="2147483647"/>
</pin_list>
<bind>
<StgValue><ssdm name="p_str76"/></StgValue>
</bind>
</comp>

<comp id="28" class="1001" name="const_28">
<pin_list>
<pin id="29" dir="1" index="0" bw="1" slack="2147483647"/>
</pin_list>
<bind>
<StgValue><ssdm name="p_str77"/></StgValue>
</bind>
</comp>

<comp id="30" class="1001" name="const_30">
<pin_list>
<pin id="31" dir="1" index="0" bw="1" slack="2147483647"/>
</pin_list>
<bind>
<StgValue><ssdm name="p_str78"/></StgValue>
</bind>
</comp>

<comp id="32" class="1001" name="const_32">
<pin_list>
<pin id="33" dir="1" index="0" bw="1" slack="2147483647"/>
</pin_list>
<bind>
<StgValue><ssdm name="p_str79"/></StgValue>
</bind>
</comp>

<comp id="34" class="1001" name="const_34">
<pin_list>
<pin id="35" dir="1" index="0" bw="1" slack="2147483647"/>
</pin_list>
<bind>
<StgValue><ssdm name="p_str80"/></StgValue>
</bind>
</comp>

<comp id="36" class="1001" name="const_36">
<pin_list>
<pin id="37" dir="1" index="0" bw="1" slack="2147483647"/>
</pin_list>
<bind>
<StgValue><ssdm name="p_str81"/></StgValue>
</bind>
</comp>

<comp id="38" class="1001" name="const_38">
<pin_list>
<pin id="39" dir="1" index="0" bw="1" slack="1"/>
</pin_list>
<bind>
<StgValue><ssdm name=""/></StgValue>
</bind>
</comp>

<comp id="40" class="1001" name="const_40">
<pin_list>
<pin id="41" dir="1" index="0" bw="1" slack="1"/>
</pin_list>
<bind>
<StgValue><ssdm name=""/></StgValue>
</bind>
</comp>

<comp id="42" class="1001" name="const_42">
<pin_list>
<pin id="43" dir="1" index="0" bw="1" slack="0"/>
</pin_list>
<bind>
<StgValue><ssdm name=""/></StgValue>
</bind>
</comp>

<comp id="44" class="1001" name="const_44">
<pin_list>
<pin id="45" dir="1" index="0" bw="1" slack="2147483647"/>
</pin_list>
<bind>
<StgValue><ssdm name="_ssdm_op_SpecLoopTripCount"/></StgValue>
</bind>
</comp>

<comp id="46" class="1001" name="const_46">
<pin_list>
<pin id="47" dir="1" index="0" bw="1" slack="2147483647"/>
</pin_list>
<bind>
<StgValue><ssdm name=""/></StgValue>
</bind>
</comp>

<comp id="48" class="1001" name="const_48">
<pin_list>
<pin id="49" dir="1" index="0" bw="1" slack="0"/>
</pin_list>
<bind>
<StgValue><ssdm name=""/></StgValue>
</bind>
</comp>

<comp id="50" class="1001" name="const_50">
<pin_list>
<pin id="51" dir="1" index="0" bw="1" slack="0"/>
</pin_list>
<bind>
<StgValue><ssdm name=""/></StgValue>
</bind>
</comp>

<comp id="52" class="1001" name="const_52">
<pin_list>
<pin id="53" dir="1" index="0" bw="1" slack="0"/>
</pin_list>
<bind>
<StgValue><ssdm name=""/></StgValue>
</bind>
</comp>

<comp id="54" class="1001" name="const_54">
<pin_list>
<pin id="55" dir="1" index="0" bw="1" slack="2147483647"/>
</pin_list>
<bind>
<StgValue><ssdm name="_ssdm_op_SpecRegionBegin"/></StgValue>
</bind>
</comp>

<comp id="56" class="1001" name="const_56">
<pin_list>
<pin id="57" dir="1" index="0" bw="1" slack="2147483647"/>
</pin_list>
<bind>
<StgValue><ssdm name="p_str14"/></StgValue>
</bind>
</comp>

<comp id="58" class="1001" name="const_58">
<pin_list>
<pin id="59" dir="1" index="0" bw="1" slack="2147483647"/>
</pin_list>
<bind>
<StgValue><ssdm name="_ssdm_op_SpecPipeline"/></StgValue>
</bind>
</comp>

<comp id="60" class="1001" name="const_60">
<pin_list>
<pin id="61" dir="1" index="0" bw="1" slack="2147483647"/>
</pin_list>
<bind>
<StgValue><ssdm name="p_str8"/></StgValue>
</bind>
</comp>

<comp id="62" class="1001" name="const_62">
<pin_list>
<pin id="63" dir="1" index="0" bw="1" slack="0"/>
</pin_list>
<bind>
<StgValue><ssdm name="_ssdm_op_Read.ap_fifo.volatile.i64P"/></StgValue>
</bind>
</comp>

<comp id="64" class="1001" name="const_64">
<pin_list>
<pin id="65" dir="1" index="0" bw="1" slack="0"/>
</pin_list>
<bind>
<StgValue><ssdm name="_ssdm_op_Write.ap_fifo.volatile.i8P"/></StgValue>
</bind>
</comp>

<comp id="66" class="1001" name="const_66">
<pin_list>
<pin id="67" dir="1" index="0" bw="1" slack="0"/>
</pin_list>
<bind>
<StgValue><ssdm name="_ssdm_op_PartSelect.i56.i64.i32.i32"/></StgValue>
</bind>
</comp>

<comp id="68" class="1001" name="const_68">
<pin_list>
<pin id="69" dir="1" index="0" bw="1" slack="0"/>
</pin_list>
<bind>
<StgValue><ssdm name=""/></StgValue>
</bind>
</comp>

<comp id="70" class="1001" name="const_70">
<pin_list>
<pin id="71" dir="1" index="0" bw="1" slack="2147483647"/>
</pin_list>
<bind>
<StgValue><ssdm name="_ssdm_op_SpecRegionEnd"/></StgValue>
</bind>
</comp>

<comp id="72" class="1004" name="tmp_V_1_read_fu_72">
<pin_list>
<pin id="73" dir="0" index="0" bw="64" slack="0"/>
<pin id="74" dir="0" index="1" bw="64" slack="0"/>
<pin id="75" dir="1" index="2" bw="64" slack="0"/>
</pin_list>
<bind>
<opcode="read(1150) " fcode="read"/>
<opset="tmp_V_1/3 "/>
</bind>
</comp>

<comp id="78" class="1004" name="StgValue_27_write_fu_78">
<pin_list>
<pin id="79" dir="0" index="0" bw="0" slack="0"/>
<pin id="80" dir="0" index="1" bw="8" slack="0"/>
<pin id="81" dir="0" index="2" bw="8" slack="0"/>
<pin id="82" dir="1" index="3" bw="0" slack="2147483647"/>
</pin_list>
<bind>
<opcode="write(1151) " fcode="write"/>
<opset="StgValue_27/3 "/>
</bind>
</comp>

<comp id="85" class="1005" name="p_1_reg_85">
<pin_list>
<pin id="86" dir="0" index="0" bw="56" slack="1"/>
<pin id="87" dir="1" index="1" bw="56" slack="1"/>
</pin_list>
<bind>
<opset="p_1 (phireg) "/>
</bind>
</comp>

<comp id="89" class="1004" name="p_1_phi_fu_89">
<pin_list>
<pin id="90" dir="0" index="0" bw="1" slack="1"/>
<pin id="91" dir="0" index="1" bw="0" slack="2147483647"/>
<pin id="92" dir="0" index="2" bw="56" slack="1"/>
<pin id="93" dir="0" index="3" bw="0" slack="2147483647"/>
<pin id="94" dir="1" index="4" bw="56" slack="1"/>
</pin_list>
<bind>
<opcode="phi(47) " fcode="phi"/>
<opset="p_1/2 "/>
</bind>
</comp>

<comp id="97" class="1005" name="o_reg_97">
<pin_list>
<pin id="98" dir="0" index="0" bw="32" slack="1"/>
<pin id="99" dir="1" index="1" bw="32" slack="1"/>
</pin_list>
<bind>
<opset="o (phireg) "/>
</bind>
</comp>

<comp id="101" class="1004" name="o_phi_fu_101">
<pin_list>
<pin id="102" dir="0" index="0" bw="1" slack="1"/>
<pin id="103" dir="0" index="1" bw="0" slack="2147483647"/>
<pin id="104" dir="0" index="2" bw="32" slack="0"/>
<pin id="105" dir="0" index="3" bw="0" slack="2147483647"/>
<pin id="106" dir="1" index="4" bw="32" slack="0"/>
</pin_list>
<bind>
<opcode="phi(47) " fcode="phi"/>
<opset="o/2 "/>
</bind>
</comp>

<comp id="108" class="1005" name="t_reg_108">
<pin_list>
<pin id="109" dir="0" index="0" bw="10" slack="1"/>
<pin id="110" dir="1" index="1" bw="10" slack="1"/>
</pin_list>
<bind>
<opset="t (phireg) "/>
</bind>
</comp>

<comp id="112" class="1004" name="t_phi_fu_112">
<pin_list>
<pin id="113" dir="0" index="0" bw="1" slack="1"/>
<pin id="114" dir="0" index="1" bw="0" slack="2147483647"/>
<pin id="115" dir="0" index="2" bw="10" slack="0"/>
<pin id="116" dir="0" index="3" bw="0" slack="2147483647"/>
<pin id="117" dir="1" index="4" bw="10" slack="0"/>
</pin_list>
<bind>
<opcode="phi(47) " fcode="phi"/>
<opset="t/2 "/>
</bind>
</comp>

<comp id="119" class="1005" name="p_Val2_s_reg_119">
<pin_list>
<pin id="120" dir="0" index="0" bw="64" slack="2147483647"/>
<pin id="121" dir="1" index="1" bw="64" slack="2147483647"/>
</pin_list>
<bind>
<opset="p_Val2_s (phireg) "/>
</bind>
</comp>

<comp id="122" class="1004" name="p_Val2_s_phi_fu_122">
<pin_list>
<pin id="123" dir="0" index="0" bw="64" slack="0"/>
<pin id="124" dir="0" index="1" bw="0" slack="2147483647"/>
<pin id="125" dir="0" index="2" bw="56" slack="0"/>
<pin id="126" dir="0" index="3" bw="0" slack="2147483647"/>
<pin id="127" dir="1" index="4" bw="64" slack="0"/>
</pin_list>
<bind>
<opcode="phi(47) " fcode="phi"/>
<opset="p_Val2_s/3 "/>
</bind>
</comp>

<comp id="129" class="1004" name="exitcond_fu_129">
<pin_list>
<pin id="130" dir="0" index="0" bw="10" slack="0"/>
<pin id="131" dir="0" index="1" bw="10" slack="0"/>
<pin id="132" dir="1" index="2" bw="1" slack="1"/>
</pin_list>
<bind>
<opcode="icmp(45) " fcode="icmp"/>
<opset="exitcond/2 "/>
</bind>
</comp>

<comp id="135" class="1004" name="t_1_fu_135">
<pin_list>
<pin id="136" dir="0" index="0" bw="10" slack="0"/>
<pin id="137" dir="0" index="1" bw="1" slack="0"/>
<pin id="138" dir="1" index="2" bw="10" slack="0"/>
</pin_list>
<bind>
<opcode="add(8) " fcode="add"/>
<opset="t_1/2 "/>
</bind>
</comp>

<comp id="141" class="1004" name="tmp_fu_141">
<pin_list>
<pin id="142" dir="0" index="0" bw="32" slack="0"/>
<pin id="143" dir="0" index="1" bw="32" slack="0"/>
<pin id="144" dir="1" index="2" bw="1" slack="1"/>
</pin_list>
<bind>
<opcode="icmp(45) " fcode="icmp"/>
<opset="tmp/2 "/>
</bind>
</comp>

<comp id="147" class="1004" name="o_1_fu_147">
<pin_list>
<pin id="148" dir="0" index="0" bw="1" slack="0"/>
<pin id="149" dir="0" index="1" bw="32" slack="0"/>
<pin id="150" dir="1" index="2" bw="32" slack="0"/>
</pin_list>
<bind>
<opcode="add(8) " fcode="add"/>
<opset="o_1/2 "/>
</bind>
</comp>

<comp id="153" class="1004" name="tmp_6_fu_153">
<pin_list>
<pin id="154" dir="0" index="0" bw="32" slack="0"/>
<pin id="155" dir="0" index="1" bw="32" slack="0"/>
<pin id="156" dir="1" index="2" bw="1" slack="0"/>
</pin_list>
<bind>
<opcode="icmp(45) " fcode="icmp"/>
<opset="tmp_6/2 "/>
</bind>
</comp>

<comp id="159" class="1004" name="p_s_fu_159">
<pin_list>
<pin id="160" dir="0" index="0" bw="1" slack="0"/>
<pin id="161" dir="0" index="1" bw="32" slack="0"/>
<pin id="162" dir="0" index="2" bw="32" slack="0"/>
<pin id="163" dir="1" index="3" bw="32" slack="0"/>
</pin_list>
<bind>
<opcode="select(49) " fcode="select"/>
<opset="p_s/2 "/>
</bind>
</comp>

<comp id="167" class="1004" name="p_1_cast_fu_167">
<pin_list>
<pin id="168" dir="0" index="0" bw="56" slack="1"/>
<pin id="169" dir="1" index="1" bw="64" slack="0"/>
</pin_list>
<bind>
<opcode="zext(34) " fcode="zext"/>
<opset="p_1_cast/3 "/>
</bind>
</comp>

<comp id="172" class="1004" name="eo_V_fu_172">
<pin_list>
<pin id="173" dir="0" index="0" bw="64" slack="0"/>
<pin id="174" dir="1" index="1" bw="8" slack="0"/>
</pin_list>
<bind>
<opcode="trunc(33) " fcode="trunc"/>
<opset="eo_V/3 "/>
</bind>
</comp>

<comp id="177" class="1004" name="r_V_cast_fu_177">
<pin_list>
<pin id="178" dir="0" index="0" bw="56" slack="0"/>
<pin id="179" dir="0" index="1" bw="64" slack="0"/>
<pin id="180" dir="0" index="2" bw="5" slack="0"/>
<pin id="181" dir="0" index="3" bw="7" slack="0"/>
<pin id="182" dir="1" index="4" bw="56" slack="1"/>
</pin_list>
<bind>
<opcode="partselect(1002) " fcode="partselect"/>
<opset="r_V_cast/3 "/>
</bind>
</comp>

<comp id="187" class="1005" name="exitcond_reg_187">
<pin_list>
<pin id="188" dir="0" index="0" bw="1" slack="1"/>
<pin id="189" dir="1" index="1" bw="1" slack="2147483647"/>
</pin_list>
<bind>
<opset="exitcond "/>
</bind>
</comp>

<comp id="191" class="1005" name="t_1_reg_191">
<pin_list>
<pin id="192" dir="0" index="0" bw="10" slack="0"/>
<pin id="193" dir="1" index="1" bw="10" slack="0"/>
</pin_list>
<bind>
<opset="t_1 "/>
</bind>
</comp>

<comp id="196" class="1005" name="tmp_reg_196">
<pin_list>
<pin id="197" dir="0" index="0" bw="1" slack="1"/>
<pin id="198" dir="1" index="1" bw="1" slack="2147483647"/>
</pin_list>
<bind>
<opset="tmp "/>
</bind>
</comp>

<comp id="200" class="1005" name="p_s_reg_200">
<pin_list>
<pin id="201" dir="0" index="0" bw="32" slack="0"/>
<pin id="202" dir="1" index="1" bw="32" slack="0"/>
</pin_list>
<bind>
<opset="p_s "/>
</bind>
</comp>

<comp id="205" class="1005" name="r_V_cast_reg_205">
<pin_list>
<pin id="206" dir="0" index="0" bw="56" slack="1"/>
<pin id="207" dir="1" index="1" bw="56" slack="1"/>
</pin_list>
<bind>
<opset="r_V_cast "/>
</bind>
</comp>

</comp_list>

<net_list>
<net id="76"><net_src comp="62" pin="0"/><net_sink comp="72" pin=0"/></net>

<net id="77"><net_src comp="0" pin="0"/><net_sink comp="72" pin=1"/></net>

<net id="83"><net_src comp="64" pin="0"/><net_sink comp="78" pin=0"/></net>

<net id="84"><net_src comp="2" pin="0"/><net_sink comp="78" pin=1"/></net>

<net id="88"><net_src comp="38" pin="0"/><net_sink comp="85" pin=0"/></net>

<net id="95"><net_src comp="85" pin="1"/><net_sink comp="89" pin=0"/></net>

<net id="96"><net_src comp="89" pin="4"/><net_sink comp="85" pin=0"/></net>

<net id="100"><net_src comp="8" pin="0"/><net_sink comp="97" pin=0"/></net>

<net id="107"><net_src comp="97" pin="1"/><net_sink comp="101" pin=0"/></net>

<net id="111"><net_src comp="40" pin="0"/><net_sink comp="108" pin=0"/></net>

<net id="118"><net_src comp="108" pin="1"/><net_sink comp="112" pin=0"/></net>

<net id="128"><net_src comp="72" pin="2"/><net_sink comp="122" pin=0"/></net>

<net id="133"><net_src comp="112" pin="4"/><net_sink comp="129" pin=0"/></net>

<net id="134"><net_src comp="42" pin="0"/><net_sink comp="129" pin=1"/></net>

<net id="139"><net_src comp="112" pin="4"/><net_sink comp="135" pin=0"/></net>

<net id="140"><net_src comp="48" pin="0"/><net_sink comp="135" pin=1"/></net>

<net id="145"><net_src comp="101" pin="4"/><net_sink comp="141" pin=0"/></net>

<net id="146"><net_src comp="8" pin="0"/><net_sink comp="141" pin=1"/></net>

<net id="151"><net_src comp="50" pin="0"/><net_sink comp="147" pin=0"/></net>

<net id="152"><net_src comp="101" pin="4"/><net_sink comp="147" pin=1"/></net>

<net id="157"><net_src comp="147" pin="2"/><net_sink comp="153" pin=0"/></net>

<net id="158"><net_src comp="52" pin="0"/><net_sink comp="153" pin=1"/></net>

<net id="164"><net_src comp="153" pin="2"/><net_sink comp="159" pin=0"/></net>

<net id="165"><net_src comp="8" pin="0"/><net_sink comp="159" pin=1"/></net>

<net id="166"><net_src comp="147" pin="2"/><net_sink comp="159" pin=2"/></net>

<net id="170"><net_src comp="85" pin="1"/><net_sink comp="167" pin=0"/></net>

<net id="171"><net_src comp="167" pin="1"/><net_sink comp="122" pin=2"/></net>

<net id="175"><net_src comp="122" pin="4"/><net_sink comp="172" pin=0"/></net>

<net id="176"><net_src comp="172" pin="1"/><net_sink comp="78" pin=2"/></net>

<net id="183"><net_src comp="66" pin="0"/><net_sink comp="177" pin=0"/></net>

<net id="184"><net_src comp="122" pin="4"/><net_sink comp="177" pin=1"/></net>

<net id="185"><net_src comp="52" pin="0"/><net_sink comp="177" pin=2"/></net>

<net id="186"><net_src comp="68" pin="0"/><net_sink comp="177" pin=3"/></net>

<net id="190"><net_src comp="129" pin="2"/><net_sink comp="187" pin=0"/></net>

<net id="194"><net_src comp="135" pin="2"/><net_sink comp="191" pin=0"/></net>

<net id="195"><net_src comp="191" pin="1"/><net_sink comp="112" pin=2"/></net>

<net id="199"><net_src comp="141" pin="2"/><net_sink comp="196" pin=0"/></net>

<net id="203"><net_src comp="159" pin="3"/><net_sink comp="200" pin=0"/></net>

<net id="204"><net_src comp="200" pin="1"/><net_sink comp="101" pin=2"/></net>

<net id="208"><net_src comp="177" pin="4"/><net_sink comp="205" pin=0"/></net>

<net id="209"><net_src comp="205" pin="1"/><net_sink comp="89" pin=2"/></net>

</net_list>

</model> 
---------------- Datapath Model END ------------------

* FSMD analyzer results:
  - Output states:
	Port: out_V_V | {3 }
 - Input state : 
	Port: StreamingDataWidthCo.1 : in_V_V | {3 }
  - Chain level:
	State 1
	State 2
		exitcond : 1
		t_1 : 1
		StgValue_14 : 2
		tmp : 1
		o_1 : 1
		tmp_6 : 2
		p_s : 3
	State 3
		p_Val2_s : 1
		eo_V : 2
		StgValue_27 : 3
		r_V_cast : 2
		empty_52 : 1
	State 4


============================================================
+ Verbose Summary: Datapath Resource usage 
============================================================

* Functional unit list:
|----------|-------------------------|---------|---------|
| Operation|     Functional Unit     |    FF   |   LUT   |
|----------|-------------------------|---------|---------|
|    add   |        t_1_fu_135       |    0    |    17   |
|          |        o_1_fu_147       |    0    |    39   |
|----------|-------------------------|---------|---------|
|          |     exitcond_fu_129     |    0    |    13   |
|   icmp   |        tmp_fu_141       |    0    |    18   |
|          |       tmp_6_fu_153      |    0    |    18   |
|----------|-------------------------|---------|---------|
|  select  |        p_s_fu_159       |    0    |    32   |
|----------|-------------------------|---------|---------|
|   read   |    tmp_V_1_read_fu_72   |    0    |    0    |
|----------|-------------------------|---------|---------|
|   write  | StgValue_27_write_fu_78 |    0    |    0    |
|----------|-------------------------|---------|---------|
|   zext   |     p_1_cast_fu_167     |    0    |    0    |
|----------|-------------------------|---------|---------|
|   trunc  |       eo_V_fu_172       |    0    |    0    |
|----------|-------------------------|---------|---------|
|partselect|     r_V_cast_fu_177     |    0    |    0    |
|----------|-------------------------|---------|---------|
|   Total  |                         |    0    |   137   |
|----------|-------------------------|---------|---------|

Memories:
N/A

* Register list:
+----------------+--------+
|                |   FF   |
+----------------+--------+
|exitcond_reg_187|    1   |
|    o_reg_97    |   32   |
|   p_1_reg_85   |   56   |
|p_Val2_s_reg_119|   64   |
|   p_s_reg_200  |   32   |
|r_V_cast_reg_205|   56   |
|   t_1_reg_191  |   10   |
|    t_reg_108   |   10   |
|   tmp_reg_196  |    1   |
+----------------+--------+
|      Total     |   262  |
+----------------+--------+

* Multiplexer (MUX) list: 
|------------|------|------|------|--------||---------||---------|
|    Comp    |  Pin | Size |  BW  | S x BW ||  Delay  ||   LUT   |
|------------|------|------|------|--------||---------||---------|
| p_1_reg_85 |  p0  |   2  |  56  |   112  ||    9    |
|------------|------|------|------|--------||---------||---------|
|    Total   |      |      |      |   112  ||  1.304  ||    9    |
|------------|------|------|------|--------||---------||---------|



* Summary:
+-----------+--------+--------+--------+
|           |  Delay |   FF   |   LUT  |
+-----------+--------+--------+--------+
|  Function |    -   |    0   |   137  |
|   Memory  |    -   |    -   |    -   |
|Multiplexer|    1   |    -   |    9   |
|  Register |    -   |   262  |    -   |
+-----------+--------+--------+--------+
|   Total   |    1   |   262  |   146  |
+-----------+--------+--------+--------+
