

================================================================
== Vivado HLS Report for 'StreamingDataWidthCo_1'
================================================================
* Date:           Tue May  2 19:20:48 2023

* Version:        2018.2 (Build 2258646 on Thu Jun 14 20:25:20 MDT 2018)
* Project:        S4_4
* Solution:       solution1
* Product family: zynq
* Target device:  xc7z045ffg900-2


================================================================
== Performance Estimates
================================================================
+ Timing (ns): 
    * Summary: 
    +--------+-------+----------+------------+
    |  Clock | Target| Estimated| Uncertainty|
    +--------+-------+----------+------------+
    |ap_clk  |  10.00|     8.106|        1.25|
    +--------+-------+----------+------------+

+ Latency (clock cycles): 
    * Summary: 
    +-----+-----+-----+-----+---------+
    |  Latency  |  Interval | Pipeline|
    | min | max | min | max |   Type  |
    +-----+-----+-----+-----+---------+
    |  514|  514|  514|  514|   none  |
    +-----+-----+-----+-----+---------+

    + Detail: 
        * Instance: 
        N/A

        * Loop: 
        +----------+-----+-----+----------+-----------+-----------+------+----------+
        |          |  Latency  | Iteration|  Initiation Interval  | Trip |          |
        | Loop Name| min | max |  Latency |  achieved |   target  | Count| Pipelined|
        +----------+-----+-----+----------+-----------+-----------+------+----------+
        |- Loop 1  |  512|  512|         2|          1|          1|   512|    yes   |
        +----------+-----+-----+----------+-----------+-----------+------+----------+



================================================================
== Utilization Estimates
================================================================
* Summary: 
+-----------------+---------+-------+--------+--------+
|       Name      | BRAM_18K| DSP48E|   FF   |   LUT  |
+-----------------+---------+-------+--------+--------+
|DSP              |        -|      -|       -|       -|
|Expression       |        -|      -|       0|     151|
|FIFO             |        -|      -|       -|       -|
|Instance         |        -|      -|       -|       -|
|Memory           |        -|      -|       -|       -|
|Multiplexer      |        -|      -|       -|     114|
|Register         |        -|      -|     107|       -|
+-----------------+---------+-------+--------+--------+
|Total            |        0|      0|     107|     265|
+-----------------+---------+-------+--------+--------+
|Available        |     1090|    900|  437200|  218600|
+-----------------+---------+-------+--------+--------+
|Utilization (%)  |        0|      0|   ~0   |   ~0   |
+-----------------+---------+-------+--------+--------+

+ Detail: 
    * Instance: 
    N/A

    * DSP48: 
    N/A

    * Memory: 
    N/A

    * FIFO: 
    N/A

    * Expression: 
    +----------------------------------+----------+-------+---+----+------------+------------+
    |           Variable Name          | Operation| DSP48E| FF| LUT| Bitwidth P0| Bitwidth P1|
    +----------------------------------+----------+-------+---+----+------------+------------+
    |o_1_fu_147_p2                     |     +    |      0|  0|  39|           1|          32|
    |t_1_fu_135_p2                     |     +    |      0|  0|  17|          10|           1|
    |ap_block_pp0_stage0_01001         |    and   |      0|  0|   2|           1|           1|
    |ap_condition_70                   |    and   |      0|  0|   2|           1|           1|
    |ap_predicate_op23_read_state3     |    and   |      0|  0|   2|           1|           1|
    |exitcond_fu_129_p2                |   icmp   |      0|  0|  13|          10|          11|
    |tmp_6_fu_153_p2                   |   icmp   |      0|  0|  18|          32|           4|
    |tmp_fu_141_p2                     |   icmp   |      0|  0|  18|          32|           1|
    |ap_block_state1                   |    or    |      0|  0|   2|           1|           1|
    |ap_block_state3_pp0_stage0_iter1  |    or    |      0|  0|   2|           1|           1|
    |p_s_fu_159_p3                     |  select  |      0|  0|  32|           1|           1|
    |ap_enable_pp0                     |    xor   |      0|  0|   2|           1|           2|
    |ap_enable_reg_pp0_iter1           |    xor   |      0|  0|   2|           2|           1|
    +----------------------------------+----------+-------+---+----+------------+------------+
    |Total                             |          |      0|  0| 151|          94|          58|
    +----------------------------------+----------+-------+---+----+------------+------------+

    * Multiplexer: 
    +-----------------------------------+----+-----------+-----+-----------+
    |                Name               | LUT| Input Size| Bits| Total Bits|
    +-----------------------------------+----+-----------+-----+-----------+
    |ap_NS_fsm                          |  21|          4|    1|          4|
    |ap_done                            |   9|          2|    1|          2|
    |ap_enable_reg_pp0_iter1            |  15|          3|    1|          3|
    |ap_phi_mux_p_Val2_s_phi_fu_122_p4  |  15|          3|   64|        192|
    |in_V_V_blk_n                       |   9|          2|    1|          2|
    |o_reg_97                           |   9|          2|   32|         64|
    |out_V_V_blk_n                      |   9|          2|    1|          2|
    |p_1_reg_85                         |   9|          2|   56|        112|
    |real_start                         |   9|          2|    1|          2|
    |t_reg_108                          |   9|          2|   10|         20|
    +-----------------------------------+----+-----------+-----+-----------+
    |Total                              | 114|         24|  168|        403|
    +-----------------------------------+----+-----------+-----+-----------+

    * Register: 
    +-------------------------+----+----+-----+-----------+
    |           Name          | FF | LUT| Bits| Const Bits|
    +-------------------------+----+----+-----+-----------+
    |ap_CS_fsm                |   3|   0|    3|          0|
    |ap_done_reg              |   1|   0|    1|          0|
    |ap_enable_reg_pp0_iter0  |   1|   0|    1|          0|
    |ap_enable_reg_pp0_iter1  |   1|   0|    1|          0|
    |exitcond_reg_187         |   1|   0|    1|          0|
    |o_reg_97                 |  32|   0|   32|          0|
    |p_1_reg_85               |  56|   0|   56|          0|
    |start_once_reg           |   1|   0|    1|          0|
    |t_reg_108                |  10|   0|   10|          0|
    |tmp_reg_196              |   1|   0|    1|          0|
    +-------------------------+----+----+-----+-----------+
    |Total                    | 107|   0|  107|          0|
    +-------------------------+----+----+-----+-----------+



================================================================
== Interface
================================================================
* Summary: 
+----------------+-----+-----+------------+------------------------+--------------+
|    RTL Ports   | Dir | Bits|  Protocol  |      Source Object     |    C Type    |
+----------------+-----+-----+------------+------------------------+--------------+
|ap_clk          |  in |    1| ap_ctrl_hs | StreamingDataWidthCo.1 | return value |
|ap_rst          |  in |    1| ap_ctrl_hs | StreamingDataWidthCo.1 | return value |
|ap_start        |  in |    1| ap_ctrl_hs | StreamingDataWidthCo.1 | return value |
|start_full_n    |  in |    1| ap_ctrl_hs | StreamingDataWidthCo.1 | return value |
|ap_done         | out |    1| ap_ctrl_hs | StreamingDataWidthCo.1 | return value |
|ap_continue     |  in |    1| ap_ctrl_hs | StreamingDataWidthCo.1 | return value |
|ap_idle         | out |    1| ap_ctrl_hs | StreamingDataWidthCo.1 | return value |
|ap_ready        | out |    1| ap_ctrl_hs | StreamingDataWidthCo.1 | return value |
|start_out       | out |    1| ap_ctrl_hs | StreamingDataWidthCo.1 | return value |
|start_write     | out |    1| ap_ctrl_hs | StreamingDataWidthCo.1 | return value |
|in_V_V_dout     |  in |   64|   ap_fifo  |         in_V_V         |    pointer   |
|in_V_V_empty_n  |  in |    1|   ap_fifo  |         in_V_V         |    pointer   |
|in_V_V_read     | out |    1|   ap_fifo  |         in_V_V         |    pointer   |
|out_V_V_din     | out |    8|   ap_fifo  |         out_V_V        |    pointer   |
|out_V_V_full_n  |  in |    1|   ap_fifo  |         out_V_V        |    pointer   |
|out_V_V_write   | out |    1|   ap_fifo  |         out_V_V        |    pointer   |
+----------------+-----+-----+------------+------------------------+--------------+

