

================================================================
== Vivado HLS Report for 'Conv1DMac_new'
================================================================
* Date:           Sat Apr 29 01:08:59 2023

* Version:        2018.2 (Build 2258646 on Thu Jun 14 20:25:20 MDT 2018)
* Project:        S4_2
* Solution:       solution1
* Product family: zynq
* Target device:  xc7z045ffg900-2


================================================================
== Performance Estimates
================================================================
+ Timing (ns): 
    * Summary: 
    +--------+-------+----------+------------+
    |  Clock | Target| Estimated| Uncertainty|
    +--------+-------+----------+------------+
    |ap_clk  |  10.00|     8.198|        1.25|
    +--------+-------+----------+------------+

+ Latency (clock cycles): 
    * Summary: 
    +---------+---------+---------+---------+---------+
    |      Latency      |      Interval     | Pipeline|
    |   min   |   max   |   min   |   max   |   Type  |
    +---------+---------+---------+---------+---------+
    |  8388613|  8388613|  8388613|  8388613|   none  |
    +---------+---------+---------+---------+---------+

    + Detail: 
        * Instance: 
        N/A

        * Loop: 
        +-----------------------------------------------------+---------+---------+----------+-----------+-----------+---------+----------+
        |                                                     |      Latency      | Iteration|  Initiation Interval  |   Trip  |          |
        |                      Loop Name                      |   min   |   max   |  Latency |  achieved |   target  |  Count  | Pipelined|
        +-----------------------------------------------------+---------+---------+----------+-----------+-----------+---------+----------+
        |- loop_ofmChannels_loop_neuronFold_loop_synapseFold  |  8388611|  8388611|         5|          1|          1|  8388608|    yes   |
        +-----------------------------------------------------+---------+---------+----------+-----------+-----------+---------+----------+



================================================================
== Utilization Estimates
================================================================
* Summary: 
+-----------------+---------+-------+--------+--------+
|       Name      | BRAM_18K| DSP48E|   FF   |   LUT  |
+-----------------+---------+-------+--------+--------+
|DSP              |        -|      -|       -|       -|
|Expression       |        -|      0|       0|     608|
|FIFO             |        -|      -|       -|       -|
|Instance         |        -|      -|       0|    1092|
|Memory           |       28|      -|       0|       0|
|Multiplexer      |        -|      -|       -|     147|
|Register         |        0|      -|     384|      96|
+-----------------+---------+-------+--------+--------+
|Total            |       28|      0|     384|    1943|
+-----------------+---------+-------+--------+--------+
|Available        |     1090|    900|  437200|  218600|
+-----------------+---------+-------+--------+--------+
|Utilization (%)  |        2|      0|   ~0   |   ~0   |
+-----------------+---------+-------+--------+--------+

+ Detail: 
    * Instance: 
    +-------------------------+----------------------+---------+-------+---+-----+
    |         Instance        |        Module        | BRAM_18K| DSP48E| FF| LUT |
    +-------------------------+----------------------+---------+-------+---+-----+
    |computeS4_2_mux_6g8j_U6  |computeS4_2_mux_6g8j  |        0|      0|  0|  273|
    |computeS4_2_mux_6g8j_U7  |computeS4_2_mux_6g8j  |        0|      0|  0|  273|
    |computeS4_2_mux_6g8j_U9  |computeS4_2_mux_6g8j  |        0|      0|  0|  273|
    |computeS4_2_mux_6hbi_U8  |computeS4_2_mux_6hbi  |        0|      0|  0|  273|
    +-------------------------+----------------------+---------+-------+---+-----+
    |Total                    |                      |        0|      0|  0| 1092|
    +-------------------------+----------------------+---------+-------+---+-----+

    * DSP48: 
    N/A

    * Memory: 
    +-------------------------+----------------------+---------+---+----+-------+-----+------+-------------+
    |          Memory         |        Module        | BRAM_18K| FF| LUT| Words | Bits| Banks| W*Bits*Banks|
    +-------------------------+----------------------+---------+---+----+-------+-----+------+-------------+
    |weights22_m_weights_3_U  |Conv1DMac_new_weicud  |        7|  0|   0|  16384|    7|     1|       114688|
    |weights22_m_weights_2_U  |Conv1DMac_new_weidEe  |        7|  0|   0|  16384|    7|     1|       114688|
    |weights22_m_weights_1_U  |Conv1DMac_new_weieOg  |        7|  0|   0|  16384|    7|     1|       114688|
    |weights22_m_weights_s_U  |Conv1DMac_new_weifYi  |        7|  0|   0|  16384|    7|     1|       114688|
    +-------------------------+----------------------+---------+---+----+-------+-----+------+-------------+
    |Total                    |                      |       28|  0|   0|  65536|   28|     4|       458752|
    +-------------------------+----------------------+---------+---+----+-------+-----+------+-------------+

    * FIFO: 
    N/A

    * Expression: 
    +----------------------------------+----------+-------+---+----+------------+------------+
    |           Variable Name          | Operation| DSP48E| FF| LUT| Bitwidth P0| Bitwidth P1|
    +----------------------------------+----------+-------+---+----+------------+------------+
    |p_Val2_3_fu_734_p2                |     *    |      0|  0|  41|           7|           8|
    |p_Val2_4_fu_804_p2                |     *    |      0|  0|  41|           7|           8|
    |p_Val2_s_46_fu_664_p2             |     *    |      0|  0|  41|           7|           8|
    |p_Val2_s_fu_594_p2                |     *    |      0|  0|  41|           7|           8|
    |indvar_flatten_next1_fu_433_p2    |     +    |      0|  0|  31|           1|          24|
    |indvar_flatten_op_fu_565_p2       |     +    |      0|  0|  23|          16|           1|
    |macRegisters_0_V_fu_896_p2        |     +    |      0|  0|   8|           8|           8|
    |macRegisters_1_V_fu_915_p2        |     +    |      0|  0|   8|           8|           8|
    |macRegisters_2_V_fu_934_p2        |     +    |      0|  0|   8|           8|           8|
    |macRegisters_3_V_fu_953_p2        |     +    |      0|  0|   8|           8|           8|
    |nm_1_fu_487_p2                    |     +    |      0|  0|  15|           1|           7|
    |p_Val2_7_1_fu_1258_p2             |     +    |      0|  0|  15|           8|           8|
    |p_Val2_7_2_fu_1401_p2             |     +    |      0|  0|  15|           8|           8|
    |p_Val2_7_3_fu_1544_p2             |     +    |      0|  0|  15|           8|           8|
    |p_Val2_7_fu_1115_p2               |     +    |      0|  0|  15|           8|           8|
    |sf_1_fu_559_p2                    |     +    |      0|  0|  16|           9|           1|
    |tmp10_fu_928_p2                   |     +    |      0|  0|   8|           8|           8|
    |tmp11_fu_947_p2                   |     +    |      0|  0|   8|           8|           8|
    |tmp8_fu_909_p2                    |     +    |      0|  0|   8|           8|           8|
    |tmp9_fu_890_p2                    |     +    |      0|  0|   8|           8|           8|
    |tmp_4_fu_547_p2                   |     +    |      0|  0|  21|          14|          14|
    |ap_block_state4_pp0_stage0_iter2  |    and   |      0|  0|   2|           1|           1|
    |ap_block_state6_pp0_stage0_iter4  |    and   |      0|  0|   2|           1|           1|
    |qb_assign_1_1_fu_901_p2           |    and   |      0|  0|   2|           1|           1|
    |qb_assign_1_2_fu_920_p2           |    and   |      0|  0|   2|           1|           1|
    |qb_assign_1_3_fu_939_p2           |    and   |      0|  0|   2|           1|           1|
    |qb_assign_1_fu_882_p2             |    and   |      0|  0|   2|           1|           1|
    |tmp_3_mid_fu_481_p2               |    and   |      0|  0|   2|           1|           1|
    |exitcond_flatten1_fu_427_p2       |   icmp   |      0|  0|  18|          24|          25|
    |exitcond_flatten_fu_439_p2        |   icmp   |      0|  0|  13|          16|          15|
    |tmp_14_fu_654_p2                  |   icmp   |      0|  0|  11|           6|           1|
    |tmp_25_1_fu_724_p2                |   icmp   |      0|  0|  11|           6|           1|
    |tmp_25_2_fu_794_p2                |   icmp   |      0|  0|  11|           6|           1|
    |tmp_25_3_fu_864_p2                |   icmp   |      0|  0|  11|           6|           1|
    |tmp_3_fu_475_p2                   |   icmp   |      0|  0|  13|           9|          10|
    |tmp_6_fu_553_p2                   |   icmp   |      0|  0|  13|           9|           8|
    |ap_block_pp0_stage0_01001         |    or    |      0|  0|   2|           1|           1|
    |ap_block_state1                   |    or    |      0|  0|   2|           1|           1|
    |tmp_10_fu_630_p2                  |    or    |      0|  0|   2|           1|           1|
    |tmp_17_fu_700_p2                  |    or    |      0|  0|   2|           1|           1|
    |tmp_1_fu_493_p2                   |    or    |      0|  0|   2|           1|           1|
    |tmp_22_fu_770_p2                  |    or    |      0|  0|   2|           1|           1|
    |tmp_27_fu_840_p2                  |    or    |      0|  0|   2|           1|           1|
    |indvar_flatten_next_fu_571_p3     |  select  |      0|  0|  16|           1|           1|
    |nm_mid2_fu_535_p3                 |  select  |      0|  0|   7|           1|           7|
    |nm_mid_fu_445_p3                  |  select  |      0|  0|   7|           1|           1|
    |nm_t_mid2_fu_527_p3               |  select  |      0|  0|   6|           1|           6|
    |nm_t_mid_fu_461_p3                |  select  |      0|  0|   6|           1|           1|
    |sf_mid2_fu_499_p3                 |  select  |      0|  0|   9|           1|           1|
    |tmp_2_mid2_fu_519_p3              |  select  |      0|  0|  14|           1|          14|
    |tmp_2_mid_fu_453_p3               |  select  |      0|  0|  14|           1|           1|
    |ap_enable_pp0                     |    xor   |      0|  0|   2|           1|           2|
    |ap_enable_reg_pp0_iter1           |    xor   |      0|  0|   2|           2|           1|
    |not_exitcond_flatten_fu_469_p2    |    xor   |      0|  0|   2|           1|           2|
    +----------------------------------+----------+-------+---+----+------------+------------+
    |Total                             |          |      0|  0| 608|         273|         288|
    +----------------------------------+----------+-------+---+----+------------+------------+

    * Multiplexer: 
    +---------------------------+----+-----------+-----+-----------+
    |            Name           | LUT| Input Size| Bits| Total Bits|
    +---------------------------+----+-----------+-----+-----------+
    |ap_NS_fsm                  |  21|          4|    1|          4|
    |ap_done                    |   9|          2|    1|          2|
    |ap_enable_reg_pp0_iter1    |   9|          2|    1|          2|
    |ap_enable_reg_pp0_iter4    |   9|          2|    1|          2|
    |in_V_V_blk_n               |   9|          2|    1|          2|
    |indvar_flatten1_reg_351    |   9|          2|   24|         48|
    |indvar_flatten_reg_362     |   9|          2|   16|         32|
    |macRegisters_0_V_1_fu_270  |   9|          2|    8|         16|
    |macRegisters_1_V_1_fu_274  |   9|          2|    8|         16|
    |macRegisters_2_V_1_fu_278  |   9|          2|    8|         16|
    |macRegisters_3_V_1_fu_282  |   9|          2|    8|         16|
    |nm_reg_373                 |   9|          2|    7|         14|
    |out_V_V_blk_n              |   9|          2|    1|          2|
    |real_start                 |   9|          2|    1|          2|
    |sf_reg_384                 |   9|          2|    9|         18|
    +---------------------------+----+-----------+-----+-----------+
    |Total                      | 147|         32|   95|        192|
    +---------------------------+----+-----------+-----+-----------+

    * Register: 
    +----------------------------+----+----+-----+-----------+
    |            Name            | FF | LUT| Bits| Const Bits|
    +----------------------------+----+----+-----+-----------+
    |ap_CS_fsm                   |   3|   0|    3|          0|
    |ap_done_reg                 |   1|   0|    1|          0|
    |ap_enable_reg_pp0_iter0     |   1|   0|    1|          0|
    |ap_enable_reg_pp0_iter1     |   1|   0|    1|          0|
    |ap_enable_reg_pp0_iter2     |   1|   0|    1|          0|
    |ap_enable_reg_pp0_iter3     |   1|   0|    1|          0|
    |ap_enable_reg_pp0_iter4     |   1|   0|    1|          0|
    |exitcond_flatten1_reg_1587  |   1|   0|    1|          0|
    |indvar_flatten1_reg_351     |  24|   0|   24|          0|
    |indvar_flatten_reg_362      |  16|   0|   16|          0|
    |macRegisters_0_V_1_fu_270   |   8|   0|    8|          0|
    |macRegisters_1_V_1_fu_274   |   8|   0|    8|          0|
    |macRegisters_2_V_1_fu_278   |   8|   0|    8|          0|
    |macRegisters_3_V_1_fu_282   |   8|   0|    8|          0|
    |nm_reg_373                  |   7|   0|    7|          0|
    |nm_t_mid2_reg_1596          |   6|   0|    6|          0|
    |p_Val2_7_1_reg_1713         |   8|   0|    8|          0|
    |p_Val2_7_2_reg_1718         |   8|   0|    8|          0|
    |p_Val2_7_3_reg_1723         |   8|   0|    8|          0|
    |p_Val2_7_reg_1708           |   8|   0|    8|          0|
    |sf_reg_384                  |   9|   0|    9|          0|
    |start_once_reg              |   1|   0|    1|          0|
    |tmp_11_reg_1663             |   8|   0|    8|          0|
    |tmp_14_reg_1658             |   1|   0|    1|          0|
    |tmp_16_reg_1653             |   1|   0|    1|          0|
    |tmp_20_reg_1678             |   8|   0|    8|          0|
    |tmp_25_1_reg_1673           |   1|   0|    1|          0|
    |tmp_25_2_reg_1688           |   1|   0|    1|          0|
    |tmp_25_3_reg_1703           |   1|   0|    1|          0|
    |tmp_25_reg_1693             |   8|   0|    8|          0|
    |tmp_30_reg_1668             |   1|   0|    1|          0|
    |tmp_33_reg_1683             |   1|   0|    1|          0|
    |tmp_36_reg_1698             |   1|   0|    1|          0|
    |tmp_4_reg_1609              |  14|   0|   14|          0|
    |tmp_6_reg_1614              |   1|   0|    1|          0|
    |tmp_8_reg_1648              |   8|   0|    8|          0|
    |exitcond_flatten1_reg_1587  |  64|  32|    1|          0|
    |nm_t_mid2_reg_1596          |  64|  32|    6|          0|
    |tmp_6_reg_1614              |  64|  32|    1|          0|
    +----------------------------+----+----+-----+-----------+
    |Total                       | 384|  96|  200|          0|
    +----------------------------+----+----+-----+-----------+



================================================================
== Interface
================================================================
* Summary: 
+----------------+-----+-----+------------+---------------+--------------+
|    RTL Ports   | Dir | Bits|  Protocol  | Source Object |    C Type    |
+----------------+-----+-----+------------+---------------+--------------+
|ap_clk          |  in |    1| ap_ctrl_hs | Conv1DMac_new | return value |
|ap_rst          |  in |    1| ap_ctrl_hs | Conv1DMac_new | return value |
|ap_start        |  in |    1| ap_ctrl_hs | Conv1DMac_new | return value |
|start_full_n    |  in |    1| ap_ctrl_hs | Conv1DMac_new | return value |
|ap_done         | out |    1| ap_ctrl_hs | Conv1DMac_new | return value |
|ap_continue     |  in |    1| ap_ctrl_hs | Conv1DMac_new | return value |
|ap_idle         | out |    1| ap_ctrl_hs | Conv1DMac_new | return value |
|ap_ready        | out |    1| ap_ctrl_hs | Conv1DMac_new | return value |
|start_out       | out |    1| ap_ctrl_hs | Conv1DMac_new | return value |
|start_write     | out |    1| ap_ctrl_hs | Conv1DMac_new | return value |
|in_V_V_dout     |  in |    8|   ap_fifo  |     in_V_V    |    pointer   |
|in_V_V_empty_n  |  in |    1|   ap_fifo  |     in_V_V    |    pointer   |
|in_V_V_read     | out |    1|   ap_fifo  |     in_V_V    |    pointer   |
|out_V_V_din     | out |   32|   ap_fifo  |    out_V_V    |    pointer   |
|out_V_V_full_n  |  in |    1|   ap_fifo  |    out_V_V    |    pointer   |
|out_V_V_write   | out |    1|   ap_fifo  |    out_V_V    |    pointer   |
+----------------+-----+-----+------------+---------------+--------------+

