

================================================================
== Vivado HLS Report for 'Conv1DMac_new'
================================================================
* Date:           Sat Apr 29 23:09:06 2023

* Version:        2018.2 (Build 2258646 on Thu Jun 14 20:25:20 MDT 2018)
* Project:        S4_3
* Solution:       solution1
* Product family: zynq
* Target device:  xc7z045ffg900-2


================================================================
== Performance Estimates
================================================================
+ Timing (ns): 
    * Summary: 
    +--------+-------+----------+------------+
    |  Clock | Target| Estimated| Uncertainty|
    +--------+-------+----------+------------+
    |ap_clk  |  10.00|     8.198|        1.25|
    +--------+-------+----------+------------+

+ Latency (clock cycles): 
    * Summary: 
    +--------+--------+--------+--------+---------+
    |     Latency     |     Interval    | Pipeline|
    |   min  |   max  |   min  |   max  |   Type  |
    +--------+--------+--------+--------+---------+
    |  524293|  524293|  524293|  524293|   none  |
    +--------+--------+--------+--------+---------+

    + Detail: 
        * Instance: 
        N/A

        * Loop: 
        +-----------------------------------------------------+--------+--------+----------+-----------+-----------+--------+----------+
        |                                                     |     Latency     | Iteration|  Initiation Interval  |  Trip  |          |
        |                      Loop Name                      |   min  |   max  |  Latency |  achieved |   target  |  Count | Pipelined|
        +-----------------------------------------------------+--------+--------+----------+-----------+-----------+--------+----------+
        |- loop_ofmChannels_loop_neuronFold_loop_synapseFold  |  524291|  524291|         5|          1|          1|  524288|    yes   |
        +-----------------------------------------------------+--------+--------+----------+-----------+-----------+--------+----------+



================================================================
== Utilization Estimates
================================================================
* Summary: 
+-----------------+---------+-------+--------+--------+
|       Name      | BRAM_18K| DSP48E|   FF   |   LUT  |
+-----------------+---------+-------+--------+--------+
|DSP              |        -|      -|       -|       -|
|Expression       |        -|      0|       0|     604|
|FIFO             |        -|      -|       -|       -|
|Instance         |        -|      -|       0|    1092|
|Memory           |       32|      -|       0|       0|
|Multiplexer      |        -|      -|       -|     147|
|Register         |        0|      -|     380|      96|
+-----------------+---------+-------+--------+--------+
|Total            |       32|      0|     380|    1939|
+-----------------+---------+-------+--------+--------+
|Available        |     1090|    900|  437200|  218600|
+-----------------+---------+-------+--------+--------+
|Utilization (%)  |        2|      0|   ~0   |   ~0   |
+-----------------+---------+-------+--------+--------+

+ Detail: 
    * Instance: 
    +----------------------------+------------------------+---------+-------+---+-----+
    |          Instance          |         Module         | BRAM_18K| DSP48E| FF| LUT |
    +----------------------------+------------------------+---------+-------+---+-----+
    |computeS4_3_mux_6g8j_x_U26  |computeS4_3_mux_6g8j_x  |        0|      0|  0|  273|
    |computeS4_3_mux_6g8j_x_U27  |computeS4_3_mux_6g8j_x  |        0|      0|  0|  273|
    |computeS4_3_mux_6g8j_x_U28  |computeS4_3_mux_6g8j_x  |        0|      0|  0|  273|
    |computeS4_3_mux_6g8j_x_U29  |computeS4_3_mux_6g8j_x  |        0|      0|  0|  273|
    +----------------------------+------------------------+---------+-------+---+-----+
    |Total                       |                        |        0|      0|  0| 1092|
    +----------------------------+------------------------+---------+-------+---+-----+

    * DSP48: 
    N/A

    * Memory: 
    +-------------------------+----------------------+---------+---+----+-------+-----+------+-------------+
    |          Memory         |        Module        | BRAM_18K| FF| LUT| Words | Bits| Banks| W*Bits*Banks|
    +-------------------------+----------------------+---------+---+----+-------+-----+------+-------------+
    |weights24_m_weights_3_U  |Conv1DMac_new_weiibs  |        8|  0|   0|  16384|    8|     1|       131072|
    |weights24_m_weights_2_U  |Conv1DMac_new_weijbC  |        8|  0|   0|  16384|    8|     1|       131072|
    |weights24_m_weights_1_U  |Conv1DMac_new_weikbM  |        8|  0|   0|  16384|    8|     1|       131072|
    |weights24_m_weights_s_U  |Conv1DMac_new_weilbW  |        8|  0|   0|  16384|    8|     1|       131072|
    +-------------------------+----------------------+---------+---+----+-------+-----+------+-------------+
    |Total                    |                      |       32|  0|   0|  65536|   32|     4|       524288|
    +-------------------------+----------------------+---------+---+----+-------+-----+------+-------------+

    * FIFO: 
    N/A

    * Expression: 
    +----------------------------------+----------+-------+---+----+------------+------------+
    |           Variable Name          | Operation| DSP48E| FF| LUT| Bitwidth P0| Bitwidth P1|
    +----------------------------------+----------+-------+---+----+------------+------------+
    |p_Val2_5_fu_664_p2                |     *    |      0|  0|  41|           8|           8|
    |p_Val2_6_fu_734_p2                |     *    |      0|  0|  41|           8|           8|
    |p_Val2_s_59_fu_594_p2             |     *    |      0|  0|  41|           8|           8|
    |p_Val2_s_fu_524_p2                |     *    |      0|  0|  41|           8|           8|
    |indvar_flatten_next2_fu_363_p2    |     +    |      0|  0|  27|           1|          20|
    |indvar_flatten_op_fu_495_p2       |     +    |      0|  0|  23|          16|           1|
    |macRegisters_0_V_fu_826_p2        |     +    |      0|  0|   8|           8|           8|
    |macRegisters_1_V_fu_845_p2        |     +    |      0|  0|   8|           8|           8|
    |macRegisters_2_V_fu_864_p2        |     +    |      0|  0|   8|           8|           8|
    |macRegisters_3_V_fu_883_p2        |     +    |      0|  0|   8|           8|           8|
    |nm_1_fu_417_p2                    |     +    |      0|  0|  15|           1|           7|
    |p_Val2_7_1_fu_1180_p2             |     +    |      0|  0|  15|           8|           8|
    |p_Val2_7_2_fu_1319_p2             |     +    |      0|  0|  15|           8|           8|
    |p_Val2_7_3_fu_1458_p2             |     +    |      0|  0|  15|           8|           8|
    |p_Val2_7_fu_1041_p2               |     +    |      0|  0|  15|           8|           8|
    |sf_1_fu_489_p2                    |     +    |      0|  0|  16|           9|           1|
    |tmp1_fu_820_p2                    |     +    |      0|  0|   8|           8|           8|
    |tmp2_fu_839_p2                    |     +    |      0|  0|   8|           8|           8|
    |tmp3_fu_858_p2                    |     +    |      0|  0|   8|           8|           8|
    |tmp4_fu_877_p2                    |     +    |      0|  0|   8|           8|           8|
    |tmp_9_fu_477_p2                   |     +    |      0|  0|  21|          14|          14|
    |ap_block_state4_pp0_stage0_iter2  |    and   |      0|  0|   2|           1|           1|
    |ap_block_state6_pp0_stage0_iter4  |    and   |      0|  0|   2|           1|           1|
    |qb_assign_1_1_fu_831_p2           |    and   |      0|  0|   2|           1|           1|
    |qb_assign_1_2_fu_850_p2           |    and   |      0|  0|   2|           1|           1|
    |qb_assign_1_3_fu_869_p2           |    and   |      0|  0|   2|           1|           1|
    |qb_assign_1_fu_812_p2             |    and   |      0|  0|   2|           1|           1|
    |tmp_8_mid_fu_411_p2               |    and   |      0|  0|   2|           1|           1|
    |exitcond_flatten2_fu_357_p2       |   icmp   |      0|  0|  18|          20|          21|
    |exitcond_flatten_fu_369_p2        |   icmp   |      0|  0|  13|          16|          15|
    |tmp_19_1_fu_654_p2                |   icmp   |      0|  0|  11|           6|           1|
    |tmp_19_2_fu_724_p2                |   icmp   |      0|  0|  11|           6|           1|
    |tmp_19_3_fu_794_p2                |   icmp   |      0|  0|  11|           6|           1|
    |tmp_19_fu_584_p2                  |   icmp   |      0|  0|  11|           6|           1|
    |tmp_2_fu_483_p2                   |   icmp   |      0|  0|  13|           9|           8|
    |tmp_33_fu_405_p2                  |   icmp   |      0|  0|  13|           9|          10|
    |ap_block_pp0_stage0_01001         |    or    |      0|  0|   2|           1|           1|
    |ap_block_state1                   |    or    |      0|  0|   2|           1|           1|
    |tmp_34_fu_560_p2                  |    or    |      0|  0|   2|           1|           1|
    |tmp_37_fu_630_p2                  |    or    |      0|  0|   2|           1|           1|
    |tmp_40_fu_700_p2                  |    or    |      0|  0|   2|           1|           1|
    |tmp_43_fu_770_p2                  |    or    |      0|  0|   2|           1|           1|
    |tmp_5_fu_423_p2                   |    or    |      0|  0|   2|           1|           1|
    |indvar_flatten_next_fu_501_p3     |  select  |      0|  0|  16|           1|           1|
    |nm_mid2_fu_465_p3                 |  select  |      0|  0|   7|           1|           7|
    |nm_mid_fu_375_p3                  |  select  |      0|  0|   7|           1|           1|
    |nm_t_mid2_fu_457_p3               |  select  |      0|  0|   6|           1|           6|
    |nm_t_mid_fu_391_p3                |  select  |      0|  0|   6|           1|           1|
    |sf_mid2_fu_429_p3                 |  select  |      0|  0|   9|           1|           1|
    |tmp_6_mid2_fu_449_p3              |  select  |      0|  0|  14|           1|          14|
    |tmp_6_mid_fu_383_p3               |  select  |      0|  0|  14|           1|           1|
    |ap_enable_pp0                     |    xor   |      0|  0|   2|           1|           2|
    |ap_enable_reg_pp0_iter1           |    xor   |      0|  0|   2|           2|           1|
    |not_exitcond_flatten_fu_399_p2    |    xor   |      0|  0|   2|           1|           2|
    +----------------------------------+----------+-------+---+----+------------+------------+
    |Total                             |          |      0|  0| 604|         273|         280|
    +----------------------------------+----------+-------+---+----+------------+------------+

    * Multiplexer: 
    +---------------------------+----+-----------+-----+-----------+
    |            Name           | LUT| Input Size| Bits| Total Bits|
    +---------------------------+----+-----------+-----+-----------+
    |ap_NS_fsm                  |  21|          4|    1|          4|
    |ap_done                    |   9|          2|    1|          2|
    |ap_enable_reg_pp0_iter1    |   9|          2|    1|          2|
    |ap_enable_reg_pp0_iter4    |   9|          2|    1|          2|
    |in_V_V_blk_n               |   9|          2|    1|          2|
    |indvar_flatten2_reg_281    |   9|          2|   20|         40|
    |indvar_flatten_reg_292     |   9|          2|   16|         32|
    |macRegisters_0_V_2_fu_200  |   9|          2|    8|         16|
    |macRegisters_1_V_2_fu_204  |   9|          2|    8|         16|
    |macRegisters_2_V_2_fu_208  |   9|          2|    8|         16|
    |macRegisters_3_V_2_fu_212  |   9|          2|    8|         16|
    |nm_reg_303                 |   9|          2|    7|         14|
    |out_V_V_blk_n              |   9|          2|    1|          2|
    |real_start                 |   9|          2|    1|          2|
    |sf_reg_314                 |   9|          2|    9|         18|
    +---------------------------+----+-----------+-----+-----------+
    |Total                      | 147|         32|   91|        184|
    +---------------------------+----+-----------+-----+-----------+

    * Register: 
    +----------------------------+----+----+-----+-----------+
    |            Name            | FF | LUT| Bits| Const Bits|
    +----------------------------+----+----+-----+-----------+
    |ap_CS_fsm                   |   3|   0|    3|          0|
    |ap_done_reg                 |   1|   0|    1|          0|
    |ap_enable_reg_pp0_iter0     |   1|   0|    1|          0|
    |ap_enable_reg_pp0_iter1     |   1|   0|    1|          0|
    |ap_enable_reg_pp0_iter2     |   1|   0|    1|          0|
    |ap_enable_reg_pp0_iter3     |   1|   0|    1|          0|
    |ap_enable_reg_pp0_iter4     |   1|   0|    1|          0|
    |exitcond_flatten2_reg_1501  |   1|   0|    1|          0|
    |indvar_flatten2_reg_281     |  20|   0|   20|          0|
    |indvar_flatten_reg_292      |  16|   0|   16|          0|
    |macRegisters_0_V_2_fu_200   |   8|   0|    8|          0|
    |macRegisters_1_V_2_fu_204   |   8|   0|    8|          0|
    |macRegisters_2_V_2_fu_208   |   8|   0|    8|          0|
    |macRegisters_3_V_2_fu_212   |   8|   0|    8|          0|
    |nm_reg_303                  |   7|   0|    7|          0|
    |nm_t_mid2_reg_1510          |   6|   0|    6|          0|
    |p_Val2_1_1_reg_1577         |   8|   0|    8|          0|
    |p_Val2_1_2_reg_1592         |   8|   0|    8|          0|
    |p_Val2_1_3_reg_1607         |   8|   0|    8|          0|
    |p_Val2_1_reg_1562           |   8|   0|    8|          0|
    |p_Val2_7_1_reg_1627         |   8|   0|    8|          0|
    |p_Val2_7_2_reg_1632         |   8|   0|    8|          0|
    |p_Val2_7_3_reg_1637         |   8|   0|    8|          0|
    |p_Val2_7_reg_1622           |   8|   0|    8|          0|
    |sf_reg_314                  |   9|   0|    9|          0|
    |start_once_reg              |   1|   0|    1|          0|
    |tmp_19_1_reg_1587           |   1|   0|    1|          0|
    |tmp_19_2_reg_1602           |   1|   0|    1|          0|
    |tmp_19_3_reg_1617           |   1|   0|    1|          0|
    |tmp_19_reg_1572             |   1|   0|    1|          0|
    |tmp_2_reg_1528              |   1|   0|    1|          0|
    |tmp_54_reg_1567             |   1|   0|    1|          0|
    |tmp_57_reg_1582             |   1|   0|    1|          0|
    |tmp_60_reg_1597             |   1|   0|    1|          0|
    |tmp_63_reg_1612             |   1|   0|    1|          0|
    |tmp_9_reg_1523              |  14|   0|   14|          0|
    |exitcond_flatten2_reg_1501  |  64|  32|    1|          0|
    |nm_t_mid2_reg_1510          |  64|  32|    6|          0|
    |tmp_2_reg_1528              |  64|  32|    1|          0|
    +----------------------------+----+----+-----+-----------+
    |Total                       | 380|  96|  196|          0|
    +----------------------------+----+----+-----+-----------+



================================================================
== Interface
================================================================
* Summary: 
+----------------+-----+-----+------------+---------------+--------------+
|    RTL Ports   | Dir | Bits|  Protocol  | Source Object |    C Type    |
+----------------+-----+-----+------------+---------------+--------------+
|ap_clk          |  in |    1| ap_ctrl_hs | Conv1DMac_new | return value |
|ap_rst          |  in |    1| ap_ctrl_hs | Conv1DMac_new | return value |
|ap_start        |  in |    1| ap_ctrl_hs | Conv1DMac_new | return value |
|start_full_n    |  in |    1| ap_ctrl_hs | Conv1DMac_new | return value |
|ap_done         | out |    1| ap_ctrl_hs | Conv1DMac_new | return value |
|ap_continue     |  in |    1| ap_ctrl_hs | Conv1DMac_new | return value |
|ap_idle         | out |    1| ap_ctrl_hs | Conv1DMac_new | return value |
|ap_ready        | out |    1| ap_ctrl_hs | Conv1DMac_new | return value |
|start_out       | out |    1| ap_ctrl_hs | Conv1DMac_new | return value |
|start_write     | out |    1| ap_ctrl_hs | Conv1DMac_new | return value |
|in_V_V_dout     |  in |    8|   ap_fifo  |     in_V_V    |    pointer   |
|in_V_V_empty_n  |  in |    1|   ap_fifo  |     in_V_V    |    pointer   |
|in_V_V_read     | out |    1|   ap_fifo  |     in_V_V    |    pointer   |
|out_V_V_din     | out |   32|   ap_fifo  |    out_V_V    |    pointer   |
|out_V_V_full_n  |  in |    1|   ap_fifo  |    out_V_V    |    pointer   |
|out_V_V_write   | out |    1|   ap_fifo  |    out_V_V    |    pointer   |
+----------------+-----+-----+------------+---------------+--------------+

