

================================================================
== Vivado HLS Report for 'Conv1DBuffer_new'
================================================================
* Date:           Fri Apr 28 22:20:28 2023

* Version:        2018.2 (Build 2258646 on Thu Jun 14 20:25:20 MDT 2018)
* Project:        S4_1
* Solution:       solution1
* Product family: zynq
* Target device:  xc7z045ffg900-2


================================================================
== Performance Estimates
================================================================
+ Timing (ns): 
    * Summary: 
    +--------+-------+----------+------------+
    |  Clock | Target| Estimated| Uncertainty|
    +--------+-------+----------+------------+
    |ap_clk  |  10.00|     7.312|        1.25|
    +--------+-------+----------+------------+

+ Latency (clock cycles): 
    * Summary: 
    +----------+----------+----------+----------+---------+
    |       Latency       |       Interval      | Pipeline|
    |    min   |    max   |    min   |    max   |   Type  |
    +----------+----------+----------+----------+---------+
    |  16777732|  16777732|  16777732|  16777732|   none  |
    +----------+----------+----------+----------+---------+

    + Detail: 
        * Instance: 
        N/A

        * Loop: 
        +----------+----------+----------+----------+-----------+-----------+----------+----------+
        |          |       Latency       | Iteration|  Initiation Interval  |   Trip   |          |
        | Loop Name|    min   |    max   |  Latency |  achieved |   target  |   Count  | Pipelined|
        +----------+----------+----------+----------+-----------+-----------+----------+----------+
        |- Loop 1  |       512|       512|         2|          1|          1|       512|    yes   |
        |- Loop 2  |  16777216|  16777216|         2|          1|          1|  16777216|    yes   |
        +----------+----------+----------+----------+-----------+-----------+----------+----------+

============================================================
+ Verbose Summary: Synthesis Manager
============================================================
InlineROM: 1
ExposeGlobal: 0
============================================================
+ Verbose Summary: CDFG Model
============================================================
IsTopModel: 0
ResetActiveHigh: 1
IsCombinational: 2
IsDatapathOnly: 0
HasWiredReturn: 1
HasMFsm: 0
HasVarLatency: 1
IsPipeline: 0
IsRtlPipelined: 0
IsInstanceOverlapped: 0
IsDontTouch: 0
HasImplIP: 0
IsGatedGlobalClock: 0

+ Individual pipeline summary: 
  * Pipeline-0: initiation interval (II) = 1, depth = 2
  * Pipeline-1: initiation interval (II) = 1, depth = 2


============================================================
+ Verbose Summary: Schedule
============================================================
* Number of FSM states : 7
* Pipeline : 2
  Pipeline-0 : II = 1, D = 2, States = { 2 3 }
  Pipeline-1 : II = 1, D = 2, States = { 5 6 }
* Dataflow Pipeline: 0

* FSM state transitions: 
1 --> 
	2  / true
2 --> 
	4  / (tmp)
	3  / (!tmp)
3 --> 
	2  / true
4 --> 
	5  / true
5 --> 
	7  / (exitcond_flatten4)
	6  / (!exitcond_flatten4)
6 --> 
	5  / true
7 --> 

* FSM state operations: 

State 1 <SV = 0> <Delay = 2.77>
ST_1 : Operation 8 [1/1] (0.00ns)   --->   "call void (...)* @_ssdm_op_SpecInterface(i8* %out_V_V, [8 x i8]* @ap_fifo_str, i32 0, i32 0, [1 x i8]* @p_str83, i32 0, i32 0, [1 x i8]* @p_str84, [1 x i8]* @p_str85, [1 x i8]* @p_str86, i32 2, i32 2, i32 16, i32 16, [1 x i8]* @p_str87, [1 x i8]* @p_str88)"   --->   Operation 8 'specinterface' <Predicate = true> <Delay = 0.00>
ST_1 : Operation 9 [1/1] (0.00ns)   --->   "call void (...)* @_ssdm_op_SpecInterface(i8* %in_V_V, [8 x i8]* @ap_fifo_str, i32 0, i32 0, [1 x i8]* @p_str76, i32 0, i32 0, [1 x i8]* @p_str77, [1 x i8]* @p_str78, [1 x i8]* @p_str79, i32 2, i32 2, i32 16, i32 16, [1 x i8]* @p_str80, [1 x i8]* @p_str81)"   --->   Operation 9 'specinterface' <Predicate = true> <Delay = 0.00>
ST_1 : Operation 10 [1/1] (2.77ns)   --->   "%inputBuf_0_V = alloca [512 x i8], align 1" [S4_1/conv1d.h:231]   --->   Operation 10 'alloca' 'inputBuf_0_V' <Predicate = true> <Delay = 2.77> <Core = "RAM">   --->   Core 37 'RAM' <Latency = 1> <II = 1> <Delay = 2.77> <Storage> <Opcode : 'load' 'store'> <Ports = 2> <Width = 8> <Depth = 512> <RAM>
ST_1 : Operation 11 [1/1] (1.30ns)   --->   "br label %.preheader89" [S4_1/conv1d.h:235]   --->   Operation 11 'br' <Predicate = true> <Delay = 1.30>

State 2 <SV = 1> <Delay = 1.70>
ST_2 : Operation 12 [1/1] (0.00ns)   --->   "%ptr_simd = phi i10 [ %ptr_simd_1, %0 ], [ 0, %.preheader90.preheader ]"   --->   Operation 12 'phi' 'ptr_simd' <Predicate = true> <Delay = 0.00>
ST_2 : Operation 13 [1/1] (1.44ns)   --->   "%tmp = icmp eq i10 %ptr_simd, -512" [S4_1/conv1d.h:235]   --->   Operation 13 'icmp' 'tmp' <Predicate = true> <Delay = 1.44> <Core = "Cmp">   --->   Core 25 'Cmp' <Latency = 0> <II = 1> <Delay = 1.23> <FuncUnit> <Opcode : 'icmp'> <InPorts = 2> <OutPorts = 1>
ST_2 : Operation 14 [1/1] (0.00ns)   --->   "%empty = call i32 (...)* @_ssdm_op_SpecLoopTripCount(i64 512, i64 512, i64 512)"   --->   Operation 14 'speclooptripcount' 'empty' <Predicate = true> <Delay = 0.00>
ST_2 : Operation 15 [1/1] (1.70ns)   --->   "%ptr_simd_1 = add i10 %ptr_simd, 1" [S4_1/conv1d.h:235]   --->   Operation 15 'add' 'ptr_simd_1' <Predicate = true> <Delay = 1.70> <Core = "AddSub">   --->   Core 14 'AddSub' <Latency = 0> <II = 1> <Delay = 1.75> <FuncUnit> <Opcode : 'add' 'sub'> <InPorts = 2> <OutPorts = 1>
ST_2 : Operation 16 [1/1] (0.00ns)   --->   "br i1 %tmp, label %.preheader86.preheader, label %0" [S4_1/conv1d.h:235]   --->   Operation 16 'br' <Predicate = true> <Delay = 0.00>

State 3 <SV = 2> <Delay = 6.17>
ST_3 : Operation 17 [1/1] (0.00ns)   --->   "%tmp_42 = call i32 (...)* @_ssdm_op_SpecRegionBegin([12 x i8]* @p_str37)" [S4_1/conv1d.h:235]   --->   Operation 17 'specregionbegin' 'tmp_42' <Predicate = (!tmp)> <Delay = 0.00>
ST_3 : Operation 18 [1/1] (0.00ns)   --->   "call void (...)* @_ssdm_op_SpecPipeline(i32 1, i32 1, i32 1, i32 0, [1 x i8]* @p_str8) nounwind" [S4_1/conv1d.h:236]   --->   Operation 18 'specpipeline' <Predicate = (!tmp)> <Delay = 0.00>
ST_3 : Operation 19 [1/1] (0.00ns)   --->   "%tmp_s = zext i10 %ptr_simd to i64" [S4_1/conv1d.h:238]   --->   Operation 19 'zext' 'tmp_s' <Predicate = (!tmp)> <Delay = 0.00>
ST_3 : Operation 20 [1/1] (3.40ns)   --->   "%tmp_V = call i8 @_ssdm_op_Read.ap_fifo.volatile.i8P(i8* %in_V_V)" [S4_1/conv1d.h:238]   --->   Operation 20 'read' 'tmp_V' <Predicate = (!tmp)> <Delay = 3.40> <Core = "FIFO">   --->   Core 32 'FIFO' <Latency = 0> <II = 1> <Delay = 3.40> <Storage> <Opcode : 'read' 'write' 'nbread' 'nbwrite'> <Ports = 0> <Width = 8> <Depth = 2> <FIFO>
ST_3 : Operation 21 [1/1] (0.00ns)   --->   "%inputBuf_0_V_addr = getelementptr [512 x i8]* %inputBuf_0_V, i64 0, i64 %tmp_s" [S4_1/conv1d.h:238]   --->   Operation 21 'getelementptr' 'inputBuf_0_V_addr' <Predicate = (!tmp)> <Delay = 0.00>
ST_3 : Operation 22 [1/1] (2.77ns)   --->   "store i8 %tmp_V, i8* %inputBuf_0_V_addr, align 1" [S4_1/conv1d.h:238]   --->   Operation 22 'store' <Predicate = (!tmp)> <Delay = 2.77> <Core = "RAM">   --->   Core 37 'RAM' <Latency = 1> <II = 1> <Delay = 2.77> <Storage> <Opcode : 'load' 'store'> <Ports = 2> <Width = 8> <Depth = 512> <RAM>
ST_3 : Operation 23 [1/1] (0.00ns)   --->   "%empty_60 = call i32 (...)* @_ssdm_op_SpecRegionEnd([12 x i8]* @p_str37, i32 %tmp_42)" [S4_1/conv1d.h:239]   --->   Operation 23 'specregionend' 'empty_60' <Predicate = (!tmp)> <Delay = 0.00>
ST_3 : Operation 24 [1/1] (0.00ns)   --->   "br label %.preheader89" [S4_1/conv1d.h:235]   --->   Operation 24 'br' <Predicate = (!tmp)> <Delay = 0.00>

State 4 <SV = 2> <Delay = 1.30>
ST_4 : Operation 25 [1/1] (1.30ns)   --->   "br label %.preheader86" [S4_1/conv1d.h:254]   --->   Operation 25 'br' <Predicate = true> <Delay = 1.30>

State 5 <SV = 3> <Delay = 7.31>
ST_5 : Operation 26 [1/1] (0.00ns)   --->   "%indvar_flatten4 = phi i25 [ %indvar_flatten_next4, %._crit_edge ], [ 0, %.preheader86.preheader ]"   --->   Operation 26 'phi' 'indvar_flatten4' <Predicate = true> <Delay = 0.00>
ST_5 : Operation 27 [1/1] (0.00ns)   --->   "%op1_assign = phi i10 [ %op1_assign_mid2, %._crit_edge ], [ 0, %.preheader86.preheader ]" [S4_1/conv1d.h:243]   --->   Operation 27 'phi' 'op1_assign' <Predicate = true> <Delay = 0.00>
ST_5 : Operation 28 [1/1] (0.00ns)   --->   "%indvar_flatten = phi i17 [ %indvar_flatten_next, %._crit_edge ], [ 0, %.preheader86.preheader ]"   --->   Operation 28 'phi' 'indvar_flatten' <Predicate = true> <Delay = 0.00>
ST_5 : Operation 29 [1/1] (0.00ns)   --->   "%nm = phi i7 [ %nm_mid2, %._crit_edge ], [ 0, %.preheader86.preheader ]" [S4_1/conv1d.h:245]   --->   Operation 29 'phi' 'nm' <Predicate = true> <Delay = 0.00>
ST_5 : Operation 30 [1/1] (0.00ns)   --->   "%ptr_simd4 = phi i10 [ %ptr_simd_2, %._crit_edge ], [ 0, %.preheader86.preheader ]"   --->   Operation 30 'phi' 'ptr_simd4' <Predicate = true> <Delay = 0.00>
ST_5 : Operation 31 [1/1] (1.44ns)   --->   "%tmp_8 = icmp ult i10 %op1_assign, 511" [S4_1/conv1d.h:254]   --->   Operation 31 'icmp' 'tmp_8' <Predicate = true> <Delay = 1.44> <Core = "Cmp">   --->   Core 25 'Cmp' <Latency = 0> <II = 1> <Delay = 1.23> <FuncUnit> <Opcode : 'icmp'> <InPorts = 2> <OutPorts = 1>
ST_5 : Operation 32 [1/1] (1.23ns)   --->   "%tmp_10 = icmp eq i7 %nm, 63" [S4_1/conv1d.h:254]   --->   Operation 32 'icmp' 'tmp_10' <Predicate = true> <Delay = 1.23> <Core = "Cmp">   --->   Core 25 'Cmp' <Latency = 0> <II = 1> <Delay = 1.23> <FuncUnit> <Opcode : 'icmp'> <InPorts = 2> <OutPorts = 1>
ST_5 : Operation 33 [1/1] (0.80ns)   --->   "%or_cond = and i1 %tmp_8, %tmp_10" [S4_1/conv1d.h:254]   --->   Operation 33 'and' 'or_cond' <Predicate = true> <Delay = 0.80> <Core = "LogicGate">   --->   Core 27 'LogicGate' <Latency = 0> <II = 1> <Delay = 0.80> <FuncUnit> <Opcode : 'and' 'or' 'xor'> <InPorts = 2> <OutPorts = 1>
ST_5 : Operation 34 [1/1] (2.05ns)   --->   "%exitcond_flatten4 = icmp eq i25 %indvar_flatten4, -16777216"   --->   Operation 34 'icmp' 'exitcond_flatten4' <Predicate = true> <Delay = 2.05> <Core = "Cmp">   --->   Core 25 'Cmp' <Latency = 0> <II = 1> <Delay = 1.23> <FuncUnit> <Opcode : 'icmp'> <InPorts = 2> <OutPorts = 1>
ST_5 : Operation 35 [1/1] (2.01ns)   --->   "%indvar_flatten_next4 = add i25 %indvar_flatten4, 1"   --->   Operation 35 'add' 'indvar_flatten_next4' <Predicate = true> <Delay = 2.01> <Core = "AddSub">   --->   Core 14 'AddSub' <Latency = 0> <II = 1> <Delay = 1.75> <FuncUnit> <Opcode : 'add' 'sub'> <InPorts = 2> <OutPorts = 1>
ST_5 : Operation 36 [1/1] (0.00ns)   --->   "br i1 %exitcond_flatten4, label %2, label %_ZcmILi2ELb0EE11ap_int_baseIXplT_Li32EELb0EXleplT_Li32ELi64EEEjRKS0_IXT_EXT0_EXleT_Li64EEE.exit"   --->   Operation 36 'br' <Predicate = true> <Delay = 0.00>
ST_5 : Operation 37 [1/1] (1.94ns)   --->   "%exitcond_flatten = icmp eq i17 %indvar_flatten, 32768"   --->   Operation 37 'icmp' 'exitcond_flatten' <Predicate = (!exitcond_flatten4)> <Delay = 1.94> <Core = "Cmp">   --->   Core 25 'Cmp' <Latency = 0> <II = 1> <Delay = 1.23> <FuncUnit> <Opcode : 'icmp'> <InPorts = 2> <OutPorts = 1>
ST_5 : Operation 38 [1/1] (0.80ns)   --->   "%nm_mid = select i1 %exitcond_flatten, i7 0, i7 %nm" [S4_1/conv1d.h:245]   --->   Operation 38 'select' 'nm_mid' <Predicate = (!exitcond_flatten4)> <Delay = 0.80> <Core = "Sel">   --->   Core 26 'Sel' <Latency = 0> <II = 1> <Delay = 0.62> <FuncUnit> <Opcode : 'select'> <InPorts = 3> <OutPorts = 1>
ST_5 : Operation 39 [1/1] (1.70ns)   --->   "%ofm_iter = add i10 %op1_assign, 1" [S4_1/conv1d.h:243]   --->   Operation 39 'add' 'ofm_iter' <Predicate = (!exitcond_flatten4)> <Delay = 1.70> <Core = "AddSub">   --->   Core 14 'AddSub' <Latency = 0> <II = 1> <Delay = 1.75> <FuncUnit> <Opcode : 'add' 'sub'> <InPorts = 2> <OutPorts = 1>
ST_5 : Operation 40 [1/1] (1.44ns)   --->   "%tmp_8_mid1 = icmp ult i10 %ofm_iter, 511" [S4_1/conv1d.h:254]   --->   Operation 40 'icmp' 'tmp_8_mid1' <Predicate = (!exitcond_flatten4)> <Delay = 1.44> <Core = "Cmp">   --->   Core 25 'Cmp' <Latency = 0> <II = 1> <Delay = 1.23> <FuncUnit> <Opcode : 'icmp'> <InPorts = 2> <OutPorts = 1>
ST_5 : Operation 41 [1/1] (0.00ns) (grouped into LUT with out node or_cond_mid1)   --->   "%tmp_8_mid2 = select i1 %exitcond_flatten, i1 %tmp_8_mid1, i1 %tmp_8" [S4_1/conv1d.h:254]   --->   Operation 41 'select' 'tmp_8_mid2' <Predicate = (!exitcond_flatten4)> <Delay = 0.00> <Core = "Sel">   --->   Core 26 'Sel' <Latency = 0> <II = 1> <Delay = 0.62> <FuncUnit> <Opcode : 'select'> <InPorts = 3> <OutPorts = 1>
ST_5 : Operation 42 [1/1] (0.80ns)   --->   "%not_exitcond_flatten = xor i1 %exitcond_flatten, true" [S4_1/conv1d.h:254]   --->   Operation 42 'xor' 'not_exitcond_flatten' <Predicate = (!exitcond_flatten4)> <Delay = 0.80> <Core = "LogicGate">   --->   Core 27 'LogicGate' <Latency = 0> <II = 1> <Delay = 0.80> <FuncUnit> <Opcode : 'and' 'or' 'xor'> <InPorts = 2> <OutPorts = 1>
ST_5 : Operation 43 [1/1] (0.00ns) (grouped into LUT with out node or_cond_mid2)   --->   "%or_cond_mid = and i1 %or_cond, %not_exitcond_flatten" [S4_1/conv1d.h:254]   --->   Operation 43 'and' 'or_cond_mid' <Predicate = (!exitcond_flatten4)> <Delay = 0.00> <Core = "LogicGate">   --->   Core 27 'LogicGate' <Latency = 0> <II = 1> <Delay = 0.80> <FuncUnit> <Opcode : 'and' 'or' 'xor'> <InPorts = 2> <OutPorts = 1>
ST_5 : Operation 44 [1/1] (1.44ns)   --->   "%tmp_44 = icmp eq i10 %ptr_simd4, -512" [S4_1/conv1d.h:245]   --->   Operation 44 'icmp' 'tmp_44' <Predicate = (!exitcond_flatten4)> <Delay = 1.44> <Core = "Cmp">   --->   Core 25 'Cmp' <Latency = 0> <II = 1> <Delay = 1.23> <FuncUnit> <Opcode : 'icmp'> <InPorts = 2> <OutPorts = 1>
ST_5 : Operation 45 [1/1] (0.80ns)   --->   "%tmp_11_mid = and i1 %tmp_44, %not_exitcond_flatten" [S4_1/conv1d.h:245]   --->   Operation 45 'and' 'tmp_11_mid' <Predicate = (!exitcond_flatten4)> <Delay = 0.80> <Core = "LogicGate">   --->   Core 27 'LogicGate' <Latency = 0> <II = 1> <Delay = 0.80> <FuncUnit> <Opcode : 'and' 'or' 'xor'> <InPorts = 2> <OutPorts = 1>
ST_5 : Operation 46 [1/1] (0.99ns)   --->   "%op1_assign_mid2 = select i1 %exitcond_flatten, i10 %ofm_iter, i10 %op1_assign" [S4_1/conv1d.h:243]   --->   Operation 46 'select' 'op1_assign_mid2' <Predicate = (!exitcond_flatten4)> <Delay = 0.99> <Core = "Sel">   --->   Core 26 'Sel' <Latency = 0> <II = 1> <Delay = 0.62> <FuncUnit> <Opcode : 'select'> <InPorts = 3> <OutPorts = 1>
ST_5 : Operation 47 [1/1] (1.65ns)   --->   "%nm_3 = add i7 %nm_mid, 1" [S4_1/conv1d.h:244]   --->   Operation 47 'add' 'nm_3' <Predicate = (!exitcond_flatten4)> <Delay = 1.65> <Core = "AddSub">   --->   Core 14 'AddSub' <Latency = 0> <II = 1> <Delay = 1.75> <FuncUnit> <Opcode : 'add' 'sub'> <InPorts = 2> <OutPorts = 1>
ST_5 : Operation 48 [1/1] (0.00ns) (grouped into LUT with out node ptr_simd4_mid2)   --->   "%tmp_32 = or i1 %tmp_11_mid, %exitcond_flatten" [S4_1/conv1d.h:245]   --->   Operation 48 'or' 'tmp_32' <Predicate = (!exitcond_flatten4)> <Delay = 0.00> <Core = "LogicGate">   --->   Core 27 'LogicGate' <Latency = 0> <II = 1> <Delay = 0.80> <FuncUnit> <Opcode : 'and' 'or' 'xor'> <InPorts = 2> <OutPorts = 1>
ST_5 : Operation 49 [1/1] (0.99ns) (out node of the LUT)   --->   "%ptr_simd4_mid2 = select i1 %tmp_32, i10 0, i10 %ptr_simd4" [S4_1/conv1d.h:245]   --->   Operation 49 'select' 'ptr_simd4_mid2' <Predicate = (!exitcond_flatten4)> <Delay = 0.99> <Core = "Sel">   --->   Core 26 'Sel' <Latency = 0> <II = 1> <Delay = 0.62> <FuncUnit> <Opcode : 'select'> <InPorts = 3> <OutPorts = 1>
ST_5 : Operation 50 [1/1] (1.23ns)   --->   "%tmp_10_mid1 = icmp eq i7 %nm_3, 63" [S4_1/conv1d.h:254]   --->   Operation 50 'icmp' 'tmp_10_mid1' <Predicate = (!exitcond_flatten4)> <Delay = 1.23> <Core = "Cmp">   --->   Core 25 'Cmp' <Latency = 0> <II = 1> <Delay = 1.23> <FuncUnit> <Opcode : 'icmp'> <InPorts = 2> <OutPorts = 1>
ST_5 : Operation 51 [1/1] (0.81ns) (out node of the LUT)   --->   "%or_cond_mid1 = and i1 %tmp_8_mid2, %tmp_10_mid1" [S4_1/conv1d.h:254]   --->   Operation 51 'and' 'or_cond_mid1' <Predicate = (!exitcond_flatten4)> <Delay = 0.81> <Core = "LogicGate">   --->   Core 27 'LogicGate' <Latency = 0> <II = 1> <Delay = 0.80> <FuncUnit> <Opcode : 'and' 'or' 'xor'> <InPorts = 2> <OutPorts = 1>
ST_5 : Operation 52 [1/1] (0.81ns) (out node of the LUT)   --->   "%or_cond_mid2 = select i1 %tmp_11_mid, i1 %or_cond_mid1, i1 %or_cond_mid" [S4_1/conv1d.h:254]   --->   Operation 52 'select' 'or_cond_mid2' <Predicate = (!exitcond_flatten4)> <Delay = 0.81> <Core = "Sel">   --->   Core 26 'Sel' <Latency = 0> <II = 1> <Delay = 0.62> <FuncUnit> <Opcode : 'select'> <InPorts = 3> <OutPorts = 1>
ST_5 : Operation 53 [1/1] (0.80ns)   --->   "%nm_mid2 = select i1 %tmp_11_mid, i7 %nm_3, i7 %nm_mid" [S4_1/conv1d.h:245]   --->   Operation 53 'select' 'nm_mid2' <Predicate = (!exitcond_flatten4)> <Delay = 0.80> <Core = "Sel">   --->   Core 26 'Sel' <Latency = 0> <II = 1> <Delay = 0.62> <FuncUnit> <Opcode : 'select'> <InPorts = 3> <OutPorts = 1>
ST_5 : Operation 54 [1/1] (0.00ns)   --->   "%tmp_12 = zext i10 %ptr_simd4_mid2 to i64" [S4_1/conv1d.h:252]   --->   Operation 54 'zext' 'tmp_12' <Predicate = (!exitcond_flatten4)> <Delay = 0.00>
ST_5 : Operation 55 [1/1] (0.00ns)   --->   "%inputBuf_0_V_addr_1 = getelementptr [512 x i8]* %inputBuf_0_V, i64 0, i64 %tmp_12" [S4_1/conv1d.h:252]   --->   Operation 55 'getelementptr' 'inputBuf_0_V_addr_1' <Predicate = (!exitcond_flatten4)> <Delay = 0.00>
ST_5 : Operation 56 [2/2] (2.77ns)   --->   "%tmp_V_11 = load i8* %inputBuf_0_V_addr_1, align 1" [S4_1/conv1d.h:252]   --->   Operation 56 'load' 'tmp_V_11' <Predicate = (!exitcond_flatten4)> <Delay = 2.77> <Core = "RAM">   --->   Core 37 'RAM' <Latency = 1> <II = 1> <Delay = 2.77> <Storage> <Opcode : 'load' 'store'> <Ports = 2> <Width = 8> <Depth = 512> <RAM>
ST_5 : Operation 57 [1/1] (0.00ns)   --->   "br i1 %or_cond_mid2, label %1, label %._crit_edge" [S4_1/conv1d.h:254]   --->   Operation 57 'br' <Predicate = (!exitcond_flatten4)> <Delay = 0.00>
ST_5 : Operation 58 [1/1] (1.70ns)   --->   "%ptr_simd_2 = add i10 %ptr_simd4_mid2, 1" [S4_1/conv1d.h:245]   --->   Operation 58 'add' 'ptr_simd_2' <Predicate = (!exitcond_flatten4)> <Delay = 1.70> <Core = "AddSub">   --->   Core 14 'AddSub' <Latency = 0> <II = 1> <Delay = 1.75> <FuncUnit> <Opcode : 'add' 'sub'> <InPorts = 2> <OutPorts = 1>
ST_5 : Operation 59 [1/1] (1.75ns)   --->   "%indvar_flatten_op = add i17 %indvar_flatten, 1"   --->   Operation 59 'add' 'indvar_flatten_op' <Predicate = (!exitcond_flatten4)> <Delay = 1.75> <Core = "AddSub">   --->   Core 14 'AddSub' <Latency = 0> <II = 1> <Delay = 1.75> <FuncUnit> <Opcode : 'add' 'sub'> <InPorts = 2> <OutPorts = 1>
ST_5 : Operation 60 [1/1] (0.62ns)   --->   "%indvar_flatten_next = select i1 %exitcond_flatten, i17 1, i17 %indvar_flatten_op"   --->   Operation 60 'select' 'indvar_flatten_next' <Predicate = (!exitcond_flatten4)> <Delay = 0.62> <Core = "Sel">   --->   Core 26 'Sel' <Latency = 0> <II = 1> <Delay = 0.62> <FuncUnit> <Opcode : 'select'> <InPorts = 3> <OutPorts = 1>

State 6 <SV = 4> <Delay = 6.17>
ST_6 : Operation 61 [1/1] (0.00ns)   --->   "%tmp_43 = call i32 (...)* @_ssdm_op_SpecRegionBegin([12 x i8]* @p_str38)" [S4_1/conv1d.h:246]   --->   Operation 61 'specregionbegin' 'tmp_43' <Predicate = (!exitcond_flatten4)> <Delay = 0.00>
ST_6 : Operation 62 [1/1] (0.00ns)   --->   "call void (...)* @_ssdm_op_SpecPipeline(i32 1, i32 1, i32 1, i32 0, [1 x i8]* @p_str8) nounwind" [S4_1/conv1d.h:247]   --->   Operation 62 'specpipeline' <Predicate = (!exitcond_flatten4)> <Delay = 0.00>
ST_6 : Operation 63 [1/2] (2.77ns)   --->   "%tmp_V_11 = load i8* %inputBuf_0_V_addr_1, align 1" [S4_1/conv1d.h:252]   --->   Operation 63 'load' 'tmp_V_11' <Predicate = (!exitcond_flatten4)> <Delay = 2.77> <Core = "RAM">   --->   Core 37 'RAM' <Latency = 1> <II = 1> <Delay = 2.77> <Storage> <Opcode : 'load' 'store'> <Ports = 2> <Width = 8> <Depth = 512> <RAM>
ST_6 : Operation 64 [1/1] (3.40ns)   --->   "call void @_ssdm_op_Write.ap_fifo.volatile.i8P(i8* %out_V_V, i8 %tmp_V_11)" [S4_1/conv1d.h:252]   --->   Operation 64 'write' <Predicate = (!exitcond_flatten4)> <Delay = 3.40> <Core = "FIFO">   --->   Core 32 'FIFO' <Latency = 0> <II = 1> <Delay = 3.40> <Storage> <Opcode : 'read' 'write' 'nbread' 'nbwrite'> <Ports = 0> <Width = 8> <Depth = 2> <FIFO>
ST_6 : Operation 65 [1/1] (3.40ns)   --->   "%tmp_V_12 = call i8 @_ssdm_op_Read.ap_fifo.volatile.i8P(i8* %in_V_V)" [S4_1/conv1d.h:257]   --->   Operation 65 'read' 'tmp_V_12' <Predicate = (or_cond_mid2)> <Delay = 3.40> <Core = "FIFO">   --->   Core 32 'FIFO' <Latency = 0> <II = 1> <Delay = 3.40> <Storage> <Opcode : 'read' 'write' 'nbread' 'nbwrite'> <Ports = 0> <Width = 8> <Depth = 2> <FIFO>
ST_6 : Operation 66 [1/1] (2.77ns)   --->   "store i8 %tmp_V_12, i8* %inputBuf_0_V_addr_1, align 1" [S4_1/conv1d.h:257]   --->   Operation 66 'store' <Predicate = (or_cond_mid2)> <Delay = 2.77> <Core = "RAM">   --->   Core 37 'RAM' <Latency = 1> <II = 1> <Delay = 2.77> <Storage> <Opcode : 'load' 'store'> <Ports = 2> <Width = 8> <Depth = 512> <RAM>
ST_6 : Operation 67 [1/1] (0.00ns)   --->   "br label %._crit_edge" [S4_1/conv1d.h:258]   --->   Operation 67 'br' <Predicate = (or_cond_mid2)> <Delay = 0.00>
ST_6 : Operation 68 [1/1] (0.00ns)   --->   "%empty_61 = call i32 (...)* @_ssdm_op_SpecRegionEnd([12 x i8]* @p_str38, i32 %tmp_43)" [S4_1/conv1d.h:259]   --->   Operation 68 'specregionend' 'empty_61' <Predicate = (!exitcond_flatten4)> <Delay = 0.00>
ST_6 : Operation 69 [1/1] (0.00ns)   --->   "br label %.preheader86" [S4_1/conv1d.h:245]   --->   Operation 69 'br' <Predicate = (!exitcond_flatten4)> <Delay = 0.00>

State 7 <SV = 4> <Delay = 0.00>
ST_7 : Operation 70 [1/1] (0.00ns)   --->   "ret void" [S4_1/conv1d.h:263]   --->   Operation 70 'ret' <Predicate = true> <Delay = 0.00>


============================================================
+ Verbose Summary: Binding
============================================================
STG Binding: 
---------------- STG Properties BEGIN ----------------
- Is combinational: 0
- Is one-state seq: 0
- Is datapath-only: 0
- Is pipelined: 0
- Is top level: 0
Port [ Return ] is wired: 1; IO mode=ap_ctrl_hs:ce=0
Port [ in_V_V]:  wired=1; compound=1; hidden=0; nouse=0; global=0; static=0; extern=0; dir=0; type=3; pingpong=0; private_global=0; IO mode=ap_fifo:ce=0
Port [ out_V_V]:  wired=1; compound=1; hidden=0; nouse=0; global=0; static=0; extern=0; dir=1; type=3; pingpong=0; private_global=0; IO mode=ap_fifo:ce=0
---------------- STG Properties END ------------------

---------------- Datapath Model BEGIN ----------------

<LifeTime>
<method=bitvector/>
StgValue_8           (specinterface    ) [ 00000000]
StgValue_9           (specinterface    ) [ 00000000]
inputBuf_0_V         (alloca           ) [ 00111110]
StgValue_11          (br               ) [ 01110000]
ptr_simd             (phi              ) [ 00110000]
tmp                  (icmp             ) [ 00110000]
empty                (speclooptripcount) [ 00000000]
ptr_simd_1           (add              ) [ 01110000]
StgValue_16          (br               ) [ 00000000]
tmp_42               (specregionbegin  ) [ 00000000]
StgValue_18          (specpipeline     ) [ 00000000]
tmp_s                (zext             ) [ 00000000]
tmp_V                (read             ) [ 00000000]
inputBuf_0_V_addr    (getelementptr    ) [ 00000000]
StgValue_22          (store            ) [ 00000000]
empty_60             (specregionend    ) [ 00000000]
StgValue_24          (br               ) [ 01110000]
StgValue_25          (br               ) [ 00001110]
indvar_flatten4      (phi              ) [ 00000100]
op1_assign           (phi              ) [ 00000100]
indvar_flatten       (phi              ) [ 00000100]
nm                   (phi              ) [ 00000100]
ptr_simd4            (phi              ) [ 00000100]
tmp_8                (icmp             ) [ 00000000]
tmp_10               (icmp             ) [ 00000000]
or_cond              (and              ) [ 00000000]
exitcond_flatten4    (icmp             ) [ 00000110]
indvar_flatten_next4 (add              ) [ 00001110]
StgValue_36          (br               ) [ 00000000]
exitcond_flatten     (icmp             ) [ 00000000]
nm_mid               (select           ) [ 00000000]
ofm_iter             (add              ) [ 00000000]
tmp_8_mid1           (icmp             ) [ 00000000]
tmp_8_mid2           (select           ) [ 00000000]
not_exitcond_flatten (xor              ) [ 00000000]
or_cond_mid          (and              ) [ 00000000]
tmp_44               (icmp             ) [ 00000000]
tmp_11_mid           (and              ) [ 00000000]
op1_assign_mid2      (select           ) [ 00001110]
nm_3                 (add              ) [ 00000000]
tmp_32               (or               ) [ 00000000]
ptr_simd4_mid2       (select           ) [ 00000000]
tmp_10_mid1          (icmp             ) [ 00000000]
or_cond_mid1         (and              ) [ 00000000]
or_cond_mid2         (select           ) [ 00000110]
nm_mid2              (select           ) [ 00001110]
tmp_12               (zext             ) [ 00000000]
inputBuf_0_V_addr_1  (getelementptr    ) [ 00000110]
StgValue_57          (br               ) [ 00000000]
ptr_simd_2           (add              ) [ 00001110]
indvar_flatten_op    (add              ) [ 00000000]
indvar_flatten_next  (select           ) [ 00001110]
tmp_43               (specregionbegin  ) [ 00000000]
StgValue_62          (specpipeline     ) [ 00000000]
tmp_V_11             (load             ) [ 00000000]
StgValue_64          (write            ) [ 00000000]
tmp_V_12             (read             ) [ 00000000]
StgValue_66          (store            ) [ 00000000]
StgValue_67          (br               ) [ 00000000]
empty_61             (specregionend    ) [ 00000000]
StgValue_69          (br               ) [ 00001110]
StgValue_70          (ret              ) [ 00000000]
</LifeTime>

<model>

<comp_list>
<comp id="0" class="1000" name="in_V_V">
<pin_list>
<pin id="1" dir="1" index="0" bw="1" slack="0"/>
</pin_list>
<bind>
<StgValue><ssdm name="in_V_V"/></StgValue>
</bind>
</comp>

<comp id="2" class="1000" name="out_V_V">
<pin_list>
<pin id="3" dir="1" index="0" bw="1" slack="0"/>
</pin_list>
<bind>
<StgValue><ssdm name="out_V_V"/></StgValue>
</bind>
</comp>

<comp id="4" class="1001" name="const_4">
<pin_list>
<pin id="5" dir="1" index="0" bw="1" slack="2147483647"/>
</pin_list>
<bind>
<StgValue><ssdm name="_ssdm_op_SpecInterface"/></StgValue>
</bind>
</comp>

<comp id="6" class="1001" name="const_6">
<pin_list>
<pin id="7" dir="1" index="0" bw="1" slack="2147483647"/>
</pin_list>
<bind>
<StgValue><ssdm name="ap_fifo_str"/></StgValue>
</bind>
</comp>

<comp id="8" class="1001" name="const_8">
<pin_list>
<pin id="9" dir="1" index="0" bw="1" slack="2147483647"/>
</pin_list>
<bind>
<StgValue><ssdm name=""/></StgValue>
</bind>
</comp>

<comp id="10" class="1001" name="const_10">
<pin_list>
<pin id="11" dir="1" index="0" bw="1" slack="2147483647"/>
</pin_list>
<bind>
<StgValue><ssdm name="p_str83"/></StgValue>
</bind>
</comp>

<comp id="12" class="1001" name="const_12">
<pin_list>
<pin id="13" dir="1" index="0" bw="1" slack="2147483647"/>
</pin_list>
<bind>
<StgValue><ssdm name="p_str84"/></StgValue>
</bind>
</comp>

<comp id="14" class="1001" name="const_14">
<pin_list>
<pin id="15" dir="1" index="0" bw="1" slack="2147483647"/>
</pin_list>
<bind>
<StgValue><ssdm name="p_str85"/></StgValue>
</bind>
</comp>

<comp id="16" class="1001" name="const_16">
<pin_list>
<pin id="17" dir="1" index="0" bw="1" slack="2147483647"/>
</pin_list>
<bind>
<StgValue><ssdm name="p_str86"/></StgValue>
</bind>
</comp>

<comp id="18" class="1001" name="const_18">
<pin_list>
<pin id="19" dir="1" index="0" bw="1" slack="2147483647"/>
</pin_list>
<bind>
<StgValue><ssdm name=""/></StgValue>
</bind>
</comp>

<comp id="20" class="1001" name="const_20">
<pin_list>
<pin id="21" dir="1" index="0" bw="1" slack="2147483647"/>
</pin_list>
<bind>
<StgValue><ssdm name=""/></StgValue>
</bind>
</comp>

<comp id="22" class="1001" name="const_22">
<pin_list>
<pin id="23" dir="1" index="0" bw="1" slack="2147483647"/>
</pin_list>
<bind>
<StgValue><ssdm name="p_str87"/></StgValue>
</bind>
</comp>

<comp id="24" class="1001" name="const_24">
<pin_list>
<pin id="25" dir="1" index="0" bw="1" slack="2147483647"/>
</pin_list>
<bind>
<StgValue><ssdm name="p_str88"/></StgValue>
</bind>
</comp>

<comp id="26" class="1001" name="const_26">
<pin_list>
<pin id="27" dir="1" index="0" bw="1" slack="2147483647"/>
</pin_list>
<bind>
<StgValue><ssdm name="p_str76"/></StgValue>
</bind>
</comp>

<comp id="28" class="1001" name="const_28">
<pin_list>
<pin id="29" dir="1" index="0" bw="1" slack="2147483647"/>
</pin_list>
<bind>
<StgValue><ssdm name="p_str77"/></StgValue>
</bind>
</comp>

<comp id="30" class="1001" name="const_30">
<pin_list>
<pin id="31" dir="1" index="0" bw="1" slack="2147483647"/>
</pin_list>
<bind>
<StgValue><ssdm name="p_str78"/></StgValue>
</bind>
</comp>

<comp id="32" class="1001" name="const_32">
<pin_list>
<pin id="33" dir="1" index="0" bw="1" slack="2147483647"/>
</pin_list>
<bind>
<StgValue><ssdm name="p_str79"/></StgValue>
</bind>
</comp>

<comp id="34" class="1001" name="const_34">
<pin_list>
<pin id="35" dir="1" index="0" bw="1" slack="2147483647"/>
</pin_list>
<bind>
<StgValue><ssdm name="p_str80"/></StgValue>
</bind>
</comp>

<comp id="36" class="1001" name="const_36">
<pin_list>
<pin id="37" dir="1" index="0" bw="1" slack="2147483647"/>
</pin_list>
<bind>
<StgValue><ssdm name="p_str81"/></StgValue>
</bind>
</comp>

<comp id="38" class="1001" name="const_38">
<pin_list>
<pin id="39" dir="1" index="0" bw="1" slack="0"/>
</pin_list>
<bind>
<StgValue><ssdm name=""/></StgValue>
</bind>
</comp>

<comp id="40" class="1001" name="const_40">
<pin_list>
<pin id="41" dir="1" index="0" bw="1" slack="0"/>
</pin_list>
<bind>
<StgValue><ssdm name=""/></StgValue>
</bind>
</comp>

<comp id="42" class="1001" name="const_42">
<pin_list>
<pin id="43" dir="1" index="0" bw="1" slack="0"/>
</pin_list>
<bind>
<StgValue><ssdm name=""/></StgValue>
</bind>
</comp>

<comp id="44" class="1001" name="const_44">
<pin_list>
<pin id="45" dir="1" index="0" bw="1" slack="2147483647"/>
</pin_list>
<bind>
<StgValue><ssdm name="_ssdm_op_SpecLoopTripCount"/></StgValue>
</bind>
</comp>

<comp id="46" class="1001" name="const_46">
<pin_list>
<pin id="47" dir="1" index="0" bw="1" slack="2147483647"/>
</pin_list>
<bind>
<StgValue><ssdm name=""/></StgValue>
</bind>
</comp>

<comp id="48" class="1001" name="const_48">
<pin_list>
<pin id="49" dir="1" index="0" bw="1" slack="0"/>
</pin_list>
<bind>
<StgValue><ssdm name=""/></StgValue>
</bind>
</comp>

<comp id="50" class="1001" name="const_50">
<pin_list>
<pin id="51" dir="1" index="0" bw="1" slack="2147483647"/>
</pin_list>
<bind>
<StgValue><ssdm name="_ssdm_op_SpecRegionBegin"/></StgValue>
</bind>
</comp>

<comp id="52" class="1001" name="const_52">
<pin_list>
<pin id="53" dir="1" index="0" bw="1" slack="2147483647"/>
</pin_list>
<bind>
<StgValue><ssdm name="p_str37"/></StgValue>
</bind>
</comp>

<comp id="54" class="1001" name="const_54">
<pin_list>
<pin id="55" dir="1" index="0" bw="1" slack="2147483647"/>
</pin_list>
<bind>
<StgValue><ssdm name="_ssdm_op_SpecPipeline"/></StgValue>
</bind>
</comp>

<comp id="56" class="1001" name="const_56">
<pin_list>
<pin id="57" dir="1" index="0" bw="1" slack="2147483647"/>
</pin_list>
<bind>
<StgValue><ssdm name=""/></StgValue>
</bind>
</comp>

<comp id="58" class="1001" name="const_58">
<pin_list>
<pin id="59" dir="1" index="0" bw="1" slack="2147483647"/>
</pin_list>
<bind>
<StgValue><ssdm name="p_str8"/></StgValue>
</bind>
</comp>

<comp id="60" class="1001" name="const_60">
<pin_list>
<pin id="61" dir="1" index="0" bw="1" slack="0"/>
</pin_list>
<bind>
<StgValue><ssdm name="_ssdm_op_Read.ap_fifo.volatile.i8P"/></StgValue>
</bind>
</comp>

<comp id="62" class="1001" name="const_62">
<pin_list>
<pin id="63" dir="1" index="0" bw="1" slack="0"/>
</pin_list>
<bind>
<StgValue><ssdm name=""/></StgValue>
</bind>
</comp>

<comp id="64" class="1001" name="const_64">
<pin_list>
<pin id="65" dir="1" index="0" bw="1" slack="2147483647"/>
</pin_list>
<bind>
<StgValue><ssdm name="_ssdm_op_SpecRegionEnd"/></StgValue>
</bind>
</comp>

<comp id="66" class="1001" name="const_66">
<pin_list>
<pin id="67" dir="1" index="0" bw="1" slack="1"/>
</pin_list>
<bind>
<StgValue><ssdm name=""/></StgValue>
</bind>
</comp>

<comp id="68" class="1001" name="const_68">
<pin_list>
<pin id="69" dir="1" index="0" bw="1" slack="1"/>
</pin_list>
<bind>
<StgValue><ssdm name=""/></StgValue>
</bind>
</comp>

<comp id="70" class="1001" name="const_70">
<pin_list>
<pin id="71" dir="1" index="0" bw="1" slack="0"/>
</pin_list>
<bind>
<StgValue><ssdm name=""/></StgValue>
</bind>
</comp>

<comp id="72" class="1001" name="const_72">
<pin_list>
<pin id="73" dir="1" index="0" bw="1" slack="0"/>
</pin_list>
<bind>
<StgValue><ssdm name=""/></StgValue>
</bind>
</comp>

<comp id="74" class="1001" name="const_74">
<pin_list>
<pin id="75" dir="1" index="0" bw="1" slack="0"/>
</pin_list>
<bind>
<StgValue><ssdm name=""/></StgValue>
</bind>
</comp>

<comp id="76" class="1001" name="const_76">
<pin_list>
<pin id="77" dir="1" index="0" bw="1" slack="0"/>
</pin_list>
<bind>
<StgValue><ssdm name=""/></StgValue>
</bind>
</comp>

<comp id="78" class="1001" name="const_78">
<pin_list>
<pin id="79" dir="1" index="0" bw="1" slack="0"/>
</pin_list>
<bind>
<StgValue><ssdm name=""/></StgValue>
</bind>
</comp>

<comp id="80" class="1001" name="const_80">
<pin_list>
<pin id="81" dir="1" index="0" bw="1" slack="0"/>
</pin_list>
<bind>
<StgValue><ssdm name=""/></StgValue>
</bind>
</comp>

<comp id="82" class="1001" name="const_82">
<pin_list>
<pin id="83" dir="1" index="0" bw="1" slack="0"/>
</pin_list>
<bind>
<StgValue><ssdm name=""/></StgValue>
</bind>
</comp>

<comp id="84" class="1001" name="const_84">
<pin_list>
<pin id="85" dir="1" index="0" bw="1" slack="0"/>
</pin_list>
<bind>
<StgValue><ssdm name=""/></StgValue>
</bind>
</comp>

<comp id="86" class="1001" name="const_86">
<pin_list>
<pin id="87" dir="1" index="0" bw="1" slack="0"/>
</pin_list>
<bind>
<StgValue><ssdm name=""/></StgValue>
</bind>
</comp>

<comp id="88" class="1001" name="const_88">
<pin_list>
<pin id="89" dir="1" index="0" bw="1" slack="2147483647"/>
</pin_list>
<bind>
<StgValue><ssdm name="p_str38"/></StgValue>
</bind>
</comp>

<comp id="90" class="1001" name="const_90">
<pin_list>
<pin id="91" dir="1" index="0" bw="1" slack="0"/>
</pin_list>
<bind>
<StgValue><ssdm name="_ssdm_op_Write.ap_fifo.volatile.i8P"/></StgValue>
</bind>
</comp>

<comp id="92" class="1004" name="inputBuf_0_V_alloca_fu_92">
<pin_list>
<pin id="93" dir="0" index="0" bw="1" slack="0"/>
<pin id="94" dir="1" index="1" bw="8" slack="2147483647"/>
</pin_list>
<bind>
<opcode="alloca(26) " fcode="alloca"/>
<opset="inputBuf_0_V/1 "/>
</bind>
</comp>

<comp id="96" class="1004" name="grp_read_fu_96">
<pin_list>
<pin id="97" dir="0" index="0" bw="8" slack="0"/>
<pin id="98" dir="0" index="1" bw="8" slack="0"/>
<pin id="99" dir="1" index="2" bw="8" slack="0"/>
</pin_list>
<bind>
<opcode="read(1150) " fcode="read"/>
<opset="tmp_V/3 tmp_V_12/6 "/>
</bind>
</comp>

<comp id="102" class="1004" name="StgValue_64_write_fu_102">
<pin_list>
<pin id="103" dir="0" index="0" bw="0" slack="0"/>
<pin id="104" dir="0" index="1" bw="8" slack="0"/>
<pin id="105" dir="0" index="2" bw="8" slack="0"/>
<pin id="106" dir="1" index="3" bw="0" slack="2147483647"/>
</pin_list>
<bind>
<opcode="write(1151) " fcode="write"/>
<opset="StgValue_64/6 "/>
</bind>
</comp>

<comp id="109" class="1004" name="inputBuf_0_V_addr_gep_fu_109">
<pin_list>
<pin id="110" dir="0" index="0" bw="8" slack="2147483647"/>
<pin id="111" dir="0" index="1" bw="1" slack="0"/>
<pin id="112" dir="0" index="2" bw="10" slack="0"/>
<pin id="113" dir="1" index="3" bw="9" slack="0"/>
</pin_list>
<bind>
<opcode="getelementptr(29) " fcode="getelementptr"/>
<opset="inputBuf_0_V_addr/3 "/>
</bind>
</comp>

<comp id="115" class="1004" name="grp_access_fu_115">
<pin_list>
<pin id="116" dir="0" index="0" bw="9" slack="0"/>
<pin id="117" dir="0" index="1" bw="8" slack="0"/>
<pin id="118" dir="0" index="2" bw="0" slack="1"/>
<pin id="130" dir="0" index="4" bw="9" slack="0"/>
<pin id="131" dir="0" index="5" bw="8" slack="2147483647"/>
<pin id="132" dir="0" index="6" bw="0" slack="2147483647"/>
<pin id="119" dir="1" index="3" bw="8" slack="0"/>
<pin id="133" dir="1" index="7" bw="8" slack="2147483647"/>
</pin_list>
<bind>
<opcode="load(27) store(28) " fcode="store"/>
<opset="StgValue_22/3 tmp_V_11/5 StgValue_66/6 "/>
</bind>
</comp>

<comp id="122" class="1004" name="inputBuf_0_V_addr_1_gep_fu_122">
<pin_list>
<pin id="123" dir="0" index="0" bw="8" slack="2147483647"/>
<pin id="124" dir="0" index="1" bw="1" slack="0"/>
<pin id="125" dir="0" index="2" bw="10" slack="0"/>
<pin id="126" dir="1" index="3" bw="9" slack="0"/>
</pin_list>
<bind>
<opcode="getelementptr(29) " fcode="getelementptr"/>
<opset="inputBuf_0_V_addr_1/5 "/>
</bind>
</comp>

<comp id="135" class="1005" name="ptr_simd_reg_135">
<pin_list>
<pin id="136" dir="0" index="0" bw="10" slack="1"/>
<pin id="137" dir="1" index="1" bw="10" slack="1"/>
</pin_list>
<bind>
<opset="ptr_simd (phireg) "/>
</bind>
</comp>

<comp id="139" class="1004" name="ptr_simd_phi_fu_139">
<pin_list>
<pin id="140" dir="0" index="0" bw="10" slack="0"/>
<pin id="141" dir="0" index="1" bw="0" slack="2147483647"/>
<pin id="142" dir="0" index="2" bw="1" slack="1"/>
<pin id="143" dir="0" index="3" bw="0" slack="2147483647"/>
<pin id="144" dir="1" index="4" bw="10" slack="0"/>
</pin_list>
<bind>
<opcode="phi(47) " fcode="phi"/>
<opset="ptr_simd/2 "/>
</bind>
</comp>

<comp id="147" class="1005" name="indvar_flatten4_reg_147">
<pin_list>
<pin id="148" dir="0" index="0" bw="25" slack="1"/>
<pin id="149" dir="1" index="1" bw="25" slack="1"/>
</pin_list>
<bind>
<opset="indvar_flatten4 (phireg) "/>
</bind>
</comp>

<comp id="151" class="1004" name="indvar_flatten4_phi_fu_151">
<pin_list>
<pin id="152" dir="0" index="0" bw="25" slack="0"/>
<pin id="153" dir="0" index="1" bw="0" slack="2147483647"/>
<pin id="154" dir="0" index="2" bw="1" slack="1"/>
<pin id="155" dir="0" index="3" bw="0" slack="2147483647"/>
<pin id="156" dir="1" index="4" bw="25" slack="0"/>
</pin_list>
<bind>
<opcode="phi(47) " fcode="phi"/>
<opset="indvar_flatten4/5 "/>
</bind>
</comp>

<comp id="158" class="1005" name="op1_assign_reg_158">
<pin_list>
<pin id="159" dir="0" index="0" bw="10" slack="1"/>
<pin id="160" dir="1" index="1" bw="10" slack="1"/>
</pin_list>
<bind>
<opset="op1_assign (phireg) "/>
</bind>
</comp>

<comp id="162" class="1004" name="op1_assign_phi_fu_162">
<pin_list>
<pin id="163" dir="0" index="0" bw="10" slack="0"/>
<pin id="164" dir="0" index="1" bw="0" slack="2147483647"/>
<pin id="165" dir="0" index="2" bw="1" slack="1"/>
<pin id="166" dir="0" index="3" bw="0" slack="2147483647"/>
<pin id="167" dir="1" index="4" bw="10" slack="0"/>
</pin_list>
<bind>
<opcode="phi(47) " fcode="phi"/>
<opset="op1_assign/5 "/>
</bind>
</comp>

<comp id="169" class="1005" name="indvar_flatten_reg_169">
<pin_list>
<pin id="170" dir="0" index="0" bw="17" slack="1"/>
<pin id="171" dir="1" index="1" bw="17" slack="1"/>
</pin_list>
<bind>
<opset="indvar_flatten (phireg) "/>
</bind>
</comp>

<comp id="173" class="1004" name="indvar_flatten_phi_fu_173">
<pin_list>
<pin id="174" dir="0" index="0" bw="17" slack="0"/>
<pin id="175" dir="0" index="1" bw="0" slack="2147483647"/>
<pin id="176" dir="0" index="2" bw="1" slack="1"/>
<pin id="177" dir="0" index="3" bw="0" slack="2147483647"/>
<pin id="178" dir="1" index="4" bw="17" slack="0"/>
</pin_list>
<bind>
<opcode="phi(47) " fcode="phi"/>
<opset="indvar_flatten/5 "/>
</bind>
</comp>

<comp id="180" class="1005" name="nm_reg_180">
<pin_list>
<pin id="181" dir="0" index="0" bw="7" slack="1"/>
<pin id="182" dir="1" index="1" bw="7" slack="1"/>
</pin_list>
<bind>
<opset="nm (phireg) "/>
</bind>
</comp>

<comp id="184" class="1004" name="nm_phi_fu_184">
<pin_list>
<pin id="185" dir="0" index="0" bw="7" slack="0"/>
<pin id="186" dir="0" index="1" bw="0" slack="2147483647"/>
<pin id="187" dir="0" index="2" bw="1" slack="1"/>
<pin id="188" dir="0" index="3" bw="0" slack="2147483647"/>
<pin id="189" dir="1" index="4" bw="7" slack="0"/>
</pin_list>
<bind>
<opcode="phi(47) " fcode="phi"/>
<opset="nm/5 "/>
</bind>
</comp>

<comp id="191" class="1005" name="ptr_simd4_reg_191">
<pin_list>
<pin id="192" dir="0" index="0" bw="10" slack="1"/>
<pin id="193" dir="1" index="1" bw="10" slack="1"/>
</pin_list>
<bind>
<opset="ptr_simd4 (phireg) "/>
</bind>
</comp>

<comp id="195" class="1004" name="ptr_simd4_phi_fu_195">
<pin_list>
<pin id="196" dir="0" index="0" bw="10" slack="0"/>
<pin id="197" dir="0" index="1" bw="0" slack="2147483647"/>
<pin id="198" dir="0" index="2" bw="1" slack="1"/>
<pin id="199" dir="0" index="3" bw="0" slack="2147483647"/>
<pin id="200" dir="1" index="4" bw="10" slack="0"/>
</pin_list>
<bind>
<opcode="phi(47) " fcode="phi"/>
<opset="ptr_simd4/5 "/>
</bind>
</comp>

<comp id="202" class="1004" name="tmp_fu_202">
<pin_list>
<pin id="203" dir="0" index="0" bw="10" slack="0"/>
<pin id="204" dir="0" index="1" bw="10" slack="0"/>
<pin id="205" dir="1" index="2" bw="1" slack="1"/>
</pin_list>
<bind>
<opcode="icmp(45) " fcode="icmp"/>
<opset="tmp/2 "/>
</bind>
</comp>

<comp id="208" class="1004" name="ptr_simd_1_fu_208">
<pin_list>
<pin id="209" dir="0" index="0" bw="10" slack="0"/>
<pin id="210" dir="0" index="1" bw="1" slack="0"/>
<pin id="211" dir="1" index="2" bw="10" slack="0"/>
</pin_list>
<bind>
<opcode="add(8) " fcode="add"/>
<opset="ptr_simd_1/2 "/>
</bind>
</comp>

<comp id="214" class="1004" name="tmp_s_fu_214">
<pin_list>
<pin id="215" dir="0" index="0" bw="10" slack="1"/>
<pin id="216" dir="1" index="1" bw="64" slack="0"/>
</pin_list>
<bind>
<opcode="zext(34) " fcode="zext"/>
<opset="tmp_s/3 "/>
</bind>
</comp>

<comp id="219" class="1004" name="tmp_8_fu_219">
<pin_list>
<pin id="220" dir="0" index="0" bw="10" slack="0"/>
<pin id="221" dir="0" index="1" bw="10" slack="0"/>
<pin id="222" dir="1" index="2" bw="1" slack="0"/>
</pin_list>
<bind>
<opcode="icmp(45) " fcode="icmp"/>
<opset="tmp_8/5 "/>
</bind>
</comp>

<comp id="225" class="1004" name="tmp_10_fu_225">
<pin_list>
<pin id="226" dir="0" index="0" bw="7" slack="0"/>
<pin id="227" dir="0" index="1" bw="7" slack="0"/>
<pin id="228" dir="1" index="2" bw="1" slack="0"/>
</pin_list>
<bind>
<opcode="icmp(45) " fcode="icmp"/>
<opset="tmp_10/5 "/>
</bind>
</comp>

<comp id="231" class="1004" name="or_cond_fu_231">
<pin_list>
<pin id="232" dir="0" index="0" bw="1" slack="0"/>
<pin id="233" dir="0" index="1" bw="1" slack="0"/>
<pin id="234" dir="1" index="2" bw="1" slack="0"/>
</pin_list>
<bind>
<opcode="and(23) " fcode="and"/>
<opset="or_cond/5 "/>
</bind>
</comp>

<comp id="237" class="1004" name="exitcond_flatten4_fu_237">
<pin_list>
<pin id="238" dir="0" index="0" bw="25" slack="0"/>
<pin id="239" dir="0" index="1" bw="25" slack="0"/>
<pin id="240" dir="1" index="2" bw="1" slack="1"/>
</pin_list>
<bind>
<opcode="icmp(45) " fcode="icmp"/>
<opset="exitcond_flatten4/5 "/>
</bind>
</comp>

<comp id="243" class="1004" name="indvar_flatten_next4_fu_243">
<pin_list>
<pin id="244" dir="0" index="0" bw="25" slack="0"/>
<pin id="245" dir="0" index="1" bw="1" slack="0"/>
<pin id="246" dir="1" index="2" bw="25" slack="0"/>
</pin_list>
<bind>
<opcode="add(8) " fcode="add"/>
<opset="indvar_flatten_next4/5 "/>
</bind>
</comp>

<comp id="249" class="1004" name="exitcond_flatten_fu_249">
<pin_list>
<pin id="250" dir="0" index="0" bw="17" slack="0"/>
<pin id="251" dir="0" index="1" bw="17" slack="0"/>
<pin id="252" dir="1" index="2" bw="1" slack="0"/>
</pin_list>
<bind>
<opcode="icmp(45) " fcode="icmp"/>
<opset="exitcond_flatten/5 "/>
</bind>
</comp>

<comp id="255" class="1004" name="nm_mid_fu_255">
<pin_list>
<pin id="256" dir="0" index="0" bw="1" slack="0"/>
<pin id="257" dir="0" index="1" bw="1" slack="0"/>
<pin id="258" dir="0" index="2" bw="7" slack="0"/>
<pin id="259" dir="1" index="3" bw="7" slack="0"/>
</pin_list>
<bind>
<opcode="select(49) " fcode="select"/>
<opset="nm_mid/5 "/>
</bind>
</comp>

<comp id="263" class="1004" name="ofm_iter_fu_263">
<pin_list>
<pin id="264" dir="0" index="0" bw="10" slack="0"/>
<pin id="265" dir="0" index="1" bw="1" slack="0"/>
<pin id="266" dir="1" index="2" bw="10" slack="0"/>
</pin_list>
<bind>
<opcode="add(8) " fcode="add"/>
<opset="ofm_iter/5 "/>
</bind>
</comp>

<comp id="269" class="1004" name="tmp_8_mid1_fu_269">
<pin_list>
<pin id="270" dir="0" index="0" bw="10" slack="0"/>
<pin id="271" dir="0" index="1" bw="10" slack="0"/>
<pin id="272" dir="1" index="2" bw="1" slack="0"/>
</pin_list>
<bind>
<opcode="icmp(45) " fcode="icmp"/>
<opset="tmp_8_mid1/5 "/>
</bind>
</comp>

<comp id="275" class="1004" name="tmp_8_mid2_fu_275">
<pin_list>
<pin id="276" dir="0" index="0" bw="1" slack="0"/>
<pin id="277" dir="0" index="1" bw="1" slack="0"/>
<pin id="278" dir="0" index="2" bw="1" slack="0"/>
<pin id="279" dir="1" index="3" bw="1" slack="0"/>
</pin_list>
<bind>
<opcode="select(49) " fcode="select"/>
<opset="tmp_8_mid2/5 "/>
</bind>
</comp>

<comp id="283" class="1004" name="not_exitcond_flatten_fu_283">
<pin_list>
<pin id="284" dir="0" index="0" bw="1" slack="0"/>
<pin id="285" dir="0" index="1" bw="1" slack="0"/>
<pin id="286" dir="1" index="2" bw="1" slack="0"/>
</pin_list>
<bind>
<opcode="xor(25) " fcode="xor"/>
<opset="not_exitcond_flatten/5 "/>
</bind>
</comp>

<comp id="289" class="1004" name="or_cond_mid_fu_289">
<pin_list>
<pin id="290" dir="0" index="0" bw="1" slack="0"/>
<pin id="291" dir="0" index="1" bw="1" slack="0"/>
<pin id="292" dir="1" index="2" bw="1" slack="0"/>
</pin_list>
<bind>
<opcode="and(23) " fcode="and"/>
<opset="or_cond_mid/5 "/>
</bind>
</comp>

<comp id="295" class="1004" name="tmp_44_fu_295">
<pin_list>
<pin id="296" dir="0" index="0" bw="10" slack="0"/>
<pin id="297" dir="0" index="1" bw="10" slack="0"/>
<pin id="298" dir="1" index="2" bw="1" slack="0"/>
</pin_list>
<bind>
<opcode="icmp(45) " fcode="icmp"/>
<opset="tmp_44/5 "/>
</bind>
</comp>

<comp id="301" class="1004" name="tmp_11_mid_fu_301">
<pin_list>
<pin id="302" dir="0" index="0" bw="1" slack="0"/>
<pin id="303" dir="0" index="1" bw="1" slack="0"/>
<pin id="304" dir="1" index="2" bw="1" slack="0"/>
</pin_list>
<bind>
<opcode="and(23) " fcode="and"/>
<opset="tmp_11_mid/5 "/>
</bind>
</comp>

<comp id="307" class="1004" name="op1_assign_mid2_fu_307">
<pin_list>
<pin id="308" dir="0" index="0" bw="1" slack="0"/>
<pin id="309" dir="0" index="1" bw="10" slack="0"/>
<pin id="310" dir="0" index="2" bw="10" slack="0"/>
<pin id="311" dir="1" index="3" bw="10" slack="0"/>
</pin_list>
<bind>
<opcode="select(49) " fcode="select"/>
<opset="op1_assign_mid2/5 "/>
</bind>
</comp>

<comp id="315" class="1004" name="nm_3_fu_315">
<pin_list>
<pin id="316" dir="0" index="0" bw="7" slack="0"/>
<pin id="317" dir="0" index="1" bw="1" slack="0"/>
<pin id="318" dir="1" index="2" bw="7" slack="0"/>
</pin_list>
<bind>
<opcode="add(8) " fcode="add"/>
<opset="nm_3/5 "/>
</bind>
</comp>

<comp id="321" class="1004" name="tmp_32_fu_321">
<pin_list>
<pin id="322" dir="0" index="0" bw="1" slack="0"/>
<pin id="323" dir="0" index="1" bw="1" slack="0"/>
<pin id="324" dir="1" index="2" bw="1" slack="0"/>
</pin_list>
<bind>
<opcode="or(24) " fcode="or"/>
<opset="tmp_32/5 "/>
</bind>
</comp>

<comp id="327" class="1004" name="ptr_simd4_mid2_fu_327">
<pin_list>
<pin id="328" dir="0" index="0" bw="1" slack="0"/>
<pin id="329" dir="0" index="1" bw="1" slack="0"/>
<pin id="330" dir="0" index="2" bw="10" slack="0"/>
<pin id="331" dir="1" index="3" bw="10" slack="0"/>
</pin_list>
<bind>
<opcode="select(49) " fcode="select"/>
<opset="ptr_simd4_mid2/5 "/>
</bind>
</comp>

<comp id="335" class="1004" name="tmp_10_mid1_fu_335">
<pin_list>
<pin id="336" dir="0" index="0" bw="7" slack="0"/>
<pin id="337" dir="0" index="1" bw="7" slack="0"/>
<pin id="338" dir="1" index="2" bw="1" slack="0"/>
</pin_list>
<bind>
<opcode="icmp(45) " fcode="icmp"/>
<opset="tmp_10_mid1/5 "/>
</bind>
</comp>

<comp id="341" class="1004" name="or_cond_mid1_fu_341">
<pin_list>
<pin id="342" dir="0" index="0" bw="1" slack="0"/>
<pin id="343" dir="0" index="1" bw="1" slack="0"/>
<pin id="344" dir="1" index="2" bw="1" slack="0"/>
</pin_list>
<bind>
<opcode="and(23) " fcode="and"/>
<opset="or_cond_mid1/5 "/>
</bind>
</comp>

<comp id="347" class="1004" name="or_cond_mid2_fu_347">
<pin_list>
<pin id="348" dir="0" index="0" bw="1" slack="0"/>
<pin id="349" dir="0" index="1" bw="1" slack="0"/>
<pin id="350" dir="0" index="2" bw="1" slack="0"/>
<pin id="351" dir="1" index="3" bw="1" slack="1"/>
</pin_list>
<bind>
<opcode="select(49) " fcode="select"/>
<opset="or_cond_mid2/5 "/>
</bind>
</comp>

<comp id="355" class="1004" name="nm_mid2_fu_355">
<pin_list>
<pin id="356" dir="0" index="0" bw="1" slack="0"/>
<pin id="357" dir="0" index="1" bw="7" slack="0"/>
<pin id="358" dir="0" index="2" bw="7" slack="0"/>
<pin id="359" dir="1" index="3" bw="7" slack="0"/>
</pin_list>
<bind>
<opcode="select(49) " fcode="select"/>
<opset="nm_mid2/5 "/>
</bind>
</comp>

<comp id="363" class="1004" name="tmp_12_fu_363">
<pin_list>
<pin id="364" dir="0" index="0" bw="10" slack="0"/>
<pin id="365" dir="1" index="1" bw="64" slack="0"/>
</pin_list>
<bind>
<opcode="zext(34) " fcode="zext"/>
<opset="tmp_12/5 "/>
</bind>
</comp>

<comp id="368" class="1004" name="ptr_simd_2_fu_368">
<pin_list>
<pin id="369" dir="0" index="0" bw="10" slack="0"/>
<pin id="370" dir="0" index="1" bw="1" slack="0"/>
<pin id="371" dir="1" index="2" bw="10" slack="0"/>
</pin_list>
<bind>
<opcode="add(8) " fcode="add"/>
<opset="ptr_simd_2/5 "/>
</bind>
</comp>

<comp id="374" class="1004" name="indvar_flatten_op_fu_374">
<pin_list>
<pin id="375" dir="0" index="0" bw="17" slack="0"/>
<pin id="376" dir="0" index="1" bw="1" slack="0"/>
<pin id="377" dir="1" index="2" bw="17" slack="0"/>
</pin_list>
<bind>
<opcode="add(8) " fcode="add"/>
<opset="indvar_flatten_op/5 "/>
</bind>
</comp>

<comp id="380" class="1004" name="indvar_flatten_next_fu_380">
<pin_list>
<pin id="381" dir="0" index="0" bw="1" slack="0"/>
<pin id="382" dir="0" index="1" bw="1" slack="0"/>
<pin id="383" dir="0" index="2" bw="17" slack="0"/>
<pin id="384" dir="1" index="3" bw="17" slack="0"/>
</pin_list>
<bind>
<opcode="select(49) " fcode="select"/>
<opset="indvar_flatten_next/5 "/>
</bind>
</comp>

<comp id="388" class="1005" name="tmp_reg_388">
<pin_list>
<pin id="389" dir="0" index="0" bw="1" slack="1"/>
<pin id="390" dir="1" index="1" bw="1" slack="2147483647"/>
</pin_list>
<bind>
<opset="tmp "/>
</bind>
</comp>

<comp id="392" class="1005" name="ptr_simd_1_reg_392">
<pin_list>
<pin id="393" dir="0" index="0" bw="10" slack="0"/>
<pin id="394" dir="1" index="1" bw="10" slack="0"/>
</pin_list>
<bind>
<opset="ptr_simd_1 "/>
</bind>
</comp>

<comp id="397" class="1005" name="exitcond_flatten4_reg_397">
<pin_list>
<pin id="398" dir="0" index="0" bw="1" slack="1"/>
<pin id="399" dir="1" index="1" bw="1" slack="2147483647"/>
</pin_list>
<bind>
<opset="exitcond_flatten4 "/>
</bind>
</comp>

<comp id="401" class="1005" name="indvar_flatten_next4_reg_401">
<pin_list>
<pin id="402" dir="0" index="0" bw="25" slack="0"/>
<pin id="403" dir="1" index="1" bw="25" slack="0"/>
</pin_list>
<bind>
<opset="indvar_flatten_next4 "/>
</bind>
</comp>

<comp id="406" class="1005" name="op1_assign_mid2_reg_406">
<pin_list>
<pin id="407" dir="0" index="0" bw="10" slack="0"/>
<pin id="408" dir="1" index="1" bw="10" slack="0"/>
</pin_list>
<bind>
<opset="op1_assign_mid2 "/>
</bind>
</comp>

<comp id="411" class="1005" name="or_cond_mid2_reg_411">
<pin_list>
<pin id="412" dir="0" index="0" bw="1" slack="1"/>
<pin id="413" dir="1" index="1" bw="1" slack="2147483647"/>
</pin_list>
<bind>
<opset="or_cond_mid2 "/>
</bind>
</comp>

<comp id="415" class="1005" name="nm_mid2_reg_415">
<pin_list>
<pin id="416" dir="0" index="0" bw="7" slack="0"/>
<pin id="417" dir="1" index="1" bw="7" slack="0"/>
</pin_list>
<bind>
<opset="nm_mid2 "/>
</bind>
</comp>

<comp id="420" class="1005" name="inputBuf_0_V_addr_1_reg_420">
<pin_list>
<pin id="421" dir="0" index="0" bw="9" slack="1"/>
<pin id="422" dir="1" index="1" bw="9" slack="1"/>
</pin_list>
<bind>
<opset="inputBuf_0_V_addr_1 "/>
</bind>
</comp>

<comp id="426" class="1005" name="ptr_simd_2_reg_426">
<pin_list>
<pin id="427" dir="0" index="0" bw="10" slack="0"/>
<pin id="428" dir="1" index="1" bw="10" slack="0"/>
</pin_list>
<bind>
<opset="ptr_simd_2 "/>
</bind>
</comp>

<comp id="431" class="1005" name="indvar_flatten_next_reg_431">
<pin_list>
<pin id="432" dir="0" index="0" bw="17" slack="0"/>
<pin id="433" dir="1" index="1" bw="17" slack="0"/>
</pin_list>
<bind>
<opset="indvar_flatten_next "/>
</bind>
</comp>

</comp_list>

<net_list>
<net id="95"><net_src comp="38" pin="0"/><net_sink comp="92" pin=0"/></net>

<net id="100"><net_src comp="60" pin="0"/><net_sink comp="96" pin=0"/></net>

<net id="101"><net_src comp="0" pin="0"/><net_sink comp="96" pin=1"/></net>

<net id="107"><net_src comp="90" pin="0"/><net_sink comp="102" pin=0"/></net>

<net id="108"><net_src comp="2" pin="0"/><net_sink comp="102" pin=1"/></net>

<net id="114"><net_src comp="62" pin="0"/><net_sink comp="109" pin=1"/></net>

<net id="120"><net_src comp="96" pin="2"/><net_sink comp="115" pin=1"/></net>

<net id="121"><net_src comp="109" pin="3"/><net_sink comp="115" pin=0"/></net>

<net id="127"><net_src comp="62" pin="0"/><net_sink comp="122" pin=1"/></net>

<net id="128"><net_src comp="115" pin="3"/><net_sink comp="102" pin=2"/></net>

<net id="129"><net_src comp="122" pin="3"/><net_sink comp="115" pin=0"/></net>

<net id="134"><net_src comp="96" pin="2"/><net_sink comp="115" pin=4"/></net>

<net id="138"><net_src comp="40" pin="0"/><net_sink comp="135" pin=0"/></net>

<net id="145"><net_src comp="135" pin="1"/><net_sink comp="139" pin=2"/></net>

<net id="146"><net_src comp="139" pin="4"/><net_sink comp="135" pin=0"/></net>

<net id="150"><net_src comp="66" pin="0"/><net_sink comp="147" pin=0"/></net>

<net id="157"><net_src comp="147" pin="1"/><net_sink comp="151" pin=2"/></net>

<net id="161"><net_src comp="40" pin="0"/><net_sink comp="158" pin=0"/></net>

<net id="168"><net_src comp="158" pin="1"/><net_sink comp="162" pin=2"/></net>

<net id="172"><net_src comp="68" pin="0"/><net_sink comp="169" pin=0"/></net>

<net id="179"><net_src comp="169" pin="1"/><net_sink comp="173" pin=2"/></net>

<net id="183"><net_src comp="70" pin="0"/><net_sink comp="180" pin=0"/></net>

<net id="190"><net_src comp="180" pin="1"/><net_sink comp="184" pin=2"/></net>

<net id="194"><net_src comp="40" pin="0"/><net_sink comp="191" pin=0"/></net>

<net id="201"><net_src comp="191" pin="1"/><net_sink comp="195" pin=2"/></net>

<net id="206"><net_src comp="139" pin="4"/><net_sink comp="202" pin=0"/></net>

<net id="207"><net_src comp="42" pin="0"/><net_sink comp="202" pin=1"/></net>

<net id="212"><net_src comp="139" pin="4"/><net_sink comp="208" pin=0"/></net>

<net id="213"><net_src comp="48" pin="0"/><net_sink comp="208" pin=1"/></net>

<net id="217"><net_src comp="135" pin="1"/><net_sink comp="214" pin=0"/></net>

<net id="218"><net_src comp="214" pin="1"/><net_sink comp="109" pin=2"/></net>

<net id="223"><net_src comp="162" pin="4"/><net_sink comp="219" pin=0"/></net>

<net id="224"><net_src comp="72" pin="0"/><net_sink comp="219" pin=1"/></net>

<net id="229"><net_src comp="184" pin="4"/><net_sink comp="225" pin=0"/></net>

<net id="230"><net_src comp="74" pin="0"/><net_sink comp="225" pin=1"/></net>

<net id="235"><net_src comp="219" pin="2"/><net_sink comp="231" pin=0"/></net>

<net id="236"><net_src comp="225" pin="2"/><net_sink comp="231" pin=1"/></net>

<net id="241"><net_src comp="151" pin="4"/><net_sink comp="237" pin=0"/></net>

<net id="242"><net_src comp="76" pin="0"/><net_sink comp="237" pin=1"/></net>

<net id="247"><net_src comp="151" pin="4"/><net_sink comp="243" pin=0"/></net>

<net id="248"><net_src comp="78" pin="0"/><net_sink comp="243" pin=1"/></net>

<net id="253"><net_src comp="173" pin="4"/><net_sink comp="249" pin=0"/></net>

<net id="254"><net_src comp="80" pin="0"/><net_sink comp="249" pin=1"/></net>

<net id="260"><net_src comp="249" pin="2"/><net_sink comp="255" pin=0"/></net>

<net id="261"><net_src comp="70" pin="0"/><net_sink comp="255" pin=1"/></net>

<net id="262"><net_src comp="184" pin="4"/><net_sink comp="255" pin=2"/></net>

<net id="267"><net_src comp="162" pin="4"/><net_sink comp="263" pin=0"/></net>

<net id="268"><net_src comp="48" pin="0"/><net_sink comp="263" pin=1"/></net>

<net id="273"><net_src comp="263" pin="2"/><net_sink comp="269" pin=0"/></net>

<net id="274"><net_src comp="72" pin="0"/><net_sink comp="269" pin=1"/></net>

<net id="280"><net_src comp="249" pin="2"/><net_sink comp="275" pin=0"/></net>

<net id="281"><net_src comp="269" pin="2"/><net_sink comp="275" pin=1"/></net>

<net id="282"><net_src comp="219" pin="2"/><net_sink comp="275" pin=2"/></net>

<net id="287"><net_src comp="249" pin="2"/><net_sink comp="283" pin=0"/></net>

<net id="288"><net_src comp="82" pin="0"/><net_sink comp="283" pin=1"/></net>

<net id="293"><net_src comp="231" pin="2"/><net_sink comp="289" pin=0"/></net>

<net id="294"><net_src comp="283" pin="2"/><net_sink comp="289" pin=1"/></net>

<net id="299"><net_src comp="195" pin="4"/><net_sink comp="295" pin=0"/></net>

<net id="300"><net_src comp="42" pin="0"/><net_sink comp="295" pin=1"/></net>

<net id="305"><net_src comp="295" pin="2"/><net_sink comp="301" pin=0"/></net>

<net id="306"><net_src comp="283" pin="2"/><net_sink comp="301" pin=1"/></net>

<net id="312"><net_src comp="249" pin="2"/><net_sink comp="307" pin=0"/></net>

<net id="313"><net_src comp="263" pin="2"/><net_sink comp="307" pin=1"/></net>

<net id="314"><net_src comp="162" pin="4"/><net_sink comp="307" pin=2"/></net>

<net id="319"><net_src comp="255" pin="3"/><net_sink comp="315" pin=0"/></net>

<net id="320"><net_src comp="84" pin="0"/><net_sink comp="315" pin=1"/></net>

<net id="325"><net_src comp="301" pin="2"/><net_sink comp="321" pin=0"/></net>

<net id="326"><net_src comp="249" pin="2"/><net_sink comp="321" pin=1"/></net>

<net id="332"><net_src comp="321" pin="2"/><net_sink comp="327" pin=0"/></net>

<net id="333"><net_src comp="40" pin="0"/><net_sink comp="327" pin=1"/></net>

<net id="334"><net_src comp="195" pin="4"/><net_sink comp="327" pin=2"/></net>

<net id="339"><net_src comp="315" pin="2"/><net_sink comp="335" pin=0"/></net>

<net id="340"><net_src comp="74" pin="0"/><net_sink comp="335" pin=1"/></net>

<net id="345"><net_src comp="275" pin="3"/><net_sink comp="341" pin=0"/></net>

<net id="346"><net_src comp="335" pin="2"/><net_sink comp="341" pin=1"/></net>

<net id="352"><net_src comp="301" pin="2"/><net_sink comp="347" pin=0"/></net>

<net id="353"><net_src comp="341" pin="2"/><net_sink comp="347" pin=1"/></net>

<net id="354"><net_src comp="289" pin="2"/><net_sink comp="347" pin=2"/></net>

<net id="360"><net_src comp="301" pin="2"/><net_sink comp="355" pin=0"/></net>

<net id="361"><net_src comp="315" pin="2"/><net_sink comp="355" pin=1"/></net>

<net id="362"><net_src comp="255" pin="3"/><net_sink comp="355" pin=2"/></net>

<net id="366"><net_src comp="327" pin="3"/><net_sink comp="363" pin=0"/></net>

<net id="367"><net_src comp="363" pin="1"/><net_sink comp="122" pin=2"/></net>

<net id="372"><net_src comp="327" pin="3"/><net_sink comp="368" pin=0"/></net>

<net id="373"><net_src comp="48" pin="0"/><net_sink comp="368" pin=1"/></net>

<net id="378"><net_src comp="173" pin="4"/><net_sink comp="374" pin=0"/></net>

<net id="379"><net_src comp="86" pin="0"/><net_sink comp="374" pin=1"/></net>

<net id="385"><net_src comp="249" pin="2"/><net_sink comp="380" pin=0"/></net>

<net id="386"><net_src comp="86" pin="0"/><net_sink comp="380" pin=1"/></net>

<net id="387"><net_src comp="374" pin="2"/><net_sink comp="380" pin=2"/></net>

<net id="391"><net_src comp="202" pin="2"/><net_sink comp="388" pin=0"/></net>

<net id="395"><net_src comp="208" pin="2"/><net_sink comp="392" pin=0"/></net>

<net id="396"><net_src comp="392" pin="1"/><net_sink comp="139" pin=0"/></net>

<net id="400"><net_src comp="237" pin="2"/><net_sink comp="397" pin=0"/></net>

<net id="404"><net_src comp="243" pin="2"/><net_sink comp="401" pin=0"/></net>

<net id="405"><net_src comp="401" pin="1"/><net_sink comp="151" pin=0"/></net>

<net id="409"><net_src comp="307" pin="3"/><net_sink comp="406" pin=0"/></net>

<net id="410"><net_src comp="406" pin="1"/><net_sink comp="162" pin=0"/></net>

<net id="414"><net_src comp="347" pin="3"/><net_sink comp="411" pin=0"/></net>

<net id="418"><net_src comp="355" pin="3"/><net_sink comp="415" pin=0"/></net>

<net id="419"><net_src comp="415" pin="1"/><net_sink comp="184" pin=0"/></net>

<net id="423"><net_src comp="122" pin="3"/><net_sink comp="420" pin=0"/></net>

<net id="424"><net_src comp="420" pin="1"/><net_sink comp="115" pin=0"/></net>

<net id="425"><net_src comp="420" pin="1"/><net_sink comp="115" pin=2"/></net>

<net id="429"><net_src comp="368" pin="2"/><net_sink comp="426" pin=0"/></net>

<net id="430"><net_src comp="426" pin="1"/><net_sink comp="195" pin=0"/></net>

<net id="434"><net_src comp="380" pin="3"/><net_sink comp="431" pin=0"/></net>

<net id="435"><net_src comp="431" pin="1"/><net_sink comp="173" pin=0"/></net>

</net_list>

</model> 
---------------- Datapath Model END ------------------

* FSMD analyzer results:
  - Output states:
	Port: out_V_V | {6 }
 - Input state : 
	Port: Conv1DBuffer_new : in_V_V | {3 6 }
  - Chain level:
	State 1
	State 2
		tmp : 1
		ptr_simd_1 : 1
		StgValue_16 : 2
	State 3
		inputBuf_0_V_addr : 1
		StgValue_22 : 2
		empty_60 : 1
	State 4
	State 5
		tmp_8 : 1
		tmp_10 : 1
		or_cond : 2
		exitcond_flatten4 : 1
		indvar_flatten_next4 : 1
		StgValue_36 : 2
		exitcond_flatten : 1
		nm_mid : 2
		ofm_iter : 1
		tmp_8_mid1 : 2
		tmp_8_mid2 : 3
		not_exitcond_flatten : 2
		or_cond_mid : 2
		tmp_44 : 1
		tmp_11_mid : 2
		op1_assign_mid2 : 2
		nm_3 : 3
		tmp_32 : 2
		ptr_simd4_mid2 : 2
		tmp_10_mid1 : 4
		or_cond_mid1 : 5
		or_cond_mid2 : 5
		nm_mid2 : 2
		tmp_12 : 3
		inputBuf_0_V_addr_1 : 4
		tmp_V_11 : 5
		StgValue_57 : 6
		ptr_simd_2 : 3
		indvar_flatten_op : 1
		indvar_flatten_next : 2
	State 6
		StgValue_64 : 1
		empty_61 : 1
	State 7


============================================================
+ Verbose Summary: Datapath Resource usage 
============================================================

* Functional unit list:
|----------|-----------------------------|---------|---------|
| Operation|       Functional Unit       |    FF   |   LUT   |
|----------|-----------------------------|---------|---------|
|          |      ptr_simd_1_fu_208      |    0    |    17   |
|          | indvar_flatten_next4_fu_243 |    0    |    32   |
|    add   |       ofm_iter_fu_263       |    0    |    17   |
|          |         nm_3_fu_315         |    0    |    15   |
|          |      ptr_simd_2_fu_368      |    0    |    17   |
|          |   indvar_flatten_op_fu_374  |    0    |    24   |
|----------|-----------------------------|---------|---------|
|          |          tmp_fu_202         |    0    |    13   |
|          |         tmp_8_fu_219        |    0    |    13   |
|          |        tmp_10_fu_225        |    0    |    11   |
|   icmp   |   exitcond_flatten4_fu_237  |    0    |    18   |
|          |   exitcond_flatten_fu_249   |    0    |    18   |
|          |      tmp_8_mid1_fu_269      |    0    |    13   |
|          |        tmp_44_fu_295        |    0    |    13   |
|          |      tmp_10_mid1_fu_335     |    0    |    11   |
|----------|-----------------------------|---------|---------|
|          |        nm_mid_fu_255        |    0    |    7    |
|          |      tmp_8_mid2_fu_275      |    0    |    2    |
|          |    op1_assign_mid2_fu_307   |    0    |    10   |
|  select  |    ptr_simd4_mid2_fu_327    |    0    |    10   |
|          |     or_cond_mid2_fu_347     |    0    |    2    |
|          |        nm_mid2_fu_355       |    0    |    7    |
|          |  indvar_flatten_next_fu_380 |    0    |    17   |
|----------|-----------------------------|---------|---------|
|          |        or_cond_fu_231       |    0    |    2    |
|    and   |      or_cond_mid_fu_289     |    0    |    2    |
|          |      tmp_11_mid_fu_301      |    0    |    2    |
|          |     or_cond_mid1_fu_341     |    0    |    2    |
|----------|-----------------------------|---------|---------|
|    xor   | not_exitcond_flatten_fu_283 |    0    |    2    |
|----------|-----------------------------|---------|---------|
|    or    |        tmp_32_fu_321        |    0    |    2    |
|----------|-----------------------------|---------|---------|
|   read   |        grp_read_fu_96       |    0    |    0    |
|----------|-----------------------------|---------|---------|
|   write  |   StgValue_64_write_fu_102  |    0    |    0    |
|----------|-----------------------------|---------|---------|
|   zext   |         tmp_s_fu_214        |    0    |    0    |
|          |        tmp_12_fu_363        |    0    |    0    |
|----------|-----------------------------|---------|---------|
|   Total  |                             |    0    |   299   |
|----------|-----------------------------|---------|---------|

Memories:
+------------+--------+--------+--------+
|            |  BRAM  |   FF   |   LUT  |
+------------+--------+--------+--------+
|inputBuf_0_V|    1   |    0   |    0   |
+------------+--------+--------+--------+
|    Total   |    1   |    0   |    0   |
+------------+--------+--------+--------+

* Register list:
+----------------------------+--------+
|                            |   FF   |
+----------------------------+--------+
|  exitcond_flatten4_reg_397 |    1   |
|   indvar_flatten4_reg_147  |   25   |
|indvar_flatten_next4_reg_401|   25   |
| indvar_flatten_next_reg_431|   17   |
|   indvar_flatten_reg_169   |   17   |
| inputBuf_0_V_addr_1_reg_420|    9   |
|       nm_mid2_reg_415      |    7   |
|         nm_reg_180         |    7   |
|   op1_assign_mid2_reg_406  |   10   |
|     op1_assign_reg_158     |   10   |
|    or_cond_mid2_reg_411    |    1   |
|      ptr_simd4_reg_191     |   10   |
|     ptr_simd_1_reg_392     |   10   |
|     ptr_simd_2_reg_426     |   10   |
|      ptr_simd_reg_135      |   10   |
|         tmp_reg_388        |    1   |
+----------------------------+--------+
|            Total           |   170  |
+----------------------------+--------+

* Multiplexer (MUX) list: 
|-------------------|------|------|------|--------||---------||---------|
|        Comp       |  Pin | Size |  BW  | S x BW ||  Delay  ||   LUT   |
|-------------------|------|------|------|--------||---------||---------|
| grp_access_fu_115 |  p0  |   3  |   9  |   27   ||    15   |
|  ptr_simd_reg_135 |  p0  |   2  |  10  |   20   ||    9    |
|-------------------|------|------|------|--------||---------||---------|
|       Total       |      |      |      |   47   || 2.70325 ||    24   |
|-------------------|------|------|------|--------||---------||---------|



* Summary:
+-----------+--------+--------+--------+--------+
|           |  BRAM  |  Delay |   FF   |   LUT  |
+-----------+--------+--------+--------+--------+
|  Function |    -   |    -   |    0   |   299  |
|   Memory  |    1   |    -   |    0   |    0   |
|Multiplexer|    -   |    2   |    -   |   24   |
|  Register |    -   |    -   |   170  |    -   |
+-----------+--------+--------+--------+--------+
|   Total   |    1   |    2   |   170  |   323  |
+-----------+--------+--------+--------+--------+
