

================================================================
== Vivado HLS Report for 'Conv1DMac_new407'
================================================================
* Date:           Wed Apr 26 21:03:21 2023

* Version:        2018.2 (Build 2258646 on Thu Jun 14 20:25:20 MDT 2018)
* Project:        S1
* Solution:       solution1
* Product family: zynq
* Target device:  xc7z045ffg900-2


================================================================
== Performance Estimates
================================================================
+ Timing (ns): 
    * Summary: 
    +--------+-------+----------+------------+
    |  Clock | Target| Estimated| Uncertainty|
    +--------+-------+----------+------------+
    |ap_clk  |  10.00|     8.369|        1.25|
    +--------+-------+----------+------------+

+ Latency (clock cycles): 
    * Summary: 
    +---------+---------+---------+---------+---------+
    |      Latency      |      Interval     | Pipeline|
    |   min   |   max   |   min   |   max   |   Type  |
    +---------+---------+---------+---------+---------+
    |  4194308|  4194308|  4194308|  4194308|   none  |
    +---------+---------+---------+---------+---------+

    + Detail: 
        * Instance: 
        N/A

        * Loop: 
        +-----------------------------------------------------+---------+---------+----------+-----------+-----------+---------+----------+
        |                                                     |      Latency      | Iteration|  Initiation Interval  |   Trip  |          |
        |                      Loop Name                      |   min   |   max   |  Latency |  achieved |   target  |  Count  | Pipelined|
        +-----------------------------------------------------+---------+---------+----------+-----------+-----------+---------+----------+
        |- loop_ofmChannels_loop_neuronFold_loop_synapseFold  |  4194306|  4194306|         4|          1|          1|  4194304|    yes   |
        +-----------------------------------------------------+---------+---------+----------+-----------+-----------+---------+----------+



================================================================
== Utilization Estimates
================================================================
* Summary: 
+-----------------+---------+-------+--------+--------+
|       Name      | BRAM_18K| DSP48E|   FF   |   LUT  |
+-----------------+---------+-------+--------+--------+
|DSP              |        -|      -|       -|       -|
|Expression       |        -|      0|       0|     572|
|FIFO             |        -|      -|       -|       -|
|Instance         |        -|      -|       0|     260|
|Memory           |        4|      -|       0|       0|
|Multiplexer      |        -|      -|       -|     147|
|Register         |        0|      -|     340|      96|
+-----------------+---------+-------+--------+--------+
|Total            |        4|      0|     340|    1075|
+-----------------+---------+-------+--------+--------+
|Available        |     1090|    900|  437200|  218600|
+-----------------+---------+-------+--------+--------+
|Utilization (%)  |    ~0   |      0|   ~0   |   ~0   |
+-----------------+---------+-------+--------+--------+

+ Detail: 
    * Instance: 
    +--------------------------+----------------------+---------+-------+---+----+
    |         Instance         |        Module        | BRAM_18K| DSP48E| FF| LUT|
    +--------------------------+----------------------+---------+-------+---+----+
    |computeS1_mux_164DeQ_U45  |computeS1_mux_164DeQ  |        0|      0|  0|  65|
    |computeS1_mux_164DeQ_U46  |computeS1_mux_164DeQ  |        0|      0|  0|  65|
    |computeS1_mux_164DeQ_U47  |computeS1_mux_164DeQ  |        0|      0|  0|  65|
    |computeS1_mux_164DeQ_U48  |computeS1_mux_164DeQ  |        0|      0|  0|  65|
    +--------------------------+----------------------+---------+-------+---+----+
    |Total                     |                      |        0|      0|  0| 260|
    +--------------------------+----------------------+---------+-------+---+----+

    * DSP48: 
    N/A

    * Memory: 
    +--------------------------+----------------------+---------+---+----+------+-----+------+-------------+
    |          Memory          |        Module        | BRAM_18K| FF| LUT| Words| Bits| Banks| W*Bits*Banks|
    +--------------------------+----------------------+---------+---+----+------+-----+------+-------------+
    |weights1_m_weights_V_1_U  |Conv1DMac_new407_Aem  |        1|  0|   0|  1024|    8|     1|         8192|
    |weights1_m_weights_V_2_U  |Conv1DMac_new407_Bew  |        1|  0|   0|  1024|    8|     1|         8192|
    |weights1_m_weights_V_3_U  |Conv1DMac_new407_CeG  |        1|  0|   0|  1024|    8|     1|         8192|
    |weights1_m_weights_V_U    |Conv1DMac_new407_zec  |        1|  0|   0|  1024|    8|     1|         8192|
    +--------------------------+----------------------+---------+---+----+------+-----+------+-------------+
    |Total                     |                      |        4|  0|   0|  4096|   32|     4|        32768|
    +--------------------------+----------------------+---------+---+----+------+-----+------+-------------+

    * FIFO: 
    N/A

    * Expression: 
    +----------------------------------+----------+-------+---+----+------------+------------+
    |           Variable Name          | Operation| DSP48E| FF| LUT| Bitwidth P0| Bitwidth P1|
    +----------------------------------+----------+-------+---+----+------------+------------+
    |p_Val2_1_fu_583_p2                |     *    |      0|  0|  41|           8|           8|
    |p_Val2_2_fu_659_p2                |     *    |      0|  0|  41|           8|           8|
    |p_Val2_3_fu_735_p2                |     *    |      0|  0|  41|           8|           8|
    |p_Val2_s_fu_507_p2                |     *    |      0|  0|  41|           8|           8|
    |indvar_flatten_next5_fu_347_p2    |     +    |      0|  0|  30|           1|          23|
    |indvar_flatten_op_fu_479_p2       |     +    |      0|  0|  19|          12|           1|
    |macRegisters_0_V_fu_828_p2        |     +    |      0|  0|   8|           8|           8|
    |macRegisters_1_V_fu_842_p2        |     +    |      0|  0|   8|           8|           8|
    |macRegisters_2_V_fu_856_p2        |     +    |      0|  0|   8|           8|           8|
    |macRegisters_3_V_fu_870_p2        |     +    |      0|  0|   8|           8|           8|
    |nm_1_fu_401_p2                    |     +    |      0|  0|  15|           1|           5|
    |p_Val2_20_1_fu_975_p2             |     +    |      0|  0|  15|           8|           8|
    |p_Val2_20_2_fu_1018_p2            |     +    |      0|  0|  15|           8|           8|
    |p_Val2_20_3_fu_1061_p2            |     +    |      0|  0|  15|           8|           8|
    |p_Val2_7_fu_932_p2                |     +    |      0|  0|  15|           8|           8|
    |sf_1_fu_473_p2                    |     +    |      0|  0|  15|           7|           1|
    |tmp1_fu_822_p2                    |     +    |      0|  0|   8|           8|           8|
    |tmp2_fu_836_p2                    |     +    |      0|  0|   8|           8|           8|
    |tmp3_fu_850_p2                    |     +    |      0|  0|   8|           8|           8|
    |tmp4_fu_864_p2                    |     +    |      0|  0|   8|           8|           8|
    |tmp_74_fu_461_p2                  |     +    |      0|  0|  17|          10|          10|
    |ap_block_state3_pp0_stage0_iter1  |    and   |      0|  0|   2|           1|           1|
    |ap_block_state5_pp0_stage0_iter3  |    and   |      0|  0|   2|           1|           1|
    |qb_assign_1_1_fu_649_p2           |    and   |      0|  0|   2|           1|           1|
    |qb_assign_1_2_fu_725_p2           |    and   |      0|  0|   2|           1|           1|
    |qb_assign_1_3_fu_801_p2           |    and   |      0|  0|   2|           1|           1|
    |qb_assign_1_fu_573_p2             |    and   |      0|  0|   2|           1|           1|
    |tmp_73_mid_fu_395_p2              |    and   |      0|  0|   2|           1|           1|
    |exitcond_flatten5_fu_341_p2       |   icmp   |      0|  0|  18|          23|          24|
    |exitcond_flatten_fu_353_p2        |   icmp   |      0|  0|  13|          12|          11|
    |tmp_203_1_fu_643_p2               |   icmp   |      0|  0|  11|           6|           1|
    |tmp_203_2_fu_719_p2               |   icmp   |      0|  0|  11|           6|           1|
    |tmp_203_3_fu_795_p2               |   icmp   |      0|  0|  11|           6|           1|
    |tmp_54_fu_389_p2                  |   icmp   |      0|  0|  11|           7|           8|
    |tmp_80_fu_567_p2                  |   icmp   |      0|  0|  11|           6|           1|
    |tmp_82_fu_467_p2                  |   icmp   |      0|  0|  11|           7|           6|
    |ap_block_pp0_stage0_01001         |    or    |      0|  0|   2|           1|           1|
    |ap_block_state1                   |    or    |      0|  0|   2|           1|           1|
    |tmp_77_fu_543_p2                  |    or    |      0|  0|   2|           1|           1|
    |tmp_84_fu_619_p2                  |    or    |      0|  0|   2|           1|           1|
    |tmp_88_fu_695_p2                  |    or    |      0|  0|   2|           1|           1|
    |tmp_92_fu_771_p2                  |    or    |      0|  0|   2|           1|           1|
    |tmp_s_fu_407_p2                   |    or    |      0|  0|   2|           1|           1|
    |indvar_flatten_next_fu_485_p3     |  select  |      0|  0|  12|           1|           1|
    |nm_mid2_fu_449_p3                 |  select  |      0|  0|   5|           1|           5|
    |nm_mid_fu_359_p3                  |  select  |      0|  0|   5|           1|           1|
    |nm_t_mid2_fu_441_p3               |  select  |      0|  0|   4|           1|           4|
    |nm_t_mid_fu_375_p3                |  select  |      0|  0|   4|           1|           1|
    |sf_mid2_fu_413_p3                 |  select  |      0|  0|   7|           1|           1|
    |tmp_72_mid2_fu_433_p3             |  select  |      0|  0|  10|           1|          10|
    |tmp_72_mid_fu_367_p3              |  select  |      0|  0|  10|           1|           1|
    |ap_enable_pp0                     |    xor   |      0|  0|   2|           1|           2|
    |ap_enable_reg_pp0_iter1           |    xor   |      0|  0|   2|           2|           1|
    |not_exitcond_flatten_fu_383_p2    |    xor   |      0|  0|   2|           1|           2|
    +----------------------------------+----------+-------+---+----+------------+------------+
    |Total                             |          |      0|  0| 572|         258|         264|
    +----------------------------------+----------+-------+---+----+------------+------------+

    * Multiplexer: 
    +---------------------------+----+-----------+-----+-----------+
    |            Name           | LUT| Input Size| Bits| Total Bits|
    +---------------------------+----+-----------+-----+-----------+
    |ap_NS_fsm                  |  21|          4|    1|          4|
    |ap_done                    |   9|          2|    1|          2|
    |ap_enable_reg_pp0_iter1    |   9|          2|    1|          2|
    |ap_enable_reg_pp0_iter3    |   9|          2|    1|          2|
    |in_V_V_blk_n               |   9|          2|    1|          2|
    |indvar_flatten5_reg_265    |   9|          2|   23|         46|
    |indvar_flatten_reg_276     |   9|          2|   12|         24|
    |macRegisters_0_V_3_fu_184  |   9|          2|    8|         16|
    |macRegisters_1_V_3_fu_188  |   9|          2|    8|         16|
    |macRegisters_2_V_3_fu_192  |   9|          2|    8|         16|
    |macRegisters_3_V_3_fu_196  |   9|          2|    8|         16|
    |nm_reg_287                 |   9|          2|    5|         10|
    |out_V_V_blk_n              |   9|          2|    1|          2|
    |real_start                 |   9|          2|    1|          2|
    |sf_reg_298                 |   9|          2|    7|         14|
    +---------------------------+----+-----------+-----+-----------+
    |Total                      | 147|         32|   86|        174|
    +---------------------------+----+-----------+-----+-----------+

    * Register: 
    +----------------------------+----+----+-----+-----------+
    |            Name            | FF | LUT| Bits| Const Bits|
    +----------------------------+----+----+-----+-----------+
    |ap_CS_fsm                   |   3|   0|    3|          0|
    |ap_done_reg                 |   1|   0|    1|          0|
    |ap_enable_reg_pp0_iter0     |   1|   0|    1|          0|
    |ap_enable_reg_pp0_iter1     |   1|   0|    1|          0|
    |ap_enable_reg_pp0_iter2     |   1|   0|    1|          0|
    |ap_enable_reg_pp0_iter3     |   1|   0|    1|          0|
    |exitcond_flatten5_reg_1108  |   1|   0|    1|          0|
    |indvar_flatten5_reg_265     |  23|   0|   23|          0|
    |indvar_flatten_reg_276      |  12|   0|   12|          0|
    |macRegisters_0_V_3_fu_184   |   8|   0|    8|          0|
    |macRegisters_1_V_3_fu_188   |   8|   0|    8|          0|
    |macRegisters_2_V_3_fu_192   |   8|   0|    8|          0|
    |macRegisters_3_V_3_fu_196   |   8|   0|    8|          0|
    |nm_reg_287                  |   5|   0|    5|          0|
    |nm_t_mid2_reg_1117          |   4|   0|    4|          0|
    |p_Val2_75_1_reg_1184        |   8|   0|    8|          0|
    |p_Val2_75_2_reg_1194        |   8|   0|    8|          0|
    |p_Val2_75_3_reg_1204        |   8|   0|    8|          0|
    |p_Val2_s_141_reg_1174       |   8|   0|    8|          0|
    |qb_assign_1_1_reg_1189      |   1|   0|    1|          0|
    |qb_assign_1_2_reg_1199      |   1|   0|    1|          0|
    |qb_assign_1_3_reg_1209      |   1|   0|    1|          0|
    |qb_assign_1_reg_1179        |   1|   0|    1|          0|
    |sf_reg_298                  |   7|   0|    7|          0|
    |start_once_reg              |   1|   0|    1|          0|
    |tmp_74_reg_1130             |  10|   0|   10|          0|
    |tmp_82_reg_1135             |   1|   0|    1|          0|
    |tmp_V_reg_1149              |   8|   0|    8|          0|
    |exitcond_flatten5_reg_1108  |  64|  32|    1|          0|
    |nm_t_mid2_reg_1117          |  64|  32|    4|          0|
    |tmp_82_reg_1135             |  64|  32|    1|          0|
    +----------------------------+----+----+-----+-----------+
    |Total                       | 340|  96|  154|          0|
    +----------------------------+----+----+-----+-----------+



================================================================
== Interface
================================================================
* Summary: 
+----------------+-----+-----+------------+------------------+--------------+
|    RTL Ports   | Dir | Bits|  Protocol  |   Source Object  |    C Type    |
+----------------+-----+-----+------------+------------------+--------------+
|ap_clk          |  in |    1| ap_ctrl_hs | Conv1DMac_new407 | return value |
|ap_rst          |  in |    1| ap_ctrl_hs | Conv1DMac_new407 | return value |
|ap_start        |  in |    1| ap_ctrl_hs | Conv1DMac_new407 | return value |
|start_full_n    |  in |    1| ap_ctrl_hs | Conv1DMac_new407 | return value |
|ap_done         | out |    1| ap_ctrl_hs | Conv1DMac_new407 | return value |
|ap_continue     |  in |    1| ap_ctrl_hs | Conv1DMac_new407 | return value |
|ap_idle         | out |    1| ap_ctrl_hs | Conv1DMac_new407 | return value |
|ap_ready        | out |    1| ap_ctrl_hs | Conv1DMac_new407 | return value |
|start_out       | out |    1| ap_ctrl_hs | Conv1DMac_new407 | return value |
|start_write     | out |    1| ap_ctrl_hs | Conv1DMac_new407 | return value |
|in_V_V_dout     |  in |    8|   ap_fifo  |      in_V_V      |    pointer   |
|in_V_V_empty_n  |  in |    1|   ap_fifo  |      in_V_V      |    pointer   |
|in_V_V_read     | out |    1|   ap_fifo  |      in_V_V      |    pointer   |
|out_V_V_din     | out |   32|   ap_fifo  |      out_V_V     |    pointer   |
|out_V_V_full_n  |  in |    1|   ap_fifo  |      out_V_V     |    pointer   |
|out_V_V_write   | out |    1|   ap_fifo  |      out_V_V     |    pointer   |
+----------------+-----+-----+------------+------------------+--------------+

