

================================================================
== Vivado HLS Report for 'Conv1DBuffer_new'
================================================================
* Date:           Wed Apr 26 21:03:24 2023

* Version:        2018.2 (Build 2258646 on Thu Jun 14 20:25:20 MDT 2018)
* Project:        S1
* Solution:       solution1
* Product family: zynq
* Target device:  xc7z045ffg900-2


================================================================
== Performance Estimates
================================================================
+ Timing (ns): 
    * Summary: 
    +--------+-------+----------+------------+
    |  Clock | Target| Estimated| Uncertainty|
    +--------+-------+----------+------------+
    |ap_clk  |  10.00|     6.916|        1.25|
    +--------+-------+----------+------------+

+ Latency (clock cycles): 
    * Summary: 
    +---------+---------+---------+---------+---------+
    |      Latency      |      Interval     | Pipeline|
    |   min   |   max   |   min   |   max   |   Type  |
    +---------+---------+---------+---------+---------+
    |  4194372|  4194372|  4194372|  4194372|   none  |
    +---------+---------+---------+---------+---------+

    + Detail: 
        * Instance: 
        N/A

        * Loop: 
        +----------+---------+---------+----------+-----------+-----------+---------+----------+
        |          |      Latency      | Iteration|  Initiation Interval  |   Trip  |          |
        | Loop Name|   min   |   max   |  Latency |  achieved |   target  |  Count  | Pipelined|
        +----------+---------+---------+----------+-----------+-----------+---------+----------+
        |- Loop 1  |       64|       64|         2|          1|          1|       64|    yes   |
        |- Loop 2  |  4194304|  4194304|         2|          1|          1|  4194304|    yes   |
        +----------+---------+---------+----------+-----------+-----------+---------+----------+



================================================================
== Utilization Estimates
================================================================
* Summary: 
+-----------------+---------+-------+--------+--------+
|       Name      | BRAM_18K| DSP48E|   FF   |   LUT  |
+-----------------+---------+-------+--------+--------+
|DSP              |        -|      -|       -|       -|
|Expression       |        -|      -|       0|     291|
|FIFO             |        -|      -|       -|       -|
|Instance         |        -|      -|       -|       -|
|Memory           |        1|      -|       0|       0|
|Multiplexer      |        -|      -|       -|     177|
|Register         |        -|      -|      94|       -|
+-----------------+---------+-------+--------+--------+
|Total            |        1|      0|      94|     468|
+-----------------+---------+-------+--------+--------+
|Available        |     1090|    900|  437200|  218600|
+-----------------+---------+-------+--------+--------+
|Utilization (%)  |    ~0   |      0|   ~0   |   ~0   |
+-----------------+---------+-------+--------+--------+

+ Detail: 
    * Instance: 
    N/A

    * DSP48: 
    N/A

    * Memory: 
    +----------------+----------------------+---------+---+----+------+-----+------+-------------+
    |     Memory     |        Module        | BRAM_18K| FF| LUT| Words| Bits| Banks| W*Bits*Banks|
    +----------------+----------------------+---------+---+----+------+-----+------+-------------+
    |inputBuf_0_V_U  |Conv1DBuffer_new4yd2  |        1|  0|   0|    64|    8|     1|          512|
    +----------------+----------------------+---------+---+----+------+-----+------+-------------+
    |Total           |                      |        1|  0|   0|    64|    8|     1|          512|
    +----------------+----------------------+---------+---+----+------+-----+------+-------------+

    * FIFO: 
    N/A

    * Expression: 
    +----------------------------------+----------+-------+---+----+------------+------------+
    |           Variable Name          | Operation| DSP48E| FF| LUT| Bitwidth P0| Bitwidth P1|
    +----------------------------------+----------+-------+---+----+------------+------------+
    |indvar_flatten_next1_fu_247_p2    |     +    |      0|  0|  30|          23|           1|
    |indvar_flatten_op_fu_378_p2       |     +    |      0|  0|  19|          12|           1|
    |nm_4_fu_319_p2                    |     +    |      0|  0|  15|           5|           1|
    |ofm_iter_fu_253_p2                |     +    |      0|  0|  20|          13|           1|
    |ptr_simd_1_fu_212_p2              |     +    |      0|  0|  15|           7|           1|
    |ptr_simd_2_fu_372_p2              |     +    |      0|  0|  15|           7|           1|
    |ap_block_pp0_stage0_11001         |    and   |      0|  0|   2|           1|           1|
    |ap_block_pp1_stage0_01001         |    and   |      0|  0|   2|           1|           1|
    |ap_block_state3_pp0_stage0_iter1  |    and   |      0|  0|   2|           1|           1|
    |or_cond_fu_235_p2                 |    and   |      0|  0|   2|           1|           1|
    |or_cond_mid1_fu_345_p2            |    and   |      0|  0|   2|           1|           1|
    |or_cond_mid_fu_293_p2             |    and   |      0|  0|   2|           1|           1|
    |tmp_123_mid_fu_305_p2             |    and   |      0|  0|   2|           1|           1|
    |exitcond_flatten5_fu_259_p2       |   icmp   |      0|  0|  13|          12|          11|
    |exitcond_flatten_fu_241_p2        |   icmp   |      0|  0|  18|          23|          24|
    |tmp_120_fu_223_p2                 |   icmp   |      0|  0|  13|          13|          12|
    |tmp_120_mid1_fu_273_p2            |   icmp   |      0|  0|  13|          13|          12|
    |tmp_122_fu_229_p2                 |   icmp   |      0|  0|  11|           5|           4|
    |tmp_122_mid1_fu_339_p2            |   icmp   |      0|  0|  11|           5|           4|
    |tmp_372_fu_299_p2                 |   icmp   |      0|  0|  11|           7|           8|
    |tmp_fu_206_p2                     |   icmp   |      0|  0|  11|           7|           8|
    |ap_block_state1                   |    or    |      0|  0|   2|           1|           1|
    |ap_block_state6_pp1_stage0_iter1  |    or    |      0|  0|   2|           1|           1|
    |tmp_373_fu_325_p2                 |    or    |      0|  0|   2|           1|           1|
    |indvar_flatten_next_fu_384_p3     |  select  |      0|  0|  12|           1|           1|
    |nm_mid2_fu_359_p3                 |  select  |      0|  0|   5|           1|           5|
    |nm_mid_fu_265_p3                  |  select  |      0|  0|   5|           1|           1|
    |op1_assign_mid2_fu_311_p3         |  select  |      0|  0|  13|           1|          13|
    |or_cond_mid2_fu_351_p3            |  select  |      0|  0|   2|           1|           1|
    |ptr_simd4_mid2_fu_331_p3          |  select  |      0|  0|   7|           1|           1|
    |tmp_120_mid2_fu_279_p3            |  select  |      0|  0|   2|           1|           1|
    |ap_enable_pp0                     |    xor   |      0|  0|   2|           1|           2|
    |ap_enable_pp1                     |    xor   |      0|  0|   2|           1|           2|
    |ap_enable_reg_pp0_iter1           |    xor   |      0|  0|   2|           2|           1|
    |ap_enable_reg_pp1_iter1           |    xor   |      0|  0|   2|           2|           1|
    |not_exitcond_flatten_fu_287_p2    |    xor   |      0|  0|   2|           1|           2|
    +----------------------------------+----------+-------+---+----+------------+------------+
    |Total                             |          |      0|  0| 291|         176|         130|
    +----------------------------------+----------+-------+---+----+------------+------------+

    * Multiplexer: 
    +-----------------------------------+----+-----------+-----+-----------+
    |                Name               | LUT| Input Size| Bits| Total Bits|
    +-----------------------------------+----+-----------+-----+-----------+
    |ap_NS_fsm                          |  33|          6|    1|          6|
    |ap_done                            |   9|          2|    1|          2|
    |ap_enable_reg_pp0_iter1            |  15|          3|    1|          3|
    |ap_enable_reg_pp1_iter1            |  15|          3|    1|          3|
    |ap_phi_mux_ptr_simd_phi_fu_143_p4  |   9|          2|    7|         14|
    |in_V_V_blk_n                       |   9|          2|    1|          2|
    |indvar_flatten5_reg_151            |   9|          2|   23|         46|
    |indvar_flatten_reg_173             |   9|          2|   12|         24|
    |inputBuf_0_V_address0              |  15|          3|    6|         18|
    |nm_reg_184                         |   9|          2|    5|         10|
    |op1_assign_reg_162                 |   9|          2|   13|         26|
    |out_V_V_blk_n                      |   9|          2|    1|          2|
    |ptr_simd4_reg_195                  |   9|          2|    7|         14|
    |ptr_simd_reg_139                   |   9|          2|    7|         14|
    |real_start                         |   9|          2|    1|          2|
    +-----------------------------------+----+-----------+-----+-----------+
    |Total                              | 177|         37|   87|        186|
    +-----------------------------------+----+-----------+-----+-----------+

    * Register: 
    +-----------------------------+----+----+-----+-----------+
    |             Name            | FF | LUT| Bits| Const Bits|
    +-----------------------------+----+----+-----+-----------+
    |ap_CS_fsm                    |   5|   0|    5|          0|
    |ap_done_reg                  |   1|   0|    1|          0|
    |ap_enable_reg_pp0_iter0      |   1|   0|    1|          0|
    |ap_enable_reg_pp0_iter1      |   1|   0|    1|          0|
    |ap_enable_reg_pp1_iter0      |   1|   0|    1|          0|
    |ap_enable_reg_pp1_iter1      |   1|   0|    1|          0|
    |exitcond_flatten_reg_401     |   1|   0|    1|          0|
    |indvar_flatten5_reg_151      |  23|   0|   23|          0|
    |indvar_flatten_reg_173       |  12|   0|   12|          0|
    |inputBuf_0_V_addr_3_reg_424  |   6|   0|    6|          0|
    |nm_reg_184                   |   5|   0|    5|          0|
    |op1_assign_reg_162           |  13|   0|   13|          0|
    |or_cond_mid2_reg_415         |   1|   0|    1|          0|
    |ptr_simd4_reg_195            |   7|   0|    7|          0|
    |ptr_simd_1_reg_396           |   7|   0|    7|          0|
    |ptr_simd_reg_139             |   7|   0|    7|          0|
    |start_once_reg               |   1|   0|    1|          0|
    |tmp_reg_392                  |   1|   0|    1|          0|
    +-----------------------------+----+----+-----+-----------+
    |Total                        |  94|   0|   94|          0|
    +-----------------------------+----+----+-----+-----------+



================================================================
== Interface
================================================================
* Summary: 
+----------------+-----+-----+------------+------------------+--------------+
|    RTL Ports   | Dir | Bits|  Protocol  |   Source Object  |    C Type    |
+----------------+-----+-----+------------+------------------+--------------+
|ap_clk          |  in |    1| ap_ctrl_hs | Conv1DBuffer_new | return value |
|ap_rst          |  in |    1| ap_ctrl_hs | Conv1DBuffer_new | return value |
|ap_start        |  in |    1| ap_ctrl_hs | Conv1DBuffer_new | return value |
|start_full_n    |  in |    1| ap_ctrl_hs | Conv1DBuffer_new | return value |
|ap_done         | out |    1| ap_ctrl_hs | Conv1DBuffer_new | return value |
|ap_continue     |  in |    1| ap_ctrl_hs | Conv1DBuffer_new | return value |
|ap_idle         | out |    1| ap_ctrl_hs | Conv1DBuffer_new | return value |
|ap_ready        | out |    1| ap_ctrl_hs | Conv1DBuffer_new | return value |
|start_out       | out |    1| ap_ctrl_hs | Conv1DBuffer_new | return value |
|start_write     | out |    1| ap_ctrl_hs | Conv1DBuffer_new | return value |
|in_V_V_dout     |  in |    8|   ap_fifo  |      in_V_V      |    pointer   |
|in_V_V_empty_n  |  in |    1|   ap_fifo  |      in_V_V      |    pointer   |
|in_V_V_read     | out |    1|   ap_fifo  |      in_V_V      |    pointer   |
|out_V_V_din     | out |    8|   ap_fifo  |      out_V_V     |    pointer   |
|out_V_V_full_n  |  in |    1|   ap_fifo  |      out_V_V     |    pointer   |
|out_V_V_write   | out |    1|   ap_fifo  |      out_V_V     |    pointer   |
+----------------+-----+-----+------------+------------------+--------------+

