INFO-FLOW: Workspace /home/tukl/Amur/IndividualSyn/S4/solution1 opened at Sat Apr 29 21:55:17 CST 2023
Execute     config_clock -quiet -name default -period 10 -default=false 
INFO: [SYN 201-201] Setting up clock 'default' with a period of 10ns.
Execute     open_platform DefaultPlatform 
Execute     import_lib /media/tukl/ee279b7d-bb8a-4a20-8bf9-90b2c542efcc/opt/Xilinx/Vivado/2018.2/common/technology/xilinx/zynq/zynq 
Execute       source /media/tukl/ee279b7d-bb8a-4a20-8bf9-90b2c542efcc/opt/Xilinx/Vivado/2018.2/common/technology/xilinx/common/xilinx.lib 
Execute         source /media/tukl/ee279b7d-bb8a-4a20-8bf9-90b2c542efcc/opt/Xilinx/Vivado/2018.2/common/technology/xilinx/interface/xilinx_interface.lib 
Execute           source /media/tukl/ee279b7d-bb8a-4a20-8bf9-90b2c542efcc/opt/Xilinx/Vivado/2018.2/common/technology/xilinx/interface/plb46.lib 
Execute           source /media/tukl/ee279b7d-bb8a-4a20-8bf9-90b2c542efcc/opt/Xilinx/Vivado/2018.2/common/technology/xilinx/interface/fsl.lib 
Execute           source /media/tukl/ee279b7d-bb8a-4a20-8bf9-90b2c542efcc/opt/Xilinx/Vivado/2018.2/common/technology/xilinx/interface/axi4.lib 
Execute           source /media/tukl/ee279b7d-bb8a-4a20-8bf9-90b2c542efcc/opt/Xilinx/Vivado/2018.2/common/technology/xilinx/interface/maxi.lib 
Execute           source /media/tukl/ee279b7d-bb8a-4a20-8bf9-90b2c542efcc/opt/Xilinx/Vivado/2018.2/common/technology/xilinx/interface/saxilite.lib 
Execute         source /media/tukl/ee279b7d-bb8a-4a20-8bf9-90b2c542efcc/opt/Xilinx/Vivado/2018.2/common/technology/xilinx/common/dsp48.lib 
Execute         source /media/tukl/ee279b7d-bb8a-4a20-8bf9-90b2c542efcc/opt/Xilinx/Vivado/2018.2/common/technology/xilinx/ip/xfir.lib 
Execute         source /media/tukl/ee279b7d-bb8a-4a20-8bf9-90b2c542efcc/opt/Xilinx/Vivado/2018.2/common/technology/xilinx/ip/dds_compiler.lib 
Execute         source /media/tukl/ee279b7d-bb8a-4a20-8bf9-90b2c542efcc/opt/Xilinx/Vivado/2018.2/common/technology/xilinx/ip/xfft.lib 
Execute       source /media/tukl/ee279b7d-bb8a-4a20-8bf9-90b2c542efcc/opt/Xilinx/Vivado/2018.2/common/technology/xilinx/common/xilinx_old.lib 
Execute       source /media/tukl/ee279b7d-bb8a-4a20-8bf9-90b2c542efcc/opt/Xilinx/Vivado/2018.2/common/technology/xilinx/common/xilinx_vivado.lib 
Execute       source /media/tukl/ee279b7d-bb8a-4a20-8bf9-90b2c542efcc/opt/Xilinx/Vivado/2018.2/common/technology/xilinx/common/xilinx.hlp 
Execute         source /media/tukl/ee279b7d-bb8a-4a20-8bf9-90b2c542efcc/opt/Xilinx/Vivado/2018.2/common/technology/xilinx/common/target_info.tcl 
Execute         source /media/tukl/ee279b7d-bb8a-4a20-8bf9-90b2c542efcc/opt/Xilinx/Vivado/2018.2/common/technology/xilinx/interface/xilinx_interface.hlp 
Execute           source /media/tukl/ee279b7d-bb8a-4a20-8bf9-90b2c542efcc/opt/Xilinx/Vivado/2018.2/common/technology/xilinx/interface/maxi.hlp 
Execute           source /media/tukl/ee279b7d-bb8a-4a20-8bf9-90b2c542efcc/opt/Xilinx/Vivado/2018.2/common/technology/xilinx/interface/saxilite.hlp 
Execute         source /media/tukl/ee279b7d-bb8a-4a20-8bf9-90b2c542efcc/opt/Xilinx/Vivado/2018.2/common/technology/xilinx/common/dsp48.hlp 
Execute       source /media/tukl/ee279b7d-bb8a-4a20-8bf9-90b2c542efcc/opt/Xilinx/Vivado/2018.2/common/technology/xilinx/zynq/dsp48e1.hlp 
Execute       get_default_platform 
Execute       config_chip_info -quiet -resource  {SLICE 13300}  {LUT 53200}     {FF 106400} {DSP48E 220}   {BRAM 280}  
Execute       config_chip_info -quiet -speed medium 
Execute       source /media/tukl/ee279b7d-bb8a-4a20-8bf9-90b2c542efcc/opt/Xilinx/Vivado/2018.2/common/technology/xilinx/common/xilinx.hlp 
Execute         source /media/tukl/ee279b7d-bb8a-4a20-8bf9-90b2c542efcc/opt/Xilinx/Vivado/2018.2/common/technology/xilinx/common/target_info.tcl 
Execute         source /media/tukl/ee279b7d-bb8a-4a20-8bf9-90b2c542efcc/opt/Xilinx/Vivado/2018.2/common/technology/xilinx/interface/xilinx_interface.hlp 
Execute           source /media/tukl/ee279b7d-bb8a-4a20-8bf9-90b2c542efcc/opt/Xilinx/Vivado/2018.2/common/technology/xilinx/interface/maxi.hlp 
Execute           source /media/tukl/ee279b7d-bb8a-4a20-8bf9-90b2c542efcc/opt/Xilinx/Vivado/2018.2/common/technology/xilinx/interface/saxilite.hlp 
Execute         source /media/tukl/ee279b7d-bb8a-4a20-8bf9-90b2c542efcc/opt/Xilinx/Vivado/2018.2/common/technology/xilinx/common/dsp48.hlp 
Command     import_lib done; 0.16 sec.
Execute     source /media/tukl/ee279b7d-bb8a-4a20-8bf9-90b2c542efcc/opt/Xilinx/Vivado/2018.2/common/technology/xilinx/zynq/zynq.gen 
Execute       source /media/tukl/ee279b7d-bb8a-4a20-8bf9-90b2c542efcc/opt/Xilinx/Vivado/2018.2/common/technology/xilinx/common/virtex.gen 
Execute         source /media/tukl/ee279b7d-bb8a-4a20-8bf9-90b2c542efcc/opt/Xilinx/Vivado/2018.2/common/technology/xilinx/common/xilinx.gen 
Execute           source /media/tukl/ee279b7d-bb8a-4a20-8bf9-90b2c542efcc/opt/Xilinx/Vivado/2018.2/common/technology/xilinx/interface/plb46.gen 
Execute           source /media/tukl/ee279b7d-bb8a-4a20-8bf9-90b2c542efcc/opt/Xilinx/Vivado/2018.2/common/technology/xilinx/interface/fsl.gen 
Execute           source /media/tukl/ee279b7d-bb8a-4a20-8bf9-90b2c542efcc/opt/Xilinx/Vivado/2018.2/common/technology/xilinx/interface/axi4.gen 
Execute           source /media/tukl/ee279b7d-bb8a-4a20-8bf9-90b2c542efcc/opt/Xilinx/Vivado/2018.2/common/technology/xilinx/interface/nativeAXI4.gen 
Execute             source /media/tukl/ee279b7d-bb8a-4a20-8bf9-90b2c542efcc/opt/Xilinx/Vivado/2018.2/common/technology/xilinx/interface/saxilite.gen 
Execute             source /media/tukl/ee279b7d-bb8a-4a20-8bf9-90b2c542efcc/opt/Xilinx/Vivado/2018.2/common/technology/xilinx/interface/maxi.gen 
Execute           source /media/tukl/ee279b7d-bb8a-4a20-8bf9-90b2c542efcc/opt/Xilinx/Vivado/2018.2/common/technology/xilinx/scripts/xilinxcoregen.gen 
Execute           source /media/tukl/ee279b7d-bb8a-4a20-8bf9-90b2c542efcc/opt/Xilinx/Vivado/2018.2/common/technology/xilinx/interface/XilEDKCoreGen.gen 
Execute           source /media/tukl/ee279b7d-bb8a-4a20-8bf9-90b2c542efcc/opt/Xilinx/Vivado/2018.2/common/technology/xilinx/ip/dds_compiler.gen 
Execute           source /media/tukl/ee279b7d-bb8a-4a20-8bf9-90b2c542efcc/opt/Xilinx/Vivado/2018.2/common/technology/xilinx/ip/util.gen 
Execute           source /media/tukl/ee279b7d-bb8a-4a20-8bf9-90b2c542efcc/opt/Xilinx/Vivado/2018.2/common/technology/xilinx/ip/xfft.gen 
Execute           source /media/tukl/ee279b7d-bb8a-4a20-8bf9-90b2c542efcc/opt/Xilinx/Vivado/2018.2/common/technology/xilinx/ip/xfir.gen 
Command         ap_source done; 0.2 sec.
Execute         source /media/tukl/ee279b7d-bb8a-4a20-8bf9-90b2c542efcc/opt/Xilinx/Vivado/2018.2/common/technology/xilinx/common/dsp48.gen 
Command       ap_source done; 0.21 sec.
Command     ap_source done; 0.22 sec.
Execute     open_platform DefaultPlatform 
Execute     import_lib /media/tukl/ee279b7d-bb8a-4a20-8bf9-90b2c542efcc/opt/Xilinx/Vivado/2018.2/common/technology/xilinx/zynq/zynq_fpv6 
Execute       source /media/tukl/ee279b7d-bb8a-4a20-8bf9-90b2c542efcc/opt/Xilinx/Vivado/2018.2/common/technology/xilinx/common/xilinx_fpv7.lib 
Execute         source /media/tukl/ee279b7d-bb8a-4a20-8bf9-90b2c542efcc/opt/Xilinx/Vivado/2018.2/common/technology/xilinx/common/xilinx_hp.lib 
Execute       source /media/tukl/ee279b7d-bb8a-4a20-8bf9-90b2c542efcc/opt/Xilinx/Vivado/2018.2/common/technology/xilinx/common/xilinx_fpv.hlp 
Execute         source /media/tukl/ee279b7d-bb8a-4a20-8bf9-90b2c542efcc/opt/Xilinx/Vivado/2018.2/common/technology/xilinx/common/xilinx.hlp 
Execute           source /media/tukl/ee279b7d-bb8a-4a20-8bf9-90b2c542efcc/opt/Xilinx/Vivado/2018.2/common/technology/xilinx/common/target_info.tcl 
Execute           source /media/tukl/ee279b7d-bb8a-4a20-8bf9-90b2c542efcc/opt/Xilinx/Vivado/2018.2/common/technology/xilinx/interface/xilinx_interface.hlp 
Execute             source /media/tukl/ee279b7d-bb8a-4a20-8bf9-90b2c542efcc/opt/Xilinx/Vivado/2018.2/common/technology/xilinx/interface/maxi.hlp 
Execute             source /media/tukl/ee279b7d-bb8a-4a20-8bf9-90b2c542efcc/opt/Xilinx/Vivado/2018.2/common/technology/xilinx/interface/saxilite.hlp 
Execute           source /media/tukl/ee279b7d-bb8a-4a20-8bf9-90b2c542efcc/opt/Xilinx/Vivado/2018.2/common/technology/xilinx/common/dsp48.hlp 
Execute       source /media/tukl/ee279b7d-bb8a-4a20-8bf9-90b2c542efcc/opt/Xilinx/Vivado/2018.2/common/technology/xilinx/zynq/zynq_hp.hlp 
Execute     source /media/tukl/ee279b7d-bb8a-4a20-8bf9-90b2c542efcc/opt/Xilinx/Vivado/2018.2/common/technology/xilinx/zynq/zynq_fpv6.gen 
Execute       source /media/tukl/ee279b7d-bb8a-4a20-8bf9-90b2c542efcc/opt/Xilinx/Vivado/2018.2/common/technology/xilinx/common/xilinx_fpv6.gen 
Execute     set_part xc7z045ffg900-2 
Execute       add_library xilinx/zynq/zynq:xc7z045:ffg900:-2 
Execute         get_default_platform 
Execute         license_isbetapart xc7z045 
Command         license_isbetapart done; error code: 1; 
Execute         get_default_platform 
Execute         config_chip_info -quiet -resource  {SLICE 54650}  {LUT 218600}    {FF 437200} {DSP48E 900}   {BRAM 1090}  
Execute         config_chip_info -quiet -speed medium 
Execute       add_library xilinx/zynq/zynq_fpv6 
Execute         get_default_platform 
INFO: [HLS 200-10] Setting target device to 'xc7z045ffg900-2'
Execute       get_default_platform 
Command     set_part done; 0.12 sec.
Execute     get_default_platform 
Execute     config_chip_info -quiet -resource  {SLICE 54650}  {LUT 218600}    {FF 437200} {DSP48E 900}   {BRAM 1090}  
Execute     config_chip_info -quiet -speed medium 
Command   open_solution done; 0.64 sec.
Execute   set_part xc7z045ffg900-2 -tool vivado 
Execute     add_library xilinx/zynq/zynq:xc7z045:ffg900:-2 
Execute       get_default_platform 
Execute       license_isbetapart xc7z045 
Command       license_isbetapart done; error code: 1; 
Execute       get_default_platform 
Execute       config_chip_info -quiet -resource  {SLICE 54650}  {LUT 218600}    {FF 437200} {DSP48E 900}   {BRAM 1090}  
Execute       config_chip_info -quiet -speed medium 
Execute     add_library xilinx/zynq/zynq_fpv6 
Execute       get_default_platform 
Execute     get_default_platform 
Execute   create_clock -period 10 -name default 
Execute   csynth_design 
Execute     get_config_compile -effort 
Execute     get_config_compile -enable_clang39 
Execute     get_config_compile -g 
Execute     get_config_compile -lm 
Execute     get_config_compile -ng 
Execute     get_config_compile -opt_fp 
Execute     get_config_compile -skip_cdt 
Execute     get_config_compile -skip_syncheck 
Execute     get_config_compile -skip_transform 
Execute     get_config_compile -keep_printf 
Execute     elaborate -effort=medium -skip_syncheck=0 -keep_printf=0 -lm=0 -skip_cdt=0 -skip_transform=0 -ng=0 -g=0 -opt_fp=0 -from_csynth_design=1 
Execute       get_config_schedule -relax_ii_for_timing 
Execute       get_config_schedule -suppress_dependence_error_break 
INFO: [HLS 200-10] Analyzing design file 'S4/Compute.cpp' ... 
INFO-FLOW: Compiling one TU...
Execute       is_m_axi_addr64 
INFO-FLOW: Handling S4/Compute.cpp as C++
Execute       get_default_platform 
Execute       is_encrypted S4/Compute.cpp 
Execute       get_default_platform 
INFO-FLOW: Source preprocessing
Execute       clang  -fno-limit-debug-info -gcc-toolchain "/media/tukl/ee279b7d-bb8a-4a20-8bf9-90b2c542efcc/opt/Xilinx/Vivado/2018.2/lnx64/tools/gcc" -hls  -fno-exceptions  -D__llvm__  -E "S4/Compute.cpp"   --std=c++11  -fno-math-errno -c -emit-llvm -O0  -mllvm -disable-llvm-optzns -fno-threadsafe-statics  -fno-use-cxa-atexit  -fno-threadsafe-statics -fno-use-cxa-atexit -D__CLANG_3_1__ -DAESL_SYN -D__SYNTHESIS__ -D__HLS_SYN__ -I "/media/tukl/ee279b7d-bb8a-4a20-8bf9-90b2c542efcc/opt/Xilinx/Vivado/2018.2/common/technology/autopilot" -I "/media/tukl/ee279b7d-bb8a-4a20-8bf9-90b2c542efcc/opt/Xilinx/Vivado/2018.2/common/technology/autopilot/ap_sysc" -include etc/autopilot_ssdm_op.h -D__DSP48E1__  -o "/home/tukl/Amur/IndividualSyn/S4/solution1/.autopilot/db/Compute.pp.0.cpp" 
INFO-FLOW: exec /media/tukl/ee279b7d-bb8a-4a20-8bf9-90b2c542efcc/opt/Xilinx/Vivado/2018.2/lnx64/tools/clang/bin/clang -fno-limit-debug-info -gcc-toolchain /media/tukl/ee279b7d-bb8a-4a20-8bf9-90b2c542efcc/opt/Xilinx/Vivado/2018.2/lnx64/tools/gcc -hls -fno-exceptions -D__llvm__ -E S4/Compute.cpp --std=c++11 -fno-math-errno -c -emit-llvm -O0 -mllvm -disable-llvm-optzns -fno-threadsafe-statics -fno-use-cxa-atexit -fno-threadsafe-statics -fno-use-cxa-atexit -D__CLANG_3_1__ -DAESL_SYN -D__SYNTHESIS__ -D__HLS_SYN__ -I /media/tukl/ee279b7d-bb8a-4a20-8bf9-90b2c542efcc/opt/Xilinx/Vivado/2018.2/common/technology/autopilot -I /media/tukl/ee279b7d-bb8a-4a20-8bf9-90b2c542efcc/opt/Xilinx/Vivado/2018.2/common/technology/autopilot/ap_sysc -include etc/autopilot_ssdm_op.h -D__DSP48E1__ -o /home/tukl/Amur/IndividualSyn/S4/solution1/.autopilot/db/Compute.pp.0.cpp
Command       clang done; 2.4 sec.
INFO-FLOW: Syntax Checking before pre-processing...
Execute       clang  -fno-limit-debug-info -gcc-toolchain "/media/tukl/ee279b7d-bb8a-4a20-8bf9-90b2c542efcc/opt/Xilinx/Vivado/2018.2/lnx64/tools/gcc" -hls  --std=c++11  -fno-math-errno -c -emit-llvm -O0  -mllvm -disable-llvm-optzns -fno-threadsafe-statics  -fno-use-cxa-atexit  -fno-threadsafe-statics -fno-use-cxa-atexit -D__CLANG_3_1__ -DAESL_SYN -D__SYNTHESIS__ -D__HLS_SYN__ -I "/media/tukl/ee279b7d-bb8a-4a20-8bf9-90b2c542efcc/opt/Xilinx/Vivado/2018.2/common/technology/autopilot" -I "/media/tukl/ee279b7d-bb8a-4a20-8bf9-90b2c542efcc/opt/Xilinx/Vivado/2018.2/common/technology/autopilot/ap_sysc" -include etc/autopilot_ssdm_op.h -D__DSP48E1__  "/home/tukl/Amur/IndividualSyn/S4/solution1/.autopilot/db/Compute.pp.0.cpp"  -o "/home/tukl/Amur/IndividualSyn/S4/solution1/.autopilot/db/useless.bc"  
INFO-FLOW: exec /media/tukl/ee279b7d-bb8a-4a20-8bf9-90b2c542efcc/opt/Xilinx/Vivado/2018.2/lnx64/tools/clang/bin/clang -fno-limit-debug-info -gcc-toolchain /media/tukl/ee279b7d-bb8a-4a20-8bf9-90b2c542efcc/opt/Xilinx/Vivado/2018.2/lnx64/tools/gcc -hls --std=c++11 -fno-math-errno -c -emit-llvm -O0 -mllvm -disable-llvm-optzns -fno-threadsafe-statics -fno-use-cxa-atexit -fno-threadsafe-statics -fno-use-cxa-atexit -D__CLANG_3_1__ -DAESL_SYN -D__SYNTHESIS__ -D__HLS_SYN__ -I /media/tukl/ee279b7d-bb8a-4a20-8bf9-90b2c542efcc/opt/Xilinx/Vivado/2018.2/common/technology/autopilot -I /media/tukl/ee279b7d-bb8a-4a20-8bf9-90b2c542efcc/opt/Xilinx/Vivado/2018.2/common/technology/autopilot/ap_sysc -include etc/autopilot_ssdm_op.h -D__DSP48E1__ /home/tukl/Amur/IndividualSyn/S4/solution1/.autopilot/db/Compute.pp.0.cpp -o /home/tukl/Amur/IndividualSyn/S4/solution1/.autopilot/db/useless.bc
WARNING: [HLS 200-40] In file included from S4/Compute.cpp:1:
In file included from S4/Compute.cpp:1:
In file included from S4/bnn-library.h:2:
In file included from /media/tukl/ee279b7d-bb8a-4a20-8bf9-90b2c542efcc/opt/Xilinx/Vivado/2018.2/common/technology/autopilot/ap_int.h:63:
/media/tukl/ee279b7d-bb8a-4a20-8bf9-90b2c542efcc/opt/Xilinx/Vivado/2018.2/common/technology/autopilot/ap_int_syn.h:3690:512: warning: comparison of unsigned expression >= 0 is always true [-Wtautological-compare]
template <int _AP_W, bool _AP_S> inline __attribute__((always_inline)) ap_int_base<_AP_W, _AP_S> operator << (const ap_int_base<_AP_W, _AP_S>& op, unsigned int op2) { ap_int_base<_AP_W, _AP_S> r; if (false) r.V = op2 >= 0 ? (op.V << op2) : (op.V >> (-op2)); else r.V = op.V << op2; return r; } template <int _AP_W, bool _AP_S> inline __attribute__((always_inline)) ap_int_base<_AP_W, _AP_S> operator >> (const ap_int_base<_AP_W, _AP_S>& op, unsigned int op2) { ap_int_base<_AP_W, _AP_S> r; if (false) r.V = op2 >= 0 ? (op.V >> op2) : (op.V << (-op2)); else r.V = op.V >> op2; return r; }
                                                                                                                                                                                                                                                                                                                                                                                                                                                                                                                           ~~~ ^  ~
S4/conv1d.h:62:15: note: in instantiation of function template specialization 'operator>><32, false>' requested here
      ei = ei >> OutWidth;
              ^
S4/Compute.cpp:96:3: note: in instantiation of function template specialization 'StreamingDataWidthConverter_Batch<32, 8, 32768>' requested here
  StreamingDataWidthConverter_Batch<32, 8, 32768>(cnv_90PRL, cnv_91, 1);
  ^
In file included from S4/Compute.cpp:1:
In file included from S4/Compute.cpp:1:
In file included from S4/bnn-library.h:2:
In file included from /media/tukl/ee279b7d-bb8a-4a20-8bf9-90b2c542efcc/opt/Xilinx/Vivado/2018.2/common/technology/autopilot/ap_int.h:63:
/media/tukl/ee279b7d-bb8a-4a20-8bf9-90b2c542efcc/opt/Xilinx/Vivado/2018.2/common/technology/autopilot/ap_int_syn.h:3690:512: warning: comparison of unsigned expression >= 0 is always true [-Wtautological-compare]
template <int _AP_W, bool _AP_S> inline __attribute__((always_inline)) ap_int_base<_AP_W, _AP_S> operator << (const ap_int_base<_AP_W, _AP_S>& op, unsigned int op2) { ap_int_base<_AP_W, _AP_S> r; if (false) r.V = op2 >= 0 ? (op.V << op2) : (op.V >> (-op2)); else r.V = op.V << op2; return r; } template <int _AP_W, bool _AP_S> inline __attribute__((always_inline)) ap_int_base<_AP_W, _AP_S> operator >> (const ap_int_base<_AP_W, _AP_S>& op, unsigned int op2) { ap_int_base<_AP_W, _AP_S> r; if (false) r.V = op2 >= 0 ? (op.V >> op2) : (op.V << (-op2)); else r.V = op.V >> op2; return r; }
                                                                                                                                                                                                                                                                                                                                                                                                                                                                                                                           ~~~ ^  ~
S4/conv1d.h:88:15: note: in instantiation of function template specialization 'operator>><8, false>' requested here
      eo = eo >> InWidth;
              ^
S4/Compute.cpp:96:3: note: in instantiation of function template specialization 'StreamingDataWidthConverter_Batch<32, 8, 32768>' requested here
  StreamingDataWidthConverter_Batch<32, 8, 32768>(cnv_90PRL, cnv_91, 1);
  ^
In file included from S4/Compute.cpp:1:
In file included from S4/Compute.cpp:2:
S4/conv1d.h:1964:30: warning: comparison of unsigned expression < 0 is always false [-Wtautological-compare]
  for (unsigned int r = 0; r < REMAINDER_PIXELS*NF; r++){
                           ~ ^ ~~~~~~~~~~~~~~~~~~~
S4/Compute.cpp:108:3: note: in instantiation of function template specialization 'StreamingMaxPool_Precision_1d<512, 16, 256, 1, 32>' requested here
  StreamingMaxPool_Precision_1d<512, 16, 256, 1, 32>(cnv_99, cnv_100);
  ^
3 warnings generated.\n
Command       clang done; 11.15 sec.
INFO-FLOW: GCC PP time: 13 seconds per iteration
Execute       list_core -type functional_unit 
Execute       tidy_31 xilinx-systemc-detector /home/tukl/Amur/IndividualSyn/S4/solution1/.autopilot/db/Compute.pp.0.cpp std=c++11 -directive=/home/tukl/Amur/IndividualSyn/S4/solution1/.autopilot/db/.systemc_flag 
INFO-FLOW: exec /media/tukl/ee279b7d-bb8a-4a20-8bf9-90b2c542efcc/opt/Xilinx/Vivado/2018.2/lnx64/tools/clang-3.9-csynth/bin/tidy-3.1 -header-filter=.* --checks=-*,xilinx-systemc-detector -import-directive=/home/tukl/Amur/IndividualSyn/S4/solution1/.autopilot/db/.systemc_flag -quiet -fix-errors /home/tukl/Amur/IndividualSyn/S4/solution1/.autopilot/db/Compute.pp.0.cpp -- -std=c++11 -fhls -ferror-limit=0
Command       tidy_31 done; 26.84 sec.
INFO-FLOW: CDT Preprocessing with tidy-3.1...
Execute       tidy_31 xilinx-directive2pragma /home/tukl/Amur/IndividualSyn/S4/solution1/.autopilot/db/Compute.pp.0.cpp std=c++11 -directive=/home/tukl/Amur/IndividualSyn/S4/solution1/solution1.json 
INFO-FLOW: exec /media/tukl/ee279b7d-bb8a-4a20-8bf9-90b2c542efcc/opt/Xilinx/Vivado/2018.2/lnx64/tools/clang-3.9-csynth/bin/tidy-3.1 -header-filter=.* --checks=-*,xilinx-directive2pragma -import-directive=/home/tukl/Amur/IndividualSyn/S4/solution1/solution1.json -quiet -fix-errors /home/tukl/Amur/IndividualSyn/S4/solution1/.autopilot/db/Compute.pp.0.cpp -- -std=c++11 -fhls -ferror-limit=0
Command       tidy_31 done; 25.62 sec.
Execute       get_config_dataflow -strict_mode 
Execute       ap_eval exec -ignorestderr /media/tukl/ee279b7d-bb8a-4a20-8bf9-90b2c542efcc/opt/Xilinx/Vivado/2018.2/lnx64/tools/clang-3.9-csynth/bin/xilinx-dataflow-lawyer -export-fixes=/home/tukl/Amur/IndividualSyn/S4/solution1/.autopilot/db/xilinx-dataflow-lawyer.Compute.pp.0.cpp.diag.yml /home/tukl/Amur/IndividualSyn/S4/solution1/.autopilot/db/Compute.pp.0.cpp -- -std=c++11 -fhls -ferror-limit=0 -fstrict-dataflow > /home/tukl/Amur/IndividualSyn/S4/solution1/.autopilot/db/xilinx-dataflow-lawyer.Compute.pp.0.cpp.out.log 2> /home/tukl/Amur/IndividualSyn/S4/solution1/.autopilot/db/xilinx-dataflow-lawyer.Compute.pp.0.cpp.err.log 
Command       ap_eval done; 17.02 sec.
WARNING: [HLS 214-111] Static variables and non-static stream cannot be used inside a dataflow region: S4/Compute.cpp:28:11
Execute       tidy_31 -errorcheck xilinx-constantarray-param,xilinx-resource-pragma-transformer /home/tukl/Amur/IndividualSyn/S4/solution1/.autopilot/db/Compute.pp.0.cpp std=c++11 
INFO-FLOW: exec /media/tukl/ee279b7d-bb8a-4a20-8bf9-90b2c542efcc/opt/Xilinx/Vivado/2018.2/lnx64/tools/clang-3.9-csynth/bin/tidy-3.1 -header-filter=.* --checks=-*,xilinx-constantarray-param,xilinx-resource-pragma-transformer -quiet -fix-errors /home/tukl/Amur/IndividualSyn/S4/solution1/.autopilot/db/Compute.pp.0.cpp -- -std=c++11 -fhls -ferror-limit=0
INFO-FLOW: exec /media/tukl/ee279b7d-bb8a-4a20-8bf9-90b2c542efcc/opt/Xilinx/Vivado/2018.2/lnx64/tools/clang-3.9-csynth/bin/xilinx-legacy-rewriter /home/tukl/Amur/IndividualSyn/S4/solution1/.autopilot/db/Compute.pp.0.cpp -- -std=c++11 -fhls -ferror-limit=0
Command       tidy_31 done; 53.42 sec.
INFO-FLOW: tidy-3.1 time 96 seconds per iteration
INFO-FLOW: Pragma Handling...
Execute       tidy_31 xilinx-ssdm-intrinsics-arguments /home/tukl/Amur/IndividualSyn/S4/solution1/.autopilot/db/Compute.pragma.1.cpp std=c++11 
INFO-FLOW: exec /media/tukl/ee279b7d-bb8a-4a20-8bf9-90b2c542efcc/opt/Xilinx/Vivado/2018.2/lnx64/tools/clang-3.9-csynth/bin/tidy-3.1 -header-filter=.* --checks=-*,xilinx-ssdm-intrinsics-arguments -quiet -fix-errors /home/tukl/Amur/IndividualSyn/S4/solution1/.autopilot/db/Compute.pragma.1.cpp -- -std=c++11 -fhls -ferror-limit=0
Command       tidy_31 done; 33.7 sec.
INFO-FLOW: Source preprocessing
Execute       clang  -fno-limit-debug-info -gcc-toolchain "/media/tukl/ee279b7d-bb8a-4a20-8bf9-90b2c542efcc/opt/Xilinx/Vivado/2018.2/lnx64/tools/gcc" -hls  -fno-exceptions  -D__llvm__  -E "/home/tukl/Amur/IndividualSyn/S4/solution1/.autopilot/db/Compute.pragma.1.cpp"   --std=c++11  -fno-math-errno -c -emit-llvm -O0  -mllvm -disable-llvm-optzns -fno-threadsafe-statics  -fno-use-cxa-atexit  -fno-threadsafe-statics -fno-use-cxa-atexit -D__CLANG_3_1__ -DAESL_SYN -D__SYNTHESIS__ -D__HLS_SYN__ -I "/media/tukl/ee279b7d-bb8a-4a20-8bf9-90b2c542efcc/opt/Xilinx/Vivado/2018.2/common/technology/autopilot" -I "/media/tukl/ee279b7d-bb8a-4a20-8bf9-90b2c542efcc/opt/Xilinx/Vivado/2018.2/common/technology/autopilot/ap_sysc" -include etc/autopilot_ssdm_op.h -D__DSP48E1__  -o "/home/tukl/Amur/IndividualSyn/S4/solution1/.autopilot/db/Compute.pragma.2.cpp" 
INFO-FLOW: exec /media/tukl/ee279b7d-bb8a-4a20-8bf9-90b2c542efcc/opt/Xilinx/Vivado/2018.2/lnx64/tools/clang/bin/clang -fno-limit-debug-info -gcc-toolchain /media/tukl/ee279b7d-bb8a-4a20-8bf9-90b2c542efcc/opt/Xilinx/Vivado/2018.2/lnx64/tools/gcc -hls -fno-exceptions -D__llvm__ -E /home/tukl/Amur/IndividualSyn/S4/solution1/.autopilot/db/Compute.pragma.1.cpp --std=c++11 -fno-math-errno -c -emit-llvm -O0 -mllvm -disable-llvm-optzns -fno-threadsafe-statics -fno-use-cxa-atexit -fno-threadsafe-statics -fno-use-cxa-atexit -D__CLANG_3_1__ -DAESL_SYN -D__SYNTHESIS__ -D__HLS_SYN__ -I /media/tukl/ee279b7d-bb8a-4a20-8bf9-90b2c542efcc/opt/Xilinx/Vivado/2018.2/common/technology/autopilot -I /media/tukl/ee279b7d-bb8a-4a20-8bf9-90b2c542efcc/opt/Xilinx/Vivado/2018.2/common/technology/autopilot/ap_sysc -include etc/autopilot_ssdm_op.h -D__DSP48E1__ -o /home/tukl/Amur/IndividualSyn/S4/solution1/.autopilot/db/Compute.pragma.2.cpp
Command       clang done; 0.92 sec.
Execute       get_default_platform 
INFO-FLOW: Processing labels
Execute       clang -src /home/tukl/Amur/IndividualSyn/S4/solution1/.autopilot/db/Compute.pragma.2.cpp  -fno-limit-debug-info -gcc-toolchain /media/tukl/ee279b7d-bb8a-4a20-8bf9-90b2c542efcc/opt/Xilinx/Vivado/2018.2/lnx64/tools/gcc -hls -hls-analyze-label -hls-analyze-pragma -fno-exceptions  -D__llvm__  -w  "/home/tukl/Amur/IndividualSyn/S4/solution1/.autopilot/db/Compute.pragma.2.cpp"  --std=c++11  -fno-math-errno -c -emit-llvm -O0  -mllvm -disable-llvm-optzns -fno-threadsafe-statics  -fno-use-cxa-atexit -DAESL_SYN -D__SYNTHESIS__ -D__HLS_SYN__ -I "/media/tukl/ee279b7d-bb8a-4a20-8bf9-90b2c542efcc/opt/Xilinx/Vivado/2018.2/common/technology/autopilot" -I "/media/tukl/ee279b7d-bb8a-4a20-8bf9-90b2c542efcc/opt/Xilinx/Vivado/2018.2/common/technology/autopilot/ap_sysc" -include etc/autopilot_ssdm_op.h -D__DSP48E1__ -g -o "/home/tukl/Amur/IndividualSyn/S4/solution1/.autopilot/db/Compute.bc" 
INFO-FLOW: exec /media/tukl/ee279b7d-bb8a-4a20-8bf9-90b2c542efcc/opt/Xilinx/Vivado/2018.2/lnx64/tools/clang/bin/clang -fno-limit-debug-info -gcc-toolchain /media/tukl/ee279b7d-bb8a-4a20-8bf9-90b2c542efcc/opt/Xilinx/Vivado/2018.2/lnx64/tools/gcc -hls -hls-analyze-label -hls-analyze-pragma -fno-exceptions -D__llvm__ -w /home/tukl/Amur/IndividualSyn/S4/solution1/.autopilot/db/Compute.pragma.2.cpp --std=c++11 -fno-math-errno -c -emit-llvm -O0 -mllvm -disable-llvm-optzns -fno-threadsafe-statics -fno-use-cxa-atexit -DAESL_SYN -D__SYNTHESIS__ -D__HLS_SYN__ -I /media/tukl/ee279b7d-bb8a-4a20-8bf9-90b2c542efcc/opt/Xilinx/Vivado/2018.2/common/technology/autopilot -I /media/tukl/ee279b7d-bb8a-4a20-8bf9-90b2c542efcc/opt/Xilinx/Vivado/2018.2/common/technology/autopilot/ap_sysc -include etc/autopilot_ssdm_op.h -D__DSP48E1__ -g -o /home/tukl/Amur/IndividualSyn/S4/solution1/.autopilot/db/Compute.bc
Command       clang done; 10.88 sec.
INFO-FLOW: Linking Debug ...
Execute       llvm-ld /home/tukl/Amur/IndividualSyn/S4/solution1/.autopilot/db/Compute.g.bc -hls-opt -except-internalize computeS4 -L/media/tukl/ee279b7d-bb8a-4a20-8bf9-90b2c542efcc/opt/Xilinx/Vivado/2018.2/lnx64/lib -lhlsm -lhlsmc++ -o /home/tukl/Amur/IndividualSyn/S4/solution1/.autopilot/db/a.g 
Command       llvm-ld done; 2.67 sec.
INFO: [HLS 200-111] Finished Linking Time (s): cpu = 00:02:59 ; elapsed = 00:03:08 . Memory (MB): peak = 349.691 ; gain = 0.094 ; free physical = 20405 ; free virtual = 65409
INFO: [HLS 200-111] Finished Checking Pragmas Time (s): cpu = 00:02:59 ; elapsed = 00:03:08 . Memory (MB): peak = 349.691 ; gain = 0.094 ; free physical = 20405 ; free virtual = 65409
Execute       ::config_rtl 
Execute       opt_and_import_c a -opt_level=2 -skip_syncheck=0 -ng=0 -keep_printf=0 
Execute         cleanup_all_models 
INFO: [HLS 200-10] Starting code transformations ...
Execute         transform -promote-dbg-pointer /home/tukl/Amur/IndividualSyn/S4/solution1/.autopilot/db/a.pp.bc -o /home/tukl/Amur/IndividualSyn/S4/solution1/.autopilot/db/a.pp.0.bc -f 
Command         transform done; 0.93 sec.
Execute         llvm-ld /home/tukl/Amur/IndividualSyn/S4/solution1/.autopilot/db/a.pp.0.bc -disable-opt -L/media/tukl/ee279b7d-bb8a-4a20-8bf9-90b2c542efcc/opt/Xilinx/Vivado/2018.2/lnx64/lib -lfloatconversion -o /home/tukl/Amur/IndividualSyn/S4/solution1/.autopilot/db/a.g.0 
Command         llvm-ld done; 2.31 sec.
INFO-FLOW: Running Standard Transforms...
Execute         transform -hls -share-std-xform -demangle-name -inline-byval-memcpy -always-inline -promote-dbg-pointer -interface-preproc -scalarrepl -mem2reg -keep-read-access -instcombine -dce -promote-dbg-pointer -bitop-raise -loop-simplify -indvarspre -indvars -loop-simplify -xunroll -constprop -instcombine -simplifycfg -indvars -simplifycfg -dce -globaldce -basicaa -simplifycfg -mem2reg -globalopt -global-constprop -deadargelim -instcombine -simplifycfg -prune-eh -simplifycfg -scalarrepl -instcombine -reassociate -licm -simplifycfg -loop-simplify -indvars -instcombine -simplifycfg -mem2reg -loop-simplify -indvars -instcombine -gvn -gvn -instcombine -adce -break-crit-edges -simplifycfg -loop-delete -global-array-opt -dce -dse -adce -find-syn-modules -top computeS4 -deadargelim -mem2reg -instcombine -dce -presyn-prepare -auto-rom-infer -interface-preproc -syn-check -check-rec-only -find-region -simplifycfg -func-extr -function-inline -globaldce -mem2reg -instcombine -dce -gvn -globaldce -adce -adse -constprop -instcombine -bit-constprop -instcombine -dce -simplifycfg -bitop-raise -simplifycfg -dce -loop-delete -reassociate -globalopt -global-privatize -mem2reg -dce -global-constprop -pointer-simplify -constprop -dce -func-inst -deadargelim -auto-shift-reg-idiom -promote-dbg-pointer -norm-name /home/tukl/Amur/IndividualSyn/S4/solution1/.autopilot/db/a.g.0.bc -o /home/tukl/Amur/IndividualSyn/S4/solution1/.autopilot/db/a.g.1.bc -f -phase std-opt 
