

================================================================
== Vivado HLS Report for 'Conv1DMac_new_1'
================================================================
* Date:           Wed Apr 26 23:43:55 2023

* Version:        2018.2 (Build 2258646 on Thu Jun 14 20:25:20 MDT 2018)
* Project:        S3
* Solution:       solution1
* Product family: zynq
* Target device:  xc7z045ffg900-2


================================================================
== Performance Estimates
================================================================
+ Timing (ns): 
    * Summary: 
    +--------+-------+----------+------------+
    |  Clock | Target| Estimated| Uncertainty|
    +--------+-------+----------+------------+
    |ap_clk  |  10.00|     8.198|        1.25|
    +--------+-------+----------+------------+

+ Latency (clock cycles): 
    * Summary: 
    +----------+----------+----------+----------+---------+
    |       Latency       |       Interval      | Pipeline|
    |    min   |    max   |    min   |    max   |   Type  |
    +----------+----------+----------+----------+---------+
    |  16777221|  16777221|  16777221|  16777221|   none  |
    +----------+----------+----------+----------+---------+

    + Detail: 
        * Instance: 
        N/A

        * Loop: 
        +-----------------------------------------------------+----------+----------+----------+-----------+-----------+----------+----------+
        |                                                     |       Latency       | Iteration|  Initiation Interval  |   Trip   |          |
        |                      Loop Name                      |    min   |    max   |  Latency |  achieved |   target  |   Count  | Pipelined|
        +-----------------------------------------------------+----------+----------+----------+-----------+-----------+----------+----------+
        |- loop_ofmChannels_loop_neuronFold_loop_synapseFold  |  16777219|  16777219|         5|          1|          1|  16777216|    yes   |
        +-----------------------------------------------------+----------+----------+----------+-----------+-----------+----------+----------+



================================================================
== Utilization Estimates
================================================================
* Summary: 
+-----------------+---------+-------+--------+--------+
|       Name      | BRAM_18K| DSP48E|   FF   |   LUT  |
+-----------------+---------+-------+--------+--------+
|DSP              |        -|      -|       -|       -|
|Expression       |        -|      0|       0|     609|
|FIFO             |        -|      -|       -|       -|
|Instance         |        -|      -|       0|      68|
|Memory           |       25|      -|       0|       0|
|Multiplexer      |        -|      -|       -|     147|
|Register         |        0|      -|     382|      96|
+-----------------+---------+-------+--------+--------+
|Total            |       25|      0|     382|     920|
+-----------------+---------+-------+--------+--------+
|Available        |     1090|    900|  437200|  218600|
+-----------------+---------+-------+--------+--------+
|Utilization (%)  |        2|      0|   ~0   |   ~0   |
+-----------------+---------+-------+--------+--------+

+ Detail: 
    * Instance: 
    +-----------------------------------+------------------------------+---------+-------+---+----+
    |              Instance             |            Module            | BRAM_18K| DSP48E| FF| LUT|
    +-----------------------------------+------------------------------+---------+-------+---+----+
    |computeS3_mux_646yd2_x_x_x_x_U107  |computeS3_mux_646yd2_x_x_x_x  |        0|      0|  0|  17|
    |computeS3_mux_646yd2_x_x_x_x_U108  |computeS3_mux_646yd2_x_x_x_x  |        0|      0|  0|  17|
    |computeS3_mux_646yd2_x_x_x_x_U109  |computeS3_mux_646yd2_x_x_x_x  |        0|      0|  0|  17|
    |computeS3_mux_646yd2_x_x_x_x_U110  |computeS3_mux_646yd2_x_x_x_x  |        0|      0|  0|  17|
    +-----------------------------------+------------------------------+---------+-------+---+----+
    |Total                              |                              |        0|      0|  0|  68|
    +-----------------------------------+------------------------------+---------+-------+---+----+

    * DSP48: 
    N/A

    * Memory: 
    +-------------------------+----------------------+---------+---+----+-------+-----+------+-------------+
    |          Memory         |        Module        | BRAM_18K| FF| LUT| Words | Bits| Banks| W*Bits*Banks|
    +-------------------------+----------------------+---------+---+----+-------+-----+------+-------------+
    |weights15_m_weights_3_U  |Conv1DMac_new_1_wPgM  |        6|  0|   0|  16384|    6|     1|        98304|
    |weights15_m_weights_2_U  |Conv1DMac_new_1_wQgW  |        7|  0|   0|  16384|    7|     1|       114688|
    |weights15_m_weights_1_U  |Conv1DMac_new_1_wRg6  |        6|  0|   0|  16384|    6|     1|        98304|
    |weights15_m_weights_s_U  |Conv1DMac_new_1_wShg  |        6|  0|   0|  16384|    6|     1|        98304|
    +-------------------------+----------------------+---------+---+----+-------+-----+------+-------------+
    |Total                    |                      |       25|  0|   0|  65536|   25|     4|       409600|
    +-------------------------+----------------------+---------+---+----+-------+-----+------+-------------+

    * FIFO: 
    N/A

    * Expression: 
    +----------------------------------+----------+-------+---+----+------------+------------+
    |           Variable Name          | Operation| DSP48E| FF| LUT| Bitwidth P0| Bitwidth P1|
    +----------------------------------+----------+-------+---+----+------------+------------+
    |p_Val2_1_fu_608_p2                |     *    |      0|  0|  41|           7|           8|
    |p_Val2_2_fu_678_p2                |     *    |      0|  0|  41|           6|           8|
    |p_Val2_3_fu_748_p2                |     *    |      0|  0|  41|           6|           8|
    |p_Val2_s_187_fu_538_p2            |     *    |      0|  0|  41|           6|           8|
    |indvar_flatten_next1_fu_373_p2    |     +    |      0|  0|  32|           1|          25|
    |indvar_flatten_op_fu_505_p2       |     +    |      0|  0|  23|          16|           1|
    |macRegisters_0_V_fu_843_p2        |     +    |      0|  0|   8|           8|           8|
    |macRegisters_1_V_fu_863_p2        |     +    |      0|  0|   8|           8|           8|
    |macRegisters_2_V_fu_885_p2        |     +    |      0|  0|   8|           8|           8|
    |macRegisters_3_V_fu_908_p2        |     +    |      0|  0|   8|           8|           8|
    |nm_2_fu_427_p2                    |     +    |      0|  0|  15|           1|           7|
    |p_Val2_23_1_fu_1206_p2            |     +    |      0|  0|  15|           8|           8|
    |p_Val2_23_2_fu_1345_p2            |     +    |      0|  0|  15|           8|           8|
    |p_Val2_23_3_fu_1484_p2            |     +    |      0|  0|  15|           8|           8|
    |p_Val2_s_fu_1067_p2               |     +    |      0|  0|  15|           8|           8|
    |sf_2_fu_499_p2                    |     +    |      0|  0|  16|           9|           1|
    |tmp1_fu_837_p2                    |     +    |      0|  0|   8|           8|           8|
    |tmp2_fu_857_p2                    |     +    |      0|  0|   8|           8|           8|
    |tmp3_fu_879_p2                    |     +    |      0|  0|   8|           8|           8|
    |tmp4_fu_902_p2                    |     +    |      0|  0|   8|           8|           8|
    |tmp_229_fu_487_p2                 |     +    |      0|  0|  21|          14|          14|
    |ap_block_state4_pp0_stage0_iter2  |    and   |      0|  0|   2|           1|           1|
    |ap_block_state6_pp0_stage0_iter4  |    and   |      0|  0|   2|           1|           1|
    |qb_assign_2_1_fu_849_p2           |    and   |      0|  0|   2|           1|           1|
    |qb_assign_2_2_fu_871_p2           |    and   |      0|  0|   2|           1|           1|
    |qb_assign_2_3_fu_894_p2           |    and   |      0|  0|   2|           1|           1|
    |qb_assign_2_fu_829_p2             |    and   |      0|  0|   2|           1|           1|
    |tmp_259_mid_fu_421_p2             |    and   |      0|  0|   2|           1|           1|
    |exitcond_flatten3_fu_379_p2       |   icmp   |      0|  0|  13|          16|          15|
    |exitcond_flatten_fu_367_p2        |   icmp   |      0|  0|  18|          25|          26|
    |tmp_235_fu_598_p2                 |   icmp   |      0|  0|  11|           6|           1|
    |tmp_249_fu_493_p2                 |   icmp   |      0|  0|  13|           9|           8|
    |tmp_279_1_fu_668_p2               |   icmp   |      0|  0|  11|           6|           1|
    |tmp_279_2_fu_738_p2               |   icmp   |      0|  0|  11|           6|           1|
    |tmp_279_3_fu_808_p2               |   icmp   |      0|  0|  11|           6|           1|
    |tmp_888_fu_415_p2                 |   icmp   |      0|  0|  13|           9|          10|
    |ap_block_pp0_stage0_01001         |    or    |      0|  0|   2|           1|           1|
    |ap_block_state1                   |    or    |      0|  0|   2|           1|           1|
    |tmp_232_fu_574_p2                 |    or    |      0|  0|   2|           1|           1|
    |tmp_238_fu_644_p2                 |    or    |      0|  0|   2|           1|           1|
    |tmp_242_fu_714_p2                 |    or    |      0|  0|   2|           1|           1|
    |tmp_246_fu_784_p2                 |    or    |      0|  0|   2|           1|           1|
    |tmp_865_fu_433_p2                 |    or    |      0|  0|   2|           1|           1|
    |indvar_flatten_next_fu_511_p3     |  select  |      0|  0|  16|           1|           1|
    |nm_mid2_fu_475_p3                 |  select  |      0|  0|   7|           1|           7|
    |nm_mid_fu_385_p3                  |  select  |      0|  0|   7|           1|           1|
    |nm_t_mid2_fu_467_p3               |  select  |      0|  0|   6|           1|           6|
    |nm_t_mid_fu_401_p3                |  select  |      0|  0|   6|           1|           1|
    |sf_mid2_fu_439_p3                 |  select  |      0|  0|   9|           1|           1|
    |tmp_258_mid2_fu_459_p3            |  select  |      0|  0|  14|           1|          14|
    |tmp_258_mid_fu_393_p3             |  select  |      0|  0|  14|           1|           1|
    |ap_enable_pp0                     |    xor   |      0|  0|   2|           1|           2|
    |ap_enable_reg_pp0_iter1           |    xor   |      0|  0|   2|           2|           1|
    |not_exitcond_flatten_fu_409_p2    |    xor   |      0|  0|   2|           1|           2|
    +----------------------------------+----------+-------+---+----+------------+------------+
    |Total                             |          |      0|  0| 609|         271|         290|
    +----------------------------------+----------+-------+---+----+------------+------------+

    * Multiplexer: 
    +---------------------------+----+-----------+-----+-----------+
    |            Name           | LUT| Input Size| Bits| Total Bits|
    +---------------------------+----+-----------+-----+-----------+
    |ap_NS_fsm                  |  21|          4|    1|          4|
    |ap_done                    |   9|          2|    1|          2|
    |ap_enable_reg_pp0_iter1    |   9|          2|    1|          2|
    |ap_enable_reg_pp0_iter4    |   9|          2|    1|          2|
    |in_V_V_blk_n               |   9|          2|    1|          2|
    |indvar_flatten3_reg_291    |   9|          2|   25|         50|
    |indvar_flatten_reg_302     |   9|          2|   16|         32|
    |macRegisters_0_V_8_fu_210  |   9|          2|    8|         16|
    |macRegisters_1_V_8_fu_214  |   9|          2|    8|         16|
    |macRegisters_2_V_8_fu_218  |   9|          2|    8|         16|
    |macRegisters_3_V_8_fu_222  |   9|          2|    8|         16|
    |nm_reg_313                 |   9|          2|    7|         14|
    |out_V_V_blk_n              |   9|          2|    1|          2|
    |real_start                 |   9|          2|    1|          2|
    |sf_reg_324                 |   9|          2|    9|         18|
    +---------------------------+----+-----------+-----+-----------+
    |Total                      | 147|         32|   96|        194|
    +---------------------------+----+-----------+-----+-----------+

    * Register: 
    +---------------------------+----+----+-----+-----------+
    |            Name           | FF | LUT| Bits| Const Bits|
    +---------------------------+----+----+-----+-----------+
    |ap_CS_fsm                  |   3|   0|    3|          0|
    |ap_done_reg                |   1|   0|    1|          0|
    |ap_enable_reg_pp0_iter0    |   1|   0|    1|          0|
    |ap_enable_reg_pp0_iter1    |   1|   0|    1|          0|
    |ap_enable_reg_pp0_iter2    |   1|   0|    1|          0|
    |ap_enable_reg_pp0_iter3    |   1|   0|    1|          0|
    |ap_enable_reg_pp0_iter4    |   1|   0|    1|          0|
    |exitcond_flatten_reg_1527  |   1|   0|    1|          0|
    |indvar_flatten3_reg_291    |  25|   0|   25|          0|
    |indvar_flatten_reg_302     |  16|   0|   16|          0|
    |macRegisters_0_V_8_fu_210  |   8|   0|    8|          0|
    |macRegisters_1_V_8_fu_214  |   8|   0|    8|          0|
    |macRegisters_2_V_8_fu_218  |   8|   0|    8|          0|
    |macRegisters_3_V_8_fu_222  |   8|   0|    8|          0|
    |nm_reg_313                 |   7|   0|    7|          0|
    |nm_t_mid2_reg_1536         |   6|   0|    6|          0|
    |p_Val2_23_1_reg_1653       |   8|   0|    8|          0|
    |p_Val2_23_2_reg_1658       |   8|   0|    8|          0|
    |p_Val2_23_3_reg_1663       |   8|   0|    8|          0|
    |p_Val2_s_reg_1648          |   8|   0|    8|          0|
    |sf_reg_324                 |   9|   0|    9|          0|
    |start_once_reg             |   1|   0|    1|          0|
    |tmp_1011_reg_1593          |   1|   0|    1|          0|
    |tmp_1014_reg_1608          |   1|   0|    1|          0|
    |tmp_1017_reg_1623          |   1|   0|    1|          0|
    |tmp_1020_reg_1638          |   1|   0|    1|          0|
    |tmp_164_reg_1588           |   7|   0|    7|          0|
    |tmp_167_reg_1603           |   8|   0|    8|          0|
    |tmp_169_reg_1618           |   7|   0|    7|          0|
    |tmp_172_reg_1633           |   7|   0|    7|          0|
    |tmp_229_reg_1549           |  14|   0|   14|          0|
    |tmp_235_reg_1598           |   1|   0|    1|          0|
    |tmp_249_reg_1554           |   1|   0|    1|          0|
    |tmp_279_1_reg_1613         |   1|   0|    1|          0|
    |tmp_279_2_reg_1628         |   1|   0|    1|          0|
    |tmp_279_3_reg_1643         |   1|   0|    1|          0|
    |exitcond_flatten_reg_1527  |  64|  32|    1|          0|
    |nm_t_mid2_reg_1536         |  64|  32|    6|          0|
    |tmp_249_reg_1554           |  64|  32|    1|          0|
    +---------------------------+----+----+-----+-----------+
    |Total                      | 382|  96|  198|          0|
    +---------------------------+----+----+-----+-----------+



================================================================
== Interface
================================================================
* Summary: 
+----------------+-----+-----+------------+-----------------+--------------+
|    RTL Ports   | Dir | Bits|  Protocol  |  Source Object  |    C Type    |
+----------------+-----+-----+------------+-----------------+--------------+
|ap_clk          |  in |    1| ap_ctrl_hs | Conv1DMac_new.1 | return value |
|ap_rst          |  in |    1| ap_ctrl_hs | Conv1DMac_new.1 | return value |
|ap_start        |  in |    1| ap_ctrl_hs | Conv1DMac_new.1 | return value |
|start_full_n    |  in |    1| ap_ctrl_hs | Conv1DMac_new.1 | return value |
|ap_done         | out |    1| ap_ctrl_hs | Conv1DMac_new.1 | return value |
|ap_continue     |  in |    1| ap_ctrl_hs | Conv1DMac_new.1 | return value |
|ap_idle         | out |    1| ap_ctrl_hs | Conv1DMac_new.1 | return value |
|ap_ready        | out |    1| ap_ctrl_hs | Conv1DMac_new.1 | return value |
|start_out       | out |    1| ap_ctrl_hs | Conv1DMac_new.1 | return value |
|start_write     | out |    1| ap_ctrl_hs | Conv1DMac_new.1 | return value |
|in_V_V_dout     |  in |    8|   ap_fifo  |      in_V_V     |    pointer   |
|in_V_V_empty_n  |  in |    1|   ap_fifo  |      in_V_V     |    pointer   |
|in_V_V_read     | out |    1|   ap_fifo  |      in_V_V     |    pointer   |
|out_V_V_din     | out |   32|   ap_fifo  |     out_V_V     |    pointer   |
|out_V_V_full_n  |  in |    1|   ap_fifo  |     out_V_V     |    pointer   |
|out_V_V_write   | out |    1|   ap_fifo  |     out_V_V     |    pointer   |
+----------------+-----+-----+------------+-----------------+--------------+

