

================================================================
== Vivado HLS Report for 'Conv1DMac_new417'
================================================================
* Date:           Wed Apr 26 23:44:03 2023

* Version:        2018.2 (Build 2258646 on Thu Jun 14 20:25:20 MDT 2018)
* Project:        S3
* Solution:       solution1
* Product family: zynq
* Target device:  xc7z045ffg900-2


================================================================
== Performance Estimates
================================================================
+ Timing (ns): 
    * Summary: 
    +--------+-------+----------+------------+
    |  Clock | Target| Estimated| Uncertainty|
    +--------+-------+----------+------------+
    |ap_clk  |  10.00|     8.198|        1.25|
    +--------+-------+----------+------------+

+ Latency (clock cycles): 
    * Summary: 
    +---------+---------+---------+---------+---------+
    |      Latency      |      Interval     | Pipeline|
    |   min   |   max   |   min   |   max   |   Type  |
    +---------+---------+---------+---------+---------+
    |  1048581|  1048581|  1048581|  1048581|   none  |
    +---------+---------+---------+---------+---------+

    + Detail: 
        * Instance: 
        N/A

        * Loop: 
        +-----------------------------------------------------+---------+---------+----------+-----------+-----------+---------+----------+
        |                                                     |      Latency      | Iteration|  Initiation Interval  |   Trip  |          |
        |                      Loop Name                      |   min   |   max   |  Latency |  achieved |   target  |  Count  | Pipelined|
        +-----------------------------------------------------+---------+---------+----------+-----------+-----------+---------+----------+
        |- loop_ofmChannels_loop_neuronFold_loop_synapseFold  |  1048579|  1048579|         5|          1|          1|  1048576|    yes   |
        +-----------------------------------------------------+---------+---------+----------+-----------+-----------+---------+----------+



================================================================
== Utilization Estimates
================================================================
* Summary: 
+-----------------+---------+-------+--------+--------+
|       Name      | BRAM_18K| DSP48E|   FF   |   LUT  |
+-----------------+---------+-------+--------+--------+
|DSP              |        -|      -|       -|       -|
|Expression       |        -|      0|       0|     605|
|FIFO             |        -|      -|       -|       -|
|Instance         |        -|      -|       0|      68|
|Memory           |       24|      -|       0|       0|
|Multiplexer      |        -|      -|       -|     147|
|Register         |        0|      -|     377|      96|
+-----------------+---------+-------+--------+--------+
|Total            |       24|      0|     377|     916|
+-----------------+---------+-------+--------+--------+
|Available        |     1090|    900|  437200|  218600|
+-----------------+---------+-------+--------+--------+
|Utilization (%)  |        2|      0|   ~0   |   ~0   |
+-----------------+---------+-------+--------+--------+

+ Detail: 
    * Instance: 
    +---------------------------------------+----------------------------------+---------+-------+---+----+
    |                Instance               |              Module              | BRAM_18K| DSP48E| FF| LUT|
    +---------------------------------------+----------------------------------+---------+-------+---+----+
    |computeS3_mux_646yd2_x_x_x_x_x_x_U148  |computeS3_mux_646yd2_x_x_x_x_x_x  |        0|      0|  0|  17|
    |computeS3_mux_646yd2_x_x_x_x_x_x_U149  |computeS3_mux_646yd2_x_x_x_x_x_x  |        0|      0|  0|  17|
    |computeS3_mux_646yd2_x_x_x_x_x_x_U150  |computeS3_mux_646yd2_x_x_x_x_x_x  |        0|      0|  0|  17|
    |computeS3_mux_646yd2_x_x_x_x_x_x_U151  |computeS3_mux_646yd2_x_x_x_x_x_x  |        0|      0|  0|  17|
    +---------------------------------------+----------------------------------+---------+-------+---+----+
    |Total                                  |                                  |        0|      0|  0|  68|
    +---------------------------------------+----------------------------------+---------+-------+---+----+

    * DSP48: 
    N/A

    * Memory: 
    +-------------------------+----------------------+---------+---+----+-------+-----+------+-------------+
    |          Memory         |        Module        | BRAM_18K| FF| LUT| Words | Bits| Banks| W*Bits*Banks|
    +-------------------------+----------------------+---------+---+----+-------+-----+------+-------------+
    |weights17_m_weights_3_U  |Conv1DMac_new417_0iy  |        6|  0|   0|  16384|    6|     1|        98304|
    |weights17_m_weights_2_U  |Conv1DMac_new417_1iI  |        6|  0|   0|  16384|    6|     1|        98304|
    |weights17_m_weights_1_U  |Conv1DMac_new417_2iS  |        6|  0|   0|  16384|    6|     1|        98304|
    |weights17_m_weights_s_U  |Conv1DMac_new417_3i2  |        6|  0|   0|  16384|    6|     1|        98304|
    +-------------------------+----------------------+---------+---+----+-------+-----+------+-------------+
    |Total                    |                      |       24|  0|   0|  65536|   24|     4|       393216|
    +-------------------------+----------------------+---------+---+----+-------+-----+------+-------------+

    * FIFO: 
    N/A

    * Expression: 
    +----------------------------------+----------+-------+---+----+------------+------------+
    |           Variable Name          | Operation| DSP48E| FF| LUT| Bitwidth P0| Bitwidth P1|
    +----------------------------------+----------+-------+---+----+------------+------------+
    |p_Val2_1_fu_556_p2                |     *    |      0|  0|  41|           6|           8|
    |p_Val2_2_fu_626_p2                |     *    |      0|  0|  41|           6|           8|
    |p_Val2_3_fu_696_p2                |     *    |      0|  0|  41|           6|           8|
    |p_Val2_s_fu_486_p2                |     *    |      0|  0|  41|           6|           8|
    |indvar_flatten_next6_fu_325_p2    |     +    |      0|  0|  28|           1|          21|
    |indvar_flatten_op_fu_457_p2       |     +    |      0|  0|  23|          16|           1|
    |macRegisters_0_V_fu_791_p2        |     +    |      0|  0|   8|           8|           8|
    |macRegisters_1_V_fu_814_p2        |     +    |      0|  0|   8|           8|           8|
    |macRegisters_2_V_fu_837_p2        |     +    |      0|  0|   8|           8|           8|
    |macRegisters_3_V_fu_860_p2        |     +    |      0|  0|   8|           8|           8|
    |nm_1_fu_379_p2                    |     +    |      0|  0|  15|           1|           7|
    |p_Val2_21_1_fu_1158_p2            |     +    |      0|  0|  15|           8|           8|
    |p_Val2_21_2_fu_1297_p2            |     +    |      0|  0|  15|           8|           8|
    |p_Val2_21_3_fu_1436_p2            |     +    |      0|  0|  15|           8|           8|
    |p_Val2_7_fu_1019_p2               |     +    |      0|  0|  15|           8|           8|
    |sf_1_fu_451_p2                    |     +    |      0|  0|  16|           9|           1|
    |tmp1_fu_785_p2                    |     +    |      0|  0|   8|           8|           8|
    |tmp2_fu_808_p2                    |     +    |      0|  0|   8|           8|           8|
    |tmp3_fu_831_p2                    |     +    |      0|  0|   8|           8|           8|
    |tmp4_fu_854_p2                    |     +    |      0|  0|   8|           8|           8|
    |tmp_106_fu_439_p2                 |     +    |      0|  0|  21|          14|          14|
    |ap_block_state4_pp0_stage0_iter2  |    and   |      0|  0|   2|           1|           1|
    |ap_block_state6_pp0_stage0_iter4  |    and   |      0|  0|   2|           1|           1|
    |qb_assign_1_1_fu_800_p2           |    and   |      0|  0|   2|           1|           1|
    |qb_assign_1_2_fu_823_p2           |    and   |      0|  0|   2|           1|           1|
    |qb_assign_1_3_fu_846_p2           |    and   |      0|  0|   2|           1|           1|
    |qb_assign_1_fu_777_p2             |    and   |      0|  0|   2|           1|           1|
    |tmp_108_mid_fu_373_p2             |    and   |      0|  0|   2|           1|           1|
    |exitcond_flatten6_fu_319_p2       |   icmp   |      0|  0|  18|          21|          22|
    |exitcond_flatten_fu_331_p2        |   icmp   |      0|  0|  13|          16|          15|
    |tmp_108_fu_546_p2                 |   icmp   |      0|  0|  11|           6|           1|
    |tmp_111_fu_445_p2                 |   icmp   |      0|  0|  13|           9|           8|
    |tmp_255_1_fu_616_p2               |   icmp   |      0|  0|  11|           6|           1|
    |tmp_255_2_fu_686_p2               |   icmp   |      0|  0|  11|           6|           1|
    |tmp_255_3_fu_756_p2               |   icmp   |      0|  0|  11|           6|           1|
    |tmp_882_fu_367_p2                 |   icmp   |      0|  0|  13|           9|          10|
    |ap_block_pp0_stage0_01001         |    or    |      0|  0|   2|           1|           1|
    |ap_block_state1                   |    or    |      0|  0|   2|           1|           1|
    |tmp_100_fu_662_p2                 |    or    |      0|  0|   2|           1|           1|
    |tmp_104_fu_732_p2                 |    or    |      0|  0|   2|           1|           1|
    |tmp_853_fu_385_p2                 |    or    |      0|  0|   2|           1|           1|
    |tmp_92_fu_522_p2                  |    or    |      0|  0|   2|           1|           1|
    |tmp_96_fu_592_p2                  |    or    |      0|  0|   2|           1|           1|
    |indvar_flatten_next_fu_463_p3     |  select  |      0|  0|  16|           1|           1|
    |nm_mid2_fu_427_p3                 |  select  |      0|  0|   7|           1|           7|
    |nm_mid_fu_337_p3                  |  select  |      0|  0|   7|           1|           1|
    |nm_t_mid2_fu_419_p3               |  select  |      0|  0|   6|           1|           6|
    |nm_t_mid_fu_353_p3                |  select  |      0|  0|   6|           1|           1|
    |sf_mid2_fu_391_p3                 |  select  |      0|  0|   9|           1|           1|
    |tmp_107_mid2_fu_411_p3            |  select  |      0|  0|  14|           1|          14|
    |tmp_107_mid_fu_345_p3             |  select  |      0|  0|  14|           1|           1|
    |ap_enable_pp0                     |    xor   |      0|  0|   2|           1|           2|
    |ap_enable_reg_pp0_iter1           |    xor   |      0|  0|   2|           2|           1|
    |not_exitcond_flatten_fu_361_p2    |    xor   |      0|  0|   2|           1|           2|
    +----------------------------------+----------+-------+---+----+------------+------------+
    |Total                             |          |      0|  0| 605|         266|         282|
    +----------------------------------+----------+-------+---+----+------------+------------+

    * Multiplexer: 
    +---------------------------+----+-----------+-----+-----------+
    |            Name           | LUT| Input Size| Bits| Total Bits|
    +---------------------------+----+-----------+-----+-----------+
    |ap_NS_fsm                  |  21|          4|    1|          4|
    |ap_done                    |   9|          2|    1|          2|
    |ap_enable_reg_pp0_iter1    |   9|          2|    1|          2|
    |ap_enable_reg_pp0_iter4    |   9|          2|    1|          2|
    |in_V_V_blk_n               |   9|          2|    1|          2|
    |indvar_flatten6_reg_243    |   9|          2|   21|         42|
    |indvar_flatten_reg_254     |   9|          2|   16|         32|
    |macRegisters_0_V_2_fu_162  |   9|          2|    8|         16|
    |macRegisters_1_V_2_fu_166  |   9|          2|    8|         16|
    |macRegisters_2_V_2_fu_170  |   9|          2|    8|         16|
    |macRegisters_3_V_2_fu_174  |   9|          2|    8|         16|
    |nm_reg_265                 |   9|          2|    7|         14|
    |out_V_V_blk_n              |   9|          2|    1|          2|
    |real_start                 |   9|          2|    1|          2|
    |sf_reg_276                 |   9|          2|    9|         18|
    +---------------------------+----+-----------+-----+-----------+
    |Total                      | 147|         32|   92|        186|
    +---------------------------+----+-----------+-----+-----------+

    * Register: 
    +----------------------------+----+----+-----+-----------+
    |            Name            | FF | LUT| Bits| Const Bits|
    +----------------------------+----+----+-----+-----------+
    |ap_CS_fsm                   |   3|   0|    3|          0|
    |ap_done_reg                 |   1|   0|    1|          0|
    |ap_enable_reg_pp0_iter0     |   1|   0|    1|          0|
    |ap_enable_reg_pp0_iter1     |   1|   0|    1|          0|
    |ap_enable_reg_pp0_iter2     |   1|   0|    1|          0|
    |ap_enable_reg_pp0_iter3     |   1|   0|    1|          0|
    |ap_enable_reg_pp0_iter4     |   1|   0|    1|          0|
    |exitcond_flatten6_reg_1479  |   1|   0|    1|          0|
    |indvar_flatten6_reg_243     |  21|   0|   21|          0|
    |indvar_flatten_reg_254      |  16|   0|   16|          0|
    |macRegisters_0_V_2_fu_162   |   8|   0|    8|          0|
    |macRegisters_1_V_2_fu_166   |   8|   0|    8|          0|
    |macRegisters_2_V_2_fu_170   |   8|   0|    8|          0|
    |macRegisters_3_V_2_fu_174   |   8|   0|    8|          0|
    |nm_reg_265                  |   7|   0|    7|          0|
    |nm_t_mid2_reg_1488          |   6|   0|    6|          0|
    |p_Val2_21_1_reg_1605        |   8|   0|    8|          0|
    |p_Val2_21_2_reg_1610        |   8|   0|    8|          0|
    |p_Val2_21_3_reg_1615        |   8|   0|    8|          0|
    |p_Val2_7_reg_1600           |   8|   0|    8|          0|
    |sf_reg_276                  |   9|   0|    9|          0|
    |start_once_reg              |   1|   0|    1|          0|
    |tmp_106_reg_1501            |  14|   0|   14|          0|
    |tmp_108_reg_1550            |   1|   0|    1|          0|
    |tmp_111_reg_1506            |   1|   0|    1|          0|
    |tmp_255_1_reg_1565          |   1|   0|    1|          0|
    |tmp_255_2_reg_1580          |   1|   0|    1|          0|
    |tmp_255_3_reg_1595          |   1|   0|    1|          0|
    |tmp_67_reg_1540             |   7|   0|    7|          0|
    |tmp_70_reg_1555             |   7|   0|    7|          0|
    |tmp_73_reg_1570             |   7|   0|    7|          0|
    |tmp_76_reg_1585             |   7|   0|    7|          0|
    |tmp_926_reg_1545            |   1|   0|    1|          0|
    |tmp_929_reg_1560            |   1|   0|    1|          0|
    |tmp_932_reg_1575            |   1|   0|    1|          0|
    |tmp_935_reg_1590            |   1|   0|    1|          0|
    |exitcond_flatten6_reg_1479  |  64|  32|    1|          0|
    |nm_t_mid2_reg_1488          |  64|  32|    6|          0|
    |tmp_111_reg_1506            |  64|  32|    1|          0|
    +----------------------------+----+----+-----+-----------+
    |Total                       | 377|  96|  193|          0|
    +----------------------------+----+----+-----+-----------+



================================================================
== Interface
================================================================
* Summary: 
+----------------+-----+-----+------------+------------------+--------------+
|    RTL Ports   | Dir | Bits|  Protocol  |   Source Object  |    C Type    |
+----------------+-----+-----+------------+------------------+--------------+
|ap_clk          |  in |    1| ap_ctrl_hs | Conv1DMac_new417 | return value |
|ap_rst          |  in |    1| ap_ctrl_hs | Conv1DMac_new417 | return value |
|ap_start        |  in |    1| ap_ctrl_hs | Conv1DMac_new417 | return value |
|start_full_n    |  in |    1| ap_ctrl_hs | Conv1DMac_new417 | return value |
|ap_done         | out |    1| ap_ctrl_hs | Conv1DMac_new417 | return value |
|ap_continue     |  in |    1| ap_ctrl_hs | Conv1DMac_new417 | return value |
|ap_idle         | out |    1| ap_ctrl_hs | Conv1DMac_new417 | return value |
|ap_ready        | out |    1| ap_ctrl_hs | Conv1DMac_new417 | return value |
|start_out       | out |    1| ap_ctrl_hs | Conv1DMac_new417 | return value |
|start_write     | out |    1| ap_ctrl_hs | Conv1DMac_new417 | return value |
|in_V_V_dout     |  in |    8|   ap_fifo  |      in_V_V      |    pointer   |
|in_V_V_empty_n  |  in |    1|   ap_fifo  |      in_V_V      |    pointer   |
|in_V_V_read     | out |    1|   ap_fifo  |      in_V_V      |    pointer   |
|out_V_V_din     | out |   32|   ap_fifo  |      out_V_V     |    pointer   |
|out_V_V_full_n  |  in |    1|   ap_fifo  |      out_V_V     |    pointer   |
|out_V_V_write   | out |    1|   ap_fifo  |      out_V_V     |    pointer   |
+----------------+-----+-----+------------+------------------+--------------+

