

================================================================
== Vivado HLS Report for 'Conv1DMac_new397'
================================================================
* Date:           Wed Apr 26 23:43:43 2023

* Version:        2018.2 (Build 2258646 on Thu Jun 14 20:25:20 MDT 2018)
* Project:        S3
* Solution:       solution1
* Product family: zynq
* Target device:  xc7z045ffg900-2


================================================================
== Performance Estimates
================================================================
+ Timing (ns): 
    * Summary: 
    +--------+-------+----------+------------+
    |  Clock | Target| Estimated| Uncertainty|
    +--------+-------+----------+------------+
    |ap_clk  |  10.00|     7.629|        1.25|
    +--------+-------+----------+------------+

+ Latency (clock cycles): 
    * Summary: 
    +----------+----------+----------+----------+---------+
    |       Latency       |       Interval      | Pipeline|
    |    min   |    max   |    min   |    max   |   Type  |
    +----------+----------+----------+----------+---------+
    |  16777221|  16777221|  16777221|  16777221|   none  |
    +----------+----------+----------+----------+---------+

    + Detail: 
        * Instance: 
        N/A

        * Loop: 
        +-----------------------------------------------------+----------+----------+----------+-----------+-----------+----------+----------+
        |                                                     |       Latency       | Iteration|  Initiation Interval  |   Trip   |          |
        |                      Loop Name                      |    min   |    max   |  Latency |  achieved |   target  |   Count  | Pipelined|
        +-----------------------------------------------------+----------+----------+----------+-----------+-----------+----------+----------+
        |- loop_ofmChannels_loop_neuronFold_loop_synapseFold  |  16777219|  16777219|         5|          1|          1|  16777216|    yes   |
        +-----------------------------------------------------+----------+----------+----------+-----------+-----------+----------+----------+



================================================================
== Utilization Estimates
================================================================
* Summary: 
+-----------------+---------+-------+--------+--------+
|       Name      | BRAM_18K| DSP48E|   FF   |   LUT  |
+-----------------+---------+-------+--------+--------+
|DSP              |        -|      -|       -|       -|
|Expression       |        -|      0|       0|     665|
|FIFO             |        -|      -|       -|       -|
|Instance         |        -|      -|       0|      68|
|Memory           |       20|      -|       0|       0|
|Multiplexer      |        -|      -|       -|     147|
|Register         |        0|      -|     369|      96|
+-----------------+---------+-------+--------+--------+
|Total            |       20|      0|     369|     976|
+-----------------+---------+-------+--------+--------+
|Available        |     1090|    900|  437200|  218600|
+-----------------+---------+-------+--------+--------+
|Utilization (%)  |        1|      0|   ~0   |   ~0   |
+-----------------+---------+-------+--------+--------+

+ Detail: 
    * Instance: 
    +--------------------------+----------------------+---------+-------+---+----+
    |         Instance         |        Module        | BRAM_18K| DSP48E| FF| LUT|
    +--------------------------+----------------------+---------+-------+---+----+
    |computeS3_mux_646yd2_U27  |computeS3_mux_646yd2  |        0|      0|  0|  17|
    |computeS3_mux_646yd2_U28  |computeS3_mux_646yd2  |        0|      0|  0|  17|
    |computeS3_mux_646yd2_U29  |computeS3_mux_646yd2  |        0|      0|  0|  17|
    |computeS3_mux_646yd2_U30  |computeS3_mux_646yd2  |        0|      0|  0|  17|
    +--------------------------+----------------------+---------+-------+---+----+
    |Total                     |                      |        0|      0|  0|  68|
    +--------------------------+----------------------+---------+-------+---+----+

    * DSP48: 
    N/A

    * Memory: 
    +-------------------------+----------------------+---------+---+----+-------+-----+------+-------------+
    |          Memory         |        Module        | BRAM_18K| FF| LUT| Words | Bits| Banks| W*Bits*Banks|
    +-------------------------+----------------------+---------+---+----+-------+-----+------+-------------+
    |weights11_m_weights_3_U  |Conv1DMac_new397_udo  |        5|  0|   0|  16384|    5|     1|        81920|
    |weights11_m_weights_2_U  |Conv1DMac_new397_vdy  |        5|  0|   0|  16384|    5|     1|        81920|
    |weights11_m_weights_1_U  |Conv1DMac_new397_wdI  |        5|  0|   0|  16384|    5|     1|        81920|
    |weights11_m_weights_s_U  |Conv1DMac_new397_xdS  |        5|  0|   0|  16384|    5|     1|        81920|
    +-------------------------+----------------------+---------+---+----+-------+-----+------+-------------+
    |Total                    |                      |       20|  0|   0|  65536|   20|     4|       327680|
    +-------------------------+----------------------+---------+---+----+-------+-----+------+-------------+

    * FIFO: 
    N/A

    * Expression: 
    +----------------------------------+----------+-------+---+----+------------+------------+
    |           Variable Name          | Operation| DSP48E| FF| LUT| Bitwidth P0| Bitwidth P1|
    +----------------------------------+----------+-------+---+----+------------+------------+
    |p_Val2_1_fu_541_p2                |     *    |      0|  0|  41|           8|           5|
    |p_Val2_2_fu_630_p2                |     *    |      0|  0|  41|           8|           5|
    |p_Val2_3_fu_719_p2                |     *    |      0|  0|  41|           8|           5|
    |p_Val2_s_fu_452_p2                |     *    |      0|  0|  41|           8|           5|
    |indvar_flatten_next1_fu_293_p2    |     +    |      0|  0|  32|           1|          25|
    |indvar_flatten_op_fu_425_p2       |     +    |      0|  0|  23|          16|           1|
    |macRegisters_0_V_fu_820_p2        |     +    |      0|  0|  15|           8|           8|
    |macRegisters_1_V_fu_829_p2        |     +    |      0|  0|  15|           8|           8|
    |macRegisters_2_V_fu_838_p2        |     +    |      0|  0|  15|           8|           8|
    |macRegisters_3_V_fu_847_p2        |     +    |      0|  0|  15|           8|           8|
    |nm_2_fu_347_p2                    |     +    |      0|  0|  15|           1|           7|
    |p_Val2_23_1_fu_1145_p2            |     +    |      0|  0|  15|           8|           8|
    |p_Val2_23_2_fu_1284_p2            |     +    |      0|  0|  15|           8|           8|
    |p_Val2_23_3_fu_1423_p2            |     +    |      0|  0|  15|           8|           8|
    |p_Val2_4_fu_1006_p2               |     +    |      0|  0|  15|           8|           8|
    |sf_2_fu_419_p2                    |     +    |      0|  0|  16|           9|           1|
    |tmp1_fu_532_p2                    |     +    |      0|  0|  15|           7|           7|
    |tmp2_fu_621_p2                    |     +    |      0|  0|  15|           7|           7|
    |tmp3_fu_710_p2                    |     +    |      0|  0|  15|           7|           7|
    |tmp4_fu_799_p2                    |     +    |      0|  0|  15|           7|           7|
    |tmp_206_fu_407_p2                 |     +    |      0|  0|  21|          14|          14|
    |ap_block_state4_pp0_stage0_iter2  |    and   |      0|  0|   2|           1|           1|
    |ap_block_state6_pp0_stage0_iter4  |    and   |      0|  0|   2|           1|           1|
    |qb_assign_2_1_fu_611_p2           |    and   |      0|  0|   2|           1|           1|
    |qb_assign_2_2_fu_700_p2           |    and   |      0|  0|   2|           1|           1|
    |qb_assign_2_3_fu_789_p2           |    and   |      0|  0|   2|           1|           1|
    |qb_assign_2_fu_522_p2             |    and   |      0|  0|   2|           1|           1|
    |tmp_235_mid_fu_341_p2             |    and   |      0|  0|   2|           1|           1|
    |exitcond_flatten2_fu_299_p2       |   icmp   |      0|  0|  13|          16|          15|
    |exitcond_flatten_fu_287_p2        |   icmp   |      0|  0|  18|          25|          26|
    |tmp_212_fu_516_p2                 |   icmp   |      0|  0|  11|           6|           1|
    |tmp_226_fu_413_p2                 |   icmp   |      0|  0|  13|           9|           8|
    |tmp_279_1_fu_605_p2               |   icmp   |      0|  0|  11|           6|           1|
    |tmp_279_2_fu_694_p2               |   icmp   |      0|  0|  11|           6|           1|
    |tmp_279_3_fu_783_p2               |   icmp   |      0|  0|  11|           6|           1|
    |tmp_887_fu_335_p2                 |   icmp   |      0|  0|  13|           9|          10|
    |ap_block_pp0_stage0_01001         |    or    |      0|  0|   2|           1|           1|
    |ap_block_state1                   |    or    |      0|  0|   2|           1|           1|
    |tmp_209_fu_492_p2                 |    or    |      0|  0|   2|           1|           1|
    |tmp_215_fu_581_p2                 |    or    |      0|  0|   2|           1|           1|
    |tmp_219_fu_670_p2                 |    or    |      0|  0|   2|           1|           1|
    |tmp_223_fu_759_p2                 |    or    |      0|  0|   2|           1|           1|
    |tmp_863_fu_353_p2                 |    or    |      0|  0|   2|           1|           1|
    |indvar_flatten_next_fu_431_p3     |  select  |      0|  0|  16|           1|           1|
    |nm_mid2_fu_395_p3                 |  select  |      0|  0|   7|           1|           7|
    |nm_mid_fu_305_p3                  |  select  |      0|  0|   7|           1|           1|
    |nm_t_mid2_fu_387_p3               |  select  |      0|  0|   6|           1|           6|
    |nm_t_mid_fu_321_p3                |  select  |      0|  0|   6|           1|           1|
    |sf_mid2_fu_359_p3                 |  select  |      0|  0|   9|           1|           1|
    |tmp_234_mid2_fu_379_p3            |  select  |      0|  0|  14|           1|          14|
    |tmp_234_mid_fu_313_p3             |  select  |      0|  0|  14|           1|           1|
    |ap_enable_pp0                     |    xor   |      0|  0|   2|           1|           2|
    |ap_enable_reg_pp0_iter1           |    xor   |      0|  0|   2|           2|           1|
    |not_exitcond_flatten_fu_329_p2    |    xor   |      0|  0|   2|           1|           2|
    +----------------------------------+----------+-------+---+----+------------+------------+
    |Total                             |          |      0|  0| 665|         274|         274|
    +----------------------------------+----------+-------+---+----+------------+------------+

    * Multiplexer: 
    +---------------------------+----+-----------+-----+-----------+
    |            Name           | LUT| Input Size| Bits| Total Bits|
    +---------------------------+----+-----------+-----+-----------+
    |ap_NS_fsm                  |  21|          4|    1|          4|
    |ap_done                    |   9|          2|    1|          2|
    |ap_enable_reg_pp0_iter1    |   9|          2|    1|          2|
    |ap_enable_reg_pp0_iter4    |   9|          2|    1|          2|
    |in_V_V_blk_n               |   9|          2|    1|          2|
    |indvar_flatten2_reg_211    |   9|          2|   25|         50|
    |indvar_flatten_reg_222     |   9|          2|   16|         32|
    |macRegisters_0_V_7_fu_130  |   9|          2|    8|         16|
    |macRegisters_1_V_7_fu_134  |   9|          2|    8|         16|
    |macRegisters_2_V_7_fu_138  |   9|          2|    8|         16|
    |macRegisters_3_V_7_fu_142  |   9|          2|    8|         16|
    |nm_reg_233                 |   9|          2|    7|         14|
    |out_V_V_blk_n              |   9|          2|    1|          2|
    |real_start                 |   9|          2|    1|          2|
    |sf_reg_244                 |   9|          2|    9|         18|
    +---------------------------+----+-----------+-----+-----------+
    |Total                      | 147|         32|   96|        194|
    +---------------------------+----+-----------+-----+-----------+

    * Register: 
    +---------------------------------+----+----+-----+-----------+
    |               Name              | FF | LUT| Bits| Const Bits|
    +---------------------------------+----+----+-----+-----------+
    |ap_CS_fsm                        |   3|   0|    3|          0|
    |ap_done_reg                      |   1|   0|    1|          0|
    |ap_enable_reg_pp0_iter0          |   1|   0|    1|          0|
    |ap_enable_reg_pp0_iter1          |   1|   0|    1|          0|
    |ap_enable_reg_pp0_iter2          |   1|   0|    1|          0|
    |ap_enable_reg_pp0_iter3          |   1|   0|    1|          0|
    |ap_enable_reg_pp0_iter4          |   1|   0|    1|          0|
    |exitcond_flatten_reg_1470        |   1|   0|    1|          0|
    |indvar_flatten2_reg_211          |  25|   0|   25|          0|
    |indvar_flatten_reg_222           |  16|   0|   16|          0|
    |macRegisters_0_V_7_fu_130        |   8|   0|    8|          0|
    |macRegisters_1_V_7_fu_134        |   8|   0|    8|          0|
    |macRegisters_2_V_7_fu_138        |   8|   0|    8|          0|
    |macRegisters_3_V_7_fu_142        |   8|   0|    8|          0|
    |nm_reg_233                       |   7|   0|    7|          0|
    |nm_t_mid2_reg_1479               |   6|   0|    6|          0|
    |sf_reg_244                       |   9|   0|    9|          0|
    |start_once_reg                   |   1|   0|    1|          0|
    |tmp1_reg_1556                    |   7|   0|    7|          0|
    |tmp2_reg_1561                    |   7|   0|    7|          0|
    |tmp3_reg_1566                    |   7|   0|    7|          0|
    |tmp4_reg_1571                    |   7|   0|    7|          0|
    |tmp_206_reg_1492                 |  14|   0|   14|          0|
    |tmp_226_reg_1497                 |   1|   0|    1|          0|
    |tmp_V_reg_1531                   |   8|   0|    8|          0|
    |weights11_m_weights_11_reg_1551  |   5|   0|    5|          0|
    |weights11_m_weights_5_reg_1536   |   5|   0|    5|          0|
    |weights11_m_weights_7_reg_1541   |   5|   0|    5|          0|
    |weights11_m_weights_9_reg_1546   |   5|   0|    5|          0|
    |exitcond_flatten_reg_1470        |  64|  32|    1|          0|
    |nm_t_mid2_reg_1479               |  64|  32|    6|          0|
    |tmp_226_reg_1497                 |  64|  32|    1|          0|
    +---------------------------------+----+----+-----+-----------+
    |Total                            | 369|  96|  185|          0|
    +---------------------------------+----+----+-----+-----------+



================================================================
== Interface
================================================================
* Summary: 
+----------------+-----+-----+------------+------------------+--------------+
|    RTL Ports   | Dir | Bits|  Protocol  |   Source Object  |    C Type    |
+----------------+-----+-----+------------+------------------+--------------+
|ap_clk          |  in |    1| ap_ctrl_hs | Conv1DMac_new397 | return value |
|ap_rst          |  in |    1| ap_ctrl_hs | Conv1DMac_new397 | return value |
|ap_start        |  in |    1| ap_ctrl_hs | Conv1DMac_new397 | return value |
|start_full_n    |  in |    1| ap_ctrl_hs | Conv1DMac_new397 | return value |
|ap_done         | out |    1| ap_ctrl_hs | Conv1DMac_new397 | return value |
|ap_continue     |  in |    1| ap_ctrl_hs | Conv1DMac_new397 | return value |
|ap_idle         | out |    1| ap_ctrl_hs | Conv1DMac_new397 | return value |
|ap_ready        | out |    1| ap_ctrl_hs | Conv1DMac_new397 | return value |
|start_out       | out |    1| ap_ctrl_hs | Conv1DMac_new397 | return value |
|start_write     | out |    1| ap_ctrl_hs | Conv1DMac_new397 | return value |
|in_V_V_dout     |  in |    8|   ap_fifo  |      in_V_V      |    pointer   |
|in_V_V_empty_n  |  in |    1|   ap_fifo  |      in_V_V      |    pointer   |
|in_V_V_read     | out |    1|   ap_fifo  |      in_V_V      |    pointer   |
|out_V_V_din     | out |   32|   ap_fifo  |      out_V_V     |    pointer   |
|out_V_V_full_n  |  in |    1|   ap_fifo  |      out_V_V     |    pointer   |
|out_V_V_write   | out |    1|   ap_fifo  |      out_V_V     |    pointer   |
+----------------+-----+-----+------------+------------------+--------------+

