

================================================================
== Vivado HLS Report for 'Conv1DMac_new409'
================================================================
* Date:           Wed Apr 26 23:43:52 2023

* Version:        2018.2 (Build 2258646 on Thu Jun 14 20:25:20 MDT 2018)
* Project:        S3
* Solution:       solution1
* Product family: zynq
* Target device:  xc7z045ffg900-2


================================================================
== Performance Estimates
================================================================
+ Timing (ns): 
    * Summary: 
    +--------+-------+----------+------------+
    |  Clock | Target| Estimated| Uncertainty|
    +--------+-------+----------+------------+
    |ap_clk  |  10.00|     8.198|        1.25|
    +--------+-------+----------+------------+

+ Latency (clock cycles): 
    * Summary: 
    +----------+----------+----------+----------+---------+
    |       Latency       |       Interval      | Pipeline|
    |    min   |    max   |    min   |    max   |   Type  |
    +----------+----------+----------+----------+---------+
    |  16777221|  16777221|  16777221|  16777221|   none  |
    +----------+----------+----------+----------+---------+

    + Detail: 
        * Instance: 
        N/A

        * Loop: 
        +-----------------------------------------------------+----------+----------+----------+-----------+-----------+----------+----------+
        |                                                     |       Latency       | Iteration|  Initiation Interval  |   Trip   |          |
        |                      Loop Name                      |    min   |    max   |  Latency |  achieved |   target  |   Count  | Pipelined|
        +-----------------------------------------------------+----------+----------+----------+-----------+-----------+----------+----------+
        |- loop_ofmChannels_loop_neuronFold_loop_synapseFold  |  16777219|  16777219|         5|          1|          1|  16777216|    yes   |
        +-----------------------------------------------------+----------+----------+----------+-----------+-----------+----------+----------+



================================================================
== Utilization Estimates
================================================================
* Summary: 
+-----------------+---------+-------+--------+--------+
|       Name      | BRAM_18K| DSP48E|   FF   |   LUT  |
+-----------------+---------+-------+--------+--------+
|DSP              |        -|      -|       -|       -|
|Expression       |        -|      0|       0|     609|
|FIFO             |        -|      -|       -|       -|
|Instance         |        -|      -|       0|      68|
|Memory           |       24|      -|       0|       0|
|Multiplexer      |        -|      -|       -|     147|
|Register         |        0|      -|     381|      96|
+-----------------+---------+-------+--------+--------+
|Total            |       24|      0|     381|     920|
+-----------------+---------+-------+--------+--------+
|Available        |     1090|    900|  437200|  218600|
+-----------------+---------+-------+--------+--------+
|Utilization (%)  |        2|      0|   ~0   |   ~0   |
+-----------------+---------+-------+--------+--------+

+ Detail: 
    * Instance: 
    +--------------------------------+----------------------------+---------+-------+---+----+
    |            Instance            |           Module           | BRAM_18K| DSP48E| FF| LUT|
    +--------------------------------+----------------------------+---------+-------+---+----+
    |computeS3_mux_646yd2_x_x_x_U87  |computeS3_mux_646yd2_x_x_x  |        0|      0|  0|  17|
    |computeS3_mux_646yd2_x_x_x_U88  |computeS3_mux_646yd2_x_x_x  |        0|      0|  0|  17|
    |computeS3_mux_646yd2_x_x_x_U89  |computeS3_mux_646yd2_x_x_x  |        0|      0|  0|  17|
    |computeS3_mux_646yd2_x_x_x_U90  |computeS3_mux_646yd2_x_x_x  |        0|      0|  0|  17|
    +--------------------------------+----------------------------+---------+-------+---+----+
    |Total                           |                            |        0|      0|  0|  68|
    +--------------------------------+----------------------------+---------+-------+---+----+

    * DSP48: 
    N/A

    * Memory: 
    +-------------------------+----------------------+---------+---+----+-------+-----+------+-------------+
    |          Memory         |        Module        | BRAM_18K| FF| LUT| Words | Bits| Banks| W*Bits*Banks|
    +-------------------------+----------------------+---------+---+----+-------+-----+------+-------------+
    |weights14_m_weights_3_U  |Conv1DMac_new409_KfY  |        6|  0|   0|  16384|    6|     1|        98304|
    |weights14_m_weights_2_U  |Conv1DMac_new409_Lf8  |        6|  0|   0|  16384|    6|     1|        98304|
    |weights14_m_weights_1_U  |Conv1DMac_new409_Mgi  |        6|  0|   0|  16384|    6|     1|        98304|
    |weights14_m_weights_s_U  |Conv1DMac_new409_Ngs  |        6|  0|   0|  16384|    6|     1|        98304|
    +-------------------------+----------------------+---------+---+----+-------+-----+------+-------------+
    |Total                    |                      |       24|  0|   0|  65536|   24|     4|       393216|
    +-------------------------+----------------------+---------+---+----+-------+-----+------+-------------+

    * FIFO: 
    N/A

    * Expression: 
    +----------------------------------+----------+-------+---+----+------------+------------+
    |           Variable Name          | Operation| DSP48E| FF| LUT| Bitwidth P0| Bitwidth P1|
    +----------------------------------+----------+-------+---+----+------------+------------+
    |p_Val2_1_fu_540_p2                |     *    |      0|  0|  41|           6|           8|
    |p_Val2_2_fu_610_p2                |     *    |      0|  0|  41|           6|           8|
    |p_Val2_3_fu_680_p2                |     *    |      0|  0|  41|           6|           8|
    |p_Val2_s_184_fu_470_p2            |     *    |      0|  0|  41|           6|           8|
    |indvar_flatten_next8_fu_309_p2    |     +    |      0|  0|  32|           1|          25|
    |indvar_flatten_op_fu_441_p2       |     +    |      0|  0|  23|          16|           1|
    |macRegisters_0_V_fu_775_p2        |     +    |      0|  0|   8|           8|           8|
    |macRegisters_1_V_fu_798_p2        |     +    |      0|  0|   8|           8|           8|
    |macRegisters_2_V_fu_821_p2        |     +    |      0|  0|   8|           8|           8|
    |macRegisters_3_V_fu_844_p2        |     +    |      0|  0|   8|           8|           8|
    |nm_2_fu_363_p2                    |     +    |      0|  0|  15|           1|           7|
    |p_Val2_23_1_fu_1142_p2            |     +    |      0|  0|  15|           8|           8|
    |p_Val2_23_2_fu_1281_p2            |     +    |      0|  0|  15|           8|           8|
    |p_Val2_23_3_fu_1420_p2            |     +    |      0|  0|  15|           8|           8|
    |p_Val2_s_fu_1003_p2               |     +    |      0|  0|  15|           8|           8|
    |sf_2_fu_435_p2                    |     +    |      0|  0|  16|           9|           1|
    |tmp1_fu_769_p2                    |     +    |      0|  0|   8|           8|           8|
    |tmp2_fu_792_p2                    |     +    |      0|  0|   8|           8|           8|
    |tmp3_fu_815_p2                    |     +    |      0|  0|   8|           8|           8|
    |tmp4_fu_838_p2                    |     +    |      0|  0|   8|           8|           8|
    |tmp_137_fu_423_p2                 |     +    |      0|  0|  21|          14|          14|
    |ap_block_state4_pp0_stage0_iter2  |    and   |      0|  0|   2|           1|           1|
    |ap_block_state6_pp0_stage0_iter4  |    and   |      0|  0|   2|           1|           1|
    |qb_assign_2_1_fu_784_p2           |    and   |      0|  0|   2|           1|           1|
    |qb_assign_2_2_fu_807_p2           |    and   |      0|  0|   2|           1|           1|
    |qb_assign_2_3_fu_830_p2           |    and   |      0|  0|   2|           1|           1|
    |qb_assign_2_fu_761_p2             |    and   |      0|  0|   2|           1|           1|
    |tmp_163_mid_fu_357_p2             |    and   |      0|  0|   2|           1|           1|
    |exitcond_flatten8_fu_303_p2       |   icmp   |      0|  0|  18|          25|          26|
    |exitcond_flatten_fu_315_p2        |   icmp   |      0|  0|  13|          16|          15|
    |tmp_143_fu_530_p2                 |   icmp   |      0|  0|  11|           6|           1|
    |tmp_157_fu_429_p2                 |   icmp   |      0|  0|  13|           9|           8|
    |tmp_279_1_fu_600_p2               |   icmp   |      0|  0|  11|           6|           1|
    |tmp_279_2_fu_670_p2               |   icmp   |      0|  0|  11|           6|           1|
    |tmp_279_3_fu_740_p2               |   icmp   |      0|  0|  11|           6|           1|
    |tmp_884_fu_351_p2                 |   icmp   |      0|  0|  13|           9|          10|
    |ap_block_pp0_stage0_01001         |    or    |      0|  0|   2|           1|           1|
    |ap_block_state1                   |    or    |      0|  0|   2|           1|           1|
    |tmp_140_fu_506_p2                 |    or    |      0|  0|   2|           1|           1|
    |tmp_146_fu_576_p2                 |    or    |      0|  0|   2|           1|           1|
    |tmp_150_fu_646_p2                 |    or    |      0|  0|   2|           1|           1|
    |tmp_154_fu_716_p2                 |    or    |      0|  0|   2|           1|           1|
    |tmp_857_fu_369_p2                 |    or    |      0|  0|   2|           1|           1|
    |indvar_flatten_next_fu_447_p3     |  select  |      0|  0|  16|           1|           1|
    |nm_mid2_fu_411_p3                 |  select  |      0|  0|   7|           1|           7|
    |nm_mid_fu_321_p3                  |  select  |      0|  0|   7|           1|           1|
    |nm_t_mid2_fu_403_p3               |  select  |      0|  0|   6|           1|           6|
    |nm_t_mid_fu_337_p3                |  select  |      0|  0|   6|           1|           1|
    |sf_mid2_fu_375_p3                 |  select  |      0|  0|   9|           1|           1|
    |tmp_162_mid2_fu_395_p3            |  select  |      0|  0|  14|           1|          14|
    |tmp_162_mid_fu_329_p3             |  select  |      0|  0|  14|           1|           1|
    |ap_enable_pp0                     |    xor   |      0|  0|   2|           1|           2|
    |ap_enable_reg_pp0_iter1           |    xor   |      0|  0|   2|           2|           1|
    |not_exitcond_flatten_fu_345_p2    |    xor   |      0|  0|   2|           1|           2|
    +----------------------------------+----------+-------+---+----+------------+------------+
    |Total                             |          |      0|  0| 609|         270|         290|
    +----------------------------------+----------+-------+---+----+------------+------------+

    * Multiplexer: 
    +---------------------------+----+-----------+-----+-----------+
    |            Name           | LUT| Input Size| Bits| Total Bits|
    +---------------------------+----+-----------+-----+-----------+
    |ap_NS_fsm                  |  21|          4|    1|          4|
    |ap_done                    |   9|          2|    1|          2|
    |ap_enable_reg_pp0_iter1    |   9|          2|    1|          2|
    |ap_enable_reg_pp0_iter4    |   9|          2|    1|          2|
    |in_V_V_blk_n               |   9|          2|    1|          2|
    |indvar_flatten8_reg_227    |   9|          2|   25|         50|
    |indvar_flatten_reg_238     |   9|          2|   16|         32|
    |macRegisters_0_V_4_fu_146  |   9|          2|    8|         16|
    |macRegisters_1_V_4_fu_150  |   9|          2|    8|         16|
    |macRegisters_2_V_4_fu_154  |   9|          2|    8|         16|
    |macRegisters_3_V_4_fu_158  |   9|          2|    8|         16|
    |nm_reg_249                 |   9|          2|    7|         14|
    |out_V_V_blk_n              |   9|          2|    1|          2|
    |real_start                 |   9|          2|    1|          2|
    |sf_reg_260                 |   9|          2|    9|         18|
    +---------------------------+----+-----------+-----+-----------+
    |Total                      | 147|         32|   96|        194|
    +---------------------------+----+-----------+-----+-----------+

    * Register: 
    +----------------------------+----+----+-----+-----------+
    |            Name            | FF | LUT| Bits| Const Bits|
    +----------------------------+----+----+-----+-----------+
    |ap_CS_fsm                   |   3|   0|    3|          0|
    |ap_done_reg                 |   1|   0|    1|          0|
    |ap_enable_reg_pp0_iter0     |   1|   0|    1|          0|
    |ap_enable_reg_pp0_iter1     |   1|   0|    1|          0|
    |ap_enable_reg_pp0_iter2     |   1|   0|    1|          0|
    |ap_enable_reg_pp0_iter3     |   1|   0|    1|          0|
    |ap_enable_reg_pp0_iter4     |   1|   0|    1|          0|
    |exitcond_flatten8_reg_1463  |   1|   0|    1|          0|
    |indvar_flatten8_reg_227     |  25|   0|   25|          0|
    |indvar_flatten_reg_238      |  16|   0|   16|          0|
    |macRegisters_0_V_4_fu_146   |   8|   0|    8|          0|
    |macRegisters_1_V_4_fu_150   |   8|   0|    8|          0|
    |macRegisters_2_V_4_fu_154   |   8|   0|    8|          0|
    |macRegisters_3_V_4_fu_158   |   8|   0|    8|          0|
    |nm_reg_249                  |   7|   0|    7|          0|
    |nm_t_mid2_reg_1472          |   6|   0|    6|          0|
    |p_Val2_23_1_reg_1589        |   8|   0|    8|          0|
    |p_Val2_23_2_reg_1594        |   8|   0|    8|          0|
    |p_Val2_23_3_reg_1599        |   8|   0|    8|          0|
    |p_Val2_s_reg_1584           |   8|   0|    8|          0|
    |sf_reg_260                  |   9|   0|    9|          0|
    |start_once_reg              |   1|   0|    1|          0|
    |tmp_112_reg_1524            |   7|   0|    7|          0|
    |tmp_115_reg_1539            |   7|   0|    7|          0|
    |tmp_118_reg_1554            |   7|   0|    7|          0|
    |tmp_121_reg_1569            |   7|   0|    7|          0|
    |tmp_137_reg_1485            |  14|   0|   14|          0|
    |tmp_143_reg_1534            |   1|   0|    1|          0|
    |tmp_157_reg_1490            |   1|   0|    1|          0|
    |tmp_279_1_reg_1549          |   1|   0|    1|          0|
    |tmp_279_2_reg_1564          |   1|   0|    1|          0|
    |tmp_279_3_reg_1579          |   1|   0|    1|          0|
    |tmp_955_reg_1529            |   1|   0|    1|          0|
    |tmp_958_reg_1544            |   1|   0|    1|          0|
    |tmp_961_reg_1559            |   1|   0|    1|          0|
    |tmp_964_reg_1574            |   1|   0|    1|          0|
    |exitcond_flatten8_reg_1463  |  64|  32|    1|          0|
    |nm_t_mid2_reg_1472          |  64|  32|    6|          0|
    |tmp_157_reg_1490            |  64|  32|    1|          0|
    +----------------------------+----+----+-----+-----------+
    |Total                       | 381|  96|  197|          0|
    +----------------------------+----+----+-----+-----------+



================================================================
== Interface
================================================================
* Summary: 
+----------------+-----+-----+------------+------------------+--------------+
|    RTL Ports   | Dir | Bits|  Protocol  |   Source Object  |    C Type    |
+----------------+-----+-----+------------+------------------+--------------+
|ap_clk          |  in |    1| ap_ctrl_hs | Conv1DMac_new409 | return value |
|ap_rst          |  in |    1| ap_ctrl_hs | Conv1DMac_new409 | return value |
|ap_start        |  in |    1| ap_ctrl_hs | Conv1DMac_new409 | return value |
|start_full_n    |  in |    1| ap_ctrl_hs | Conv1DMac_new409 | return value |
|ap_done         | out |    1| ap_ctrl_hs | Conv1DMac_new409 | return value |
|ap_continue     |  in |    1| ap_ctrl_hs | Conv1DMac_new409 | return value |
|ap_idle         | out |    1| ap_ctrl_hs | Conv1DMac_new409 | return value |
|ap_ready        | out |    1| ap_ctrl_hs | Conv1DMac_new409 | return value |
|start_out       | out |    1| ap_ctrl_hs | Conv1DMac_new409 | return value |
|start_write     | out |    1| ap_ctrl_hs | Conv1DMac_new409 | return value |
|in_V_V_dout     |  in |    8|   ap_fifo  |      in_V_V      |    pointer   |
|in_V_V_empty_n  |  in |    1|   ap_fifo  |      in_V_V      |    pointer   |
|in_V_V_read     | out |    1|   ap_fifo  |      in_V_V      |    pointer   |
|out_V_V_din     | out |   32|   ap_fifo  |      out_V_V     |    pointer   |
|out_V_V_full_n  |  in |    1|   ap_fifo  |      out_V_V     |    pointer   |
|out_V_V_write   | out |    1|   ap_fifo  |      out_V_V     |    pointer   |
+----------------+-----+-----+------------+------------------+--------------+

