

================================================================
== Vivado HLS Report for 'Conv1DMac_new'
================================================================
* Date:           Wed Apr 26 22:20:40 2023

* Version:        2018.2 (Build 2258646 on Thu Jun 14 20:25:20 MDT 2018)
* Project:        S2
* Solution:       solution1
* Product family: zynq
* Target device:  xc7z045ffg900-2


================================================================
== Performance Estimates
================================================================
+ Timing (ns): 
    * Summary: 
    +--------+-------+----------+------------+
    |  Clock | Target| Estimated| Uncertainty|
    +--------+-------+----------+------------+
    |ap_clk  |  10.00|     8.198|        1.25|
    +--------+-------+----------+------------+

+ Latency (clock cycles): 
    * Summary: 
    +---------+---------+---------+---------+---------+
    |      Latency      |      Interval     | Pipeline|
    |   min   |   max   |   min   |   max   |   Type  |
    +---------+---------+---------+---------+---------+
    |  8388613|  8388613|  8388613|  8388613|   none  |
    +---------+---------+---------+---------+---------+

    + Detail: 
        * Instance: 
        N/A

        * Loop: 
        +-----------------------------------------------------+---------+---------+----------+-----------+-----------+---------+----------+
        |                                                     |      Latency      | Iteration|  Initiation Interval  |   Trip  |          |
        |                      Loop Name                      |   min   |   max   |  Latency |  achieved |   target  |  Count  | Pipelined|
        +-----------------------------------------------------+---------+---------+----------+-----------+-----------+---------+----------+
        |- loop_ofmChannels_loop_neuronFold_loop_synapseFold  |  8388611|  8388611|         5|          1|          1|  8388608|    yes   |
        +-----------------------------------------------------+---------+---------+----------+-----------+-----------+---------+----------+



================================================================
== Utilization Estimates
================================================================
* Summary: 
+-----------------+---------+-------+--------+--------+
|       Name      | BRAM_18K| DSP48E|   FF   |   LUT  |
+-----------------+---------+-------+--------+--------+
|DSP              |        -|      -|       -|       -|
|Expression       |        -|      0|       0|     590|
|FIFO             |        -|      -|       -|       -|
|Instance         |        -|      -|       0|     580|
|Memory           |        8|      -|       0|       0|
|Multiplexer      |        -|      -|       -|     147|
|Register         |        0|      -|     377|      96|
+-----------------+---------+-------+--------+--------+
|Total            |        8|      0|     377|    1413|
+-----------------+---------+-------+--------+--------+
|Available        |     1090|    900|  437200|  218600|
+-----------------+---------+-------+--------+--------+
|Utilization (%)  |    ~0   |      0|   ~0   |   ~0   |
+-----------------+---------+-------+--------+--------+

+ Detail: 
    * Instance: 
    +------------------------------+--------------------------+---------+-------+---+-----+
    |           Instance           |          Module          | BRAM_18K| DSP48E| FF| LUT |
    +------------------------------+--------------------------+---------+-------+---+-----+
    |computeS2_mux_325yd2_x_x_U69  |computeS2_mux_325yd2_x_x  |        0|      0|  0|  145|
    |computeS2_mux_325yd2_x_x_U70  |computeS2_mux_325yd2_x_x  |        0|      0|  0|  145|
    |computeS2_mux_325yd2_x_x_U71  |computeS2_mux_325yd2_x_x  |        0|      0|  0|  145|
    |computeS2_mux_325yd2_x_x_U72  |computeS2_mux_325yd2_x_x  |        0|      0|  0|  145|
    +------------------------------+--------------------------+---------+-------+---+-----+
    |Total                         |                          |        0|      0|  0|  580|
    +------------------------------+--------------------------+---------+-------+---+-----+

    * DSP48: 
    N/A

    * Memory: 
    +--------------------------+----------------------+---------+---+----+------+-----+------+-------------+
    |          Memory          |        Module        | BRAM_18K| FF| LUT| Words| Bits| Banks| W*Bits*Banks|
    +--------------------------+----------------------+---------+---+----+------+-----+------+-------------+
    |weights8_m_weights_V_U    |Conv1DMac_new_weiFfa  |        2|  0|   0|  4096|    7|     1|        28672|
    |weights8_m_weights_V_1_U  |Conv1DMac_new_weiGfk  |        2|  0|   0|  4096|    7|     1|        28672|
    |weights8_m_weights_V_2_U  |Conv1DMac_new_weiHfu  |        2|  0|   0|  4096|    7|     1|        28672|
    |weights8_m_weights_V_3_U  |Conv1DMac_new_weiIfE  |        2|  0|   0|  4096|    7|     1|        28672|
    +--------------------------+----------------------+---------+---+----+------+-----+------+-------------+
    |Total                     |                      |        8|  0|   0| 16384|   28|     4|       114688|
    +--------------------------+----------------------+---------+---+----+------+-----+------+-------------+

    * FIFO: 
    N/A

    * Expression: 
    +----------------------------------+----------+-------+---+----+------------+------------+
    |           Variable Name          | Operation| DSP48E| FF| LUT| Bitwidth P0| Bitwidth P1|
    +----------------------------------+----------+-------+---+----+------------+------------+
    |p_Val2_1_fu_596_p2                |     *    |      0|  0|  41|           7|           8|
    |p_Val2_2_fu_666_p2                |     *    |      0|  0|  41|           7|           8|
    |p_Val2_3_fu_736_p2                |     *    |      0|  0|  41|           7|           8|
    |p_Val2_s_fu_526_p2                |     *    |      0|  0|  41|           7|           8|
    |indvar_flatten_next7_fu_365_p2    |     +    |      0|  0|  31|           1|          24|
    |indvar_flatten_op_fu_497_p2       |     +    |      0|  0|  21|          14|           1|
    |macRegisters_0_V_fu_828_p2        |     +    |      0|  0|   8|           8|           8|
    |macRegisters_1_V_fu_847_p2        |     +    |      0|  0|   8|           8|           8|
    |macRegisters_2_V_fu_866_p2        |     +    |      0|  0|   8|           8|           8|
    |macRegisters_3_V_fu_885_p2        |     +    |      0|  0|   8|           8|           8|
    |nm_1_fu_419_p2                    |     +    |      0|  0|  15|           1|           6|
    |p_Val2_20_1_fu_1054_p2            |     +    |      0|  0|  15|           8|           8|
    |p_Val2_20_2_fu_1129_p2            |     +    |      0|  0|  15|           8|           8|
    |p_Val2_20_3_fu_1204_p2            |     +    |      0|  0|  15|           8|           8|
    |p_Val2_9_fu_979_p2                |     +    |      0|  0|  15|           8|           8|
    |sf_1_fu_491_p2                    |     +    |      0|  0|  15|           8|           1|
    |tmp1_fu_822_p2                    |     +    |      0|  0|   8|           8|           8|
    |tmp2_fu_841_p2                    |     +    |      0|  0|   8|           8|           8|
    |tmp3_fu_860_p2                    |     +    |      0|  0|   8|           8|           8|
    |tmp4_fu_879_p2                    |     +    |      0|  0|   8|           8|           8|
    |tmp_86_fu_479_p2                  |     +    |      0|  0|  19|          12|          12|
    |ap_block_state4_pp0_stage0_iter2  |    and   |      0|  0|   2|           1|           1|
    |ap_block_state6_pp0_stage0_iter4  |    and   |      0|  0|   2|           1|           1|
    |qb_assign_1_1_fu_833_p2           |    and   |      0|  0|   2|           1|           1|
    |qb_assign_1_2_fu_852_p2           |    and   |      0|  0|   2|           1|           1|
    |qb_assign_1_3_fu_871_p2           |    and   |      0|  0|   2|           1|           1|
    |qb_assign_1_fu_814_p2             |    and   |      0|  0|   2|           1|           1|
    |tmp_85_mid_fu_413_p2              |    and   |      0|  0|   2|           1|           1|
    |exitcond_flatten7_fu_359_p2       |   icmp   |      0|  0|  18|          24|          25|
    |exitcond_flatten_fu_371_p2        |   icmp   |      0|  0|  13|          14|          13|
    |tmp_203_1_fu_656_p2               |   icmp   |      0|  0|  11|           6|           1|
    |tmp_203_2_fu_726_p2               |   icmp   |      0|  0|  11|           6|           1|
    |tmp_203_3_fu_796_p2               |   icmp   |      0|  0|  11|           6|           1|
    |tmp_292_fu_407_p2                 |   icmp   |      0|  0|  13|           8|           9|
    |tmp_88_fu_485_p2                  |   icmp   |      0|  0|  11|           8|           7|
    |tmp_95_fu_586_p2                  |   icmp   |      0|  0|  11|           6|           1|
    |ap_block_pp0_stage0_01001         |    or    |      0|  0|   2|           1|           1|
    |ap_block_state1                   |    or    |      0|  0|   2|           1|           1|
    |tmp_102_fu_702_p2                 |    or    |      0|  0|   2|           1|           1|
    |tmp_106_fu_772_p2                 |    or    |      0|  0|   2|           1|           1|
    |tmp_278_fu_425_p2                 |    or    |      0|  0|   2|           1|           1|
    |tmp_92_fu_562_p2                  |    or    |      0|  0|   2|           1|           1|
    |tmp_98_fu_632_p2                  |    or    |      0|  0|   2|           1|           1|
    |indvar_flatten_next_fu_503_p3     |  select  |      0|  0|  14|           1|           1|
    |nm_mid2_fu_467_p3                 |  select  |      0|  0|   6|           1|           6|
    |nm_mid_fu_377_p3                  |  select  |      0|  0|   6|           1|           1|
    |nm_t_mid2_fu_459_p3               |  select  |      0|  0|   5|           1|           5|
    |nm_t_mid_fu_393_p3                |  select  |      0|  0|   5|           1|           1|
    |sf_mid2_fu_431_p3                 |  select  |      0|  0|   8|           1|           1|
    |tmp_84_mid2_fu_451_p3             |  select  |      0|  0|  12|           1|          12|
    |tmp_84_mid_fu_385_p3              |  select  |      0|  0|  12|           1|           1|
    |ap_enable_pp0                     |    xor   |      0|  0|   2|           1|           2|
    |ap_enable_reg_pp0_iter1           |    xor   |      0|  0|   2|           2|           1|
    |not_exitcond_flatten_fu_401_p2    |    xor   |      0|  0|   2|           1|           2|
    +----------------------------------+----------+-------+---+----+------------+------------+
    |Total                             |          |      0|  0| 590|         264|         277|
    +----------------------------------+----------+-------+---+----+------------+------------+

    * Multiplexer: 
    +---------------------------+----+-----------+-----+-----------+
    |            Name           | LUT| Input Size| Bits| Total Bits|
    +---------------------------+----+-----------+-----+-----------+
    |ap_NS_fsm                  |  21|          4|    1|          4|
    |ap_done                    |   9|          2|    1|          2|
    |ap_enable_reg_pp0_iter1    |   9|          2|    1|          2|
    |ap_enable_reg_pp0_iter4    |   9|          2|    1|          2|
    |in_V_V_blk_n               |   9|          2|    1|          2|
    |indvar_flatten7_reg_283    |   9|          2|   24|         48|
    |indvar_flatten_reg_294     |   9|          2|   14|         28|
    |macRegisters_0_V_5_fu_202  |   9|          2|    8|         16|
    |macRegisters_1_V_5_fu_206  |   9|          2|    8|         16|
    |macRegisters_2_V_5_fu_210  |   9|          2|    8|         16|
    |macRegisters_3_V_5_fu_214  |   9|          2|    8|         16|
    |nm_reg_305                 |   9|          2|    6|         12|
    |out_V_V_blk_n              |   9|          2|    1|          2|
    |real_start                 |   9|          2|    1|          2|
    |sf_reg_316                 |   9|          2|    8|         16|
    +---------------------------+----+-----------+-----+-----------+
    |Total                      | 147|         32|   91|        184|
    +---------------------------+----+-----------+-----+-----------+

    * Register: 
    +----------------------------+----+----+-----+-----------+
    |            Name            | FF | LUT| Bits| Const Bits|
    +----------------------------+----+----+-----+-----------+
    |ap_CS_fsm                   |   3|   0|    3|          0|
    |ap_done_reg                 |   1|   0|    1|          0|
    |ap_enable_reg_pp0_iter0     |   1|   0|    1|          0|
    |ap_enable_reg_pp0_iter1     |   1|   0|    1|          0|
    |ap_enable_reg_pp0_iter2     |   1|   0|    1|          0|
    |ap_enable_reg_pp0_iter3     |   1|   0|    1|          0|
    |ap_enable_reg_pp0_iter4     |   1|   0|    1|          0|
    |exitcond_flatten7_reg_1247  |   1|   0|    1|          0|
    |indvar_flatten7_reg_283     |  24|   0|   24|          0|
    |indvar_flatten_reg_294      |  14|   0|   14|          0|
    |macRegisters_0_V_5_fu_202   |   8|   0|    8|          0|
    |macRegisters_1_V_5_fu_206   |   8|   0|    8|          0|
    |macRegisters_2_V_5_fu_210   |   8|   0|    8|          0|
    |macRegisters_3_V_5_fu_214   |   8|   0|    8|          0|
    |nm_reg_305                  |   6|   0|    6|          0|
    |nm_t_mid2_reg_1256          |   5|   0|    5|          0|
    |p_Val2_20_1_reg_1373        |   8|   0|    8|          0|
    |p_Val2_20_2_reg_1378        |   8|   0|    8|          0|
    |p_Val2_20_3_reg_1383        |   8|   0|    8|          0|
    |p_Val2_9_reg_1368           |   8|   0|    8|          0|
    |sf_reg_316                  |   8|   0|    8|          0|
    |start_once_reg              |   1|   0|    1|          0|
    |tmp_127_reg_1323            |   8|   0|    8|          0|
    |tmp_128_reg_1338            |   8|   0|    8|          0|
    |tmp_129_reg_1353            |   8|   0|    8|          0|
    |tmp_203_1_reg_1333          |   1|   0|    1|          0|
    |tmp_203_2_reg_1348          |   1|   0|    1|          0|
    |tmp_203_3_reg_1363          |   1|   0|    1|          0|
    |tmp_367_reg_1313            |   1|   0|    1|          0|
    |tmp_370_reg_1328            |   1|   0|    1|          0|
    |tmp_373_reg_1343            |   1|   0|    1|          0|
    |tmp_376_reg_1358            |   1|   0|    1|          0|
    |tmp_86_reg_1269             |  12|   0|   12|          0|
    |tmp_88_reg_1274             |   1|   0|    1|          0|
    |tmp_95_reg_1318             |   1|   0|    1|          0|
    |tmp_s_reg_1308              |   8|   0|    8|          0|
    |exitcond_flatten7_reg_1247  |  64|  32|    1|          0|
    |nm_t_mid2_reg_1256          |  64|  32|    5|          0|
    |tmp_88_reg_1274             |  64|  32|    1|          0|
    +----------------------------+----+----+-----+-----------+
    |Total                       | 377|  96|  192|          0|
    +----------------------------+----+----+-----+-----------+



================================================================
== Interface
================================================================
* Summary: 
+----------------+-----+-----+------------+---------------+--------------+
|    RTL Ports   | Dir | Bits|  Protocol  | Source Object |    C Type    |
+----------------+-----+-----+------------+---------------+--------------+
|ap_clk          |  in |    1| ap_ctrl_hs | Conv1DMac_new | return value |
|ap_rst          |  in |    1| ap_ctrl_hs | Conv1DMac_new | return value |
|ap_start        |  in |    1| ap_ctrl_hs | Conv1DMac_new | return value |
|start_full_n    |  in |    1| ap_ctrl_hs | Conv1DMac_new | return value |
|ap_done         | out |    1| ap_ctrl_hs | Conv1DMac_new | return value |
|ap_continue     |  in |    1| ap_ctrl_hs | Conv1DMac_new | return value |
|ap_idle         | out |    1| ap_ctrl_hs | Conv1DMac_new | return value |
|ap_ready        | out |    1| ap_ctrl_hs | Conv1DMac_new | return value |
|start_out       | out |    1| ap_ctrl_hs | Conv1DMac_new | return value |
|start_write     | out |    1| ap_ctrl_hs | Conv1DMac_new | return value |
|in_V_V_dout     |  in |    8|   ap_fifo  |     in_V_V    |    pointer   |
|in_V_V_empty_n  |  in |    1|   ap_fifo  |     in_V_V    |    pointer   |
|in_V_V_read     | out |    1|   ap_fifo  |     in_V_V    |    pointer   |
|out_V_V_din     | out |   32|   ap_fifo  |    out_V_V    |    pointer   |
|out_V_V_full_n  |  in |    1|   ap_fifo  |    out_V_V    |    pointer   |
|out_V_V_write   | out |    1|   ap_fifo  |    out_V_V    |    pointer   |
+----------------+-----+-----+------------+---------------+--------------+

