

================================================================
== Vivado HLS Report for 'grouperPE'
================================================================
* Date:           Wed Apr 26 22:20:35 2023

* Version:        2018.2 (Build 2258646 on Thu Jun 14 20:25:20 MDT 2018)
* Project:        S2
* Solution:       solution1
* Product family: zynq
* Target device:  xc7z045ffg900-2


================================================================
== Performance Estimates
================================================================
+ Timing (ns): 
    * Summary: 
    +--------+-------+----------+------------+
    |  Clock | Target| Estimated| Uncertainty|
    +--------+-------+----------+------------+
    |ap_clk  |  10.00|     7.593|        1.25|
    +--------+-------+----------+------------+

+ Latency (clock cycles): 
    * Summary: 
    +--------+--------+--------+--------+---------+
    |     Latency     |     Interval    | Pipeline|
    |   min  |   max  |   min  |   max  |   Type  |
    +--------+--------+--------+--------+---------+
    |  438278|  438278|  438278|  438278|   none  |
    +--------+--------+--------+--------+---------+

    + Detail: 
        * Instance: 
        +------------------+-------+-----+-----+-----+-----+---------+
        |                  |       |  Latency  |  Interval | Pipeline|
        |     Instance     | Module| min | max | min | max |   Type  |
        +------------------+-------+-----+-----+-----+-----+---------+
        |grp_LFSR_fu_3480  |LFSR   |  127|  127|  127|  127|   none  |
        +------------------+-------+-----+-----+-----+-----+---------+

        * Loop: 
        +-------------+--------+--------+----------+-----------+-----------+--------+----------+
        |             |     Latency     | Iteration|  Initiation Interval  |  Trip  |          |
        |  Loop Name  |   min  |   max  |  Latency |  achieved |   target  |  Count | Pipelined|
        +-------------+--------+--------+----------+-----------+-----------+--------+----------+
        |- Loop 1     |    1536|    1536|         3|          -|          -|     512|    no    |
        |- Loop 2     |   24320|   24320|        95|          -|          -|     256|    no    |
        |- Loop 3     |  131072|  131072|         2|          1|          1|  131072|    yes   |
        |- Loop 4     |    8704|    8704|        68|          -|          -|     128|    no    |
        | + Loop 4.1  |      64|      64|         2|          1|          1|      64|    yes   |
        |- Loop 5     |  272384|  272384|       133|          -|          -|    2048|    no    |
        | + Loop 5.1  |      64|      64|         2|          1|          1|      64|    yes   |
        | + Loop 5.2  |      64|      64|         2|          1|          1|      64|    yes   |
        +-------------+--------+--------+----------+-----------+-----------+--------+----------+



================================================================
== Utilization Estimates
================================================================
* Summary: 
+-----------------+---------+-------+--------+--------+
|       Name      | BRAM_18K| DSP48E|   FF   |   LUT  |
+-----------------+---------+-------+--------+--------+
|DSP              |        -|      -|       -|       -|
|Expression       |        -|      -|       0|    1351|
|FIFO             |        2|      -|      60|      67|
|Instance         |        -|      -|     224|    1465|
|Memory           |       80|      -|       0|       0|
|Multiplexer      |        -|      -|       -|    4434|
|Register         |        -|      -|    2531|       -|
+-----------------+---------+-------+--------+--------+
|Total            |       82|      0|    2815|    7317|
+-----------------+---------+-------+--------+--------+
|Available        |     1090|    900|  437200|  218600|
+-----------------+---------+-------+--------+--------+
|Utilization (%)  |        7|      0|   ~0   |       3|
+-----------------+---------+-------+--------+--------+

+ Detail: 
    * Instance: 
    +--------------------------+----------------------+---------+-------+-----+-----+
    |         Instance         |        Module        | BRAM_18K| DSP48E|  FF | LUT |
    +--------------------------+----------------------+---------+-------+-----+-----+
    |grp_LFSR_fu_3480          |LFSR                  |        0|      0|  224|  885|
    |computeS2_mux_432rcU_U11  |computeS2_mux_432rcU  |        0|      0|    0|  145|
    |computeS2_mux_432sc4_U12  |computeS2_mux_432sc4  |        0|      0|    0|  145|
    |computeS2_mux_432sc4_U13  |computeS2_mux_432sc4  |        0|      0|    0|  145|
    |computeS2_mux_432sc4_U14  |computeS2_mux_432sc4  |        0|      0|    0|  145|
    +--------------------------+----------------------+---------+-------+-----+-----+
    |Total                     |                      |        0|      0|  224| 1465|
    +--------------------------+----------------------+---------+-------+-----+-----+

    * DSP48: 
    N/A

    * Memory: 
    +-----------------------+----------------------+---------+---+----+-------+-----+------+-------------+
    |         Memory        |        Module        | BRAM_18K| FF| LUT| Words | Bits| Banks| W*Bits*Banks|
    +-----------------------+----------------------+---------+---+----+-------+-----+------+-------------+
    |featurePC_0_V_U        |grouperPE_featurebkb  |        2|  0|   0|   4096|    8|     1|        32768|
    |featurePC_1_V_U        |grouperPE_featurecud  |        2|  0|   0|   4096|    8|     1|        32768|
    |featurePC_2_V_U        |grouperPE_featurecud  |        2|  0|   0|   4096|    8|     1|        32768|
    |featurePC_3_V_U        |grouperPE_featurecud  |        2|  0|   0|   4096|    8|     1|        32768|
    |indexedFeatures_0_V_U  |grouperPE_indexedfYi  |       16|  0|   0|  32768|    8|     1|       262144|
    |indexedFeatures_1_V_U  |grouperPE_indexedfYi  |       16|  0|   0|  32768|    8|     1|       262144|
    |indexedFeatures_2_V_U  |grouperPE_indexedfYi  |       16|  0|   0|  32768|    8|     1|       262144|
    |indexedFeatures_3_V_U  |grouperPE_indexedfYi  |       16|  0|   0|  32768|    8|     1|       262144|
    |sampStore_0_U          |grouperPE_sampStoncg  |        1|  0|   0|     32|   32|     1|         1024|
    |sampStore_1_U          |grouperPE_sampStoncg  |        1|  0|   0|     32|   32|     1|         1024|
    |sampStore_2_U          |grouperPE_sampStoncg  |        1|  0|   0|     32|   32|     1|         1024|
    |sampStore_3_U          |grouperPE_sampStoncg  |        1|  0|   0|     32|   32|     1|         1024|
    |sampledFeatures_0_V_U  |grouperPE_sampledjbC  |        1|  0|   0|   2048|    8|     1|        16384|
    |sampledFeatures_1_V_U  |grouperPE_sampledjbC  |        1|  0|   0|   2048|    8|     1|        16384|
    |sampledFeatures_2_V_U  |grouperPE_sampledjbC  |        1|  0|   0|   2048|    8|     1|        16384|
    |sampledFeatures_3_V_U  |grouperPE_sampledjbC  |        1|  0|   0|   2048|    8|     1|        16384|
    +-----------------------+----------------------+---------+---+----+-------+-----+------+-------------+
    |Total                  |                      |       80|  0|   0| 155776|  224|    16|      1249280|
    +-----------------------+----------------------+---------+---+----+-------+-----+------+-------------+

    * FIFO: 
    +-----------------------+---------+----+----+------+-----+---------+
    |          Name         | BRAM_18K| FF | LUT| Depth| Bits| Size:D*B|
    +-----------------------+---------+----+----+------+-----+---------+
    |sampleStream_V_fifo_U  |        2|  60|  67|   256|   32|     8192|
    +-----------------------+---------+----+----+------+-----+---------+
    |Total                  |        2|  60|  67|   256|   32|     8192|
    +-----------------------+---------+----+----+------+-----+---------+

    * Expression: 
    +------------------------------------+----------+-------+---+----+------------+------------+
    |            Variable Name           | Operation| DSP48E| FF| LUT| Bitwidth P0| Bitwidth P1|
    +------------------------------------+----------+-------+---+----+------------+------------+
    |channels_1_fu_4957_p2               |     +    |      0|  0|  15|           7|           1|
    |channels_2_fu_5164_p2               |     +    |      0|  0|  15|           7|           1|
    |channels_3_fu_4790_p2               |     +    |      0|  0|  15|           7|           1|
    |channels_fu_5101_p2                 |     +    |      0|  0|  15|           7|           1|
    |indvar_flatten_next1_fu_4691_p2     |     +    |      0|  0|  25|          18|           1|
    |indvar_flatten_next2_fu_5019_p2     |     +    |      0|  0|  19|          12|           1|
    |indvar_flatten_op_fu_4796_p2        |     +    |      0|  0|  19|          12|           1|
    |neighbors_1_fu_5201_p2              |     +    |      0|  0|  15|           5|           1|
    |neighbors_fu_4757_p2                |     +    |      0|  0|  15|           1|           5|
    |points_1_fu_3503_p2                 |     +    |      0|  0|  17|          10|           1|
    |points_2_fu_3515_p2                 |     +    |      0|  0|  16|           9|           1|
    |samples_1_fu_4865_p2                |     +    |      0|  0|  15|           8|           1|
    |samples_2_fu_5025_p2                |     +    |      0|  0|  15|           1|           8|
    |samples_fu_4697_p2                  |     +    |      0|  0|  15|           1|           8|
    |tmp_152_fu_4824_p2                  |     +    |      0|  0|  17|          10|          10|
    |tmp_155_fu_4845_p2                  |     +    |      0|  0|  24|          17|          17|
    |tmp_169_fu_4971_p2                  |     +    |      0|  0|  20|          13|          13|
    |tmp_170_fu_4984_p2                  |     +    |      0|  0|  19|          12|          12|
    |tmp_171_fu_5141_p2                  |     +    |      0|  0|  17|          10|          10|
    |tmp_174_fu_5111_p2                  |     +    |      0|  0|  19|          12|          12|
    |tmp_175_fu_5174_p2                  |     +    |      0|  0|  24|          17|          17|
    |ap_block_pp2_stage0_01001           |    and   |      0|  0|   2|           1|           1|
    |ap_block_pp3_stage0_01001           |    and   |      0|  0|   2|           1|           1|
    |ap_block_state131                   |    and   |      0|  0|   2|           1|           1|
    |ap_block_state134                   |    and   |      0|  0|   2|           1|           1|
    |ap_block_state239_pp2_stage0_iter1  |    and   |      0|  0|   2|           1|           1|
    |ap_block_state242_pp3_stage0_iter1  |    and   |      0|  0|   2|           1|           1|
    |tmp_8_mid_fu_4751_p2                |    and   |      0|  0|   2|           1|           1|
    |exitcond_flatten1_fu_4685_p2        |   icmp   |      0|  0|  18|          18|          19|
    |exitcond_flatten2_fu_5013_p2        |   icmp   |      0|  0|  13|          12|          13|
    |exitcond_flatten_fu_4703_p2         |   icmp   |      0|  0|  13|          12|          11|
    |tmp_15_fu_5095_p2                   |   icmp   |      0|  0|  11|           7|           8|
    |tmp_19_fu_5158_p2                   |   icmp   |      0|  0|  11|           7|           8|
    |tmp_1_fu_3509_p2                    |   icmp   |      0|  0|  13|           9|          10|
    |tmp_283_fu_4745_p2                  |   icmp   |      0|  0|  11|           7|           8|
    |tmp_287_fu_5031_p2                  |   icmp   |      0|  0|  11|           5|           6|
    |tmp_3_fu_4859_p2                    |   icmp   |      0|  0|  13|           8|           9|
    |tmp_7_fu_4951_p2                    |   icmp   |      0|  0|  11|           7|           8|
    |tmp_s_fu_3497_p2                    |   icmp   |      0|  0|  13|          10|          11|
    |ap_block_state1                     |    or    |      0|  0|   2|           1|           1|
    |tmp_100_fu_4253_p2                  |    or    |      0|  0|  12|          12|           6|
    |tmp_102_fu_4271_p2                  |    or    |      0|  0|  12|          12|           6|
    |tmp_104_fu_4289_p2                  |    or    |      0|  0|  12|          12|           6|
    |tmp_106_fu_4307_p2                  |    or    |      0|  0|  12|          12|           6|
    |tmp_108_fu_4325_p2                  |    or    |      0|  0|  12|          12|           6|
    |tmp_110_fu_4343_p2                  |    or    |      0|  0|  12|          12|           6|
    |tmp_112_fu_4361_p2                  |    or    |      0|  0|  12|          12|           6|
    |tmp_114_fu_4379_p2                  |    or    |      0|  0|  12|          12|           6|
    |tmp_116_fu_4397_p2                  |    or    |      0|  0|  12|          12|           6|
    |tmp_118_fu_4415_p2                  |    or    |      0|  0|  12|          12|           6|
    |tmp_120_fu_4433_p2                  |    or    |      0|  0|  12|          12|           6|
    |tmp_122_fu_4451_p2                  |    or    |      0|  0|  12|          12|           6|
    |tmp_124_fu_4469_p2                  |    or    |      0|  0|  12|          12|           6|
    |tmp_126_fu_4487_p2                  |    or    |      0|  0|  12|          12|           6|
    |tmp_128_fu_4505_p2                  |    or    |      0|  0|  12|          12|           6|
    |tmp_130_fu_4523_p2                  |    or    |      0|  0|  12|          12|           6|
    |tmp_132_fu_4541_p2                  |    or    |      0|  0|  12|          12|           6|
    |tmp_134_fu_4559_p2                  |    or    |      0|  0|  12|          12|           6|
    |tmp_136_fu_4577_p2                  |    or    |      0|  0|  12|          12|           6|
    |tmp_138_fu_4595_p2                  |    or    |      0|  0|  12|          12|           6|
    |tmp_140_fu_4613_p2                  |    or    |      0|  0|  12|          12|           6|
    |tmp_142_fu_4631_p2                  |    or    |      0|  0|  12|          12|           6|
    |tmp_144_fu_4649_p2                  |    or    |      0|  0|  12|          12|           6|
    |tmp_146_fu_4667_p2                  |    or    |      0|  0|  12|          12|           6|
    |tmp_151_fu_4763_p2                  |    or    |      0|  0|   2|           1|           1|
    |tmp_22_fu_3551_p2                   |    or    |      0|  0|  12|          12|           1|
    |tmp_24_fu_3569_p2                   |    or    |      0|  0|  12|          12|           2|
    |tmp_26_fu_3587_p2                   |    or    |      0|  0|  12|          12|           2|
    |tmp_28_fu_3605_p2                   |    or    |      0|  0|  12|          12|           3|
    |tmp_30_fu_3623_p2                   |    or    |      0|  0|  12|          12|           3|
    |tmp_32_fu_3641_p2                   |    or    |      0|  0|  12|          12|           3|
    |tmp_34_fu_3659_p2                   |    or    |      0|  0|  12|          12|           3|
    |tmp_36_fu_3677_p2                   |    or    |      0|  0|  12|          12|           4|
    |tmp_38_fu_3695_p2                   |    or    |      0|  0|  12|          12|           4|
    |tmp_40_fu_3713_p2                   |    or    |      0|  0|  12|          12|           4|
    |tmp_42_fu_3731_p2                   |    or    |      0|  0|  12|          12|           4|
    |tmp_44_fu_3749_p2                   |    or    |      0|  0|  12|          12|           4|
    |tmp_46_fu_3767_p2                   |    or    |      0|  0|  12|          12|           4|
    |tmp_48_fu_3785_p2                   |    or    |      0|  0|  12|          12|           4|
    |tmp_50_fu_3803_p2                   |    or    |      0|  0|  12|          12|           4|
    |tmp_52_fu_3821_p2                   |    or    |      0|  0|  12|          12|           5|
    |tmp_54_fu_3839_p2                   |    or    |      0|  0|  12|          12|           5|
    |tmp_56_fu_3857_p2                   |    or    |      0|  0|  12|          12|           5|
    |tmp_58_fu_3875_p2                   |    or    |      0|  0|  12|          12|           5|
    |tmp_60_fu_3893_p2                   |    or    |      0|  0|  12|          12|           5|
    |tmp_62_fu_3911_p2                   |    or    |      0|  0|  12|          12|           5|
    |tmp_64_fu_3929_p2                   |    or    |      0|  0|  12|          12|           5|
    |tmp_66_fu_3947_p2                   |    or    |      0|  0|  12|          12|           5|
    |tmp_68_fu_3965_p2                   |    or    |      0|  0|  12|          12|           5|
    |tmp_70_fu_3983_p2                   |    or    |      0|  0|  12|          12|           5|
    |tmp_72_fu_4001_p2                   |    or    |      0|  0|  12|          12|           5|
    |tmp_74_fu_4019_p2                   |    or    |      0|  0|  12|          12|           5|
    |tmp_76_fu_4037_p2                   |    or    |      0|  0|  12|          12|           5|
    |tmp_78_fu_4055_p2                   |    or    |      0|  0|  12|          12|           5|
    |tmp_80_fu_4073_p2                   |    or    |      0|  0|  12|          12|           5|
    |tmp_82_fu_4091_p2                   |    or    |      0|  0|  12|          12|           5|
    |tmp_84_fu_4109_p2                   |    or    |      0|  0|  12|          12|           6|
    |tmp_86_fu_4127_p2                   |    or    |      0|  0|  12|          12|           6|
    |tmp_88_fu_4145_p2                   |    or    |      0|  0|  12|          12|           6|
    |tmp_90_fu_4163_p2                   |    or    |      0|  0|  12|          12|           6|
    |tmp_92_fu_4181_p2                   |    or    |      0|  0|  12|          12|           6|
    |tmp_94_fu_4199_p2                   |    or    |      0|  0|  12|          12|           6|
    |tmp_96_fu_4217_p2                   |    or    |      0|  0|  12|          12|           6|
    |tmp_98_fu_4235_p2                   |    or    |      0|  0|  12|          12|           6|
    |arrayNo4_cast1_mid2_s_fu_4717_p3    |  select  |      0|  0|   8|           1|           8|
    |arrayNo7_cast_mid2_v_1_fu_5045_p3   |  select  |      0|  0|   8|           1|           8|
    |channels3_mid2_fu_4769_p3           |  select  |      0|  0|   7|           1|           1|
    |indvar_flatten_next_fu_4802_p3      |  select  |      0|  0|  12|           1|           1|
    |neighbors2_mid_fu_4709_p3           |  select  |      0|  0|   5|           1|           1|
    |neighbors3_mid2_fu_5037_p3          |  select  |      0|  0|   5|           1|           1|
    |tmp_5_mid2_fu_4777_p3               |  select  |      0|  0|   5|           1|           5|
    |ap_enable_pp0                       |    xor   |      0|  0|   2|           1|           2|
    |ap_enable_pp1                       |    xor   |      0|  0|   2|           1|           2|
    |ap_enable_pp2                       |    xor   |      0|  0|   2|           1|           2|
    |ap_enable_pp3                       |    xor   |      0|  0|   2|           1|           2|
    |ap_enable_reg_pp0_iter1             |    xor   |      0|  0|   2|           2|           1|
    |ap_enable_reg_pp1_iter1             |    xor   |      0|  0|   2|           2|           1|
    |ap_enable_reg_pp2_iter1             |    xor   |      0|  0|   2|           2|           1|
    |ap_enable_reg_pp3_iter1             |    xor   |      0|  0|   2|           2|           1|
    |not_exitcond_flatten_fu_4739_p2     |    xor   |      0|  0|   2|           1|           2|
    +------------------------------------+----------+-------+---+----+------------+------------+
    |Total                               |          |      0|  0|1351|        1083|         603|
    +------------------------------------+----------+-------+---+----+------------+------------+

    * Multiplexer: 
    +--------------------------------------+------+-----------+-----+-----------+
    |                 Name                 |  LUT | Input Size| Bits| Total Bits|
    +--------------------------------------+------+-----------+-----+-----------+
    |ap_NS_fsm                             |  1025|        240|    1|        240|
    |ap_done                               |     9|          2|    1|          2|
    |ap_enable_reg_pp0_iter1               |    15|          3|    1|          3|
    |ap_enable_reg_pp1_iter1               |    15|          3|    1|          3|
    |ap_enable_reg_pp2_iter1               |    15|          3|    1|          3|
    |ap_enable_reg_pp3_iter1               |    15|          3|    1|          3|
    |ap_phi_mux_neighbors2_phi_fu_3385_p4  |     9|          2|    5|         10|
    |ap_phi_mux_samples4_phi_fu_3363_p4    |     9|          2|    8|         16|
    |channels2_reg_3414                    |     9|          2|    7|         14|
    |channels3_reg_3392                    |     9|          2|    7|         14|
    |channels4_reg_3458                    |     9|          2|    7|         14|
    |channels5_reg_3469                    |     9|          2|    7|         14|
    |featurePC_0_V_address0                |   153|         34|   12|        408|
    |featurePC_0_V_address1                |   153|         34|   12|        408|
    |featurePC_0_V_d0                      |   149|         33|    8|        264|
    |featurePC_0_V_d1                      |   149|         33|    8|        264|
    |featurePC_1_V_address0                |   153|         34|   12|        408|
    |featurePC_1_V_address1                |   149|         33|   12|        396|
    |featurePC_1_V_d0                      |   149|         33|    8|        264|
    |featurePC_1_V_d1                      |   149|         33|    8|        264|
    |featurePC_2_V_address0                |   153|         34|   12|        408|
    |featurePC_2_V_address1                |   149|         33|   12|        396|
    |featurePC_2_V_d0                      |   149|         33|    8|        264|
    |featurePC_2_V_d1                      |   149|         33|    8|        264|
    |featurePC_3_V_address0                |   153|         34|   12|        408|
    |featurePC_3_V_address1                |   149|         33|   12|        396|
    |featurePC_3_V_d0                      |   149|         33|    8|        264|
    |featurePC_3_V_d1                      |   149|         33|    8|        264|
    |features_V_V_blk_n                    |     9|          2|    1|          2|
    |inStream_V_V_blk_n                    |     9|          2|    1|          2|
    |indexedFeatures_0_V_address0          |    15|          3|   15|         45|
    |indexedFeatures_1_V_address0          |    15|          3|   15|         45|
    |indexedFeatures_2_V_address0          |    15|          3|   15|         45|
    |indexedFeatures_3_V_address0          |    15|          3|   15|         45|
    |indvar_flatten1_reg_3348              |     9|          2|   18|         36|
    |indvar_flatten2_reg_3425              |     9|          2|   12|         24|
    |indvar_flatten_reg_3370               |     9|          2|   12|         24|
    |neighbors2_reg_3381                   |     9|          2|    5|         10|
    |neighbors3_reg_3447                   |     9|          2|    5|         10|
    |outStream_V_V_blk_n                   |     9|          2|    1|          2|
    |outStream_V_V_din                     |    15|          3|    8|         24|
    |points3_reg_3336                      |     9|          2|    9|         18|
    |points_reg_3325                       |     9|          2|   10|         20|
    |real_start                            |     9|          2|    1|          2|
    |sampStore_0_address0                  |   153|         34|    5|        170|
    |sampStore_1_address0                  |   153|         34|    5|        170|
    |sampStore_2_address0                  |   153|         34|    5|        170|
    |sampStore_3_address0                  |   153|         34|    5|        170|
    |sampleStream_V_write                  |     9|          2|    1|          2|
    |sampledFeatures_0_V_address0          |    15|          3|   11|         33|
    |sampledFeatures_1_V_address0          |    15|          3|   11|         33|
    |sampledFeatures_2_V_address0          |    15|          3|   11|         33|
    |sampledFeatures_3_V_address0          |    15|          3|   11|         33|
    |samples4_reg_3359                     |     9|          2|    8|         16|
    |samples5_reg_3403                     |     9|          2|    8|         16|
    |samples6_reg_3436                     |     9|          2|    8|         16|
    +--------------------------------------+------+-----------+-----+-----------+
    |Total                                 |  4434|        992|  439|       6892|
    +--------------------------------------+------+-----------+-----+-----------+

    * Register: 
    +---------------------------------+-----+----+-----+-----------+
    |               Name              |  FF | LUT| Bits| Const Bits|
    +---------------------------------+-----+----+-----+-----------+
    |ap_CS_fsm                        |  239|   0|  239|          0|
    |ap_done_reg                      |    1|   0|    1|          0|
    |ap_enable_reg_pp0_iter0          |    1|   0|    1|          0|
    |ap_enable_reg_pp0_iter1          |    1|   0|    1|          0|
    |ap_enable_reg_pp1_iter0          |    1|   0|    1|          0|
    |ap_enable_reg_pp1_iter1          |    1|   0|    1|          0|
    |ap_enable_reg_pp2_iter0          |    1|   0|    1|          0|
    |ap_enable_reg_pp2_iter1          |    1|   0|    1|          0|
    |ap_enable_reg_pp3_iter0          |    1|   0|    1|          0|
    |ap_enable_reg_pp3_iter1          |    1|   0|    1|          0|
    |arrayNo3_cast_reg_5725           |    3|   0|    3|          0|
    |arrayNo4_cast1_mid2_reg_6983     |    3|   0|    3|          0|
    |arrayNo4_cast1_mid2_s_reg_6978   |    8|   0|    8|          0|
    |arrayNo5_reg_7026                |    3|   0|    3|          0|
    |arrayNo7_cast_mid2_reg_7125      |    3|   0|   32|         29|
    |arrayNo7_cast_mid2_v_1_reg_7120  |    8|   0|    8|          0|
    |channels2_reg_3414               |    7|   0|    7|          0|
    |channels3_mid2_reg_6992          |    7|   0|    7|          0|
    |channels3_reg_3392               |    7|   0|    7|          0|
    |channels4_reg_3458               |    7|   0|    7|          0|
    |channels5_reg_3469               |    7|   0|    7|          0|
    |exitcond_flatten1_reg_6969       |    1|   0|    1|          0|
    |featurePC_0_V_addr_10_reg_5769   |    6|   0|   12|          6|
    |featurePC_0_V_addr_11_reg_5774   |    6|   0|   12|          6|
    |featurePC_0_V_addr_12_reg_5779   |    6|   0|   12|          6|
    |featurePC_0_V_addr_13_reg_5784   |    6|   0|   12|          6|
    |featurePC_0_V_addr_14_reg_5789   |    6|   0|   12|          6|
    |featurePC_0_V_addr_15_reg_5794   |    6|   0|   12|          6|
    |featurePC_0_V_addr_16_reg_5799   |    6|   0|   12|          6|
    |featurePC_0_V_addr_17_reg_5804   |    6|   0|   12|          6|
    |featurePC_0_V_addr_18_reg_5809   |    6|   0|   12|          6|
    |featurePC_0_V_addr_19_reg_5814   |    6|   0|   12|          6|
    |featurePC_0_V_addr_20_reg_5819   |    6|   0|   12|          6|
    |featurePC_0_V_addr_21_reg_5824   |    6|   0|   12|          6|
    |featurePC_0_V_addr_22_reg_5829   |    6|   0|   12|          6|
    |featurePC_0_V_addr_23_reg_5834   |    6|   0|   12|          6|
    |featurePC_0_V_addr_24_reg_5839   |    6|   0|   12|          6|
    |featurePC_0_V_addr_25_reg_5844   |    6|   0|   12|          6|
    |featurePC_0_V_addr_26_reg_5849   |    6|   0|   12|          6|
    |featurePC_0_V_addr_27_reg_5854   |    6|   0|   12|          6|
    |featurePC_0_V_addr_28_reg_5859   |    6|   0|   12|          6|
    |featurePC_0_V_addr_29_reg_5864   |    6|   0|   12|          6|
    |featurePC_0_V_addr_2_reg_5729    |    6|   0|   12|          6|
    |featurePC_0_V_addr_30_reg_5869   |    6|   0|   12|          6|
    |featurePC_0_V_addr_31_reg_5874   |    6|   0|   12|          6|
    |featurePC_0_V_addr_32_reg_5879   |    6|   0|   12|          6|
    |featurePC_0_V_addr_33_reg_5884   |    6|   0|   12|          6|
    |featurePC_0_V_addr_34_reg_5889   |    6|   0|   12|          6|
    |featurePC_0_V_addr_35_reg_5894   |    6|   0|   12|          6|
    |featurePC_0_V_addr_36_reg_5899   |    6|   0|   12|          6|
    |featurePC_0_V_addr_37_reg_5904   |    6|   0|   12|          6|
    |featurePC_0_V_addr_38_reg_5909   |    6|   0|   12|          6|
    |featurePC_0_V_addr_39_reg_5914   |    6|   0|   12|          6|
    |featurePC_0_V_addr_3_reg_5734    |    6|   0|   12|          6|
    |featurePC_0_V_addr_40_reg_5919   |    6|   0|   12|          6|
    |featurePC_0_V_addr_41_reg_5924   |    6|   0|   12|          6|
    |featurePC_0_V_addr_42_reg_5929   |    6|   0|   12|          6|
    |featurePC_0_V_addr_43_reg_5934   |    6|   0|   12|          6|
    |featurePC_0_V_addr_44_reg_5939   |    6|   0|   12|          6|
    |featurePC_0_V_addr_45_reg_5944   |    6|   0|   12|          6|
    |featurePC_0_V_addr_46_reg_5949   |    6|   0|   12|          6|
    |featurePC_0_V_addr_47_reg_5954   |    6|   0|   12|          6|
    |featurePC_0_V_addr_48_reg_5959   |    6|   0|   12|          6|
    |featurePC_0_V_addr_49_reg_5964   |    6|   0|   12|          6|
    |featurePC_0_V_addr_4_reg_5739    |    6|   0|   12|          6|
    |featurePC_0_V_addr_50_reg_5969   |    6|   0|   12|          6|
    |featurePC_0_V_addr_51_reg_5974   |    6|   0|   12|          6|
    |featurePC_0_V_addr_52_reg_5979   |    6|   0|   12|          6|
    |featurePC_0_V_addr_53_reg_5984   |    6|   0|   12|          6|
    |featurePC_0_V_addr_54_reg_5989   |    6|   0|   12|          6|
    |featurePC_0_V_addr_55_reg_5994   |    6|   0|   12|          6|
    |featurePC_0_V_addr_56_reg_5999   |    6|   0|   12|          6|
    |featurePC_0_V_addr_57_reg_6004   |    6|   0|   12|          6|
    |featurePC_0_V_addr_58_reg_6009   |    6|   0|   12|          6|
    |featurePC_0_V_addr_59_reg_6014   |    6|   0|   12|          6|
    |featurePC_0_V_addr_5_reg_5744    |    6|   0|   12|          6|
    |featurePC_0_V_addr_60_reg_6019   |    6|   0|   12|          6|
    |featurePC_0_V_addr_61_reg_6024   |    6|   0|   12|          6|
    |featurePC_0_V_addr_62_reg_6029   |    6|   0|   12|          6|
    |featurePC_0_V_addr_63_reg_6034   |    6|   0|   12|          6|
    |featurePC_0_V_addr_6_reg_5749    |    6|   0|   12|          6|
    |featurePC_0_V_addr_7_reg_5754    |    6|   0|   12|          6|
    |featurePC_0_V_addr_8_reg_5759    |    6|   0|   12|          6|
    |featurePC_0_V_addr_9_reg_5764    |    6|   0|   12|          6|
    |featurePC_1_V_addr_10_reg_6079   |    6|   0|   12|          6|
    |featurePC_1_V_addr_11_reg_6084   |    6|   0|   12|          6|
    |featurePC_1_V_addr_12_reg_6089   |    6|   0|   12|          6|
    |featurePC_1_V_addr_13_reg_6094   |    6|   0|   12|          6|
    |featurePC_1_V_addr_14_reg_6099   |    6|   0|   12|          6|
    |featurePC_1_V_addr_15_reg_6104   |    6|   0|   12|          6|
    |featurePC_1_V_addr_16_reg_6109   |    6|   0|   12|          6|
    |featurePC_1_V_addr_17_reg_6114   |    6|   0|   12|          6|
    |featurePC_1_V_addr_18_reg_6119   |    6|   0|   12|          6|
    |featurePC_1_V_addr_19_reg_6124   |    6|   0|   12|          6|
    |featurePC_1_V_addr_20_reg_6129   |    6|   0|   12|          6|
    |featurePC_1_V_addr_21_reg_6134   |    6|   0|   12|          6|
    |featurePC_1_V_addr_22_reg_6139   |    6|   0|   12|          6|
    |featurePC_1_V_addr_23_reg_6144   |    6|   0|   12|          6|
    |featurePC_1_V_addr_24_reg_6149   |    6|   0|   12|          6|
    |featurePC_1_V_addr_25_reg_6154   |    6|   0|   12|          6|
    |featurePC_1_V_addr_26_reg_6159   |    6|   0|   12|          6|
    |featurePC_1_V_addr_27_reg_6164   |    6|   0|   12|          6|
    |featurePC_1_V_addr_28_reg_6169   |    6|   0|   12|          6|
    |featurePC_1_V_addr_29_reg_6174   |    6|   0|   12|          6|
    |featurePC_1_V_addr_2_reg_6039    |    6|   0|   12|          6|
    |featurePC_1_V_addr_30_reg_6179   |    6|   0|   12|          6|
    |featurePC_1_V_addr_31_reg_6184   |    6|   0|   12|          6|
    |featurePC_1_V_addr_32_reg_6189   |    6|   0|   12|          6|
    |featurePC_1_V_addr_33_reg_6194   |    6|   0|   12|          6|
    |featurePC_1_V_addr_34_reg_6199   |    6|   0|   12|          6|
    |featurePC_1_V_addr_35_reg_6204   |    6|   0|   12|          6|
    |featurePC_1_V_addr_36_reg_6209   |    6|   0|   12|          6|
    |featurePC_1_V_addr_37_reg_6214   |    6|   0|   12|          6|
    |featurePC_1_V_addr_38_reg_6219   |    6|   0|   12|          6|
    |featurePC_1_V_addr_39_reg_6224   |    6|   0|   12|          6|
    |featurePC_1_V_addr_3_reg_6044    |    6|   0|   12|          6|
    |featurePC_1_V_addr_40_reg_6229   |    6|   0|   12|          6|
    |featurePC_1_V_addr_41_reg_6234   |    6|   0|   12|          6|
    |featurePC_1_V_addr_42_reg_6239   |    6|   0|   12|          6|
    |featurePC_1_V_addr_43_reg_6244   |    6|   0|   12|          6|
    |featurePC_1_V_addr_44_reg_6249   |    6|   0|   12|          6|
    |featurePC_1_V_addr_45_reg_6254   |    6|   0|   12|          6|
    |featurePC_1_V_addr_46_reg_6259   |    6|   0|   12|          6|
    |featurePC_1_V_addr_47_reg_6264   |    6|   0|   12|          6|
    |featurePC_1_V_addr_48_reg_6269   |    6|   0|   12|          6|
    |featurePC_1_V_addr_49_reg_6274   |    6|   0|   12|          6|
    |featurePC_1_V_addr_4_reg_6049    |    6|   0|   12|          6|
    |featurePC_1_V_addr_50_reg_6279   |    6|   0|   12|          6|
    |featurePC_1_V_addr_51_reg_6284   |    6|   0|   12|          6|
    |featurePC_1_V_addr_52_reg_6289   |    6|   0|   12|          6|
    |featurePC_1_V_addr_53_reg_6294   |    6|   0|   12|          6|
    |featurePC_1_V_addr_54_reg_6299   |    6|   0|   12|          6|
    |featurePC_1_V_addr_55_reg_6304   |    6|   0|   12|          6|
    |featurePC_1_V_addr_56_reg_6309   |    6|   0|   12|          6|
    |featurePC_1_V_addr_57_reg_6314   |    6|   0|   12|          6|
    |featurePC_1_V_addr_58_reg_6319   |    6|   0|   12|          6|
    |featurePC_1_V_addr_59_reg_6324   |    6|   0|   12|          6|
    |featurePC_1_V_addr_5_reg_6054    |    6|   0|   12|          6|
    |featurePC_1_V_addr_60_reg_6329   |    6|   0|   12|          6|
    |featurePC_1_V_addr_61_reg_6334   |    6|   0|   12|          6|
    |featurePC_1_V_addr_62_reg_6339   |    6|   0|   12|          6|
    |featurePC_1_V_addr_63_reg_6344   |    6|   0|   12|          6|
    |featurePC_1_V_addr_6_reg_6059    |    6|   0|   12|          6|
    |featurePC_1_V_addr_7_reg_6064    |    6|   0|   12|          6|
    |featurePC_1_V_addr_8_reg_6069    |    6|   0|   12|          6|
    |featurePC_1_V_addr_9_reg_6074    |    6|   0|   12|          6|
    |featurePC_2_V_addr_10_reg_6389   |    6|   0|   12|          6|
    |featurePC_2_V_addr_11_reg_6394   |    6|   0|   12|          6|
    |featurePC_2_V_addr_12_reg_6399   |    6|   0|   12|          6|
    |featurePC_2_V_addr_13_reg_6404   |    6|   0|   12|          6|
    |featurePC_2_V_addr_14_reg_6409   |    6|   0|   12|          6|
    |featurePC_2_V_addr_15_reg_6414   |    6|   0|   12|          6|
    |featurePC_2_V_addr_16_reg_6419   |    6|   0|   12|          6|
    |featurePC_2_V_addr_17_reg_6424   |    6|   0|   12|          6|
    |featurePC_2_V_addr_18_reg_6429   |    6|   0|   12|          6|
    |featurePC_2_V_addr_19_reg_6434   |    6|   0|   12|          6|
    |featurePC_2_V_addr_20_reg_6439   |    6|   0|   12|          6|
    |featurePC_2_V_addr_21_reg_6444   |    6|   0|   12|          6|
    |featurePC_2_V_addr_22_reg_6449   |    6|   0|   12|          6|
    |featurePC_2_V_addr_23_reg_6454   |    6|   0|   12|          6|
    |featurePC_2_V_addr_24_reg_6459   |    6|   0|   12|          6|
    |featurePC_2_V_addr_25_reg_6464   |    6|   0|   12|          6|
    |featurePC_2_V_addr_26_reg_6469   |    6|   0|   12|          6|
    |featurePC_2_V_addr_27_reg_6474   |    6|   0|   12|          6|
    |featurePC_2_V_addr_28_reg_6479   |    6|   0|   12|          6|
    |featurePC_2_V_addr_29_reg_6484   |    6|   0|   12|          6|
    |featurePC_2_V_addr_2_reg_6349    |    6|   0|   12|          6|
    |featurePC_2_V_addr_30_reg_6489   |    6|   0|   12|          6|
    |featurePC_2_V_addr_31_reg_6494   |    6|   0|   12|          6|
    |featurePC_2_V_addr_32_reg_6499   |    6|   0|   12|          6|
    |featurePC_2_V_addr_33_reg_6504   |    6|   0|   12|          6|
    |featurePC_2_V_addr_34_reg_6509   |    6|   0|   12|          6|
    |featurePC_2_V_addr_35_reg_6514   |    6|   0|   12|          6|
    |featurePC_2_V_addr_36_reg_6519   |    6|   0|   12|          6|
    |featurePC_2_V_addr_37_reg_6524   |    6|   0|   12|          6|
    |featurePC_2_V_addr_38_reg_6529   |    6|   0|   12|          6|
    |featurePC_2_V_addr_39_reg_6534   |    6|   0|   12|          6|
    |featurePC_2_V_addr_3_reg_6354    |    6|   0|   12|          6|
    |featurePC_2_V_addr_40_reg_6539   |    6|   0|   12|          6|
    |featurePC_2_V_addr_41_reg_6544   |    6|   0|   12|          6|
    |featurePC_2_V_addr_42_reg_6549   |    6|   0|   12|          6|
    |featurePC_2_V_addr_43_reg_6554   |    6|   0|   12|          6|
    |featurePC_2_V_addr_44_reg_6559   |    6|   0|   12|          6|
    |featurePC_2_V_addr_45_reg_6564   |    6|   0|   12|          6|
    |featurePC_2_V_addr_46_reg_6569   |    6|   0|   12|          6|
    |featurePC_2_V_addr_47_reg_6574   |    6|   0|   12|          6|
    |featurePC_2_V_addr_48_reg_6579   |    6|   0|   12|          6|
    |featurePC_2_V_addr_49_reg_6584   |    6|   0|   12|          6|
    |featurePC_2_V_addr_4_reg_6359    |    6|   0|   12|          6|
    |featurePC_2_V_addr_50_reg_6589   |    6|   0|   12|          6|
    |featurePC_2_V_addr_51_reg_6594   |    6|   0|   12|          6|
    |featurePC_2_V_addr_52_reg_6599   |    6|   0|   12|          6|
    |featurePC_2_V_addr_53_reg_6604   |    6|   0|   12|          6|
    |featurePC_2_V_addr_54_reg_6609   |    6|   0|   12|          6|
    |featurePC_2_V_addr_55_reg_6614   |    6|   0|   12|          6|
    |featurePC_2_V_addr_56_reg_6619   |    6|   0|   12|          6|
    |featurePC_2_V_addr_57_reg_6624   |    6|   0|   12|          6|
    |featurePC_2_V_addr_58_reg_6629   |    6|   0|   12|          6|
    |featurePC_2_V_addr_59_reg_6634   |    6|   0|   12|          6|
    |featurePC_2_V_addr_5_reg_6364    |    6|   0|   12|          6|
    |featurePC_2_V_addr_60_reg_6639   |    6|   0|   12|          6|
    |featurePC_2_V_addr_61_reg_6644   |    6|   0|   12|          6|
    |featurePC_2_V_addr_62_reg_6649   |    6|   0|   12|          6|
    |featurePC_2_V_addr_63_reg_6654   |    6|   0|   12|          6|
    |featurePC_2_V_addr_6_reg_6369    |    6|   0|   12|          6|
    |featurePC_2_V_addr_7_reg_6374    |    6|   0|   12|          6|
    |featurePC_2_V_addr_8_reg_6379    |    6|   0|   12|          6|
    |featurePC_2_V_addr_9_reg_6384    |    6|   0|   12|          6|
    |featurePC_3_V_addr_10_reg_6699   |    6|   0|   12|          6|
    |featurePC_3_V_addr_11_reg_6704   |    6|   0|   12|          6|
    |featurePC_3_V_addr_12_reg_6709   |    6|   0|   12|          6|
    |featurePC_3_V_addr_13_reg_6714   |    6|   0|   12|          6|
    |featurePC_3_V_addr_14_reg_6719   |    6|   0|   12|          6|
    |featurePC_3_V_addr_15_reg_6724   |    6|   0|   12|          6|
    |featurePC_3_V_addr_16_reg_6729   |    6|   0|   12|          6|
    |featurePC_3_V_addr_17_reg_6734   |    6|   0|   12|          6|
    |featurePC_3_V_addr_18_reg_6739   |    6|   0|   12|          6|
    |featurePC_3_V_addr_19_reg_6744   |    6|   0|   12|          6|
    |featurePC_3_V_addr_20_reg_6749   |    6|   0|   12|          6|
    |featurePC_3_V_addr_21_reg_6754   |    6|   0|   12|          6|
    |featurePC_3_V_addr_22_reg_6759   |    6|   0|   12|          6|
    |featurePC_3_V_addr_23_reg_6764   |    6|   0|   12|          6|
    |featurePC_3_V_addr_24_reg_6769   |    6|   0|   12|          6|
    |featurePC_3_V_addr_25_reg_6774   |    6|   0|   12|          6|
    |featurePC_3_V_addr_26_reg_6779   |    6|   0|   12|          6|
    |featurePC_3_V_addr_27_reg_6784   |    6|   0|   12|          6|
    |featurePC_3_V_addr_28_reg_6789   |    6|   0|   12|          6|
    |featurePC_3_V_addr_29_reg_6794   |    6|   0|   12|          6|
    |featurePC_3_V_addr_2_reg_6659    |    6|   0|   12|          6|
    |featurePC_3_V_addr_30_reg_6799   |    6|   0|   12|          6|
    |featurePC_3_V_addr_31_reg_6804   |    6|   0|   12|          6|
    |featurePC_3_V_addr_32_reg_6809   |    6|   0|   12|          6|
    |featurePC_3_V_addr_33_reg_6814   |    6|   0|   12|          6|
    |featurePC_3_V_addr_34_reg_6819   |    6|   0|   12|          6|
    |featurePC_3_V_addr_35_reg_6824   |    6|   0|   12|          6|
    |featurePC_3_V_addr_36_reg_6829   |    6|   0|   12|          6|
    |featurePC_3_V_addr_37_reg_6834   |    6|   0|   12|          6|
    |featurePC_3_V_addr_38_reg_6839   |    6|   0|   12|          6|
    |featurePC_3_V_addr_39_reg_6844   |    6|   0|   12|          6|
    |featurePC_3_V_addr_3_reg_6664    |    6|   0|   12|          6|
    |featurePC_3_V_addr_40_reg_6849   |    6|   0|   12|          6|
    |featurePC_3_V_addr_41_reg_6854   |    6|   0|   12|          6|
    |featurePC_3_V_addr_42_reg_6859   |    6|   0|   12|          6|
    |featurePC_3_V_addr_43_reg_6864   |    6|   0|   12|          6|
    |featurePC_3_V_addr_44_reg_6869   |    6|   0|   12|          6|
    |featurePC_3_V_addr_45_reg_6874   |    6|   0|   12|          6|
    |featurePC_3_V_addr_46_reg_6879   |    6|   0|   12|          6|
    |featurePC_3_V_addr_47_reg_6884   |    6|   0|   12|          6|
    |featurePC_3_V_addr_48_reg_6889   |    6|   0|   12|          6|
    |featurePC_3_V_addr_49_reg_6894   |    6|   0|   12|          6|
    |featurePC_3_V_addr_4_reg_6669    |    6|   0|   12|          6|
    |featurePC_3_V_addr_50_reg_6899   |    6|   0|   12|          6|
    |featurePC_3_V_addr_51_reg_6904   |    6|   0|   12|          6|
    |featurePC_3_V_addr_52_reg_6909   |    6|   0|   12|          6|
    |featurePC_3_V_addr_53_reg_6914   |    6|   0|   12|          6|
    |featurePC_3_V_addr_54_reg_6919   |    6|   0|   12|          6|
    |featurePC_3_V_addr_55_reg_6924   |    6|   0|   12|          6|
    |featurePC_3_V_addr_56_reg_6929   |    6|   0|   12|          6|
    |featurePC_3_V_addr_57_reg_6934   |    6|   0|   12|          6|
    |featurePC_3_V_addr_58_reg_6939   |    6|   0|   12|          6|
    |featurePC_3_V_addr_59_reg_6944   |    6|   0|   12|          6|
    |featurePC_3_V_addr_5_reg_6674    |    6|   0|   12|          6|
    |featurePC_3_V_addr_60_reg_6949   |    6|   0|   12|          6|
    |featurePC_3_V_addr_61_reg_6954   |    6|   0|   12|          6|
    |featurePC_3_V_addr_62_reg_6959   |    6|   0|   12|          6|
    |featurePC_3_V_addr_63_reg_6964   |    6|   0|   12|          6|
    |featurePC_3_V_addr_6_reg_6679    |    6|   0|   12|          6|
    |featurePC_3_V_addr_7_reg_6684    |    6|   0|   12|          6|
    |featurePC_3_V_addr_8_reg_6689    |    6|   0|   12|          6|
    |featurePC_3_V_addr_9_reg_6694    |    6|   0|   12|          6|
    |grp_LFSR_fu_3480_ap_start_reg    |    1|   0|    1|          0|
    |indvar_flatten1_reg_3348         |   18|   0|   18|          0|
    |indvar_flatten2_reg_3425         |   12|   0|   12|          0|
    |indvar_flatten_next2_reg_7109    |   12|   0|   12|          0|
    |indvar_flatten_reg_3370          |   12|   0|   12|          0|
    |neighbors2_reg_3381              |    5|   0|    5|          0|
    |neighbors3_mid2_reg_7114         |    5|   0|    5|          0|
    |neighbors3_reg_3447              |    5|   0|    5|          0|
    |points3_reg_3336                 |    9|   0|    9|          0|
    |points_1_reg_5215                |   10|   0|   10|          0|
    |points_2_reg_5224                |    9|   0|    9|          0|
    |points_reg_3325                  |   10|   0|   10|          0|
    |reg_3485                         |    8|   0|    8|          0|
    |samples4_reg_3359                |    8|   0|    8|          0|
    |samples5_reg_3403                |    8|   0|    8|          0|
    |samples6_reg_3436                |    8|   0|    8|          0|
    |samples_1_reg_7021               |    8|   0|    8|          0|
    |start_once_reg                   |    1|   0|    1|          0|
    |tmp_158_cast_reg_7056            |    5|   0|   12|          7|
    |tmp_159_reg_7061                 |   26|   0|   32|          6|
    |tmp_15_reg_7141                  |    1|   0|    1|          0|
    |tmp_162_cast_reg_7066            |    6|   0|   13|          7|
    |tmp_165_cast_reg_7131            |    5|   0|   10|          5|
    |tmp_168_cast_reg_7136            |    5|   0|   12|          7|
    |tmp_170_reg_7100                 |   12|   0|   12|          0|
    |tmp_173_cast_reg_7170            |   10|   0|   17|          7|
    |tmp_19_reg_7175                  |    1|   0|    1|          0|
    |tmp_282_reg_6987                 |    5|   0|    5|          0|
    |tmp_285_reg_7031                 |    5|   0|    5|          0|
    |tmp_5_mid2_reg_6997              |    5|   0|    5|          0|
    |tmp_V_10_reg_5301                |    8|   0|    8|          0|
    |tmp_V_11_reg_5309                |    8|   0|    8|          0|
    |tmp_V_12_reg_5317                |    8|   0|    8|          0|
    |tmp_V_13_reg_5325                |    8|   0|    8|          0|
    |tmp_V_14_reg_5333                |    8|   0|    8|          0|
    |tmp_V_15_reg_5341                |    8|   0|    8|          0|
    |tmp_V_16_reg_5349                |    8|   0|    8|          0|
    |tmp_V_17_reg_5357                |    8|   0|    8|          0|
    |tmp_V_18_reg_5365                |    8|   0|    8|          0|
    |tmp_V_19_reg_5373                |    8|   0|    8|          0|
    |tmp_V_1_reg_5229                 |    8|   0|    8|          0|
    |tmp_V_20_reg_5381                |    8|   0|    8|          0|
    |tmp_V_21_reg_5389                |    8|   0|    8|          0|
    |tmp_V_22_reg_5397                |    8|   0|    8|          0|
    |tmp_V_23_reg_5405                |    8|   0|    8|          0|
    |tmp_V_24_reg_5413                |    8|   0|    8|          0|
    |tmp_V_25_reg_5421                |    8|   0|    8|          0|
    |tmp_V_26_reg_5429                |    8|   0|    8|          0|
    |tmp_V_27_reg_5437                |    8|   0|    8|          0|
    |tmp_V_28_reg_5445                |    8|   0|    8|          0|
    |tmp_V_29_reg_5453                |    8|   0|    8|          0|
    |tmp_V_2_reg_5237                 |    8|   0|    8|          0|
    |tmp_V_30_reg_5461                |    8|   0|    8|          0|
    |tmp_V_31_reg_5469                |    8|   0|    8|          0|
    |tmp_V_32_reg_5477                |    8|   0|    8|          0|
    |tmp_V_33_reg_5485                |    8|   0|    8|          0|
    |tmp_V_34_reg_5493                |    8|   0|    8|          0|
    |tmp_V_35_reg_5501                |    8|   0|    8|          0|
    |tmp_V_36_reg_5509                |    8|   0|    8|          0|
    |tmp_V_37_reg_5517                |    8|   0|    8|          0|
    |tmp_V_38_reg_5525                |    8|   0|    8|          0|
    |tmp_V_39_reg_5533                |    8|   0|    8|          0|
    |tmp_V_3_reg_5245                 |    8|   0|    8|          0|
    |tmp_V_40_reg_5541                |    8|   0|    8|          0|
    |tmp_V_41_reg_5549                |    8|   0|    8|          0|
    |tmp_V_42_reg_5557                |    8|   0|    8|          0|
    |tmp_V_43_reg_5565                |    8|   0|    8|          0|
    |tmp_V_44_reg_5573                |    8|   0|    8|          0|
    |tmp_V_45_reg_5581                |    8|   0|    8|          0|
    |tmp_V_46_reg_5589                |    8|   0|    8|          0|
    |tmp_V_47_reg_5597                |    8|   0|    8|          0|
    |tmp_V_48_reg_5605                |    8|   0|    8|          0|
    |tmp_V_49_reg_5613                |    8|   0|    8|          0|
    |tmp_V_4_reg_5253                 |    8|   0|    8|          0|
    |tmp_V_50_reg_5621                |    8|   0|    8|          0|
    |tmp_V_51_reg_5629                |    8|   0|    8|          0|
    |tmp_V_52_reg_5637                |    8|   0|    8|          0|
    |tmp_V_53_reg_5645                |    8|   0|    8|          0|
    |tmp_V_54_reg_5653                |    8|   0|    8|          0|
    |tmp_V_55_reg_5661                |    8|   0|    8|          0|
    |tmp_V_56_reg_5669                |    8|   0|    8|          0|
    |tmp_V_57_reg_5677                |    8|   0|    8|          0|
    |tmp_V_58_reg_5685                |    8|   0|    8|          0|
    |tmp_V_59_reg_5693                |    8|   0|    8|          0|
    |tmp_V_5_reg_5261                 |    8|   0|    8|          0|
    |tmp_V_60_reg_5701                |    8|   0|    8|          0|
    |tmp_V_61_reg_5709                |    8|   0|    8|          0|
    |tmp_V_62_reg_5717                |    8|   0|    8|          0|
    |tmp_V_6_reg_5269                 |    8|   0|    8|          0|
    |tmp_V_7_reg_5277                 |    8|   0|    8|          0|
    |tmp_V_8_reg_5285                 |    8|   0|    8|          0|
    |tmp_V_9_reg_5293                 |    8|   0|    8|          0|
    +---------------------------------+-----+----+-----+-----------+
    |Total                            | 2531|   0| 4087|       1556|
    +---------------------------------+-----+----+-----+-----------+



================================================================
== Interface
================================================================
* Summary: 
+----------------------+-----+-----+------------+---------------+--------------+
|       RTL Ports      | Dir | Bits|  Protocol  | Source Object |    C Type    |
+----------------------+-----+-----+------------+---------------+--------------+
|ap_clk                |  in |    1| ap_ctrl_hs |   grouperPE   | return value |
|ap_rst                |  in |    1| ap_ctrl_hs |   grouperPE   | return value |
|ap_start              |  in |    1| ap_ctrl_hs |   grouperPE   | return value |
|start_full_n          |  in |    1| ap_ctrl_hs |   grouperPE   | return value |
|ap_done               | out |    1| ap_ctrl_hs |   grouperPE   | return value |
|ap_continue           |  in |    1| ap_ctrl_hs |   grouperPE   | return value |
|ap_idle               | out |    1| ap_ctrl_hs |   grouperPE   | return value |
|ap_ready              | out |    1| ap_ctrl_hs |   grouperPE   | return value |
|start_out             | out |    1| ap_ctrl_hs |   grouperPE   | return value |
|start_write           | out |    1| ap_ctrl_hs |   grouperPE   | return value |
|inStream_V_V_dout     |  in |    8|   ap_fifo  |  inStream_V_V |    pointer   |
|inStream_V_V_empty_n  |  in |    1|   ap_fifo  |  inStream_V_V |    pointer   |
|inStream_V_V_read     | out |    1|   ap_fifo  |  inStream_V_V |    pointer   |
|features_V_V_dout     |  in |    8|   ap_fifo  |  features_V_V |    pointer   |
|features_V_V_empty_n  |  in |    1|   ap_fifo  |  features_V_V |    pointer   |
|features_V_V_read     | out |    1|   ap_fifo  |  features_V_V |    pointer   |
|outStream_V_V_din     | out |    8|   ap_fifo  | outStream_V_V |    pointer   |
|outStream_V_V_full_n  |  in |    1|   ap_fifo  | outStream_V_V |    pointer   |
|outStream_V_V_write   | out |    1|   ap_fifo  | outStream_V_V |    pointer   |
+----------------------+-----+-----+------------+---------------+--------------+

