

================================================================
== Vivado HLS Report for 'StreamingMaxPool_Pre'
================================================================
* Date:           Wed Apr 26 22:20:41 2023

* Version:        2018.2 (Build 2258646 on Thu Jun 14 20:25:20 MDT 2018)
* Project:        S2
* Solution:       solution1
* Product family: zynq
* Target device:  xc7z045ffg900-2


================================================================
== Performance Estimates
================================================================
+ Timing (ns): 
    * Summary: 
    +--------+-------+----------+------------+
    |  Clock | Target| Estimated| Uncertainty|
    +--------+-------+----------+------------+
    |ap_clk  |  10.00|     6.172|        1.25|
    +--------+-------+----------+------------+

+ Latency (clock cycles): 
    * Summary: 
    +--------+--------+--------+--------+---------+
    |     Latency     |     Interval    | Pipeline|
    |   min  |   max  |   min  |   max  |   Type  |
    +--------+--------+--------+--------+---------+
    |  279299|  279299|  279299|  279299|   none  |
    +--------+--------+--------+--------+---------+

    + Detail: 
        * Instance: 
        N/A

        * Loop: 
        +-------------+--------+--------+----------+-----------+-----------+------+----------+
        |             |     Latency     | Iteration|  Initiation Interval  | Trip |          |
        |  Loop Name  |   min  |   max  |  Latency |  achieved |   target  | Count| Pipelined|
        +-------------+--------+--------+----------+-----------+-----------+------+----------+
        |- Loop 1     |     128|     128|         1|          1|          1|   128|    yes   |
        |- Loop 2     |  279168|  279168|      2181|          -|          -|   128|    no    |
        | + Loop 2.1  |    2048|    2048|         2|          1|          1|  2048|    yes   |
        | + Loop 2.2  |     128|     128|         2|          1|          1|   128|    yes   |
        +-------------+--------+--------+----------+-----------+-----------+------+----------+



================================================================
== Utilization Estimates
================================================================
* Summary: 
+-----------------+---------+-------+--------+--------+
|       Name      | BRAM_18K| DSP48E|   FF   |   LUT  |
+-----------------+---------+-------+--------+--------+
|DSP              |        -|      -|       -|       -|
|Expression       |        -|      -|       0|     181|
|FIFO             |        -|      -|       -|       -|
|Instance         |        -|      -|       -|       -|
|Memory           |        1|      -|       0|       0|
|Multiplexer      |        -|      -|       -|     191|
|Register         |        -|      -|      82|       -|
+-----------------+---------+-------+--------+--------+
|Total            |        1|      0|      82|     372|
+-----------------+---------+-------+--------+--------+
|Available        |     1090|    900|  437200|  218600|
+-----------------+---------+-------+--------+--------+
|Utilization (%)  |    ~0   |      0|   ~0   |   ~0   |
+-----------------+---------+-------+--------+--------+

+ Detail: 
    * Instance: 
    N/A

    * DSP48: 
    N/A

    * Memory: 
    +-----------+----------------------+---------+---+----+------+-----+------+-------------+
    |   Memory  |        Module        | BRAM_18K| FF| LUT| Words| Bits| Banks| W*Bits*Banks|
    +-----------+----------------------+---------+---+----+------+-----+------+-------------+
    |buf_0_V_U  |StreamingMaxPool_JfO  |        1|  0|   0|   128|    8|     1|         1024|
    +-----------+----------------------+---------+---+----+------+-----+------+-------------+
    |Total      |                      |        1|  0|   0|   128|    8|     1|         1024|
    +-----------+----------------------+---------+---+----+------+-----+------+-------------+

    * FIFO: 
    N/A

    * Expression: 
    +----------------------------------+----------+-------+---+----+------------+------------+
    |           Variable Name          | Operation| DSP48E| FF| LUT| Bitwidth P0| Bitwidth P1|
    +----------------------------------+----------+-------+---+----+------------+------------+
    |ch_1_fu_189_p2                    |     +    |      0|  0|  15|           8|           1|
    |ch_2_fu_261_p2                    |     +    |      0|  0|  15|           8|           1|
    |ch_3_fu_243_p2                    |     +    |      0|  0|  15|           8|           1|
    |indvar_flatten_next_fu_218_p2     |     +    |      0|  0|  19|          12|           1|
    |xp_1_fu_206_p2                    |     +    |      0|  0|  15|           8|           1|
    |ap_block_pp1_stage0_11001         |    and   |      0|  0|   2|           1|           1|
    |ap_block_pp2_stage0_01001         |    and   |      0|  0|   2|           1|           1|
    |ap_block_state6_pp1_stage0_iter1  |    and   |      0|  0|   2|           1|           1|
    |ap_block_state9_pp2_stage0_iter1  |    and   |      0|  0|   2|           1|           1|
    |exitcond_flatten_fu_212_p2        |   icmp   |      0|  0|  13|          12|          13|
    |tmp_23_fu_200_p2                  |   icmp   |      0|  0|  13|           8|           9|
    |tmp_27_fu_255_p2                  |   icmp   |      0|  0|  13|           8|           9|
    |tmp_288_fu_224_p2                 |   icmp   |      0|  0|  13|           8|           9|
    |tmp_30_fu_249_p2                  |   icmp   |      0|  0|  11|           8|           8|
    |tmp_fu_183_p2                     |   icmp   |      0|  0|  13|           8|           9|
    |ap_block_state1                   |    or    |      0|  0|   2|           1|           1|
    |ch4_mid2_fu_230_p3                |  select  |      0|  0|   8|           1|           1|
    |ap_enable_pp1                     |    xor   |      0|  0|   2|           1|           2|
    |ap_enable_pp2                     |    xor   |      0|  0|   2|           1|           2|
    |ap_enable_reg_pp1_iter1           |    xor   |      0|  0|   2|           2|           1|
    |ap_enable_reg_pp2_iter1           |    xor   |      0|  0|   2|           2|           1|
    +----------------------------------+----------+-------+---+----+------------+------------+
    |Total                             |          |      0|  0| 181|         108|          74|
    +----------------------------------+----------+-------+---+----+------------+------------+

    * Multiplexer: 
    +-------------------------+----+-----------+-----+-----------+
    |           Name          | LUT| Input Size| Bits| Total Bits|
    +-------------------------+----+-----------+-----+-----------+
    |ap_NS_fsm                |  44|          9|    1|          9|
    |ap_done                  |   9|          2|    1|          2|
    |ap_enable_reg_pp1_iter1  |  15|          3|    1|          3|
    |ap_enable_reg_pp2_iter1  |  15|          3|    1|          3|
    |buf_0_V_address0         |  21|          4|    7|         28|
    |buf_0_V_address1         |  15|          3|    7|         21|
    |ch4_reg_161              |   9|          2|    8|         16|
    |ch6_reg_172              |   9|          2|    8|         16|
    |ch_reg_128               |   9|          2|    8|         16|
    |in_V_V_blk_n             |   9|          2|    1|          2|
    |indvar_flatten_reg_150   |   9|          2|   12|         24|
    |out_V_V_blk_n            |   9|          2|    1|          2|
    |real_start               |   9|          2|    1|          2|
    |xp_reg_139               |   9|          2|    8|         16|
    +-------------------------+----+-----------+-----+-----------+
    |Total                    | 191|         40|   65|        160|
    +-------------------------+----+-----------+-----+-----------+

    * Register: 
    +--------------------------+----+----+-----+-----------+
    |           Name           | FF | LUT| Bits| Const Bits|
    +--------------------------+----+----+-----+-----------+
    |ap_CS_fsm                 |   8|   0|    8|          0|
    |ap_done_reg               |   1|   0|    1|          0|
    |ap_enable_reg_pp1_iter0   |   1|   0|    1|          0|
    |ap_enable_reg_pp1_iter1   |   1|   0|    1|          0|
    |ap_enable_reg_pp2_iter0   |   1|   0|    1|          0|
    |ap_enable_reg_pp2_iter1   |   1|   0|    1|          0|
    |buf_0_V_addr_1_reg_321    |   7|   0|    7|          0|
    |buf_0_V_addr_2_reg_298    |   7|   0|    7|          0|
    |ch4_reg_161               |   8|   0|    8|          0|
    |ch6_reg_172               |   8|   0|    8|          0|
    |ch_reg_128                |   8|   0|    8|          0|
    |exitcond_flatten_reg_289  |   1|   0|    1|          0|
    |indvar_flatten_reg_150    |  12|   0|   12|          0|
    |start_once_reg            |   1|   0|    1|          0|
    |tmp_27_reg_312            |   1|   0|    1|          0|
    |xp_1_reg_284              |   8|   0|    8|          0|
    |xp_reg_139                |   8|   0|    8|          0|
    +--------------------------+----+----+-----+-----------+
    |Total                     |  82|   0|   82|          0|
    +--------------------------+----+----+-----+-----------+



================================================================
== Interface
================================================================
* Summary: 
+----------------+-----+-----+------------+----------------------+--------------+
|    RTL Ports   | Dir | Bits|  Protocol  |     Source Object    |    C Type    |
+----------------+-----+-----+------------+----------------------+--------------+
|ap_clk          |  in |    1| ap_ctrl_hs | StreamingMaxPool_Pre | return value |
|ap_rst          |  in |    1| ap_ctrl_hs | StreamingMaxPool_Pre | return value |
|ap_start        |  in |    1| ap_ctrl_hs | StreamingMaxPool_Pre | return value |
|start_full_n    |  in |    1| ap_ctrl_hs | StreamingMaxPool_Pre | return value |
|ap_done         | out |    1| ap_ctrl_hs | StreamingMaxPool_Pre | return value |
|ap_continue     |  in |    1| ap_ctrl_hs | StreamingMaxPool_Pre | return value |
|ap_idle         | out |    1| ap_ctrl_hs | StreamingMaxPool_Pre | return value |
|ap_ready        | out |    1| ap_ctrl_hs | StreamingMaxPool_Pre | return value |
|start_out       | out |    1| ap_ctrl_hs | StreamingMaxPool_Pre | return value |
|start_write     | out |    1| ap_ctrl_hs | StreamingMaxPool_Pre | return value |
|in_V_V_dout     |  in |    8|   ap_fifo  |        in_V_V        |    pointer   |
|in_V_V_empty_n  |  in |    1|   ap_fifo  |        in_V_V        |    pointer   |
|in_V_V_read     | out |    1|   ap_fifo  |        in_V_V        |    pointer   |
|out_V_V_din     | out |    8|   ap_fifo  |        out_V_V       |    pointer   |
|out_V_V_full_n  |  in |    1|   ap_fifo  |        out_V_V       |    pointer   |
|out_V_V_write   | out |    1|   ap_fifo  |        out_V_V       |    pointer   |
+----------------+-----+-----+------------+----------------------+--------------+

