

================================================================
== Vivado HLS Report for 'Conv1DBuffer_new'
================================================================
* Date:           Fri Apr 28 22:20:34 2023

* Version:        2018.2 (Build 2258646 on Thu Jun 14 20:25:20 MDT 2018)
* Project:        S4_1
* Solution:       solution1
* Product family: zynq
* Target device:  xc7z045ffg900-2


================================================================
== Performance Estimates
================================================================
+ Timing (ns): 
    * Summary: 
    +--------+-------+----------+------------+
    |  Clock | Target| Estimated| Uncertainty|
    +--------+-------+----------+------------+
    |ap_clk  |  10.00|     7.312|        1.25|
    +--------+-------+----------+------------+

+ Latency (clock cycles): 
    * Summary: 
    +----------+----------+----------+----------+---------+
    |       Latency       |       Interval      | Pipeline|
    |    min   |    max   |    min   |    max   |   Type  |
    +----------+----------+----------+----------+---------+
    |  16777732|  16777732|  16777732|  16777732|   none  |
    +----------+----------+----------+----------+---------+

    + Detail: 
        * Instance: 
        N/A

        * Loop: 
        +----------+----------+----------+----------+-----------+-----------+----------+----------+
        |          |       Latency       | Iteration|  Initiation Interval  |   Trip   |          |
        | Loop Name|    min   |    max   |  Latency |  achieved |   target  |   Count  | Pipelined|
        +----------+----------+----------+----------+-----------+-----------+----------+----------+
        |- Loop 1  |       512|       512|         2|          1|          1|       512|    yes   |
        |- Loop 2  |  16777216|  16777216|         2|          1|          1|  16777216|    yes   |
        +----------+----------+----------+----------+-----------+-----------+----------+----------+



================================================================
== Utilization Estimates
================================================================
* Summary: 
+-----------------+---------+-------+--------+--------+
|       Name      | BRAM_18K| DSP48E|   FF   |   LUT  |
+-----------------+---------+-------+--------+--------+
|DSP              |        -|      -|       -|       -|
|Expression       |        -|      -|       0|     317|
|FIFO             |        -|      -|       -|       -|
|Instance         |        -|      -|       -|       -|
|Memory           |        1|      -|       0|       0|
|Multiplexer      |        -|      -|       -|     177|
|Register         |        -|      -|     112|       -|
+-----------------+---------+-------+--------+--------+
|Total            |        1|      0|     112|     494|
+-----------------+---------+-------+--------+--------+
|Available        |     1090|    900|  437200|  218600|
+-----------------+---------+-------+--------+--------+
|Utilization (%)  |    ~0   |      0|   ~0   |   ~0   |
+-----------------+---------+-------+--------+--------+

+ Detail: 
    * Instance: 
    N/A

    * DSP48: 
    N/A

    * Memory: 
    +----------------+----------------------+---------+---+----+------+-----+------+-------------+
    |     Memory     |        Module        | BRAM_18K| FF| LUT| Words| Bits| Banks| W*Bits*Banks|
    +----------------+----------------------+---------+---+----+------+-----+------+-------------+
    |inputBuf_0_V_U  |Conv1DBuffer_new_bkb  |        1|  0|   0|   512|    8|     1|         4096|
    +----------------+----------------------+---------+---+----+------+-----+------+-------------+
    |Total           |                      |        1|  0|   0|   512|    8|     1|         4096|
    +----------------+----------------------+---------+---+----+------+-----+------+-------------+

    * FIFO: 
    N/A

    * Expression: 
    +----------------------------------+----------+-------+---+----+------------+------------+
    |           Variable Name          | Operation| DSP48E| FF| LUT| Bitwidth P0| Bitwidth P1|
    +----------------------------------+----------+-------+---+----+------------+------------+
    |indvar_flatten_next4_fu_243_p2    |     +    |      0|  0|  32|          25|           1|
    |indvar_flatten_op_fu_374_p2       |     +    |      0|  0|  24|          17|           1|
    |nm_3_fu_315_p2                    |     +    |      0|  0|  15|           7|           1|
    |ofm_iter_fu_263_p2                |     +    |      0|  0|  17|          10|           1|
    |ptr_simd_1_fu_208_p2              |     +    |      0|  0|  17|          10|           1|
    |ptr_simd_2_fu_368_p2              |     +    |      0|  0|  17|          10|           1|
    |ap_block_pp0_stage0_11001         |    and   |      0|  0|   2|           1|           1|
    |ap_block_pp1_stage0_01001         |    and   |      0|  0|   2|           1|           1|
    |ap_block_state3_pp0_stage0_iter1  |    and   |      0|  0|   2|           1|           1|
    |or_cond_fu_231_p2                 |    and   |      0|  0|   2|           1|           1|
    |or_cond_mid1_fu_341_p2            |    and   |      0|  0|   2|           1|           1|
    |or_cond_mid_fu_289_p2             |    and   |      0|  0|   2|           1|           1|
    |tmp_11_mid_fu_301_p2              |    and   |      0|  0|   2|           1|           1|
    |exitcond_flatten4_fu_237_p2       |   icmp   |      0|  0|  18|          25|          26|
    |exitcond_flatten_fu_249_p2        |   icmp   |      0|  0|  18|          17|          16|
    |tmp_10_fu_225_p2                  |   icmp   |      0|  0|  11|           7|           6|
    |tmp_10_mid1_fu_335_p2             |   icmp   |      0|  0|  11|           7|           6|
    |tmp_44_fu_295_p2                  |   icmp   |      0|  0|  13|          10|          11|
    |tmp_8_fu_219_p2                   |   icmp   |      0|  0|  13|          10|           9|
    |tmp_8_mid1_fu_269_p2              |   icmp   |      0|  0|  13|          10|           9|
    |tmp_fu_202_p2                     |   icmp   |      0|  0|  13|          10|          11|
    |ap_block_state1                   |    or    |      0|  0|   2|           1|           1|
    |ap_block_state6_pp1_stage0_iter1  |    or    |      0|  0|   2|           1|           1|
    |tmp_32_fu_321_p2                  |    or    |      0|  0|   2|           1|           1|
    |indvar_flatten_next_fu_380_p3     |  select  |      0|  0|  17|           1|           1|
    |nm_mid2_fu_355_p3                 |  select  |      0|  0|   7|           1|           7|
    |nm_mid_fu_255_p3                  |  select  |      0|  0|   7|           1|           1|
    |op1_assign_mid2_fu_307_p3         |  select  |      0|  0|  10|           1|          10|
    |or_cond_mid2_fu_347_p3            |  select  |      0|  0|   2|           1|           1|
    |ptr_simd4_mid2_fu_327_p3          |  select  |      0|  0|  10|           1|           1|
    |tmp_8_mid2_fu_275_p3              |  select  |      0|  0|   2|           1|           1|
    |ap_enable_pp0                     |    xor   |      0|  0|   2|           1|           2|
    |ap_enable_pp1                     |    xor   |      0|  0|   2|           1|           2|
    |ap_enable_reg_pp0_iter1           |    xor   |      0|  0|   2|           2|           1|
    |ap_enable_reg_pp1_iter1           |    xor   |      0|  0|   2|           2|           1|
    |not_exitcond_flatten_fu_283_p2    |    xor   |      0|  0|   2|           1|           2|
    +----------------------------------+----------+-------+---+----+------------+------------+
    |Total                             |          |      0|  0| 317|         199|         140|
    +----------------------------------+----------+-------+---+----+------------+------------+

    * Multiplexer: 
    +-----------------------------------+----+-----------+-----+-----------+
    |                Name               | LUT| Input Size| Bits| Total Bits|
    +-----------------------------------+----+-----------+-----+-----------+
    |ap_NS_fsm                          |  33|          6|    1|          6|
    |ap_done                            |   9|          2|    1|          2|
    |ap_enable_reg_pp0_iter1            |  15|          3|    1|          3|
    |ap_enable_reg_pp1_iter1            |  15|          3|    1|          3|
    |ap_phi_mux_ptr_simd_phi_fu_139_p4  |   9|          2|   10|         20|
    |in_V_V_blk_n                       |   9|          2|    1|          2|
    |indvar_flatten4_reg_147            |   9|          2|   25|         50|
    |indvar_flatten_reg_169             |   9|          2|   17|         34|
    |inputBuf_0_V_address0              |  15|          3|    9|         27|
    |nm_reg_180                         |   9|          2|    7|         14|
    |op1_assign_reg_158                 |   9|          2|   10|         20|
    |out_V_V_blk_n                      |   9|          2|    1|          2|
    |ptr_simd4_reg_191                  |   9|          2|   10|         20|
    |ptr_simd_reg_135                   |   9|          2|   10|         20|
    |real_start                         |   9|          2|    1|          2|
    +-----------------------------------+----+-----------+-----+-----------+
    |Total                              | 177|         37|  105|        225|
    +-----------------------------------+----+-----------+-----+-----------+

    * Register: 
    +-----------------------------+----+----+-----+-----------+
    |             Name            | FF | LUT| Bits| Const Bits|
    +-----------------------------+----+----+-----+-----------+
    |ap_CS_fsm                    |   5|   0|    5|          0|
    |ap_done_reg                  |   1|   0|    1|          0|
    |ap_enable_reg_pp0_iter0      |   1|   0|    1|          0|
    |ap_enable_reg_pp0_iter1      |   1|   0|    1|          0|
    |ap_enable_reg_pp1_iter0      |   1|   0|    1|          0|
    |ap_enable_reg_pp1_iter1      |   1|   0|    1|          0|
    |exitcond_flatten4_reg_397    |   1|   0|    1|          0|
    |indvar_flatten4_reg_147      |  25|   0|   25|          0|
    |indvar_flatten_reg_169       |  17|   0|   17|          0|
    |inputBuf_0_V_addr_1_reg_420  |   9|   0|    9|          0|
    |nm_reg_180                   |   7|   0|    7|          0|
    |op1_assign_reg_158           |  10|   0|   10|          0|
    |or_cond_mid2_reg_411         |   1|   0|    1|          0|
    |ptr_simd4_reg_191            |  10|   0|   10|          0|
    |ptr_simd_1_reg_392           |  10|   0|   10|          0|
    |ptr_simd_reg_135             |  10|   0|   10|          0|
    |start_once_reg               |   1|   0|    1|          0|
    |tmp_reg_388                  |   1|   0|    1|          0|
    +-----------------------------+----+----+-----+-----------+
    |Total                        | 112|   0|  112|          0|
    +-----------------------------+----+----+-----+-----------+



================================================================
== Interface
================================================================
* Summary: 
+----------------+-----+-----+------------+------------------+--------------+
|    RTL Ports   | Dir | Bits|  Protocol  |   Source Object  |    C Type    |
+----------------+-----+-----+------------+------------------+--------------+
|ap_clk          |  in |    1| ap_ctrl_hs | Conv1DBuffer_new | return value |
|ap_rst          |  in |    1| ap_ctrl_hs | Conv1DBuffer_new | return value |
|ap_start        |  in |    1| ap_ctrl_hs | Conv1DBuffer_new | return value |
|start_full_n    |  in |    1| ap_ctrl_hs | Conv1DBuffer_new | return value |
|ap_done         | out |    1| ap_ctrl_hs | Conv1DBuffer_new | return value |
|ap_continue     |  in |    1| ap_ctrl_hs | Conv1DBuffer_new | return value |
|ap_idle         | out |    1| ap_ctrl_hs | Conv1DBuffer_new | return value |
|ap_ready        | out |    1| ap_ctrl_hs | Conv1DBuffer_new | return value |
|start_out       | out |    1| ap_ctrl_hs | Conv1DBuffer_new | return value |
|start_write     | out |    1| ap_ctrl_hs | Conv1DBuffer_new | return value |
|in_V_V_dout     |  in |    8|   ap_fifo  |      in_V_V      |    pointer   |
|in_V_V_empty_n  |  in |    1|   ap_fifo  |      in_V_V      |    pointer   |
|in_V_V_read     | out |    1|   ap_fifo  |      in_V_V      |    pointer   |
|out_V_V_din     | out |    8|   ap_fifo  |      out_V_V     |    pointer   |
|out_V_V_full_n  |  in |    1|   ap_fifo  |      out_V_V     |    pointer   |
|out_V_V_write   | out |    1|   ap_fifo  |      out_V_V     |    pointer   |
+----------------+-----+-----+------------+------------------+--------------+

