

================================================================
== Vivado HLS Report for 'computeS4_2'
================================================================
* Date:           Sat Apr 29 01:08:58 2023

* Version:        2018.2 (Build 2258646 on Thu Jun 14 20:25:20 MDT 2018)
* Project:        S4_2
* Solution:       solution1
* Product family: zynq
* Target device:  xc7z045ffg900-2


================================================================
== Performance Estimates
================================================================
+ Timing (ns): 
    * Summary: 
    +--------+-------+----------+------------+
    |  Clock | Target| Estimated| Uncertainty|
    +--------+-------+----------+------------+
    |ap_clk  |  10.00|     8.198|        1.25|
    +--------+-------+----------+------------+

+ Latency (clock cycles): 
    * Summary: 
    +---------+---------+---------+---------+----------+
    |      Latency      |      Interval     | Pipeline |
    |   min   |   max   |   min   |   max   |   Type   |
    +---------+---------+---------+---------+----------+
    |  8786088|  8786088|  8388869|  8388869| dataflow |
    +---------+---------+---------+---------+----------+

    + Detail: 
        * Instance: 
        N/A

        * Loop: 
        N/A

============================================================
+ Verbose Summary: Synthesis Manager
============================================================
InlineROM: 1
ExposeGlobal: 0
============================================================
+ Verbose Summary: CDFG Model
============================================================
IsTopModel: 1
ResetActiveHigh: 1
IsCombinational: 2
IsDatapathOnly: 0
HasWiredReturn: 1
HasMFsm: 0
HasVarLatency: 1
IsPipeline: 0
IsRtlPipelined: 0
IsInstanceOverlapped: 0
IsDontTouch: 0
HasImplIP: 0
IsGatedGlobalClock: 0


============================================================
+ Verbose Summary: Schedule
============================================================
* Number of FSM states : 16
* Pipeline : 0
* Dataflow Pipeline: 1
  DF-Pipeline-0: Size = 16, States = { 1 2 3 4 5 6 7 8 9 10 11 12 13 14 15 16 }

* FSM state transitions: 
1 --> 
	2  / true
2 --> 
	3  / true
3 --> 
	4  / true
4 --> 
	5  / true
5 --> 
	6  / true
6 --> 
	7  / true
7 --> 
	8  / true
8 --> 
	9  / true
9 --> 
	10  / true
10 --> 
	11  / true
11 --> 
	12  / true
12 --> 
	13  / true
13 --> 
	14  / true
14 --> 
	15  / true
15 --> 
	16  / true
16 --> 

* FSM state operations: 

State 1 <SV = 0> <Delay = 0.00>
ST_1 : Operation 17 [1/1] (0.00ns)   --->   "%cnv_95_V_V = alloca i8, align 1" [S4_2/Compute.cpp:52]   --->   Operation 17 'alloca' 'cnv_95_V_V' <Predicate = true> <Delay = 0.00> <Core = "FIFO">   --->   Core 32 'FIFO' <Latency = 0> <II = 1> <Delay = 3.40> <Storage> <Opcode : 'read' 'write' 'nbread' 'nbwrite'> <Ports = 0> <Width = 8> <Depth = 2> <FIFO>
ST_1 : Operation 18 [1/1] (0.00ns)   --->   "%cnv_96_V_V = alloca i8, align 1" [S4_2/Compute.cpp:54]   --->   Operation 18 'alloca' 'cnv_96_V_V' <Predicate = true> <Delay = 0.00> <Core = "FIFO">   --->   Core 32 'FIFO' <Latency = 0> <II = 1> <Delay = 3.40> <Storage> <Opcode : 'read' 'write' 'nbread' 'nbwrite'> <Ports = 0> <Width = 8> <Depth = 2> <FIFO>
ST_1 : Operation 19 [1/1] (0.00ns)   --->   "%cnv_97PRL_V_V = alloca i32, align 4" [S4_2/Compute.cpp:56]   --->   Operation 19 'alloca' 'cnv_97PRL_V_V' <Predicate = true> <Delay = 0.00> <Core = "FIFO">   --->   Core 32 'FIFO' <Latency = 0> <II = 1> <Delay = 3.40> <Storage> <Opcode : 'read' 'write' 'nbread' 'nbwrite'> <Ports = 0> <Width = 8> <Depth = 2> <FIFO>
ST_1 : Operation 20 [1/1] (0.00ns)   --->   "%cnv_98PRL_V_V = alloca i32, align 4" [S4_2/Compute.cpp:58]   --->   Operation 20 'alloca' 'cnv_98PRL_V_V' <Predicate = true> <Delay = 0.00> <Core = "FIFO">   --->   Core 32 'FIFO' <Latency = 0> <II = 1> <Delay = 3.40> <Storage> <Opcode : 'read' 'write' 'nbread' 'nbwrite'> <Ports = 0> <Width = 8> <Depth = 2> <FIFO>
ST_1 : Operation 21 [1/1] (0.00ns)   --->   "%cnv_99_V_V = alloca i8, align 1" [S4_2/Compute.cpp:60]   --->   Operation 21 'alloca' 'cnv_99_V_V' <Predicate = true> <Delay = 0.00> <Core = "FIFO">   --->   Core 32 'FIFO' <Latency = 0> <II = 1> <Delay = 3.40> <Storage> <Opcode : 'read' 'write' 'nbread' 'nbwrite'> <Ports = 0> <Width = 8> <Depth = 2> <FIFO>
ST_1 : Operation 22 [1/1] (0.00ns)   --->   "%outStr_V_V = alloca i8, align 1" [S4_2/Compute.cpp:90]   --->   Operation 22 'alloca' 'outStr_V_V' <Predicate = true> <Delay = 0.00> <Core = "FIFO">   --->   Core 32 'FIFO' <Latency = 0> <II = 1> <Delay = 3.40> <Storage> <Opcode : 'read' 'write' 'nbread' 'nbwrite'> <Ports = 0> <Width = 8> <Depth = 2> <FIFO>

State 2 <SV = 1> <Delay = 0.00>
ST_2 : Operation 23 [2/2] (0.00ns)   --->   "call fastcc void @ResizeStream.1(i64* %input1_V_V, i8* %cnv_95_V_V)" [S4_2/Compute.cpp:94]   --->   Operation 23 'call' <Predicate = true> <Delay = 0.00> <CoreType = "Generic">   --->   Core 0 '' <Latency = 0> <II = 1> <Delay = 1.00> <Generic> <Opcode : >

State 3 <SV = 2> <Delay = 0.00>
ST_3 : Operation 24 [1/2] (0.00ns)   --->   "call fastcc void @ResizeStream.1(i64* %input1_V_V, i8* %cnv_95_V_V)" [S4_2/Compute.cpp:94]   --->   Operation 24 'call' <Predicate = true> <Delay = 0.00> <CoreType = "Generic">   --->   Core 0 '' <Latency = 0> <II = 1> <Delay = 1.00> <Generic> <Opcode : >

State 4 <SV = 3> <Delay = 0.00>
ST_4 : Operation 25 [2/2] (0.00ns)   --->   "call fastcc void @Conv1DBuffer_new(i8* %cnv_95_V_V, i8* %cnv_96_V_V)" [S4_2/Compute.cpp:108]   --->   Operation 25 'call' <Predicate = true> <Delay = 0.00> <CoreType = "Generic">   --->   Core 0 '' <Latency = 0> <II = 1> <Delay = 1.00> <Generic> <Opcode : >

State 5 <SV = 4> <Delay = 0.00>
ST_5 : Operation 26 [1/2] (0.00ns)   --->   "call fastcc void @Conv1DBuffer_new(i8* %cnv_95_V_V, i8* %cnv_96_V_V)" [S4_2/Compute.cpp:108]   --->   Operation 26 'call' <Predicate = true> <Delay = 0.00> <CoreType = "Generic">   --->   Core 0 '' <Latency = 0> <II = 1> <Delay = 1.00> <Generic> <Opcode : >

State 6 <SV = 5> <Delay = 0.00>
ST_6 : Operation 27 [2/2] (0.00ns)   --->   "call fastcc void @Conv1DMac_new(i8* %cnv_96_V_V, i32* %cnv_97PRL_V_V)" [S4_2/Compute.cpp:109]   --->   Operation 27 'call' <Predicate = true> <Delay = 0.00> <CoreType = "Generic">   --->   Core 0 '' <Latency = 0> <II = 1> <Delay = 1.00> <Generic> <Opcode : >

State 7 <SV = 6> <Delay = 0.00>
ST_7 : Operation 28 [1/2] (0.00ns)   --->   "call fastcc void @Conv1DMac_new(i8* %cnv_96_V_V, i32* %cnv_97PRL_V_V)" [S4_2/Compute.cpp:109]   --->   Operation 28 'call' <Predicate = true> <Delay = 0.00> <CoreType = "Generic">   --->   Core 0 '' <Latency = 0> <II = 1> <Delay = 1.00> <Generic> <Opcode : >

State 8 <SV = 7> <Delay = 0.00>
ST_8 : Operation 29 [2/2] (0.00ns)   --->   "call fastcc void @Relu1D(i32* %cnv_97PRL_V_V, i32* %cnv_98PRL_V_V)" [S4_2/Compute.cpp:110]   --->   Operation 29 'call' <Predicate = true> <Delay = 0.00> <CoreType = "Generic">   --->   Core 0 '' <Latency = 0> <II = 1> <Delay = 1.00> <Generic> <Opcode : >

State 9 <SV = 8> <Delay = 0.00>
ST_9 : Operation 30 [1/2] (0.00ns)   --->   "call fastcc void @Relu1D(i32* %cnv_97PRL_V_V, i32* %cnv_98PRL_V_V)" [S4_2/Compute.cpp:110]   --->   Operation 30 'call' <Predicate = true> <Delay = 0.00> <CoreType = "Generic">   --->   Core 0 '' <Latency = 0> <II = 1> <Delay = 1.00> <Generic> <Opcode : >

State 10 <SV = 9> <Delay = 0.00>
ST_10 : Operation 31 [2/2] (0.00ns)   --->   "call fastcc void @StreamingDataWidthCo(i32* %cnv_98PRL_V_V, i8* %cnv_99_V_V)" [S4_2/Compute.cpp:111]   --->   Operation 31 'call' <Predicate = true> <Delay = 0.00> <CoreType = "Generic">   --->   Core 0 '' <Latency = 0> <II = 1> <Delay = 1.00> <Generic> <Opcode : >

State 11 <SV = 10> <Delay = 0.00>
ST_11 : Operation 32 [1/2] (0.00ns)   --->   "call fastcc void @StreamingDataWidthCo(i32* %cnv_98PRL_V_V, i8* %cnv_99_V_V)" [S4_2/Compute.cpp:111]   --->   Operation 32 'call' <Predicate = true> <Delay = 0.00> <CoreType = "Generic">   --->   Core 0 '' <Latency = 0> <II = 1> <Delay = 1.00> <Generic> <Opcode : >

State 12 <SV = 11> <Delay = 0.00>
ST_12 : Operation 33 [2/2] (0.00ns)   --->   "call fastcc void @StreamingMaxPool_Pre(i8* %cnv_99_V_V, i8* %outStr_V_V)" [S4_2/Compute.cpp:113]   --->   Operation 33 'call' <Predicate = true> <Delay = 0.00> <CoreType = "Generic">   --->   Core 0 '' <Latency = 0> <II = 1> <Delay = 1.00> <Generic> <Opcode : >

State 13 <SV = 12> <Delay = 0.00>
ST_13 : Operation 34 [1/2] (0.00ns)   --->   "call fastcc void @StreamingMaxPool_Pre(i8* %cnv_99_V_V, i8* %outStr_V_V)" [S4_2/Compute.cpp:113]   --->   Operation 34 'call' <Predicate = true> <Delay = 0.00> <CoreType = "Generic">   --->   Core 0 '' <Latency = 0> <II = 1> <Delay = 1.00> <Generic> <Opcode : >

State 14 <SV = 13> <Delay = 0.00>
ST_14 : Operation 35 [2/2] (0.00ns)   --->   "call fastcc void @ResizeStream(i8* %outStr_V_V, i64* %output1_V_V)" [S4_2/Compute.cpp:130]   --->   Operation 35 'call' <Predicate = true> <Delay = 0.00> <CoreType = "Generic">   --->   Core 0 '' <Latency = 0> <II = 1> <Delay = 1.00> <Generic> <Opcode : >

State 15 <SV = 14> <Delay = 0.00>
ST_15 : Operation 36 [1/2] (0.00ns)   --->   "call fastcc void @ResizeStream(i8* %outStr_V_V, i64* %output1_V_V)" [S4_2/Compute.cpp:130]   --->   Operation 36 'call' <Predicate = true> <Delay = 0.00> <CoreType = "Generic">   --->   Core 0 '' <Latency = 0> <II = 1> <Delay = 1.00> <Generic> <Opcode : >

State 16 <SV = 15> <Delay = 0.00>
ST_16 : Operation 37 [1/1] (0.00ns)   --->   "call void (...)* @_ssdm_op_SpecDataflowPipeline(i32 -1, [1 x i8]* @p_str4) nounwind" [S4_2/Compute.cpp:96]   --->   Operation 37 'specdataflowpipeline' <Predicate = true> <Delay = 0.00>
ST_16 : Operation 38 [1/1] (0.00ns)   --->   "call void (...)* @_ssdm_op_SpecBitsMap(i64* %input1_V_V), !map !167"   --->   Operation 38 'specbitsmap' <Predicate = true> <Delay = 0.00>
ST_16 : Operation 39 [1/1] (0.00ns)   --->   "call void (...)* @_ssdm_op_SpecBitsMap(i64* %output1_V_V), !map !171"   --->   Operation 39 'specbitsmap' <Predicate = true> <Delay = 0.00>
ST_16 : Operation 40 [1/1] (0.00ns)   --->   "call void (...)* @_ssdm_op_SpecTopModule([12 x i8]* @computeS4_2_str) nounwind"   --->   Operation 40 'spectopmodule' <Predicate = true> <Delay = 0.00>
ST_16 : Operation 41 [1/1] (0.00ns)   --->   "%empty = call i32 (...)* @_ssdm_op_SpecChannel([11 x i8]* @cnv_95_OC_V_OC_V_str, i32 1, [1 x i8]* @p_str61, [1 x i8]* @p_str61, i32 2, i32 2, i8* %cnv_95_V_V, i8* %cnv_95_V_V)"   --->   Operation 41 'specchannel' 'empty' <Predicate = true> <Delay = 0.00>
ST_16 : Operation 42 [1/1] (0.00ns)   --->   "call void (...)* @_ssdm_op_SpecInterface(i8* %cnv_95_V_V, [8 x i8]* @ap_fifo_str, i32 0, i32 0, [1 x i8]* @p_str62, i32 0, i32 0, [1 x i8]* @p_str63, [1 x i8]* @p_str64, [1 x i8]* @p_str65, i32 2, i32 2, i32 16, i32 16, [1 x i8]* @p_str66, [1 x i8]* @p_str67)"   --->   Operation 42 'specinterface' <Predicate = true> <Delay = 0.00>
ST_16 : Operation 43 [1/1] (0.00ns)   --->   "%empty_9 = call i32 (...)* @_ssdm_op_SpecChannel([11 x i8]* @cnv_96_OC_V_OC_V_str, i32 1, [1 x i8]* @p_str68, [1 x i8]* @p_str68, i32 2, i32 2, i8* %cnv_96_V_V, i8* %cnv_96_V_V)"   --->   Operation 43 'specchannel' 'empty_9' <Predicate = true> <Delay = 0.00>
ST_16 : Operation 44 [1/1] (0.00ns)   --->   "call void (...)* @_ssdm_op_SpecInterface(i8* %cnv_96_V_V, [8 x i8]* @ap_fifo_str, i32 0, i32 0, [1 x i8]* @p_str69, i32 0, i32 0, [1 x i8]* @p_str70, [1 x i8]* @p_str71, [1 x i8]* @p_str72, i32 2, i32 2, i32 16, i32 16, [1 x i8]* @p_str73, [1 x i8]* @p_str74)"   --->   Operation 44 'specinterface' <Predicate = true> <Delay = 0.00>
ST_16 : Operation 45 [1/1] (0.00ns)   --->   "%empty_10 = call i32 (...)* @_ssdm_op_SpecChannel([14 x i8]* @cnv_97PRL_OC_V_OC_V_s, i32 1, [1 x i8]* @p_str75, [1 x i8]* @p_str75, i32 2, i32 2, i32* %cnv_97PRL_V_V, i32* %cnv_97PRL_V_V)"   --->   Operation 45 'specchannel' 'empty_10' <Predicate = true> <Delay = 0.00>
ST_16 : Operation 46 [1/1] (0.00ns)   --->   "call void (...)* @_ssdm_op_SpecInterface(i32* %cnv_97PRL_V_V, [8 x i8]* @ap_fifo_str, i32 0, i32 0, [1 x i8]* @p_str76, i32 0, i32 0, [1 x i8]* @p_str77, [1 x i8]* @p_str78, [1 x i8]* @p_str79, i32 2, i32 2, i32 16, i32 16, [1 x i8]* @p_str80, [1 x i8]* @p_str81)"   --->   Operation 46 'specinterface' <Predicate = true> <Delay = 0.00>
ST_16 : Operation 47 [1/1] (0.00ns)   --->   "%empty_11 = call i32 (...)* @_ssdm_op_SpecChannel([14 x i8]* @cnv_98PRL_OC_V_OC_V_s, i32 1, [1 x i8]* @p_str82, [1 x i8]* @p_str82, i32 2, i32 2, i32* %cnv_98PRL_V_V, i32* %cnv_98PRL_V_V)"   --->   Operation 47 'specchannel' 'empty_11' <Predicate = true> <Delay = 0.00>
ST_16 : Operation 48 [1/1] (0.00ns)   --->   "call void (...)* @_ssdm_op_SpecInterface(i32* %cnv_98PRL_V_V, [8 x i8]* @ap_fifo_str, i32 0, i32 0, [1 x i8]* @p_str83, i32 0, i32 0, [1 x i8]* @p_str84, [1 x i8]* @p_str85, [1 x i8]* @p_str86, i32 2, i32 2, i32 16, i32 16, [1 x i8]* @p_str87, [1 x i8]* @p_str88)"   --->   Operation 48 'specinterface' <Predicate = true> <Delay = 0.00>
ST_16 : Operation 49 [1/1] (0.00ns)   --->   "%empty_12 = call i32 (...)* @_ssdm_op_SpecChannel([11 x i8]* @cnv_99_OC_V_OC_V_str, i32 1, [1 x i8]* @p_str89, [1 x i8]* @p_str89, i32 2, i32 2, i8* %cnv_99_V_V, i8* %cnv_99_V_V)"   --->   Operation 49 'specchannel' 'empty_12' <Predicate = true> <Delay = 0.00>
ST_16 : Operation 50 [1/1] (0.00ns)   --->   "call void (...)* @_ssdm_op_SpecInterface(i8* %cnv_99_V_V, [8 x i8]* @ap_fifo_str, i32 0, i32 0, [1 x i8]* @p_str90, i32 0, i32 0, [1 x i8]* @p_str91, [1 x i8]* @p_str92, [1 x i8]* @p_str93, i32 2, i32 2, i32 16, i32 16, [1 x i8]* @p_str94, [1 x i8]* @p_str95)"   --->   Operation 50 'specinterface' <Predicate = true> <Delay = 0.00>
ST_16 : Operation 51 [1/1] (0.00ns)   --->   "%empty_13 = call i32 (...)* @_ssdm_op_SpecChannel([11 x i8]* @outStr_OC_V_OC_V_str, i32 1, [1 x i8]* @p_str96, [1 x i8]* @p_str96, i32 2, i32 2, i8* %outStr_V_V, i8* %outStr_V_V)"   --->   Operation 51 'specchannel' 'empty_13' <Predicate = true> <Delay = 0.00>
ST_16 : Operation 52 [1/1] (0.00ns)   --->   "call void (...)* @_ssdm_op_SpecInterface(i8* %outStr_V_V, [8 x i8]* @ap_fifo_str, i32 0, i32 0, [1 x i8]* @p_str97, i32 0, i32 0, [1 x i8]* @p_str98, [1 x i8]* @p_str99, [1 x i8]* @p_str100, i32 2, i32 2, i32 16, i32 16, [1 x i8]* @p_str101, [1 x i8]* @p_str102)"   --->   Operation 52 'specinterface' <Predicate = true> <Delay = 0.00>
ST_16 : Operation 53 [1/1] (0.00ns)   --->   "call void (...)* @_ssdm_op_SpecInterface(i64* %input1_V_V, [5 x i8]* @p_str, i32 1, i32 1, [5 x i8]* @p_str3, i32 0, i32 0, [1 x i8]* @p_str4, [1 x i8]* @p_str4, [1 x i8]* @p_str4, i32 0, i32 0, i32 0, i32 0, [1 x i8]* @p_str4, [1 x i8]* @p_str4) nounwind" [S4_2/Compute.cpp:29]   --->   Operation 53 'specinterface' <Predicate = true> <Delay = 0.00>
ST_16 : Operation 54 [1/1] (0.00ns)   --->   "call void (...)* @_ssdm_op_SpecInterface(i64* %output1_V_V, [5 x i8]* @p_str, i32 1, i32 1, [5 x i8]* @p_str3, i32 0, i32 0, [1 x i8]* @p_str4, [1 x i8]* @p_str4, [1 x i8]* @p_str4, i32 0, i32 0, i32 0, i32 0, [1 x i8]* @p_str4, [1 x i8]* @p_str4) nounwind" [S4_2/Compute.cpp:30]   --->   Operation 54 'specinterface' <Predicate = true> <Delay = 0.00>
ST_16 : Operation 55 [1/1] (0.00ns)   --->   "ret void" [S4_2/Compute.cpp:134]   --->   Operation 55 'ret' <Predicate = true> <Delay = 0.00>


============================================================
+ Verbose Summary: Timing violations
============================================================
Target clock period: 10ns, clock uncertainty: 1.25ns.

 <State 1>: 0ns
The critical path consists of the following:

 <State 2>: 0ns
The critical path consists of the following:

 <State 3>: 0ns
The critical path consists of the following:

 <State 4>: 0ns
The critical path consists of the following:

 <State 5>: 0ns
The critical path consists of the following:

 <State 6>: 0ns
The critical path consists of the following:

 <State 7>: 0ns
The critical path consists of the following:

 <State 8>: 0ns
The critical path consists of the following:

 <State 9>: 0ns
The critical path consists of the following:

 <State 10>: 0ns
The critical path consists of the following:

 <State 11>: 0ns
The critical path consists of the following:

 <State 12>: 0ns
The critical path consists of the following:

 <State 13>: 0ns
The critical path consists of the following:

 <State 14>: 0ns
The critical path consists of the following:

 <State 15>: 0ns
The critical path consists of the following:

 <State 16>: 0ns
The critical path consists of the following:


============================================================
+ Verbose Summary: Binding
============================================================
N/A
* FSMD analyzer results:
  - Output states:
 - Input state : 
  - Chain level:
	State 1
	State 2
	State 3
	State 4
	State 5
	State 6
	State 7
	State 8
	State 9
	State 10
	State 11
	State 12
	State 13
	State 14
	State 15
	State 16


============================================================
+ Verbose Summary: Datapath Resource usage 
============================================================
N/A
