INFO: Applying HLS Y2K22 patch v1.2 for IP revision
INFO: [HLS 200-10] Running '/media/tukl/ee279b7d-bb8a-4a20-8bf9-90b2c542efcc/opt/Xilinx/Vivado/2018.2/bin/unwrapped/lnx64.o/vivado_hls'
INFO: [HLS 200-10] For user 'root' on host 'tukl-pc' (Linux_x86_64 version 5.15.0-67-generic) on Sat Apr 29 01:07:34 CST 2023
INFO: [HLS 200-10] On os Ubuntu 20.04.5 LTS
INFO: [HLS 200-10] In directory '/home/tukl/Amur/IndividualSyn/S4/S4_2'
INFO: [HLS 200-10] Opening project '/home/tukl/Amur/IndividualSyn/S4/S4_2/S4_2'.
INFO: [HLS 200-10] Adding design file 'S4_2/Compute.cpp' to the project
INFO: [HLS 200-10] Adding design file 'S4_2/biasMem-22.h' to the project
INFO: [HLS 200-10] Adding design file 'S4_2/biasMem-23.h' to the project
INFO: [HLS 200-10] Adding design file 'S4_2/biasMem-24.h' to the project
INFO: [HLS 200-10] Adding design file 'S4_2/biasMem-25.h' to the project
INFO: [HLS 200-10] Adding design file 'S4_2/biasMem-26.h' to the project
INFO: [HLS 200-10] Adding design file 'S4_2/biasMem-27.h' to the project
INFO: [HLS 200-10] Adding design file 'S4_2/bnn-library.h' to the project
INFO: [HLS 200-10] Adding design file 'S4_2/conv1d.h' to the project
INFO: [HLS 200-10] Adding design file 'S4_2/weightMem-22.h' to the project
INFO: [HLS 200-10] Adding design file 'S4_2/weightMem-23.h' to the project
INFO: [HLS 200-10] Adding design file 'S4_2/weightMem-24.h' to the project
INFO: [HLS 200-10] Adding design file 'S4_2/weightMem-25.h' to the project
INFO: [HLS 200-10] Adding design file 'S4_2/weightMem-26.h' to the project
INFO: [HLS 200-10] Adding design file 'S4_2/weightMem-27.h' to the project
INFO: [HLS 200-10] Adding design file 'S4_2/weights.hpp' to the project
INFO: [HLS 200-10] Adding test bench file 'S4_2/my_tb.cpp' to the project
INFO: [HLS 200-10] Adding test bench file 'S4_2/outputS3.txt' to the project
INFO: [HLS 200-10] Opening solution '/home/tukl/Amur/IndividualSyn/S4/S4_2/S4_2/solution1'.
INFO: [SYN 201-201] Setting up clock 'default' with a period of 10ns.
INFO: [HLS 200-10] Setting target device to 'xc7z045ffg900-2'
INFO: [HLS 200-10] Analyzing design file 'S4_2/Compute.cpp' ... 
WARNING: [HLS 200-40] In file included from S4_2/Compute.cpp:1:
In file included from S4_2/Compute.cpp:1:
In file included from S4_2/bnn-library.h:2:
In file included from /media/tukl/ee279b7d-bb8a-4a20-8bf9-90b2c542efcc/opt/Xilinx/Vivado/2018.2/common/technology/autopilot/ap_int.h:63:
/media/tukl/ee279b7d-bb8a-4a20-8bf9-90b2c542efcc/opt/Xilinx/Vivado/2018.2/common/technology/autopilot/ap_int_syn.h:3690:512: warning: comparison of unsigned expression >= 0 is always true [-Wtautological-compare]
template <int _AP_W, bool _AP_S> inline __attribute__((always_inline)) ap_int_base<_AP_W, _AP_S> operator << (const ap_int_base<_AP_W, _AP_S>& op, unsigned int op2) { ap_int_base<_AP_W, _AP_S> r; if (false) r.V = op2 >= 0 ? (op.V << op2) : (op.V >> (-op2)); else r.V = op.V << op2; return r; } template <int _AP_W, bool _AP_S> inline __attribute__((always_inline)) ap_int_base<_AP_W, _AP_S> operator >> (const ap_int_base<_AP_W, _AP_S>& op, unsigned int op2) { ap_int_base<_AP_W, _AP_S> r; if (false) r.V = op2 >= 0 ? (op.V >> op2) : (op.V << (-op2)); else r.V = op.V >> op2; return r; }
                                                                                                                                                                                                                                                                                                                                                                                                                                                                                                                           ~~~ ^  ~
S4_2/conv1d.h:62:15: note: in instantiation of function template specialization 'operator>><32, false>' requested here
      ei = ei >> OutWidth;
              ^
S4_2/Compute.cpp:111:3: note: in instantiation of function template specialization 'StreamingDataWidthConverter_Batch<32, 8, 32768>' requested here
  StreamingDataWidthConverter_Batch<32, 8, 32768>(cnv_98PRL, cnv_99, 1);
  ^
In file included from S4_2/Compute.cpp:1:
In file included from S4_2/Compute.cpp:1:
In file included from S4_2/bnn-library.h:2:
In file included from /media/tukl/ee279b7d-bb8a-4a20-8bf9-90b2c542efcc/opt/Xilinx/Vivado/2018.2/common/technology/autopilot/ap_int.h:63:
/media/tukl/ee279b7d-bb8a-4a20-8bf9-90b2c542efcc/opt/Xilinx/Vivado/2018.2/common/technology/autopilot/ap_int_syn.h:3690:512: warning: comparison of unsigned expression >= 0 is always true [-Wtautological-compare]
template <int _AP_W, bool _AP_S> inline __attribute__((always_inline)) ap_int_base<_AP_W, _AP_S> operator << (const ap_int_base<_AP_W, _AP_S>& op, unsigned int op2) { ap_int_base<_AP_W, _AP_S> r; if (false) r.V = op2 >= 0 ? (op.V << op2) : (op.V >> (-op2)); else r.V = op.V << op2; return r; } template <int _AP_W, bool _AP_S> inline __attribute__((always_inline)) ap_int_base<_AP_W, _AP_S> operator >> (const ap_int_base<_AP_W, _AP_S>& op, unsigned int op2) { ap_int_base<_AP_W, _AP_S> r; if (false) r.V = op2 >= 0 ? (op.V >> op2) : (op.V << (-op2)); else r.V = op.V >> op2; return r; }
                                                                                                                                                                                                                                                                                                                                                                                                                                                                                                                           ~~~ ^  ~
S4_2/conv1d.h:88:15: note: in instantiation of function template specialization 'operator>><8, false>' requested here
      eo = eo >> InWidth;
              ^
S4_2/Compute.cpp:111:3: note: in instantiation of function template specialization 'StreamingDataWidthConverter_Batch<32, 8, 32768>' requested here
  StreamingDataWidthConverter_Batch<32, 8, 32768>(cnv_98PRL, cnv_99, 1);
  ^
In file included from S4_2/Compute.cpp:1:
In file included from S4_2/Compute.cpp:2:
S4_2/conv1d.h:1964:30: warning: comparison of unsigned expression < 0 is always false [-Wtautological-compare]
  for (unsigned int r = 0; r < REMAINDER_PIXELS*NF; r++){
                           ~ ^ ~~~~~~~~~~~~~~~~~~~
S4_2/Compute.cpp:113:3: note: in instantiation of function template specialization 'StreamingMaxPool_Precision_1d<512, 16, 256, 1, 32>' requested here
  StreamingMaxPool_Precision_1d<512, 16, 256, 1, 32>(cnv_99, outStr);
  ^
3 warnings generated.\n
WARNING: [HLS 214-111] Static variables and non-static stream cannot be used inside a dataflow region: S4_2/Compute.cpp:52:11
INFO: [HLS 200-111] Finished Linking Time (s): cpu = 00:00:45 ; elapsed = 00:00:51 . Memory (MB): peak = 349.695 ; gain = 0.094 ; free physical = 21578 ; free virtual = 66345
INFO: [HLS 200-111] Finished Checking Pragmas Time (s): cpu = 00:00:45 ; elapsed = 00:00:51 . Memory (MB): peak = 349.695 ; gain = 0.094 ; free physical = 21578 ; free virtual = 66345
INFO: [HLS 200-10] Starting code transformations ...
INFO: [XFORM 203-501] Unrolling loop 'loop_simd' (S4_2/conv1d.h:804) in function 'void Conv1DMac_new<(unsigned short)1, (unsigned short)256, (unsigned short)512, (unsigned short)1, (unsigned short)0, (unsigned short)256, (unsigned short)512, (unsigned short)4, (unsigned short)1, (unsigned short)8, (unsigned short)1, (unsigned short)8, (unsigned short)1, (unsigned short)8, (unsigned short)1, (unsigned short)8, (unsigned short)1, (unsigned short)8, (unsigned short)1, (unsigned short)8, (unsigned short)1, FixedPointWeights<1u, ap_fixed<8, 1, (ap_q_mode)1, (ap_o_mode)3, 0>, 4u, 16384u>, FixedPointWeights<1u, ap_fixed<8, 1, (ap_q_mode)1, (ap_o_mode)3, 0>, 4u, 64u> >(hls::stream<ap_uint<(FORWARD_REFERENCE) * (FORWARD_REFERENCE)> >&, hls::stream<ap_uint<(FORWARD_REFERENCE) * (FORWARD_REFERENCE)> >&, FORWARD_REFERENCE const&, FORWARD_REFERENCE const&)' completely.
INFO: [XFORM 203-501] Unrolling loop 'loop_simd' (S4_2/conv1d.h:1258) in function 'void Relu1D<(unsigned short)256, (unsigned short)512, (unsigned short)1, (unsigned short)32, (unsigned short)1, (unsigned short)32, (unsigned short)1>(hls::stream<ap_uint<(FORWARD_REFERENCE) * (FORWARD_REFERENCE)> >&, hls::stream<ap_uint<(FORWARD_REFERENCE) * (FORWARD_REFERENCE)> >&)' completely.
INFO: [XFORM 203-501] Unrolling loop 'Loop-2.1' (S4_2/conv1d.h:1913) in function 'void StreamingMaxPool_Precision_1d<512u, 16u, 256u, 1u, 32u>(hls::stream<ap_uint<8> >&, hls::stream<ap_uint<8> >&)' completely.
INFO: [XFORM 203-501] Unrolling loop 'Loop-3.1.1.1' (S4_2/conv1d.h:1930) in function 'void StreamingMaxPool_Precision_1d<512u, 16u, 256u, 1u, 32u>(hls::stream<ap_uint<8> >&, hls::stream<ap_uint<8> >&)' completely.
INFO: [XFORM 203-501] Unrolling loop 'Loop-3.2.1' (S4_2/conv1d.h:1949) in function 'void StreamingMaxPool_Precision_1d<512u, 16u, 256u, 1u, 32u>(hls::stream<ap_uint<8> >&, hls::stream<ap_uint<8> >&)' completely.
INFO: [XFORM 203-603] Inlining function 'ap_fixed_base<8, 1, true, (ap_q_mode)1, (ap_o_mode)3, 0>::quantization_adjust' into 'ap_fixed_base<8, 1, true, (ap_q_mode)1, (ap_o_mode)3, 0>::ap_fixed_base<16, 2, true, (ap_q_mode)5, (ap_o_mode)3, 0>' ().
INFO: [HLS 200-111] Finished Standard Transforms Time (s): cpu = 00:01:06 ; elapsed = 00:01:19 . Memory (MB): peak = 22573.605 ; gain = 22224.004 ; free physical = 260 ; free virtual = 44368
INFO: [HLS 200-10] Checking synthesizability ...
WARNING: [SYNCHK 200-23] S4_2/conv1d.h:870: variable-indexed range selection may cause suboptimal QoR.
INFO: [SYNCHK 200-10] 0 error(s), 1 warning(s).
INFO: [HLS 200-111] Finished Checking Synthesizability Time (s): cpu = 00:01:06 ; elapsed = 00:01:19 . Memory (MB): peak = 22574.344 ; gain = 22224.742 ; free physical = 229 ; free virtual = 44356
INFO: [XFORM 203-502] Unrolling all sub-loops inside loop 'loop_synapseFold' (S4_2/conv1d.h:793) in function 'Conv1DMac_new<(unsigned short)1, (unsigned short)256, (unsigned short)512, (unsigned short)1, (unsigned short)0, (unsigned short)256, (unsigned short)512, (unsigned short)4, (unsigned short)1, (unsigned short)8, (unsigned short)1, (unsigned short)8, (unsigned short)1, (unsigned short)8, (unsigned short)1, (unsigned short)8, (unsigned short)1, (unsigned short)8, (unsigned short)1, (unsigned short)8, (unsigned short)1, FixedPointWeights<1u, ap_fixed<8, 1, (ap_q_mode)1, (ap_o_mode)3, 0>, 4u, 16384u>, FixedPointWeights<1u, ap_fixed<8, 1, (ap_q_mode)1, (ap_o_mode)3, 0>, 4u, 64u> >' for pipelining.
INFO: [XFORM 203-501] Unrolling loop 'loop_init' (S4_2/conv1d.h:785) in function 'Conv1DMac_new<(unsigned short)1, (unsigned short)256, (unsigned short)512, (unsigned short)1, (unsigned short)0, (unsigned short)256, (unsigned short)512, (unsigned short)4, (unsigned short)1, (unsigned short)8, (unsigned short)1, (unsigned short)8, (unsigned short)1, (unsigned short)8, (unsigned short)1, (unsigned short)8, (unsigned short)1, (unsigned short)8, (unsigned short)1, (unsigned short)8, (unsigned short)1, FixedPointWeights<1u, ap_fixed<8, 1, (ap_q_mode)1, (ap_o_mode)3, 0>, 4u, 16384u>, FixedPointWeights<1u, ap_fixed<8, 1, (ap_q_mode)1, (ap_o_mode)3, 0>, 4u, 64u> >' completely.
INFO: [XFORM 203-501] Unrolling loop 'loop_pe' (S4_2/conv1d.h:798) in function 'Conv1DMac_new<(unsigned short)1, (unsigned short)256, (unsigned short)512, (unsigned short)1, (unsigned short)0, (unsigned short)256, (unsigned short)512, (unsigned short)4, (unsigned short)1, (unsigned short)8, (unsigned short)1, (unsigned short)8, (unsigned short)1, (unsigned short)8, (unsigned short)1, (unsigned short)8, (unsigned short)1, (unsigned short)8, (unsigned short)1, (unsigned short)8, (unsigned short)1, FixedPointWeights<1u, ap_fixed<8, 1, (ap_q_mode)1, (ap_o_mode)3, 0>, 4u, 16384u>, FixedPointWeights<1u, ap_fixed<8, 1, (ap_q_mode)1, (ap_o_mode)3, 0>, 4u, 64u> >' completely.
INFO: [XFORM 203-501] Unrolling loop 'Loop-2.1.1.2' (S4_2/conv1d.h:851) in function 'Conv1DMac_new<(unsigned short)1, (unsigned short)256, (unsigned short)512, (unsigned short)1, (unsigned short)0, (unsigned short)256, (unsigned short)512, (unsigned short)4, (unsigned short)1, (unsigned short)8, (unsigned short)1, (unsigned short)8, (unsigned short)1, (unsigned short)8, (unsigned short)1, (unsigned short)8, (unsigned short)1, (unsigned short)8, (unsigned short)1, (unsigned short)8, (unsigned short)1, FixedPointWeights<1u, ap_fixed<8, 1, (ap_q_mode)1, (ap_o_mode)3, 0>, 4u, 16384u>, FixedPointWeights<1u, ap_fixed<8, 1, (ap_q_mode)1, (ap_o_mode)3, 0>, 4u, 64u> >' completely.
INFO: [XFORM 203-102] Partitioning array 'inputBuf.V' (S4_2/conv1d.h:231) in dimension 1 automatically.
INFO: [XFORM 203-101] Partitioning array 'buf.V' (S4_2/conv1d.h:1908) in dimension 2 completely.
INFO: [XFORM 203-101] Partitioning array 'weights22.m_weights.V'  in dimension 1 completely.
WARNING: [XFORM 203-104] Completely partitioning array 'bias22.m_weights.V'  accessed through non-constant indices on dimension 2 (S4_2/conv1d.h:857:48), which may result in long runtime and suboptimal QoR due to large multiplexers. Please consider wrapping the array access into a function or using a register file core instead.
INFO: [XFORM 203-101] Partitioning array 'bias22.m_weights.V'  in dimension 2 completely.
INFO: [XFORM 203-101] Partitioning array 'macRegisters.V' (S4_2/conv1d.h:781) in dimension 1 completely.
INFO: [XFORM 203-712] Applying dataflow to function 'computeS4_2', detected/extracted 7 process function(s): 
	 'ResizeStream<64u, 8u, 131072u>'
	 'Conv1DBuffer_new<(unsigned short)1, (unsigned short)256, (unsigned short)512, (unsigned short)1, (unsigned short)256, (unsigned short)512, (unsigned short)4, (unsigned short)1, (unsigned short)8, (unsigned short)1>'
	 'Conv1DMac_new<(unsigned short)1, (unsigned short)256, (unsigned short)512, (unsigned short)1, (unsigned short)0, (unsigned short)256, (unsigned short)512, (unsigned short)4, (unsigned short)1, (unsigned short)8, (unsigned short)1, (unsigned short)8, (unsigned short)1, (unsigned short)8, (unsigned short)1, (unsigned short)8, (unsigned short)1, (unsigned short)8, (unsigned short)1, (unsigned short)8, (unsigned short)1, FixedPointWeights<1u, ap_fixed<8, 1, (ap_q_mode)1, (ap_o_mode)3, 0>, 4u, 16384u>, FixedPointWeights<1u, ap_fixed<8, 1, (ap_q_mode)1, (ap_o_mode)3, 0>, 4u, 64u> >'
	 'Relu1D<(unsigned short)256, (unsigned short)512, (unsigned short)1, (unsigned short)32, (unsigned short)1, (unsigned short)32, (unsigned short)1>'
	 'StreamingDataWidthConverter_Batch<32u, 8u, 32768u>'
	 'StreamingMaxPool_Precision_1d<512u, 16u, 256u, 1u, 32u>'
	 'ResizeStream<8u, 64u, 8192u>'.
INFO: [XFORM 203-603] Inlining function 'aesl_mux_load.64[4 x i8]P.i6.i64' into 'Conv1DMac_new<(unsigned short)1, (unsigned short)256, (unsigned short)512, (unsigned short)1, (unsigned short)0, (unsigned short)256, (unsigned short)512, (unsigned short)4, (unsigned short)1, (unsigned short)8, (unsigned short)1, (unsigned short)8, (unsigned short)1, (unsigned short)8, (unsigned short)1, (unsigned short)8, (unsigned short)1, (unsigned short)8, (unsigned short)1, (unsigned short)8, (unsigned short)1, FixedPointWeights<1u, ap_fixed<8, 1, (ap_q_mode)1, (ap_o_mode)3, 0>, 4u, 16384u>, FixedPointWeights<1u, ap_fixed<8, 1, (ap_q_mode)1, (ap_o_mode)3, 0>, 4u, 64u> >'.
INFO: [XFORM 203-603] Inlining function 'aesl_mux_load.64[4 x i8]P.i6.i64' into 'Conv1DMac_new<(unsigned short)1, (unsigned short)256, (unsigned short)512, (unsigned short)1, (unsigned short)0, (unsigned short)256, (unsigned short)512, (unsigned short)4, (unsigned short)1, (unsigned short)8, (unsigned short)1, (unsigned short)8, (unsigned short)1, (unsigned short)8, (unsigned short)1, (unsigned short)8, (unsigned short)1, (unsigned short)8, (unsigned short)1, (unsigned short)8, (unsigned short)1, FixedPointWeights<1u, ap_fixed<8, 1, (ap_q_mode)1, (ap_o_mode)3, 0>, 4u, 16384u>, FixedPointWeights<1u, ap_fixed<8, 1, (ap_q_mode)1, (ap_o_mode)3, 0>, 4u, 64u> >'.
INFO: [XFORM 203-603] Inlining function 'aesl_mux_load.64[4 x i8]P.i6.i64' into 'Conv1DMac_new<(unsigned short)1, (unsigned short)256, (unsigned short)512, (unsigned short)1, (unsigned short)0, (unsigned short)256, (unsigned short)512, (unsigned short)4, (unsigned short)1, (unsigned short)8, (unsigned short)1, (unsigned short)8, (unsigned short)1, (unsigned short)8, (unsigned short)1, (unsigned short)8, (unsigned short)1, (unsigned short)8, (unsigned short)1, (unsigned short)8, (unsigned short)1, FixedPointWeights<1u, ap_fixed<8, 1, (ap_q_mode)1, (ap_o_mode)3, 0>, 4u, 16384u>, FixedPointWeights<1u, ap_fixed<8, 1, (ap_q_mode)1, (ap_o_mode)3, 0>, 4u, 64u> >'.
INFO: [XFORM 203-603] Inlining function 'aesl_mux_load.64[4 x i8]P.i6.i64' into 'Conv1DMac_new<(unsigned short)1, (unsigned short)256, (unsigned short)512, (unsigned short)1, (unsigned short)0, (unsigned short)256, (unsigned short)512, (unsigned short)4, (unsigned short)1, (unsigned short)8, (unsigned short)1, (unsigned short)8, (unsigned short)1, (unsigned short)8, (unsigned short)1, (unsigned short)8, (unsigned short)1, (unsigned short)8, (unsigned short)1, (unsigned short)8, (unsigned short)1, FixedPointWeights<1u, ap_fixed<8, 1, (ap_q_mode)1, (ap_o_mode)3, 0>, 4u, 16384u>, FixedPointWeights<1u, ap_fixed<8, 1, (ap_q_mode)1, (ap_o_mode)3, 0>, 4u, 64u> >'.
INFO: [HLS 200-111] Finished Pre-synthesis Time (s): cpu = 00:01:07 ; elapsed = 00:01:21 . Memory (MB): peak = 22574.344 ; gain = 22224.742 ; free physical = 207 ; free virtual = 44298
INFO: [XFORM 203-541] Flattening a loop nest 'Loop-2.1' (S4_2/conv1d.h:1924:29) in function 'StreamingMaxPool_Precision_1d<512u, 16u, 256u, 1u, 32u>'.
WARNING: [XFORM 203-542] Cannot flatten a loop nest 'Loop-2' (S4_2/conv1d.h:1922:27) in function 'StreamingMaxPool_Precision_1d<512u, 16u, 256u, 1u, 32u>' : 

more than one sub loop.
INFO: [XFORM 203-541] Flattening a loop nest 'loop_neuronFold' (S4_2/conv1d.h:792:74) in function 'Conv1DMac_new<(unsigned short)1, (unsigned short)256, (unsigned short)512, (unsigned short)1, (unsigned short)0, (unsigned short)256, (unsigned short)512, (unsigned short)4, (unsigned short)1, (unsigned short)8, (unsigned short)1, (unsigned short)8, (unsigned short)1, (unsigned short)8, (unsigned short)1, (unsigned short)8, (unsigned short)1, (unsigned short)8, (unsigned short)1, (unsigned short)8, (unsigned short)1, FixedPointWeights<1u, ap_fixed<8, 1, (ap_q_mode)1, (ap_o_mode)3, 0>, 4u, 16384u>, FixedPointWeights<1u, ap_fixed<8, 1, (ap_q_mode)1, (ap_o_mode)3, 0>, 4u, 64u> >'.
INFO: [XFORM 203-541] Flattening a loop nest 'loop_ofmChannels' (S4_2/conv1d.h:791:85) in function 'Conv1DMac_new<(unsigned short)1, (unsigned short)256, (unsigned short)512, (unsigned short)1, (unsigned short)0, (unsigned short)256, (unsigned short)512, (unsigned short)4, (unsigned short)1, (unsigned short)8, (unsigned short)1, (unsigned short)8, (unsigned short)1, (unsigned short)8, (unsigned short)1, (unsigned short)8, (unsigned short)1, (unsigned short)8, (unsigned short)1, (unsigned short)8, (unsigned short)1, FixedPointWeights<1u, ap_fixed<8, 1, (ap_q_mode)1, (ap_o_mode)3, 0>, 4u, 16384u>, FixedPointWeights<1u, ap_fixed<8, 1, (ap_q_mode)1, (ap_o_mode)3, 0>, 4u, 64u> >'.
INFO: [XFORM 203-541] Flattening a loop nest 'Loop-2.1' (S4_2/conv1d.h:244:26) in function 'Conv1DBuffer_new<(unsigned short)1, (unsigned short)256, (unsigned short)512, (unsigned short)1, (unsigned short)256, (unsigned short)512, (unsigned short)4, (unsigned short)1, (unsigned short)8, (unsigned short)1>'.
INFO: [XFORM 203-541] Flattening a loop nest 'Loop-2' (S4_2/conv1d.h:243:31) in function 'Conv1DBuffer_new<(unsigned short)1, (unsigned short)256, (unsigned short)512, (unsigned short)1, (unsigned short)256, (unsigned short)512, (unsigned short)4, (unsigned short)1, (unsigned short)8, (unsigned short)1>'.
WARNING: [XFORM 203-631] Renaming function 'StreamingMaxPool_Precision_1d<512u, 16u, 256u, 1u, 32u>' to 'StreamingMaxPool_Pre' (S4_2/conv1d.h:1908:39)
WARNING: [XFORM 203-631] Renaming function 'StreamingDataWidthConverter_Batch<32u, 8u, 32768u>' to 'StreamingDataWidthCo' (S4_2/conv1d.h:52:46)
WARNING: [XFORM 203-631] Renaming function 'ResizeStream<8u, 64u, 8192u>' to 'ResizeStream' (S4_2/conv1d.h:19:37)
WARNING: [XFORM 203-631] Renaming function 'ResizeStream<64u, 8u, 131072u>' to 'ResizeStream.1' (S4_2/conv1d.h:19:37)
WARNING: [XFORM 203-631] Renaming function 'Relu1D<(unsigned short)256, (unsigned short)512, (unsigned short)1, (unsigned short)32, (unsigned short)1, (unsigned short)32, (unsigned short)1>' to 'Relu1D' (S4_2/conv1d.h:1250:50)
WARNING: [XFORM 203-631] Renaming function 'Conv1DMac_new<(unsigned short)1, (unsigned short)256, (unsigned short)512, (unsigned short)1, (unsigned short)0, (unsigned short)256, (unsigned short)512, (unsigned short)4, (unsigned short)1, (unsigned short)8, (unsigned short)1, (unsigned short)8, (unsigned short)1, (unsigned short)8, (unsigned short)1, (unsigned short)8, (unsigned short)1, (unsigned short)8, (unsigned short)1, (unsigned short)8, (unsigned short)1, FixedPointWeights<1u, ap_fixed<8, 1, (ap_q_mode)1, (ap_o_mode)3, 0>, 4u, 16384u>, FixedPointWeights<1u, ap_fixed<8, 1, (ap_q_mode)1, (ap_o_mode)3, 0>, 4u, 64u> >' to 'Conv1DMac_new' (S4_2/conv1d.h:791:74)
WARNING: [XFORM 203-631] Renaming function 'Conv1DBuffer_new<(unsigned short)1, (unsigned short)256, (unsigned short)512, (unsigned short)1, (unsigned short)256, (unsigned short)512, (unsigned short)4, (unsigned short)1, (unsigned short)8, (unsigned short)1>' to 'Conv1DBuffer_new' (S4_2/conv1d.h:231:59)
INFO: [HLS 200-111] Finished Architecture Synthesis Time (s): cpu = 00:01:08 ; elapsed = 00:01:22 . Memory (MB): peak = 22701.605 ; gain = 22352.004 ; free physical = 212 ; free virtual = 44240
INFO: [HLS 200-10] Starting hardware synthesis ...
INFO: [HLS 200-10] Synthesizing 'computeS4_2' ...
WARNING: [SYN 201-103] Legalizing function name 'ResizeStream.1' to 'ResizeStream_1'.
INFO: [HLS 200-10] ----------------------------------------------------------------
INFO: [HLS 200-42] -- Implementing module 'ResizeStream_1' 
INFO: [HLS 200-10] ----------------------------------------------------------------
INFO: [SCHED 204-11] Starting scheduling ...
INFO: [SCHED 204-11] Finished scheduling.
INFO: [HLS 200-111]  Elapsed time: 82.49 seconds; current allocated memory: 1.467 GB.
INFO: [HLS 200-434] Only 0 loops out of a total 1 loops have been pipelined in this design.
INFO: [BIND 205-100] Starting micro-architecture generation ...
INFO: [BIND 205-101] Performing variable lifetime analysis.
INFO: [BIND 205-101] Exploring resource sharing.
INFO: [BIND 205-101] Binding ...
INFO: [BIND 205-100] Finished micro-architecture generation.
INFO: [HLS 200-111]  Elapsed time: 0.31 seconds; current allocated memory: 1.467 GB.
INFO: [HLS 200-10] ----------------------------------------------------------------
INFO: [HLS 200-42] -- Implementing module 'Conv1DBuffer_new' 
INFO: [HLS 200-10] ----------------------------------------------------------------
INFO: [SCHED 204-11] Starting scheduling ...
INFO: [SCHED 204-61] Pipelining loop 'Loop 1'.
INFO: [SCHED 204-61] Pipelining result : Target II = 1, Final II = 1, Depth = 2.
INFO: [SCHED 204-61] Pipelining loop 'Loop 2'.
INFO: [SCHED 204-61] Pipelining result : Target II = 1, Final II = 1, Depth = 2.
INFO: [SCHED 204-11] Finished scheduling.
INFO: [HLS 200-111]  Elapsed time: 0.22 seconds; current allocated memory: 1.467 GB.
INFO: [BIND 205-100] Starting micro-architecture generation ...
INFO: [BIND 205-101] Performing variable lifetime analysis.
INFO: [BIND 205-101] Exploring resource sharing.
INFO: [BIND 205-101] Binding ...
INFO: [BIND 205-100] Finished micro-architecture generation.
INFO: [HLS 200-111]  Elapsed time: 0.14 seconds; current allocated memory: 1.467 GB.
INFO: [HLS 200-10] ----------------------------------------------------------------
INFO: [HLS 200-42] -- Implementing module 'Conv1DMac_new' 
INFO: [HLS 200-10] ----------------------------------------------------------------
INFO: [SCHED 204-11] Starting scheduling ...
INFO: [SCHED 204-61] Pipelining loop 'loop_ofmChannels_loop_neuronFold_loop_synapseFold'.
INFO: [SCHED 204-61] Pipelining result : Target II = 1, Final II = 1, Depth = 5.
INFO: [SCHED 204-11] Finished scheduling.
INFO: [HLS 200-111]  Elapsed time: 0.33 seconds; current allocated memory: 1.468 GB.
INFO: [BIND 205-100] Starting micro-architecture generation ...
INFO: [BIND 205-101] Performing variable lifetime analysis.
INFO: [BIND 205-101] Exploring resource sharing.
INFO: [BIND 205-101] Binding ...
INFO: [BIND 205-100] Finished micro-architecture generation.
INFO: [HLS 200-111]  Elapsed time: 0.25 seconds; current allocated memory: 1.469 GB.
INFO: [HLS 200-10] ----------------------------------------------------------------
INFO: [HLS 200-42] -- Implementing module 'Relu1D' 
INFO: [HLS 200-10] ----------------------------------------------------------------
INFO: [SCHED 204-11] Starting scheduling ...
INFO: [SCHED 204-61] Pipelining loop 'loop_dim'.
INFO: [SCHED 204-61] Pipelining result : Target II = 1, Final II = 1, Depth = 2.
INFO: [SCHED 204-11] Finished scheduling.
INFO: [HLS 200-111]  Elapsed time: 0.31 seconds; current allocated memory: 1.469 GB.
INFO: [BIND 205-100] Starting micro-architecture generation ...
INFO: [BIND 205-101] Performing variable lifetime analysis.
INFO: [BIND 205-101] Exploring resource sharing.
INFO: [BIND 205-101] Binding ...
INFO: [BIND 205-100] Finished micro-architecture generation.
INFO: [HLS 200-111]  Elapsed time: 0.07 seconds; current allocated memory: 1.469 GB.
INFO: [HLS 200-10] ----------------------------------------------------------------
INFO: [HLS 200-42] -- Implementing module 'StreamingDataWidthCo' 
INFO: [HLS 200-10] ----------------------------------------------------------------
INFO: [SCHED 204-11] Starting scheduling ...
INFO: [SCHED 204-61] Pipelining loop 'Loop 1'.
INFO: [SCHED 204-61] Pipelining result : Target II = 1, Final II = 1, Depth = 2.
INFO: [SCHED 204-11] Finished scheduling.
INFO: [HLS 200-111]  Elapsed time: 0.15 seconds; current allocated memory: 1.469 GB.
INFO: [BIND 205-100] Starting micro-architecture generation ...
INFO: [BIND 205-101] Performing variable lifetime analysis.
INFO: [BIND 205-101] Exploring resource sharing.
INFO: [BIND 205-101] Binding ...
INFO: [BIND 205-100] Finished micro-architecture generation.
INFO: [HLS 200-111]  Elapsed time: 0.08 seconds; current allocated memory: 1.469 GB.
INFO: [HLS 200-10] ----------------------------------------------------------------
INFO: [HLS 200-42] -- Implementing module 'StreamingMaxPool_Pre' 
INFO: [HLS 200-10] ----------------------------------------------------------------
INFO: [SCHED 204-11] Starting scheduling ...
INFO: [SCHED 204-61] Pipelining loop 'Loop 1'.
INFO: [SCHED 204-61] Pipelining result : Target II = 1, Final II = 1, Depth = 1.
INFO: [SCHED 204-61] Pipelining loop 'Loop 2.1'.
INFO: [SCHED 204-61] Pipelining result : Target II = 1, Final II = 1, Depth = 2.
INFO: [SCHED 204-61] Pipelining loop 'Loop 2.2'.
INFO: [SCHED 204-61] Pipelining result : Target II = 1, Final II = 1, Depth = 2.
INFO: [SCHED 204-11] Finished scheduling.
INFO: [HLS 200-111]  Elapsed time: 0.17 seconds; current allocated memory: 1.470 GB.
WARNING: [HLS 200-433] Loop - Loop 1 has an initiation interval that is equal to the pipeline depth (1) - this results in an unpipelined loop.
INFO: [BIND 205-100] Starting micro-architecture generation ...
INFO: [BIND 205-101] Performing variable lifetime analysis.
INFO: [BIND 205-101] Exploring resource sharing.
INFO: [BIND 205-101] Binding ...
INFO: [BIND 205-100] Finished micro-architecture generation.
INFO: [HLS 200-111]  Elapsed time: 0.14 seconds; current allocated memory: 1.470 GB.
WARNING: [HLS 200-433] Loop - Loop 1 has an initiation interval that is equal to the pipeline depth (1) - this results in an unpipelined loop.
INFO: [HLS 200-10] ----------------------------------------------------------------
INFO: [HLS 200-42] -- Implementing module 'ResizeStream' 
INFO: [HLS 200-10] ----------------------------------------------------------------
INFO: [SCHED 204-11] Starting scheduling ...
INFO: [SCHED 204-11] Finished scheduling.
INFO: [HLS 200-111]  Elapsed time: 0.16 seconds; current allocated memory: 1.470 GB.
INFO: [BIND 205-100] Starting micro-architecture generation ...
INFO: [BIND 205-101] Performing variable lifetime analysis.
INFO: [BIND 205-101] Exploring resource sharing.
INFO: [BIND 205-101] Binding ...
INFO: [BIND 205-100] Finished micro-architecture generation.
INFO: [HLS 200-111]  Elapsed time: 0.06 seconds; current allocated memory: 1.470 GB.
INFO: [HLS 200-10] ----------------------------------------------------------------
INFO: [HLS 200-42] -- Implementing module 'computeS4_2' 
INFO: [HLS 200-10] ----------------------------------------------------------------
INFO: [SCHED 204-11] Starting scheduling ...
INFO: [SCHED 204-11] Finished scheduling.
INFO: [HLS 200-111]  Elapsed time: 0.08 seconds; current allocated memory: 1.470 GB.
INFO: [BIND 205-100] Starting micro-architecture generation ...
INFO: [BIND 205-101] Performing variable lifetime analysis.
INFO: [BIND 205-101] Exploring resource sharing.
INFO: [BIND 205-101] Binding ...
INFO: [BIND 205-100] Finished micro-architecture generation.
INFO: [HLS 200-111]  Elapsed time: 0.23 seconds; current allocated memory: 1.471 GB.
INFO: [HLS 200-10] ----------------------------------------------------------------
INFO: [HLS 200-10] -- Generating RTL for module 'ResizeStream_1' 
INFO: [HLS 200-10] ----------------------------------------------------------------
INFO: [RTGEN 206-100] Finished creating RTL model for 'ResizeStream_1'.
INFO: [HLS 200-111]  Elapsed time: 0.26 seconds; current allocated memory: 1.471 GB.
INFO: [HLS 200-10] ----------------------------------------------------------------
INFO: [HLS 200-10] -- Generating RTL for module 'Conv1DBuffer_new' 
INFO: [HLS 200-10] ----------------------------------------------------------------
INFO: [SYN 201-210] Renamed object name 'Conv1DBuffer_new_inputBuf_0_V' to 'Conv1DBuffer_new_bkb' due to the length limit 20
INFO: [RTGEN 206-100] Finished creating RTL model for 'Conv1DBuffer_new'.
INFO: [HLS 200-111]  Elapsed time: 0.22 seconds; current allocated memory: 1.472 GB.
INFO: [HLS 200-10] ----------------------------------------------------------------
INFO: [HLS 200-10] -- Generating RTL for module 'Conv1DMac_new' 
INFO: [HLS 200-10] ----------------------------------------------------------------
INFO: [SYN 201-210] Renamed object name 'Conv1DMac_new_weights22_m_weights_3' to 'Conv1DMac_new_weicud' due to the length limit 20
INFO: [SYN 201-210] Renamed object name 'Conv1DMac_new_weights22_m_weights_2' to 'Conv1DMac_new_weidEe' due to the length limit 20
INFO: [SYN 201-210] Renamed object name 'Conv1DMac_new_weights22_m_weights_1' to 'Conv1DMac_new_weieOg' due to the length limit 20
INFO: [SYN 201-210] Renamed object name 'Conv1DMac_new_weights22_m_weights_s' to 'Conv1DMac_new_weifYi' due to the length limit 20
INFO: [SYN 201-210] Renamed object name 'computeS4_2_mux_646_7_1_1' to 'computeS4_2_mux_6g8j' due to the length limit 20
INFO: [SYN 201-210] Renamed object name 'computeS4_2_mux_646_6_1_1' to 'computeS4_2_mux_6hbi' due to the length limit 20
INFO: [RTGEN 206-100] Generating core module 'computeS4_2_mux_6g8j': 3 instance(s).
INFO: [RTGEN 206-100] Generating core module 'computeS4_2_mux_6hbi': 1 instance(s).
INFO: [RTGEN 206-100] Finished creating RTL model for 'Conv1DMac_new'.
INFO: [HLS 200-111]  Elapsed time: 0.28 seconds; current allocated memory: 1.475 GB.
INFO: [HLS 200-10] ----------------------------------------------------------------
INFO: [HLS 200-10] -- Generating RTL for module 'Relu1D' 
INFO: [HLS 200-10] ----------------------------------------------------------------
INFO: [RTGEN 206-100] Finished creating RTL model for 'Relu1D'.
INFO: [HLS 200-111]  Elapsed time: 0.42 seconds; current allocated memory: 1.478 GB.
INFO: [HLS 200-10] ----------------------------------------------------------------
INFO: [HLS 200-10] -- Generating RTL for module 'StreamingDataWidthCo' 
INFO: [HLS 200-10] ----------------------------------------------------------------
INFO: [RTGEN 206-100] Finished creating RTL model for 'StreamingDataWidthCo'.
INFO: [HLS 200-111]  Elapsed time: 0.11 seconds; current allocated memory: 1.478 GB.
INFO: [HLS 200-10] ----------------------------------------------------------------
INFO: [HLS 200-10] -- Generating RTL for module 'StreamingMaxPool_Pre' 
INFO: [HLS 200-10] ----------------------------------------------------------------
INFO: [SYN 201-210] Renamed object name 'StreamingMaxPool_Pre_buf_0_V' to 'StreamingMaxPool_ibs' due to the length limit 20
INFO: [RTGEN 206-100] Finished creating RTL model for 'StreamingMaxPool_Pre'.
INFO: [HLS 200-111]  Elapsed time: 0.15 seconds; current allocated memory: 1.480 GB.
WARNING: [HLS 200-433] Loop - Loop 1 has an initiation interval that is equal to the pipeline depth (1) - this results in an unpipelined loop.
WARNING: [HLS 200-433] Loop - Loop 1 has an initiation interval that is equal to the pipeline depth (1) - this results in an unpipelined loop.
INFO: [HLS 200-10] ----------------------------------------------------------------
INFO: [HLS 200-10] -- Generating RTL for module 'ResizeStream' 
INFO: [HLS 200-10] ----------------------------------------------------------------
INFO: [RTGEN 206-100] Finished creating RTL model for 'ResizeStream'.
INFO: [HLS 200-111]  Elapsed time: 0.22 seconds; current allocated memory: 1.481 GB.
INFO: [HLS 200-10] ----------------------------------------------------------------
INFO: [HLS 200-10] -- Generating RTL for module 'computeS4_2' 
INFO: [HLS 200-10] ----------------------------------------------------------------
INFO: [RTGEN 206-500] Setting interface mode on port 'computeS4_2/input1_V_V' to 'axis' (register, both mode).
INFO: [RTGEN 206-500] Setting interface mode on port 'computeS4_2/output1_V_V' to 'axis' (register, both mode).
INFO: [RTGEN 206-500] Setting interface mode on function 'computeS4_2' to 'ap_ctrl_hs'.
INFO: [SYN 201-210] Renamed object name 'start_for_Conv1DBuffer_new_U0' to 'start_for_Conv1DBjbC' due to the length limit 20
INFO: [SYN 201-210] Renamed object name 'start_for_Conv1DMac_new_U0' to 'start_for_Conv1DMkbM' due to the length limit 20
INFO: [SYN 201-210] Renamed object name 'start_for_StreamingDataWidthCo_U0' to 'start_for_StreamilbW' due to the length limit 20
INFO: [SYN 201-210] Renamed object name 'start_for_StreamingMaxPool_Pre_U0' to 'start_for_Streamimb6' due to the length limit 20
INFO: [SYN 201-210] Renamed object name 'start_for_ResizeStream_U0' to 'start_for_ResizeSncg' due to the length limit 20
INFO: [RTGEN 206-100] Finished creating RTL model for 'computeS4_2'.
INFO: [HLS 200-111]  Elapsed time: 0.12 seconds; current allocated memory: 1.482 GB.
INFO: [RTMG 210-278] Implementing memory 'Conv1DBuffer_new_bkb_ram (RAM)' using block RAMs.
INFO: [RTMG 210-279] Implementing memory 'Conv1DMac_new_weicud_rom' using auto ROMs.
INFO: [RTMG 210-279] Implementing memory 'Conv1DMac_new_weidEe_rom' using auto ROMs.
INFO: [RTMG 210-279] Implementing memory 'Conv1DMac_new_weieOg_rom' using auto ROMs.
INFO: [RTMG 210-279] Implementing memory 'Conv1DMac_new_weifYi_rom' using auto ROMs.
INFO: [RTMG 210-278] Implementing memory 'StreamingMaxPool_ibs_ram (RAM)' using block RAMs.
INFO: [RTMG 210-285] Implementing FIFO 'cnv_95_V_V_U(fifo_w8_d2_A)' using Shift Registers.
INFO: [RTMG 210-285] Implementing FIFO 'cnv_96_V_V_U(fifo_w8_d2_A)' using Shift Registers.
INFO: [RTMG 210-285] Implementing FIFO 'cnv_97PRL_V_V_U(fifo_w32_d2_A)' using Shift Registers.
INFO: [RTMG 210-285] Implementing FIFO 'cnv_98PRL_V_V_U(fifo_w32_d2_A)' using Shift Registers.
INFO: [RTMG 210-285] Implementing FIFO 'cnv_99_V_V_U(fifo_w8_d2_A)' using Shift Registers.
INFO: [RTMG 210-285] Implementing FIFO 'outStr_V_V_U(fifo_w8_d2_A)' using Shift Registers.
INFO: [RTMG 210-285] Implementing FIFO 'start_for_Conv1DBjbC_U(start_for_Conv1DBjbC)' using Shift Registers.
INFO: [RTMG 210-285] Implementing FIFO 'start_for_Conv1DMkbM_U(start_for_Conv1DMkbM)' using Shift Registers.
INFO: [RTMG 210-285] Implementing FIFO 'start_for_Relu1D_U0_U(start_for_Relu1D_U0)' using Shift Registers.
INFO: [RTMG 210-285] Implementing FIFO 'start_for_StreamilbW_U(start_for_StreamilbW)' using Shift Registers.
INFO: [RTMG 210-285] Implementing FIFO 'start_for_Streamimb6_U(start_for_Streamimb6)' using Shift Registers.
INFO: [RTMG 210-285] Implementing FIFO 'start_for_ResizeSncg_U(start_for_ResizeSncg)' using Shift Registers.
INFO: [HLS 200-111] Finished generating all RTL models Time (s): cpu = 00:01:14 ; elapsed = 00:01:30 . Memory (MB): peak = 22701.605 ; gain = 22352.004 ; free physical = 197 ; free virtual = 44164
INFO: [SYSC 207-301] Generating SystemC RTL for computeS4_2.
INFO: [VHDL 208-304] Generating VHDL RTL for computeS4_2.
INFO: [VLOG 209-307] Generating Verilog RTL for computeS4_2.
INFO: [HLS 200-112] Total elapsed time: 90.3 seconds; peak allocated memory: 1.482 GB.
